ARM GAS  C:\Users\Albert\AppData\Local\Temp\ccvryV5C.s 			page 1


   1              		.syntax unified
   2              		.cpu cortex-m3
   3              		.fpu softvfp
   4              		.eabi_attribute 20, 1
   5              		.eabi_attribute 21, 1
   6              		.eabi_attribute 23, 3
   7              		.eabi_attribute 24, 1
   8              		.eabi_attribute 25, 1
   9              		.eabi_attribute 26, 1
  10              		.eabi_attribute 30, 6
  11              		.eabi_attribute 34, 1
  12              		.eabi_attribute 18, 4
  13              		.thumb
  14              		.syntax unified
  15              		.file	"adc.c"
  16              		.text
  17              	.Ltext0:
  18              		.cfi_sections	.debug_frame
  19              		.section	.text.initADC,"ax",%progbits
  20              		.align	2
  21              		.global	initADC
  22              		.thumb
  23              		.thumb_func
  24              		.type	initADC, %function
  25              	initADC:
  26              	.LFB63:
  27              		.file 1 "adc.c"
   1:adc.c         **** /* ========================================
   2:adc.c         ****  *
   3:adc.c         ****  * Copyright Albert Wu, 2018
   4:adc.c         ****  * All Rights Reserved
   5:adc.c         ****  * UNPUBLISHED, LICENSED SOFTWARE.
   6:adc.c         ****  *
   7:adc.c         ****  * CONFIDENTIAL AND PROPRIETARY INFORMATION
   8:adc.c         ****  * WHICH IS THE PROPERTY OF your company.
   9:adc.c         ****  *
  10:adc.c         ****  * ========================================
  11:adc.c         **** */
  12:adc.c         **** #include "adc.h"
  13:adc.c         **** #include "mathUtility.h"
  14:adc.c         **** #include "hardwareParameters.h"
  15:adc.c         **** 
  16:adc.c         **** extern _Bool sampleADC;
  17:adc.c         **** 
  18:adc.c         **** void initADC()
  19:adc.c         **** {
  28              		.loc 1 19 0
  29              		.cfi_startproc
  30              		@ args = 0, pretend = 0, frame = 8
  31              		@ frame_needed = 1, uses_anonymous_args = 0
  32 0000 80B5     		push	{r7, lr}
  33              		.cfi_def_cfa_offset 8
  34              		.cfi_offset 7, -8
  35              		.cfi_offset 14, -4
  36 0002 82B0     		sub	sp, sp, #8
  37              		.cfi_def_cfa_offset 16
  38 0004 00AF     		add	r7, sp, #0
ARM GAS  C:\Users\Albert\AppData\Local\Temp\ccvryV5C.s 			page 2


  39              		.cfi_def_cfa_register 7
  20:adc.c         ****     //Initalizes ADCs
  21:adc.c         ****     ADC1_Start();
  40              		.loc 1 21 0
  41 0006 FFF7FEFF 		bl	ADC1_Start
  22:adc.c         ****     ADC1_StartConvert();
  42              		.loc 1 22 0
  43 000a FFF7FEFF 		bl	ADC1_StartConvert
  23:adc.c         ****     int offSet = getADCReading();
  44              		.loc 1 23 0
  45 000e FFF7FEFF 		bl	getADCReading
  46 0012 0346     		mov	r3, r0
  47 0014 7B60     		str	r3, [r7, #4]
  24:adc.c         ****     ADC1_SetOffset(offSet);
  48              		.loc 1 24 0
  49 0016 7B68     		ldr	r3, [r7, #4]
  50 0018 1BB2     		sxth	r3, r3
  51 001a 1846     		mov	r0, r3
  52 001c FFF7FEFF 		bl	ADC1_SetOffset
  25:adc.c         **** }
  53              		.loc 1 25 0
  54 0020 00BF     		nop
  55 0022 0837     		adds	r7, r7, #8
  56              		.cfi_def_cfa_offset 8
  57 0024 BD46     		mov	sp, r7
  58              		.cfi_def_cfa_register 13
  59              		@ sp needed
  60 0026 80BD     		pop	{r7, pc}
  61              		.cfi_endproc
  62              	.LFE63:
  63              		.size	initADC, .-initADC
  64              		.section	.text.getADCReading,"ax",%progbits
  65              		.align	2
  66              		.global	getADCReading
  67              		.thumb
  68              		.thumb_func
  69              		.type	getADCReading, %function
  70              	getADCReading:
  71              	.LFB64:
  26:adc.c         **** 
  27:adc.c         **** int16 getADCReading()
  28:adc.c         **** {   
  72              		.loc 1 28 0
  73              		.cfi_startproc
  74              		@ args = 0, pretend = 0, frame = 8
  75              		@ frame_needed = 1, uses_anonymous_args = 0
  76 0000 80B5     		push	{r7, lr}
  77              		.cfi_def_cfa_offset 8
  78              		.cfi_offset 7, -8
  79              		.cfi_offset 14, -4
  80 0002 82B0     		sub	sp, sp, #8
  81              		.cfi_def_cfa_offset 16
  82 0004 00AF     		add	r7, sp, #0
  83              		.cfi_def_cfa_register 7
  29:adc.c         ****     int sum = 0;
  84              		.loc 1 29 0
  85 0006 0023     		movs	r3, #0
ARM GAS  C:\Users\Albert\AppData\Local\Temp\ccvryV5C.s 			page 3


  86 0008 7B60     		str	r3, [r7, #4]
  30:adc.c         ****     int i = 0;
  87              		.loc 1 30 0
  88 000a 0023     		movs	r3, #0
  89 000c 3B60     		str	r3, [r7]
  31:adc.c         ****     while(i<ADC_SAMPLES)
  90              		.loc 1 31 0
  91 000e 10E0     		b	.L3
  92              	.L4:
  32:adc.c         ****     {
  33:adc.c         ****         if(sampleADC)
  93              		.loc 1 33 0
  94 0010 104B     		ldr	r3, .L6
  95 0012 1B78     		ldrb	r3, [r3]	@ zero_extendqisi2
  96 0014 002B     		cmp	r3, #0
  97 0016 0CD0     		beq	.L3
  34:adc.c         ****         {
  35:adc.c         ****             sum+=ADC1_GetResult16();
  98              		.loc 1 35 0
  99 0018 FFF7FEFF 		bl	ADC1_GetResult16
 100 001c 0346     		mov	r3, r0
 101 001e 1A46     		mov	r2, r3
 102 0020 7B68     		ldr	r3, [r7, #4]
 103 0022 1344     		add	r3, r3, r2
 104 0024 7B60     		str	r3, [r7, #4]
  36:adc.c         ****             i++;
 105              		.loc 1 36 0
 106 0026 3B68     		ldr	r3, [r7]
 107 0028 0133     		adds	r3, r3, #1
 108 002a 3B60     		str	r3, [r7]
  37:adc.c         ****             sampleADC=0;
 109              		.loc 1 37 0
 110 002c 094B     		ldr	r3, .L6
 111 002e 0022     		movs	r2, #0
 112 0030 1A70     		strb	r2, [r3]
 113              	.L3:
  31:adc.c         ****     {
 114              		.loc 1 31 0
 115 0032 3B68     		ldr	r3, [r7]
 116 0034 632B     		cmp	r3, #99
 117 0036 EBDD     		ble	.L4
  38:adc.c         ****         }
  39:adc.c         ****     }
  40:adc.c         ****     sum/=ADC_SAMPLES;
 118              		.loc 1 40 0
 119 0038 7B68     		ldr	r3, [r7, #4]
 120 003a 074A     		ldr	r2, .L6+4
 121 003c 82FB0312 		smull	r1, r2, r2, r3
 122 0040 5211     		asrs	r2, r2, #5
 123 0042 DB17     		asrs	r3, r3, #31
 124 0044 D31A     		subs	r3, r2, r3
 125 0046 7B60     		str	r3, [r7, #4]
  41:adc.c         ****     return sum;
 126              		.loc 1 41 0
 127 0048 7B68     		ldr	r3, [r7, #4]
 128 004a 1BB2     		sxth	r3, r3
  42:adc.c         **** }
ARM GAS  C:\Users\Albert\AppData\Local\Temp\ccvryV5C.s 			page 4


 129              		.loc 1 42 0
 130 004c 1846     		mov	r0, r3
 131 004e 0837     		adds	r7, r7, #8
 132              		.cfi_def_cfa_offset 8
 133 0050 BD46     		mov	sp, r7
 134              		.cfi_def_cfa_register 13
 135              		@ sp needed
 136 0052 80BD     		pop	{r7, pc}
 137              	.L7:
 138              		.align	2
 139              	.L6:
 140 0054 00000000 		.word	sampleADC
 141 0058 1F85EB51 		.word	1374389535
 142              		.cfi_endproc
 143              	.LFE64:
 144              		.size	getADCReading, .-getADCReading
 145              		.global	__aeabi_ddiv
 146              		.section	.text.getCurrent,"ax",%progbits
 147              		.align	2
 148              		.global	getCurrent
 149              		.thumb
 150              		.thumb_func
 151              		.type	getCurrent, %function
 152              	getCurrent:
 153              	.LFB65:
  43:adc.c         **** 
  44:adc.c         **** double getCurrent()
  45:adc.c         **** {   
 154              		.loc 1 45 0
 155              		.cfi_startproc
 156              		@ args = 0, pretend = 0, frame = 0
 157              		@ frame_needed = 1, uses_anonymous_args = 0
 158 0000 98B5     		push	{r3, r4, r7, lr}
 159              		.cfi_def_cfa_offset 16
 160              		.cfi_offset 3, -16
 161              		.cfi_offset 4, -12
 162              		.cfi_offset 7, -8
 163              		.cfi_offset 14, -4
 164 0002 00AF     		add	r7, sp, #0
 165              		.cfi_def_cfa_register 7
  46:adc.c         ****     //Order to be confirmed
  47:adc.c         ****     return ADC1_CountsTo_Volts(getADCReading())*ADC_V_TO_I;
 166              		.loc 1 47 0
 167 0004 FFF7FEFF 		bl	getADCReading
 168 0008 0346     		mov	r3, r0
 169 000a 1846     		mov	r0, r3
 170 000c FFF7FEFF 		bl	ADC1_CountsTo_Volts
 171 0010 05A3     		adr	r3, .L10
 172 0012 D3E90023 		ldrd	r2, [r3]
 173 0016 FFF7FEFF 		bl	__aeabi_ddiv
 174 001a 0346     		mov	r3, r0
 175 001c 0C46     		mov	r4, r1
  48:adc.c         **** }
 176              		.loc 1 48 0
 177 001e 1846     		mov	r0, r3
 178 0020 2146     		mov	r1, r4
 179 0022 98BD     		pop	{r3, r4, r7, pc}
ARM GAS  C:\Users\Albert\AppData\Local\Temp\ccvryV5C.s 			page 5


 180              	.L11:
 181 0024 AFF30080 		.align	3
 182              	.L10:
 183 0028 B0726891 		.word	-1855425872
 184 002c ED7CCF3F 		.word	1070562541
 185              		.cfi_endproc
 186              	.LFE65:
 187              		.size	getCurrent, .-getCurrent
 188              		.global	__aeabi_dmul
 189              		.section	.text.getTorque,"ax",%progbits
 190              		.align	2
 191              		.global	getTorque
 192              		.thumb
 193              		.thumb_func
 194              		.type	getTorque, %function
 195              	getTorque:
 196              	.LFB66:
  49:adc.c         **** 
  50:adc.c         **** double getTorque()
  51:adc.c         **** {
 197              		.loc 1 51 0
 198              		.cfi_startproc
 199              		@ args = 0, pretend = 0, frame = 0
 200              		@ frame_needed = 1, uses_anonymous_args = 0
 201 0000 98B5     		push	{r3, r4, r7, lr}
 202              		.cfi_def_cfa_offset 16
 203              		.cfi_offset 3, -16
 204              		.cfi_offset 4, -12
 205              		.cfi_offset 7, -8
 206              		.cfi_offset 14, -4
 207 0002 00AF     		add	r7, sp, #0
 208              		.cfi_def_cfa_register 7
  52:adc.c         ****     return getCurrent()*MOTOR_K_T;
 209              		.loc 1 52 0
 210 0004 FFF7FEFF 		bl	getCurrent
 211 0008 05A3     		adr	r3, .L14
 212 000a D3E90023 		ldrd	r2, [r3]
 213 000e FFF7FEFF 		bl	__aeabi_dmul
 214 0012 0346     		mov	r3, r0
 215 0014 0C46     		mov	r4, r1
  53:adc.c         **** }
 216              		.loc 1 53 0
 217 0016 1846     		mov	r0, r3
 218 0018 2146     		mov	r1, r4
 219 001a 98BD     		pop	{r3, r4, r7, pc}
 220              	.L15:
 221 001c AFF30080 		.align	3
 222              	.L14:
 223 0020 E86A2BF6 		.word	-164926744
 224 0024 97DD833F 		.word	1065606551
 225              		.cfi_endproc
 226              	.LFE66:
 227              		.size	getTorque, .-getTorque
 228              		.text
 229              	.Letext0:
 230              		.file 2 "c:\\program files (x86)\\cypress\\psoc creator\\4.2\\psoc creator\\import\\gnu\\arm\\5.4.
 231              		.file 3 "c:\\program files (x86)\\cypress\\psoc creator\\4.2\\psoc creator\\import\\gnu\\arm\\5.4.
ARM GAS  C:\Users\Albert\AppData\Local\Temp\ccvryV5C.s 			page 6


 232              		.file 4 "Generated_Source\\PSoC5/cytypes.h"
 233              		.file 5 "Generated_Source\\PSoC5/core_cm3.h"
 234              		.section	.debug_info,"",%progbits
 235              	.Ldebug_info0:
 236 0000 52010000 		.4byte	0x152
 237 0004 0400     		.2byte	0x4
 238 0006 00000000 		.4byte	.Ldebug_abbrev0
 239 000a 04       		.byte	0x4
 240 000b 01       		.uleb128 0x1
 241 000c 00000000 		.4byte	.LASF23
 242 0010 0C       		.byte	0xc
 243 0011 98000000 		.4byte	.LASF24
 244 0015 52010000 		.4byte	.LASF25
 245 0019 00000000 		.4byte	.Ldebug_ranges0+0
 246 001d 00000000 		.4byte	0
 247 0021 00000000 		.4byte	.Ldebug_line0
 248 0025 02       		.uleb128 0x2
 249 0026 01       		.byte	0x1
 250 0027 06       		.byte	0x6
 251 0028 C0010000 		.4byte	.LASF0
 252 002c 02       		.uleb128 0x2
 253 002d 01       		.byte	0x1
 254 002e 08       		.byte	0x8
 255 002f BE000000 		.4byte	.LASF1
 256 0033 02       		.uleb128 0x2
 257 0034 02       		.byte	0x2
 258 0035 05       		.byte	0x5
 259 0036 A1010000 		.4byte	.LASF2
 260 003a 02       		.uleb128 0x2
 261 003b 02       		.byte	0x2
 262 003c 07       		.byte	0x7
 263 003d DC000000 		.4byte	.LASF3
 264 0041 03       		.uleb128 0x3
 265 0042 8E000000 		.4byte	.LASF9
 266 0046 02       		.byte	0x2
 267 0047 3F       		.byte	0x3f
 268 0048 4C000000 		.4byte	0x4c
 269 004c 02       		.uleb128 0x2
 270 004d 04       		.byte	0x4
 271 004e 05       		.byte	0x5
 272 004f AB010000 		.4byte	.LASF4
 273 0053 02       		.uleb128 0x2
 274 0054 04       		.byte	0x4
 275 0055 07       		.byte	0x7
 276 0056 12010000 		.4byte	.LASF5
 277 005a 02       		.uleb128 0x2
 278 005b 08       		.byte	0x8
 279 005c 05       		.byte	0x5
 280 005d 87010000 		.4byte	.LASF6
 281 0061 02       		.uleb128 0x2
 282 0062 08       		.byte	0x8
 283 0063 07       		.byte	0x7
 284 0064 31010000 		.4byte	.LASF7
 285 0068 04       		.uleb128 0x4
 286 0069 04       		.byte	0x4
 287 006a 05       		.byte	0x5
 288 006b 696E7400 		.ascii	"int\000"
ARM GAS  C:\Users\Albert\AppData\Local\Temp\ccvryV5C.s 			page 7


 289 006f 02       		.uleb128 0x2
 290 0070 04       		.byte	0x4
 291 0071 07       		.byte	0x7
 292 0072 24010000 		.4byte	.LASF8
 293 0076 03       		.uleb128 0x3
 294 0077 A5000000 		.4byte	.LASF10
 295 007b 03       		.byte	0x3
 296 007c 2C       		.byte	0x2c
 297 007d 41000000 		.4byte	0x41
 298 0081 05       		.uleb128 0x5
 299 0082 CC000000 		.4byte	.LASF11
 300 0086 04       		.byte	0x4
 301 0087 9601     		.2byte	0x196
 302 0089 33000000 		.4byte	0x33
 303 008d 02       		.uleb128 0x2
 304 008e 08       		.byte	0x8
 305 008f 04       		.byte	0x4
 306 0090 9E000000 		.4byte	.LASF12
 307 0094 02       		.uleb128 0x2
 308 0095 01       		.byte	0x1
 309 0096 08       		.byte	0x8
 310 0097 95010000 		.4byte	.LASF13
 311 009b 02       		.uleb128 0x2
 312 009c 08       		.byte	0x8
 313 009d 04       		.byte	0x4
 314 009e B4010000 		.4byte	.LASF14
 315 00a2 02       		.uleb128 0x2
 316 00a3 04       		.byte	0x4
 317 00a4 07       		.byte	0x7
 318 00a5 7E010000 		.4byte	.LASF15
 319 00a9 02       		.uleb128 0x2
 320 00aa 04       		.byte	0x4
 321 00ab 04       		.byte	0x4
 322 00ac AD000000 		.4byte	.LASF16
 323 00b0 06       		.uleb128 0x6
 324 00b1 EF000000 		.4byte	.LASF26
 325 00b5 01       		.byte	0x1
 326 00b6 12       		.byte	0x12
 327 00b7 00000000 		.4byte	.LFB63
 328 00bb 28000000 		.4byte	.LFE63-.LFB63
 329 00bf 01       		.uleb128 0x1
 330 00c0 9C       		.byte	0x9c
 331 00c1 D4000000 		.4byte	0xd4
 332 00c5 07       		.uleb128 0x7
 333 00c6 9A010000 		.4byte	.LASF17
 334 00ca 01       		.byte	0x1
 335 00cb 17       		.byte	0x17
 336 00cc 68000000 		.4byte	0x68
 337 00d0 02       		.uleb128 0x2
 338 00d1 91       		.byte	0x91
 339 00d2 74       		.sleb128 -12
 340 00d3 00       		.byte	0
 341 00d4 08       		.uleb128 0x8
 342 00d5 04010000 		.4byte	.LASF27
 343 00d9 01       		.byte	0x1
 344 00da 1B       		.byte	0x1b
 345 00db 81000000 		.4byte	0x81
ARM GAS  C:\Users\Albert\AppData\Local\Temp\ccvryV5C.s 			page 8


 346 00df 00000000 		.4byte	.LFB64
 347 00e3 5C000000 		.4byte	.LFE64-.LFB64
 348 00e7 01       		.uleb128 0x1
 349 00e8 9C       		.byte	0x9c
 350 00e9 08010000 		.4byte	0x108
 351 00ed 09       		.uleb128 0x9
 352 00ee 73756D00 		.ascii	"sum\000"
 353 00f2 01       		.byte	0x1
 354 00f3 1D       		.byte	0x1d
 355 00f4 68000000 		.4byte	0x68
 356 00f8 02       		.uleb128 0x2
 357 00f9 91       		.byte	0x91
 358 00fa 74       		.sleb128 -12
 359 00fb 09       		.uleb128 0x9
 360 00fc 6900     		.ascii	"i\000"
 361 00fe 01       		.byte	0x1
 362 00ff 1E       		.byte	0x1e
 363 0100 68000000 		.4byte	0x68
 364 0104 02       		.uleb128 0x2
 365 0105 91       		.byte	0x91
 366 0106 70       		.sleb128 -16
 367 0107 00       		.byte	0
 368 0108 0A       		.uleb128 0xa
 369 0109 B3000000 		.4byte	.LASF18
 370 010d 01       		.byte	0x1
 371 010e 2C       		.byte	0x2c
 372 010f 8D000000 		.4byte	0x8d
 373 0113 00000000 		.4byte	.LFB65
 374 0117 30000000 		.4byte	.LFE65-.LFB65
 375 011b 01       		.uleb128 0x1
 376 011c 9C       		.byte	0x9c
 377 011d 0A       		.uleb128 0xa
 378 011e D2000000 		.4byte	.LASF19
 379 0122 01       		.byte	0x1
 380 0123 32       		.byte	0x32
 381 0124 8D000000 		.4byte	0x8d
 382 0128 00000000 		.4byte	.LFB66
 383 012c 28000000 		.4byte	.LFE66-.LFB66
 384 0130 01       		.uleb128 0x1
 385 0131 9C       		.byte	0x9c
 386 0132 0B       		.uleb128 0xb
 387 0133 F7000000 		.4byte	.LASF20
 388 0137 05       		.byte	0x5
 389 0138 9606     		.2byte	0x696
 390 013a 3E010000 		.4byte	0x13e
 391 013e 0C       		.uleb128 0xc
 392 013f 76000000 		.4byte	0x76
 393 0143 0D       		.uleb128 0xd
 394 0144 48010000 		.4byte	.LASF21
 395 0148 01       		.byte	0x1
 396 0149 10       		.byte	0x10
 397 014a 4E010000 		.4byte	0x14e
 398 014e 02       		.uleb128 0x2
 399 014f 01       		.byte	0x1
 400 0150 02       		.byte	0x2
 401 0151 CC010000 		.4byte	.LASF22
 402 0155 00       		.byte	0
ARM GAS  C:\Users\Albert\AppData\Local\Temp\ccvryV5C.s 			page 9


 403              		.section	.debug_abbrev,"",%progbits
 404              	.Ldebug_abbrev0:
 405 0000 01       		.uleb128 0x1
 406 0001 11       		.uleb128 0x11
 407 0002 01       		.byte	0x1
 408 0003 25       		.uleb128 0x25
 409 0004 0E       		.uleb128 0xe
 410 0005 13       		.uleb128 0x13
 411 0006 0B       		.uleb128 0xb
 412 0007 03       		.uleb128 0x3
 413 0008 0E       		.uleb128 0xe
 414 0009 1B       		.uleb128 0x1b
 415 000a 0E       		.uleb128 0xe
 416 000b 55       		.uleb128 0x55
 417 000c 17       		.uleb128 0x17
 418 000d 11       		.uleb128 0x11
 419 000e 01       		.uleb128 0x1
 420 000f 10       		.uleb128 0x10
 421 0010 17       		.uleb128 0x17
 422 0011 00       		.byte	0
 423 0012 00       		.byte	0
 424 0013 02       		.uleb128 0x2
 425 0014 24       		.uleb128 0x24
 426 0015 00       		.byte	0
 427 0016 0B       		.uleb128 0xb
 428 0017 0B       		.uleb128 0xb
 429 0018 3E       		.uleb128 0x3e
 430 0019 0B       		.uleb128 0xb
 431 001a 03       		.uleb128 0x3
 432 001b 0E       		.uleb128 0xe
 433 001c 00       		.byte	0
 434 001d 00       		.byte	0
 435 001e 03       		.uleb128 0x3
 436 001f 16       		.uleb128 0x16
 437 0020 00       		.byte	0
 438 0021 03       		.uleb128 0x3
 439 0022 0E       		.uleb128 0xe
 440 0023 3A       		.uleb128 0x3a
 441 0024 0B       		.uleb128 0xb
 442 0025 3B       		.uleb128 0x3b
 443 0026 0B       		.uleb128 0xb
 444 0027 49       		.uleb128 0x49
 445 0028 13       		.uleb128 0x13
 446 0029 00       		.byte	0
 447 002a 00       		.byte	0
 448 002b 04       		.uleb128 0x4
 449 002c 24       		.uleb128 0x24
 450 002d 00       		.byte	0
 451 002e 0B       		.uleb128 0xb
 452 002f 0B       		.uleb128 0xb
 453 0030 3E       		.uleb128 0x3e
 454 0031 0B       		.uleb128 0xb
 455 0032 03       		.uleb128 0x3
 456 0033 08       		.uleb128 0x8
 457 0034 00       		.byte	0
 458 0035 00       		.byte	0
 459 0036 05       		.uleb128 0x5
ARM GAS  C:\Users\Albert\AppData\Local\Temp\ccvryV5C.s 			page 10


 460 0037 16       		.uleb128 0x16
 461 0038 00       		.byte	0
 462 0039 03       		.uleb128 0x3
 463 003a 0E       		.uleb128 0xe
 464 003b 3A       		.uleb128 0x3a
 465 003c 0B       		.uleb128 0xb
 466 003d 3B       		.uleb128 0x3b
 467 003e 05       		.uleb128 0x5
 468 003f 49       		.uleb128 0x49
 469 0040 13       		.uleb128 0x13
 470 0041 00       		.byte	0
 471 0042 00       		.byte	0
 472 0043 06       		.uleb128 0x6
 473 0044 2E       		.uleb128 0x2e
 474 0045 01       		.byte	0x1
 475 0046 3F       		.uleb128 0x3f
 476 0047 19       		.uleb128 0x19
 477 0048 03       		.uleb128 0x3
 478 0049 0E       		.uleb128 0xe
 479 004a 3A       		.uleb128 0x3a
 480 004b 0B       		.uleb128 0xb
 481 004c 3B       		.uleb128 0x3b
 482 004d 0B       		.uleb128 0xb
 483 004e 11       		.uleb128 0x11
 484 004f 01       		.uleb128 0x1
 485 0050 12       		.uleb128 0x12
 486 0051 06       		.uleb128 0x6
 487 0052 40       		.uleb128 0x40
 488 0053 18       		.uleb128 0x18
 489 0054 9642     		.uleb128 0x2116
 490 0056 19       		.uleb128 0x19
 491 0057 01       		.uleb128 0x1
 492 0058 13       		.uleb128 0x13
 493 0059 00       		.byte	0
 494 005a 00       		.byte	0
 495 005b 07       		.uleb128 0x7
 496 005c 34       		.uleb128 0x34
 497 005d 00       		.byte	0
 498 005e 03       		.uleb128 0x3
 499 005f 0E       		.uleb128 0xe
 500 0060 3A       		.uleb128 0x3a
 501 0061 0B       		.uleb128 0xb
 502 0062 3B       		.uleb128 0x3b
 503 0063 0B       		.uleb128 0xb
 504 0064 49       		.uleb128 0x49
 505 0065 13       		.uleb128 0x13
 506 0066 02       		.uleb128 0x2
 507 0067 18       		.uleb128 0x18
 508 0068 00       		.byte	0
 509 0069 00       		.byte	0
 510 006a 08       		.uleb128 0x8
 511 006b 2E       		.uleb128 0x2e
 512 006c 01       		.byte	0x1
 513 006d 3F       		.uleb128 0x3f
 514 006e 19       		.uleb128 0x19
 515 006f 03       		.uleb128 0x3
 516 0070 0E       		.uleb128 0xe
ARM GAS  C:\Users\Albert\AppData\Local\Temp\ccvryV5C.s 			page 11


 517 0071 3A       		.uleb128 0x3a
 518 0072 0B       		.uleb128 0xb
 519 0073 3B       		.uleb128 0x3b
 520 0074 0B       		.uleb128 0xb
 521 0075 49       		.uleb128 0x49
 522 0076 13       		.uleb128 0x13
 523 0077 11       		.uleb128 0x11
 524 0078 01       		.uleb128 0x1
 525 0079 12       		.uleb128 0x12
 526 007a 06       		.uleb128 0x6
 527 007b 40       		.uleb128 0x40
 528 007c 18       		.uleb128 0x18
 529 007d 9642     		.uleb128 0x2116
 530 007f 19       		.uleb128 0x19
 531 0080 01       		.uleb128 0x1
 532 0081 13       		.uleb128 0x13
 533 0082 00       		.byte	0
 534 0083 00       		.byte	0
 535 0084 09       		.uleb128 0x9
 536 0085 34       		.uleb128 0x34
 537 0086 00       		.byte	0
 538 0087 03       		.uleb128 0x3
 539 0088 08       		.uleb128 0x8
 540 0089 3A       		.uleb128 0x3a
 541 008a 0B       		.uleb128 0xb
 542 008b 3B       		.uleb128 0x3b
 543 008c 0B       		.uleb128 0xb
 544 008d 49       		.uleb128 0x49
 545 008e 13       		.uleb128 0x13
 546 008f 02       		.uleb128 0x2
 547 0090 18       		.uleb128 0x18
 548 0091 00       		.byte	0
 549 0092 00       		.byte	0
 550 0093 0A       		.uleb128 0xa
 551 0094 2E       		.uleb128 0x2e
 552 0095 00       		.byte	0
 553 0096 3F       		.uleb128 0x3f
 554 0097 19       		.uleb128 0x19
 555 0098 03       		.uleb128 0x3
 556 0099 0E       		.uleb128 0xe
 557 009a 3A       		.uleb128 0x3a
 558 009b 0B       		.uleb128 0xb
 559 009c 3B       		.uleb128 0x3b
 560 009d 0B       		.uleb128 0xb
 561 009e 49       		.uleb128 0x49
 562 009f 13       		.uleb128 0x13
 563 00a0 11       		.uleb128 0x11
 564 00a1 01       		.uleb128 0x1
 565 00a2 12       		.uleb128 0x12
 566 00a3 06       		.uleb128 0x6
 567 00a4 40       		.uleb128 0x40
 568 00a5 18       		.uleb128 0x18
 569 00a6 9642     		.uleb128 0x2116
 570 00a8 19       		.uleb128 0x19
 571 00a9 00       		.byte	0
 572 00aa 00       		.byte	0
 573 00ab 0B       		.uleb128 0xb
ARM GAS  C:\Users\Albert\AppData\Local\Temp\ccvryV5C.s 			page 12


 574 00ac 34       		.uleb128 0x34
 575 00ad 00       		.byte	0
 576 00ae 03       		.uleb128 0x3
 577 00af 0E       		.uleb128 0xe
 578 00b0 3A       		.uleb128 0x3a
 579 00b1 0B       		.uleb128 0xb
 580 00b2 3B       		.uleb128 0x3b
 581 00b3 05       		.uleb128 0x5
 582 00b4 49       		.uleb128 0x49
 583 00b5 13       		.uleb128 0x13
 584 00b6 3F       		.uleb128 0x3f
 585 00b7 19       		.uleb128 0x19
 586 00b8 3C       		.uleb128 0x3c
 587 00b9 19       		.uleb128 0x19
 588 00ba 00       		.byte	0
 589 00bb 00       		.byte	0
 590 00bc 0C       		.uleb128 0xc
 591 00bd 35       		.uleb128 0x35
 592 00be 00       		.byte	0
 593 00bf 49       		.uleb128 0x49
 594 00c0 13       		.uleb128 0x13
 595 00c1 00       		.byte	0
 596 00c2 00       		.byte	0
 597 00c3 0D       		.uleb128 0xd
 598 00c4 34       		.uleb128 0x34
 599 00c5 00       		.byte	0
 600 00c6 03       		.uleb128 0x3
 601 00c7 0E       		.uleb128 0xe
 602 00c8 3A       		.uleb128 0x3a
 603 00c9 0B       		.uleb128 0xb
 604 00ca 3B       		.uleb128 0x3b
 605 00cb 0B       		.uleb128 0xb
 606 00cc 49       		.uleb128 0x49
 607 00cd 13       		.uleb128 0x13
 608 00ce 3F       		.uleb128 0x3f
 609 00cf 19       		.uleb128 0x19
 610 00d0 3C       		.uleb128 0x3c
 611 00d1 19       		.uleb128 0x19
 612 00d2 00       		.byte	0
 613 00d3 00       		.byte	0
 614 00d4 00       		.byte	0
 615              		.section	.debug_aranges,"",%progbits
 616 0000 34000000 		.4byte	0x34
 617 0004 0200     		.2byte	0x2
 618 0006 00000000 		.4byte	.Ldebug_info0
 619 000a 04       		.byte	0x4
 620 000b 00       		.byte	0
 621 000c 0000     		.2byte	0
 622 000e 0000     		.2byte	0
 623 0010 00000000 		.4byte	.LFB63
 624 0014 28000000 		.4byte	.LFE63-.LFB63
 625 0018 00000000 		.4byte	.LFB64
 626 001c 5C000000 		.4byte	.LFE64-.LFB64
 627 0020 00000000 		.4byte	.LFB65
 628 0024 30000000 		.4byte	.LFE65-.LFB65
 629 0028 00000000 		.4byte	.LFB66
 630 002c 28000000 		.4byte	.LFE66-.LFB66
ARM GAS  C:\Users\Albert\AppData\Local\Temp\ccvryV5C.s 			page 13


 631 0030 00000000 		.4byte	0
 632 0034 00000000 		.4byte	0
 633              		.section	.debug_ranges,"",%progbits
 634              	.Ldebug_ranges0:
 635 0000 00000000 		.4byte	.LFB63
 636 0004 28000000 		.4byte	.LFE63
 637 0008 00000000 		.4byte	.LFB64
 638 000c 5C000000 		.4byte	.LFE64
 639 0010 00000000 		.4byte	.LFB65
 640 0014 30000000 		.4byte	.LFE65
 641 0018 00000000 		.4byte	.LFB66
 642 001c 28000000 		.4byte	.LFE66
 643 0020 00000000 		.4byte	0
 644 0024 00000000 		.4byte	0
 645              		.section	.debug_line,"",%progbits
 646              	.Ldebug_line0:
 647 0000 A5010000 		.section	.debug_str,"MS",%progbits,1
 647      02004B01 
 647      00000201 
 647      FB0E0D00 
 647      01010101 
 648              	.LASF23:
 649 0000 474E5520 		.ascii	"GNU C11 5.4.1 20160609 (release) [ARM/embedded-5-br"
 649      43313120 
 649      352E342E 
 649      31203230 
 649      31363036 
 650 0033 616E6368 		.ascii	"anch revision 237715] -mcpu=cortex-m3 -mthumb -g -O"
 650      20726576 
 650      6973696F 
 650      6E203233 
 650      37373135 
 651 0066 30202D66 		.ascii	"0 -ffunction-sections -ffat-lto-objects\000"
 651      66756E63 
 651      74696F6E 
 651      2D736563 
 651      74696F6E 
 652              	.LASF9:
 653 008e 5F5F696E 		.ascii	"__int32_t\000"
 653      7433325F 
 653      7400
 654              	.LASF24:
 655 0098 6164632E 		.ascii	"adc.c\000"
 655      6300
 656              	.LASF12:
 657 009e 646F7562 		.ascii	"double\000"
 657      6C6500
 658              	.LASF10:
 659 00a5 696E7433 		.ascii	"int32_t\000"
 659      325F7400 
 660              	.LASF16:
 661 00ad 666C6F61 		.ascii	"float\000"
 661      7400
 662              	.LASF18:
 663 00b3 67657443 		.ascii	"getCurrent\000"
 663      75727265 
 663      6E7400
ARM GAS  C:\Users\Albert\AppData\Local\Temp\ccvryV5C.s 			page 14


 664              	.LASF1:
 665 00be 756E7369 		.ascii	"unsigned char\000"
 665      676E6564 
 665      20636861 
 665      7200
 666              	.LASF11:
 667 00cc 696E7431 		.ascii	"int16\000"
 667      3600
 668              	.LASF19:
 669 00d2 67657454 		.ascii	"getTorque\000"
 669      6F727175 
 669      6500
 670              	.LASF3:
 671 00dc 73686F72 		.ascii	"short unsigned int\000"
 671      7420756E 
 671      7369676E 
 671      65642069 
 671      6E7400
 672              	.LASF26:
 673 00ef 696E6974 		.ascii	"initADC\000"
 673      41444300 
 674              	.LASF20:
 675 00f7 49544D5F 		.ascii	"ITM_RxBuffer\000"
 675      52784275 
 675      66666572 
 675      00
 676              	.LASF27:
 677 0104 67657441 		.ascii	"getADCReading\000"
 677      44435265 
 677      6164696E 
 677      6700
 678              	.LASF5:
 679 0112 6C6F6E67 		.ascii	"long unsigned int\000"
 679      20756E73 
 679      69676E65 
 679      6420696E 
 679      7400
 680              	.LASF8:
 681 0124 756E7369 		.ascii	"unsigned int\000"
 681      676E6564 
 681      20696E74 
 681      00
 682              	.LASF7:
 683 0131 6C6F6E67 		.ascii	"long long unsigned int\000"
 683      206C6F6E 
 683      6720756E 
 683      7369676E 
 683      65642069 
 684              	.LASF21:
 685 0148 73616D70 		.ascii	"sampleADC\000"
 685      6C654144 
 685      4300
 686              	.LASF25:
 687 0152 433A5C55 		.ascii	"C:\\Users\\Albert\\Documents\\6115_fp\\IWP.cydsn\000"
 687      73657273 
 687      5C416C62 
 687      6572745C 
ARM GAS  C:\Users\Albert\AppData\Local\Temp\ccvryV5C.s 			page 15


 687      446F6375 
 688              	.LASF15:
 689 017e 73697A65 		.ascii	"sizetype\000"
 689      74797065 
 689      00
 690              	.LASF6:
 691 0187 6C6F6E67 		.ascii	"long long int\000"
 691      206C6F6E 
 691      6720696E 
 691      7400
 692              	.LASF13:
 693 0195 63686172 		.ascii	"char\000"
 693      00
 694              	.LASF17:
 695 019a 6F666653 		.ascii	"offSet\000"
 695      657400
 696              	.LASF2:
 697 01a1 73686F72 		.ascii	"short int\000"
 697      7420696E 
 697      7400
 698              	.LASF4:
 699 01ab 6C6F6E67 		.ascii	"long int\000"
 699      20696E74 
 699      00
 700              	.LASF14:
 701 01b4 6C6F6E67 		.ascii	"long double\000"
 701      20646F75 
 701      626C6500 
 702              	.LASF0:
 703 01c0 7369676E 		.ascii	"signed char\000"
 703      65642063 
 703      68617200 
 704              	.LASF22:
 705 01cc 5F426F6F 		.ascii	"_Bool\000"
 705      6C00
 706              		.ident	"GCC: (GNU Tools for ARM Embedded Processors) 5.4.1 20160609 (release) [ARM/embedded-5-bran
