ARM GAS  C:\Users\Albert\AppData\Local\Temp\ccZt6Dc8.s 			page 1


   1              		.syntax unified
   2              		.cpu cortex-m3
   3              		.fpu softvfp
   4              		.eabi_attribute 20, 1
   5              		.eabi_attribute 21, 1
   6              		.eabi_attribute 23, 3
   7              		.eabi_attribute 24, 1
   8              		.eabi_attribute 25, 1
   9              		.eabi_attribute 26, 1
  10              		.eabi_attribute 30, 6
  11              		.eabi_attribute 34, 1
  12              		.eabi_attribute 18, 4
  13              		.thumb
  14              		.syntax unified
  15              		.file	"ADC1_INT.c"
  16              		.text
  17              	.Ltext0:
  18              		.cfi_sections	.debug_frame
  19              		.section	.text.ADC1_ISR,"ax",%progbits
  20              		.align	2
  21              		.global	ADC1_ISR
  22              		.thumb
  23              		.thumb_func
  24              		.type	ADC1_ISR, %function
  25              	ADC1_ISR:
  26              	.LFB0:
  27              		.file 1 "Generated_Source\\PSoC5\\ADC1_INT.c"
   1:Generated_Source\PSoC5/ADC1_INT.c **** /*******************************************************************************
   2:Generated_Source\PSoC5/ADC1_INT.c **** * File Name: ADC1_INT.c
   3:Generated_Source\PSoC5/ADC1_INT.c **** * Version 3.0
   4:Generated_Source\PSoC5/ADC1_INT.c **** *
   5:Generated_Source\PSoC5/ADC1_INT.c **** *  Description:
   6:Generated_Source\PSoC5/ADC1_INT.c **** *    This file contains the code that operates during the ADC_SAR interrupt
   7:Generated_Source\PSoC5/ADC1_INT.c **** *    service routine.
   8:Generated_Source\PSoC5/ADC1_INT.c **** *
   9:Generated_Source\PSoC5/ADC1_INT.c **** *   Note:
  10:Generated_Source\PSoC5/ADC1_INT.c **** *
  11:Generated_Source\PSoC5/ADC1_INT.c **** ********************************************************************************
  12:Generated_Source\PSoC5/ADC1_INT.c **** * Copyright 2008-2015, Cypress Semiconductor Corporation.  All rights reserved.
  13:Generated_Source\PSoC5/ADC1_INT.c **** * You may use this file only in accordance with the license, terms, conditions,
  14:Generated_Source\PSoC5/ADC1_INT.c **** * disclaimers, and limitations in the end user license agreement accompanying
  15:Generated_Source\PSoC5/ADC1_INT.c **** * the software package with which this file was provided.
  16:Generated_Source\PSoC5/ADC1_INT.c **** *******************************************************************************/
  17:Generated_Source\PSoC5/ADC1_INT.c **** 
  18:Generated_Source\PSoC5/ADC1_INT.c **** #include "ADC1.h"
  19:Generated_Source\PSoC5/ADC1_INT.c **** 
  20:Generated_Source\PSoC5/ADC1_INT.c **** 
  21:Generated_Source\PSoC5/ADC1_INT.c **** 
  22:Generated_Source\PSoC5/ADC1_INT.c **** /******************************************************************************
  23:Generated_Source\PSoC5/ADC1_INT.c **** * Custom Declarations and Variables
  24:Generated_Source\PSoC5/ADC1_INT.c **** * - add user inlcude files, prototypes and variables between the following
  25:Generated_Source\PSoC5/ADC1_INT.c **** *   #START and #END tags
  26:Generated_Source\PSoC5/ADC1_INT.c **** ******************************************************************************/
  27:Generated_Source\PSoC5/ADC1_INT.c **** /* `#START ADC_SYS_VAR`  */
  28:Generated_Source\PSoC5/ADC1_INT.c **** 
  29:Generated_Source\PSoC5/ADC1_INT.c **** /* `#END`  */
  30:Generated_Source\PSoC5/ADC1_INT.c **** 
ARM GAS  C:\Users\Albert\AppData\Local\Temp\ccZt6Dc8.s 			page 2


  31:Generated_Source\PSoC5/ADC1_INT.c **** #if(ADC1_IRQ_REMOVE == 0u)
  32:Generated_Source\PSoC5/ADC1_INT.c **** 
  33:Generated_Source\PSoC5/ADC1_INT.c **** 
  34:Generated_Source\PSoC5/ADC1_INT.c ****     /******************************************************************************
  35:Generated_Source\PSoC5/ADC1_INT.c ****     * Function Name: ADC1_ISR
  36:Generated_Source\PSoC5/ADC1_INT.c ****     *******************************************************************************
  37:Generated_Source\PSoC5/ADC1_INT.c ****     *
  38:Generated_Source\PSoC5/ADC1_INT.c ****     * Summary:
  39:Generated_Source\PSoC5/ADC1_INT.c ****     *  Handle Interrupt Service Routine.
  40:Generated_Source\PSoC5/ADC1_INT.c ****     *
  41:Generated_Source\PSoC5/ADC1_INT.c ****     * Parameters:
  42:Generated_Source\PSoC5/ADC1_INT.c ****     *  None.
  43:Generated_Source\PSoC5/ADC1_INT.c ****     *
  44:Generated_Source\PSoC5/ADC1_INT.c ****     * Return:
  45:Generated_Source\PSoC5/ADC1_INT.c ****     *  None.
  46:Generated_Source\PSoC5/ADC1_INT.c ****     *
  47:Generated_Source\PSoC5/ADC1_INT.c ****     * Reentrant:
  48:Generated_Source\PSoC5/ADC1_INT.c ****     *  No.
  49:Generated_Source\PSoC5/ADC1_INT.c ****     *
  50:Generated_Source\PSoC5/ADC1_INT.c ****     ******************************************************************************/
  51:Generated_Source\PSoC5/ADC1_INT.c ****     CY_ISR( ADC1_ISR )
  52:Generated_Source\PSoC5/ADC1_INT.c ****     {
  28              		.loc 1 52 0
  29              		.cfi_startproc
  30              		@ args = 0, pretend = 0, frame = 0
  31              		@ frame_needed = 1, uses_anonymous_args = 0
  32              		@ link register save eliminated.
  33 0000 80B4     		push	{r7}
  34              		.cfi_def_cfa_offset 4
  35              		.cfi_offset 7, -4
  36 0002 00AF     		add	r7, sp, #0
  37              		.cfi_def_cfa_register 7
  53:Generated_Source\PSoC5/ADC1_INT.c ****         #ifdef ADC1_ISR_INTERRUPT_CALLBACK
  54:Generated_Source\PSoC5/ADC1_INT.c ****             ADC1_ISR_InterruptCallback();
  55:Generated_Source\PSoC5/ADC1_INT.c ****         #endif /* ADC1_ISR_INTERRUPT_CALLBACK */          
  56:Generated_Source\PSoC5/ADC1_INT.c **** 
  57:Generated_Source\PSoC5/ADC1_INT.c ****         
  58:Generated_Source\PSoC5/ADC1_INT.c ****         /************************************************************************
  59:Generated_Source\PSoC5/ADC1_INT.c ****         *  Custom Code
  60:Generated_Source\PSoC5/ADC1_INT.c ****         *  - add user ISR code between the following #START and #END tags
  61:Generated_Source\PSoC5/ADC1_INT.c ****         *************************************************************************/
  62:Generated_Source\PSoC5/ADC1_INT.c ****           /* `#START MAIN_ADC_ISR`  */
  63:Generated_Source\PSoC5/ADC1_INT.c **** 
  64:Generated_Source\PSoC5/ADC1_INT.c ****           /* `#END`  */
  65:Generated_Source\PSoC5/ADC1_INT.c ****     }
  38              		.loc 1 65 0
  39 0004 00BF     		nop
  40 0006 BD46     		mov	sp, r7
  41              		.cfi_def_cfa_register 13
  42              		@ sp needed
  43 0008 80BC     		pop	{r7}
  44              		.cfi_restore 7
  45              		.cfi_def_cfa_offset 0
  46 000a 7047     		bx	lr
  47              		.cfi_endproc
  48              	.LFE0:
  49              		.size	ADC1_ISR, .-ADC1_ISR
ARM GAS  C:\Users\Albert\AppData\Local\Temp\ccZt6Dc8.s 			page 3


  50              		.text
  51              	.Letext0:
  52              		.section	.debug_info,"",%progbits
  53              	.Ldebug_info0:
  54 0000 87000000 		.4byte	0x87
  55 0004 0400     		.2byte	0x4
  56 0006 00000000 		.4byte	.Ldebug_abbrev0
  57 000a 04       		.byte	0x4
  58 000b 01       		.uleb128 0x1
  59 000c 00000000 		.4byte	.LASF11
  60 0010 0C       		.byte	0xc
  61 0011 F5000000 		.4byte	.LASF12
  62 0015 17010000 		.4byte	.LASF13
  63 0019 00000000 		.4byte	.Ldebug_ranges0+0
  64 001d 00000000 		.4byte	0
  65 0021 00000000 		.4byte	.Ldebug_line0
  66 0025 02       		.uleb128 0x2
  67 0026 01       		.byte	0x1
  68 0027 06       		.byte	0x6
  69 0028 69010000 		.4byte	.LASF0
  70 002c 02       		.uleb128 0x2
  71 002d 01       		.byte	0x1
  72 002e 08       		.byte	0x8
  73 002f 8E000000 		.4byte	.LASF1
  74 0033 02       		.uleb128 0x2
  75 0034 02       		.byte	0x2
  76 0035 05       		.byte	0x5
  77 0036 56010000 		.4byte	.LASF2
  78 003a 02       		.uleb128 0x2
  79 003b 02       		.byte	0x2
  80 003c 07       		.byte	0x7
  81 003d AE000000 		.4byte	.LASF3
  82 0041 02       		.uleb128 0x2
  83 0042 04       		.byte	0x4
  84 0043 05       		.byte	0x5
  85 0044 60010000 		.4byte	.LASF4
  86 0048 02       		.uleb128 0x2
  87 0049 04       		.byte	0x4
  88 004a 07       		.byte	0x7
  89 004b 9C000000 		.4byte	.LASF5
  90 004f 02       		.uleb128 0x2
  91 0050 08       		.byte	0x8
  92 0051 05       		.byte	0x5
  93 0052 43010000 		.4byte	.LASF6
  94 0056 02       		.uleb128 0x2
  95 0057 08       		.byte	0x8
  96 0058 07       		.byte	0x7
  97 0059 DE000000 		.4byte	.LASF7
  98 005d 03       		.uleb128 0x3
  99 005e 04       		.byte	0x4
 100 005f 05       		.byte	0x5
 101 0060 696E7400 		.ascii	"int\000"
 102 0064 02       		.uleb128 0x2
 103 0065 04       		.byte	0x4
 104 0066 07       		.byte	0x7
 105 0067 D1000000 		.4byte	.LASF8
 106 006b 02       		.uleb128 0x2
ARM GAS  C:\Users\Albert\AppData\Local\Temp\ccZt6Dc8.s 			page 4


 107 006c 08       		.byte	0x8
 108 006d 04       		.byte	0x4
 109 006e CA000000 		.4byte	.LASF9
 110 0072 02       		.uleb128 0x2
 111 0073 01       		.byte	0x1
 112 0074 08       		.byte	0x8
 113 0075 51010000 		.4byte	.LASF10
 114 0079 04       		.uleb128 0x4
 115 007a C1000000 		.4byte	.LASF14
 116 007e 01       		.byte	0x1
 117 007f 33       		.byte	0x33
 118 0080 00000000 		.4byte	.LFB0
 119 0084 0C000000 		.4byte	.LFE0-.LFB0
 120 0088 01       		.uleb128 0x1
 121 0089 9C       		.byte	0x9c
 122 008a 00       		.byte	0
 123              		.section	.debug_abbrev,"",%progbits
 124              	.Ldebug_abbrev0:
 125 0000 01       		.uleb128 0x1
 126 0001 11       		.uleb128 0x11
 127 0002 01       		.byte	0x1
 128 0003 25       		.uleb128 0x25
 129 0004 0E       		.uleb128 0xe
 130 0005 13       		.uleb128 0x13
 131 0006 0B       		.uleb128 0xb
 132 0007 03       		.uleb128 0x3
 133 0008 0E       		.uleb128 0xe
 134 0009 1B       		.uleb128 0x1b
 135 000a 0E       		.uleb128 0xe
 136 000b 55       		.uleb128 0x55
 137 000c 17       		.uleb128 0x17
 138 000d 11       		.uleb128 0x11
 139 000e 01       		.uleb128 0x1
 140 000f 10       		.uleb128 0x10
 141 0010 17       		.uleb128 0x17
 142 0011 00       		.byte	0
 143 0012 00       		.byte	0
 144 0013 02       		.uleb128 0x2
 145 0014 24       		.uleb128 0x24
 146 0015 00       		.byte	0
 147 0016 0B       		.uleb128 0xb
 148 0017 0B       		.uleb128 0xb
 149 0018 3E       		.uleb128 0x3e
 150 0019 0B       		.uleb128 0xb
 151 001a 03       		.uleb128 0x3
 152 001b 0E       		.uleb128 0xe
 153 001c 00       		.byte	0
 154 001d 00       		.byte	0
 155 001e 03       		.uleb128 0x3
 156 001f 24       		.uleb128 0x24
 157 0020 00       		.byte	0
 158 0021 0B       		.uleb128 0xb
 159 0022 0B       		.uleb128 0xb
 160 0023 3E       		.uleb128 0x3e
 161 0024 0B       		.uleb128 0xb
 162 0025 03       		.uleb128 0x3
 163 0026 08       		.uleb128 0x8
ARM GAS  C:\Users\Albert\AppData\Local\Temp\ccZt6Dc8.s 			page 5


 164 0027 00       		.byte	0
 165 0028 00       		.byte	0
 166 0029 04       		.uleb128 0x4
 167 002a 2E       		.uleb128 0x2e
 168 002b 00       		.byte	0
 169 002c 3F       		.uleb128 0x3f
 170 002d 19       		.uleb128 0x19
 171 002e 03       		.uleb128 0x3
 172 002f 0E       		.uleb128 0xe
 173 0030 3A       		.uleb128 0x3a
 174 0031 0B       		.uleb128 0xb
 175 0032 3B       		.uleb128 0x3b
 176 0033 0B       		.uleb128 0xb
 177 0034 27       		.uleb128 0x27
 178 0035 19       		.uleb128 0x19
 179 0036 11       		.uleb128 0x11
 180 0037 01       		.uleb128 0x1
 181 0038 12       		.uleb128 0x12
 182 0039 06       		.uleb128 0x6
 183 003a 40       		.uleb128 0x40
 184 003b 18       		.uleb128 0x18
 185 003c 9742     		.uleb128 0x2117
 186 003e 19       		.uleb128 0x19
 187 003f 00       		.byte	0
 188 0040 00       		.byte	0
 189 0041 00       		.byte	0
 190              		.section	.debug_aranges,"",%progbits
 191 0000 1C000000 		.4byte	0x1c
 192 0004 0200     		.2byte	0x2
 193 0006 00000000 		.4byte	.Ldebug_info0
 194 000a 04       		.byte	0x4
 195 000b 00       		.byte	0
 196 000c 0000     		.2byte	0
 197 000e 0000     		.2byte	0
 198 0010 00000000 		.4byte	.LFB0
 199 0014 0C000000 		.4byte	.LFE0-.LFB0
 200 0018 00000000 		.4byte	0
 201 001c 00000000 		.4byte	0
 202              		.section	.debug_ranges,"",%progbits
 203              	.Ldebug_ranges0:
 204 0000 00000000 		.4byte	.LFB0
 205 0004 0C000000 		.4byte	.LFE0
 206 0008 00000000 		.4byte	0
 207 000c 00000000 		.4byte	0
 208              		.section	.debug_line,"",%progbits
 209              	.Ldebug_line0:
 210 0000 50000000 		.section	.debug_str,"MS",%progbits,1
 210      02003800 
 210      00000201 
 210      FB0E0D00 
 210      01010101 
 211              	.LASF11:
 212 0000 474E5520 		.ascii	"GNU C11 5.4.1 20160609 (release) [ARM/embedded-5-br"
 212      43313120 
 212      352E342E 
 212      31203230 
 212      31363036 
ARM GAS  C:\Users\Albert\AppData\Local\Temp\ccZt6Dc8.s 			page 6


 213 0033 616E6368 		.ascii	"anch revision 237715] -mcpu=cortex-m3 -mthumb -g -O"
 213      20726576 
 213      6973696F 
 213      6E203233 
 213      37373135 
 214 0066 30202D66 		.ascii	"0 -ffunction-sections -ffat-lto-objects\000"
 214      66756E63 
 214      74696F6E 
 214      2D736563 
 214      74696F6E 
 215              	.LASF1:
 216 008e 756E7369 		.ascii	"unsigned char\000"
 216      676E6564 
 216      20636861 
 216      7200
 217              	.LASF5:
 218 009c 6C6F6E67 		.ascii	"long unsigned int\000"
 218      20756E73 
 218      69676E65 
 218      6420696E 
 218      7400
 219              	.LASF3:
 220 00ae 73686F72 		.ascii	"short unsigned int\000"
 220      7420756E 
 220      7369676E 
 220      65642069 
 220      6E7400
 221              	.LASF14:
 222 00c1 41444331 		.ascii	"ADC1_ISR\000"
 222      5F495352 
 222      00
 223              	.LASF9:
 224 00ca 646F7562 		.ascii	"double\000"
 224      6C6500
 225              	.LASF8:
 226 00d1 756E7369 		.ascii	"unsigned int\000"
 226      676E6564 
 226      20696E74 
 226      00
 227              	.LASF7:
 228 00de 6C6F6E67 		.ascii	"long long unsigned int\000"
 228      206C6F6E 
 228      6720756E 
 228      7369676E 
 228      65642069 
 229              	.LASF12:
 230 00f5 47656E65 		.ascii	"Generated_Source\\PSoC5\\ADC1_INT.c\000"
 230      72617465 
 230      645F536F 
 230      75726365 
 230      5C50536F 
 231              	.LASF13:
 232 0117 433A5C55 		.ascii	"C:\\Users\\Albert\\Documents\\6115_fp\\IWP.cydsn\000"
 232      73657273 
 232      5C416C62 
 232      6572745C 
 232      446F6375 
ARM GAS  C:\Users\Albert\AppData\Local\Temp\ccZt6Dc8.s 			page 7


 233              	.LASF6:
 234 0143 6C6F6E67 		.ascii	"long long int\000"
 234      206C6F6E 
 234      6720696E 
 234      7400
 235              	.LASF10:
 236 0151 63686172 		.ascii	"char\000"
 236      00
 237              	.LASF2:
 238 0156 73686F72 		.ascii	"short int\000"
 238      7420696E 
 238      7400
 239              	.LASF4:
 240 0160 6C6F6E67 		.ascii	"long int\000"
 240      20696E74 
 240      00
 241              	.LASF0:
 242 0169 7369676E 		.ascii	"signed char\000"
 242      65642063 
 242      68617200 
 243              		.ident	"GCC: (GNU Tools for ARM Embedded Processors) 5.4.1 20160609 (release) [ARM/embedded-5-bran
