ARM GAS  C:\Users\Albert\AppData\Local\Temp\ccnNx0Oo.s 			page 1


   1              		.syntax unified
   2              		.cpu cortex-m3
   3              		.fpu softvfp
   4              		.eabi_attribute 20, 1
   5              		.eabi_attribute 21, 1
   6              		.eabi_attribute 23, 3
   7              		.eabi_attribute 24, 1
   8              		.eabi_attribute 25, 1
   9              		.eabi_attribute 26, 1
  10              		.eabi_attribute 30, 6
  11              		.eabi_attribute 34, 1
  12              		.eabi_attribute 18, 4
  13              		.thumb
  14              		.syntax unified
  15              		.file	"cyutils.c"
  16              		.text
  17              	.Ltext0:
  18              		.cfi_sections	.debug_frame
  19              		.section	.text.CySetReg24,"ax",%progbits
  20              		.align	2
  21              		.global	CySetReg24
  22              		.thumb
  23              		.thumb_func
  24              		.type	CySetReg24, %function
  25              	CySetReg24:
  26              	.LFB0:
  27              		.file 1 "Generated_Source\\PSoC5\\cyutils.c"
   1:Generated_Source\PSoC5/cyutils.c **** /***************************************************************************//**
   2:Generated_Source\PSoC5/cyutils.c **** * \file cyutils.c
   3:Generated_Source\PSoC5/cyutils.c **** * \version 5.40
   4:Generated_Source\PSoC5/cyutils.c **** *
   5:Generated_Source\PSoC5/cyutils.c **** * \brief Provides a function to handle 24-bit value writes.
   6:Generated_Source\PSoC5/cyutils.c **** *
   7:Generated_Source\PSoC5/cyutils.c **** ********************************************************************************
   8:Generated_Source\PSoC5/cyutils.c **** * \copyright
   9:Generated_Source\PSoC5/cyutils.c **** * Copyright 2008-2016, Cypress Semiconductor Corporation.  All rights reserved.
  10:Generated_Source\PSoC5/cyutils.c **** * You may use this file only in accordance with the license, terms, conditions,
  11:Generated_Source\PSoC5/cyutils.c **** * disclaimers, and limitations in the end user license agreement accompanying
  12:Generated_Source\PSoC5/cyutils.c **** * the software package with which this file was provided.
  13:Generated_Source\PSoC5/cyutils.c **** *******************************************************************************/
  14:Generated_Source\PSoC5/cyutils.c **** 
  15:Generated_Source\PSoC5/cyutils.c **** #include "cytypes.h"
  16:Generated_Source\PSoC5/cyutils.c **** 
  17:Generated_Source\PSoC5/cyutils.c **** #if (!CY_PSOC3)
  18:Generated_Source\PSoC5/cyutils.c **** 
  19:Generated_Source\PSoC5/cyutils.c ****     /***************************************************************************
  20:Generated_Source\PSoC5/cyutils.c ****     * Function Name: CySetReg24
  21:Generated_Source\PSoC5/cyutils.c ****     ************************************************************************//**
  22:Generated_Source\PSoC5/cyutils.c ****     *
  23:Generated_Source\PSoC5/cyutils.c ****     * Writes a 24-bit value to the specified register.
  24:Generated_Source\PSoC5/cyutils.c ****     *
  25:Generated_Source\PSoC5/cyutils.c ****     * \param add The address where data must be written.
  26:Generated_Source\PSoC5/cyutils.c ****     * \param value The data that must be written.
  27:Generated_Source\PSoC5/cyutils.c ****     *
  28:Generated_Source\PSoC5/cyutils.c ****     * Reentrant:
  29:Generated_Source\PSoC5/cyutils.c ****     *  No
  30:Generated_Source\PSoC5/cyutils.c ****     *
ARM GAS  C:\Users\Albert\AppData\Local\Temp\ccnNx0Oo.s 			page 2


  31:Generated_Source\PSoC5/cyutils.c ****     ***************************************************************************/
  32:Generated_Source\PSoC5/cyutils.c ****     void CySetReg24(uint32 volatile * addr, uint32 value)
  33:Generated_Source\PSoC5/cyutils.c ****     {
  28              		.loc 1 33 0
  29              		.cfi_startproc
  30              		@ args = 0, pretend = 0, frame = 16
  31              		@ frame_needed = 1, uses_anonymous_args = 0
  32              		@ link register save eliminated.
  33 0000 80B4     		push	{r7}
  34              		.cfi_def_cfa_offset 4
  35              		.cfi_offset 7, -4
  36 0002 85B0     		sub	sp, sp, #20
  37              		.cfi_def_cfa_offset 24
  38 0004 00AF     		add	r7, sp, #0
  39              		.cfi_def_cfa_register 7
  40 0006 7860     		str	r0, [r7, #4]
  41 0008 3960     		str	r1, [r7]
  34:Generated_Source\PSoC5/cyutils.c ****         uint8 volatile *tmpAddr;
  35:Generated_Source\PSoC5/cyutils.c **** 
  36:Generated_Source\PSoC5/cyutils.c ****         tmpAddr = (uint8 volatile *) addr;
  42              		.loc 1 36 0
  43 000a 7B68     		ldr	r3, [r7, #4]
  44 000c FB60     		str	r3, [r7, #12]
  37:Generated_Source\PSoC5/cyutils.c **** 
  38:Generated_Source\PSoC5/cyutils.c ****         tmpAddr[0u] = (uint8) value;
  45              		.loc 1 38 0
  46 000e 3B68     		ldr	r3, [r7]
  47 0010 DAB2     		uxtb	r2, r3
  48 0012 FB68     		ldr	r3, [r7, #12]
  49 0014 1A70     		strb	r2, [r3]
  39:Generated_Source\PSoC5/cyutils.c ****         tmpAddr[1u] = (uint8) (value >> 8u);
  50              		.loc 1 39 0
  51 0016 FB68     		ldr	r3, [r7, #12]
  52 0018 0133     		adds	r3, r3, #1
  53 001a 3A68     		ldr	r2, [r7]
  54 001c 120A     		lsrs	r2, r2, #8
  55 001e D2B2     		uxtb	r2, r2
  56 0020 1A70     		strb	r2, [r3]
  40:Generated_Source\PSoC5/cyutils.c ****         tmpAddr[2u] = (uint8) (value >> 16u);
  57              		.loc 1 40 0
  58 0022 FB68     		ldr	r3, [r7, #12]
  59 0024 0233     		adds	r3, r3, #2
  60 0026 3A68     		ldr	r2, [r7]
  61 0028 120C     		lsrs	r2, r2, #16
  62 002a D2B2     		uxtb	r2, r2
  63 002c 1A70     		strb	r2, [r3]
  41:Generated_Source\PSoC5/cyutils.c ****     }
  64              		.loc 1 41 0
  65 002e 00BF     		nop
  66 0030 1437     		adds	r7, r7, #20
  67              		.cfi_def_cfa_offset 4
  68 0032 BD46     		mov	sp, r7
  69              		.cfi_def_cfa_register 13
  70              		@ sp needed
  71 0034 80BC     		pop	{r7}
  72              		.cfi_restore 7
  73              		.cfi_def_cfa_offset 0
ARM GAS  C:\Users\Albert\AppData\Local\Temp\ccnNx0Oo.s 			page 3


  74 0036 7047     		bx	lr
  75              		.cfi_endproc
  76              	.LFE0:
  77              		.size	CySetReg24, .-CySetReg24
  78              		.text
  79              	.Letext0:
  80              		.file 2 "Generated_Source\\PSoC5\\cytypes.h"
  81              		.section	.debug_info,"",%progbits
  82              	.Ldebug_info0:
  83 0000 E4000000 		.4byte	0xe4
  84 0004 0400     		.2byte	0x4
  85 0006 00000000 		.4byte	.Ldebug_abbrev0
  86 000a 04       		.byte	0x4
  87 000b 01       		.uleb128 0x1
  88 000c 00000000 		.4byte	.LASF15
  89 0010 0C       		.byte	0xc
  90 0011 DF000000 		.4byte	.LASF16
  91 0015 32010000 		.4byte	.LASF17
  92 0019 00000000 		.4byte	.Ldebug_ranges0+0
  93 001d 00000000 		.4byte	0
  94 0021 00000000 		.4byte	.Ldebug_line0
  95 0025 02       		.uleb128 0x2
  96 0026 01       		.byte	0x1
  97 0027 06       		.byte	0x6
  98 0028 8A010000 		.4byte	.LASF0
  99 002c 02       		.uleb128 0x2
 100 002d 01       		.byte	0x1
 101 002e 08       		.byte	0x8
 102 002f A4000000 		.4byte	.LASF1
 103 0033 02       		.uleb128 0x2
 104 0034 02       		.byte	0x2
 105 0035 05       		.byte	0x5
 106 0036 71010000 		.4byte	.LASF2
 107 003a 02       		.uleb128 0x2
 108 003b 02       		.byte	0x2
 109 003c 07       		.byte	0x7
 110 003d CC000000 		.4byte	.LASF3
 111 0041 02       		.uleb128 0x2
 112 0042 04       		.byte	0x4
 113 0043 05       		.byte	0x5
 114 0044 81010000 		.4byte	.LASF4
 115 0048 02       		.uleb128 0x2
 116 0049 04       		.byte	0x4
 117 004a 07       		.byte	0x7
 118 004b BA000000 		.4byte	.LASF5
 119 004f 02       		.uleb128 0x2
 120 0050 08       		.byte	0x8
 121 0051 05       		.byte	0x5
 122 0052 5E010000 		.4byte	.LASF6
 123 0056 02       		.uleb128 0x2
 124 0057 08       		.byte	0x8
 125 0058 07       		.byte	0x7
 126 0059 1B010000 		.4byte	.LASF7
 127 005d 03       		.uleb128 0x3
 128 005e 04       		.byte	0x4
 129 005f 05       		.byte	0x5
 130 0060 696E7400 		.ascii	"int\000"
ARM GAS  C:\Users\Albert\AppData\Local\Temp\ccnNx0Oo.s 			page 4


 131 0064 02       		.uleb128 0x2
 132 0065 04       		.byte	0x4
 133 0066 07       		.byte	0x7
 134 0067 0E010000 		.4byte	.LASF8
 135 006b 04       		.uleb128 0x4
 136 006c 7B010000 		.4byte	.LASF9
 137 0070 02       		.byte	0x2
 138 0071 9201     		.2byte	0x192
 139 0073 2C000000 		.4byte	0x2c
 140 0077 04       		.uleb128 0x4
 141 0078 07010000 		.4byte	.LASF10
 142 007c 02       		.byte	0x2
 143 007d 9401     		.2byte	0x194
 144 007f 48000000 		.4byte	0x48
 145 0083 02       		.uleb128 0x2
 146 0084 08       		.byte	0x8
 147 0085 04       		.byte	0x4
 148 0086 00010000 		.4byte	.LASF11
 149 008a 02       		.uleb128 0x2
 150 008b 01       		.byte	0x1
 151 008c 08       		.byte	0x8
 152 008d 6C010000 		.4byte	.LASF12
 153 0091 05       		.uleb128 0x5
 154 0092 6B000000 		.4byte	0x6b
 155 0096 05       		.uleb128 0x5
 156 0097 77000000 		.4byte	0x77
 157 009b 06       		.uleb128 0x6
 158 009c 94000000 		.4byte	.LASF18
 159 00a0 01       		.byte	0x1
 160 00a1 20       		.byte	0x20
 161 00a2 00000000 		.4byte	.LFB0
 162 00a6 38000000 		.4byte	.LFE0-.LFB0
 163 00aa 01       		.uleb128 0x1
 164 00ab 9C       		.byte	0x9c
 165 00ac DB000000 		.4byte	0xdb
 166 00b0 07       		.uleb128 0x7
 167 00b1 9F000000 		.4byte	.LASF13
 168 00b5 01       		.byte	0x1
 169 00b6 20       		.byte	0x20
 170 00b7 DB000000 		.4byte	0xdb
 171 00bb 02       		.uleb128 0x2
 172 00bc 91       		.byte	0x91
 173 00bd 6C       		.sleb128 -20
 174 00be 07       		.uleb128 0x7
 175 00bf 8E000000 		.4byte	.LASF14
 176 00c3 01       		.byte	0x1
 177 00c4 20       		.byte	0x20
 178 00c5 77000000 		.4byte	0x77
 179 00c9 02       		.uleb128 0x2
 180 00ca 91       		.byte	0x91
 181 00cb 68       		.sleb128 -24
 182 00cc 08       		.uleb128 0x8
 183 00cd B2000000 		.4byte	.LASF19
 184 00d1 01       		.byte	0x1
 185 00d2 22       		.byte	0x22
 186 00d3 E1000000 		.4byte	0xe1
 187 00d7 02       		.uleb128 0x2
ARM GAS  C:\Users\Albert\AppData\Local\Temp\ccnNx0Oo.s 			page 5


 188 00d8 91       		.byte	0x91
 189 00d9 74       		.sleb128 -12
 190 00da 00       		.byte	0
 191 00db 09       		.uleb128 0x9
 192 00dc 04       		.byte	0x4
 193 00dd 96000000 		.4byte	0x96
 194 00e1 09       		.uleb128 0x9
 195 00e2 04       		.byte	0x4
 196 00e3 91000000 		.4byte	0x91
 197 00e7 00       		.byte	0
 198              		.section	.debug_abbrev,"",%progbits
 199              	.Ldebug_abbrev0:
 200 0000 01       		.uleb128 0x1
 201 0001 11       		.uleb128 0x11
 202 0002 01       		.byte	0x1
 203 0003 25       		.uleb128 0x25
 204 0004 0E       		.uleb128 0xe
 205 0005 13       		.uleb128 0x13
 206 0006 0B       		.uleb128 0xb
 207 0007 03       		.uleb128 0x3
 208 0008 0E       		.uleb128 0xe
 209 0009 1B       		.uleb128 0x1b
 210 000a 0E       		.uleb128 0xe
 211 000b 55       		.uleb128 0x55
 212 000c 17       		.uleb128 0x17
 213 000d 11       		.uleb128 0x11
 214 000e 01       		.uleb128 0x1
 215 000f 10       		.uleb128 0x10
 216 0010 17       		.uleb128 0x17
 217 0011 00       		.byte	0
 218 0012 00       		.byte	0
 219 0013 02       		.uleb128 0x2
 220 0014 24       		.uleb128 0x24
 221 0015 00       		.byte	0
 222 0016 0B       		.uleb128 0xb
 223 0017 0B       		.uleb128 0xb
 224 0018 3E       		.uleb128 0x3e
 225 0019 0B       		.uleb128 0xb
 226 001a 03       		.uleb128 0x3
 227 001b 0E       		.uleb128 0xe
 228 001c 00       		.byte	0
 229 001d 00       		.byte	0
 230 001e 03       		.uleb128 0x3
 231 001f 24       		.uleb128 0x24
 232 0020 00       		.byte	0
 233 0021 0B       		.uleb128 0xb
 234 0022 0B       		.uleb128 0xb
 235 0023 3E       		.uleb128 0x3e
 236 0024 0B       		.uleb128 0xb
 237 0025 03       		.uleb128 0x3
 238 0026 08       		.uleb128 0x8
 239 0027 00       		.byte	0
 240 0028 00       		.byte	0
 241 0029 04       		.uleb128 0x4
 242 002a 16       		.uleb128 0x16
 243 002b 00       		.byte	0
 244 002c 03       		.uleb128 0x3
ARM GAS  C:\Users\Albert\AppData\Local\Temp\ccnNx0Oo.s 			page 6


 245 002d 0E       		.uleb128 0xe
 246 002e 3A       		.uleb128 0x3a
 247 002f 0B       		.uleb128 0xb
 248 0030 3B       		.uleb128 0x3b
 249 0031 05       		.uleb128 0x5
 250 0032 49       		.uleb128 0x49
 251 0033 13       		.uleb128 0x13
 252 0034 00       		.byte	0
 253 0035 00       		.byte	0
 254 0036 05       		.uleb128 0x5
 255 0037 35       		.uleb128 0x35
 256 0038 00       		.byte	0
 257 0039 49       		.uleb128 0x49
 258 003a 13       		.uleb128 0x13
 259 003b 00       		.byte	0
 260 003c 00       		.byte	0
 261 003d 06       		.uleb128 0x6
 262 003e 2E       		.uleb128 0x2e
 263 003f 01       		.byte	0x1
 264 0040 3F       		.uleb128 0x3f
 265 0041 19       		.uleb128 0x19
 266 0042 03       		.uleb128 0x3
 267 0043 0E       		.uleb128 0xe
 268 0044 3A       		.uleb128 0x3a
 269 0045 0B       		.uleb128 0xb
 270 0046 3B       		.uleb128 0x3b
 271 0047 0B       		.uleb128 0xb
 272 0048 27       		.uleb128 0x27
 273 0049 19       		.uleb128 0x19
 274 004a 11       		.uleb128 0x11
 275 004b 01       		.uleb128 0x1
 276 004c 12       		.uleb128 0x12
 277 004d 06       		.uleb128 0x6
 278 004e 40       		.uleb128 0x40
 279 004f 18       		.uleb128 0x18
 280 0050 9742     		.uleb128 0x2117
 281 0052 19       		.uleb128 0x19
 282 0053 01       		.uleb128 0x1
 283 0054 13       		.uleb128 0x13
 284 0055 00       		.byte	0
 285 0056 00       		.byte	0
 286 0057 07       		.uleb128 0x7
 287 0058 05       		.uleb128 0x5
 288 0059 00       		.byte	0
 289 005a 03       		.uleb128 0x3
 290 005b 0E       		.uleb128 0xe
 291 005c 3A       		.uleb128 0x3a
 292 005d 0B       		.uleb128 0xb
 293 005e 3B       		.uleb128 0x3b
 294 005f 0B       		.uleb128 0xb
 295 0060 49       		.uleb128 0x49
 296 0061 13       		.uleb128 0x13
 297 0062 02       		.uleb128 0x2
 298 0063 18       		.uleb128 0x18
 299 0064 00       		.byte	0
 300 0065 00       		.byte	0
 301 0066 08       		.uleb128 0x8
ARM GAS  C:\Users\Albert\AppData\Local\Temp\ccnNx0Oo.s 			page 7


 302 0067 34       		.uleb128 0x34
 303 0068 00       		.byte	0
 304 0069 03       		.uleb128 0x3
 305 006a 0E       		.uleb128 0xe
 306 006b 3A       		.uleb128 0x3a
 307 006c 0B       		.uleb128 0xb
 308 006d 3B       		.uleb128 0x3b
 309 006e 0B       		.uleb128 0xb
 310 006f 49       		.uleb128 0x49
 311 0070 13       		.uleb128 0x13
 312 0071 02       		.uleb128 0x2
 313 0072 18       		.uleb128 0x18
 314 0073 00       		.byte	0
 315 0074 00       		.byte	0
 316 0075 09       		.uleb128 0x9
 317 0076 0F       		.uleb128 0xf
 318 0077 00       		.byte	0
 319 0078 0B       		.uleb128 0xb
 320 0079 0B       		.uleb128 0xb
 321 007a 49       		.uleb128 0x49
 322 007b 13       		.uleb128 0x13
 323 007c 00       		.byte	0
 324 007d 00       		.byte	0
 325 007e 00       		.byte	0
 326              		.section	.debug_aranges,"",%progbits
 327 0000 1C000000 		.4byte	0x1c
 328 0004 0200     		.2byte	0x2
 329 0006 00000000 		.4byte	.Ldebug_info0
 330 000a 04       		.byte	0x4
 331 000b 00       		.byte	0
 332 000c 0000     		.2byte	0
 333 000e 0000     		.2byte	0
 334 0010 00000000 		.4byte	.LFB0
 335 0014 38000000 		.4byte	.LFE0-.LFB0
 336 0018 00000000 		.4byte	0
 337 001c 00000000 		.4byte	0
 338              		.section	.debug_ranges,"",%progbits
 339              	.Ldebug_ranges0:
 340 0000 00000000 		.4byte	.LFB0
 341 0004 38000000 		.4byte	.LFE0
 342 0008 00000000 		.4byte	0
 343 000c 00000000 		.4byte	0
 344              		.section	.debug_line,"",%progbits
 345              	.Ldebug_line0:
 346 0000 5E000000 		.section	.debug_str,"MS",%progbits,1
 346      02004400 
 346      00000201 
 346      FB0E0D00 
 346      01010101 
 347              	.LASF15:
 348 0000 474E5520 		.ascii	"GNU C11 5.4.1 20160609 (release) [ARM/embedded-5-br"
 348      43313120 
 348      352E342E 
 348      31203230 
 348      31363036 
 349 0033 616E6368 		.ascii	"anch revision 237715] -mcpu=cortex-m3 -mthumb -g -O"
 349      20726576 
ARM GAS  C:\Users\Albert\AppData\Local\Temp\ccnNx0Oo.s 			page 8


 349      6973696F 
 349      6E203233 
 349      37373135 
 350 0066 30202D66 		.ascii	"0 -ffunction-sections -ffat-lto-objects\000"
 350      66756E63 
 350      74696F6E 
 350      2D736563 
 350      74696F6E 
 351              	.LASF14:
 352 008e 76616C75 		.ascii	"value\000"
 352      6500
 353              	.LASF18:
 354 0094 43795365 		.ascii	"CySetReg24\000"
 354      74526567 
 354      323400
 355              	.LASF13:
 356 009f 61646472 		.ascii	"addr\000"
 356      00
 357              	.LASF1:
 358 00a4 756E7369 		.ascii	"unsigned char\000"
 358      676E6564 
 358      20636861 
 358      7200
 359              	.LASF19:
 360 00b2 746D7041 		.ascii	"tmpAddr\000"
 360      64647200 
 361              	.LASF5:
 362 00ba 6C6F6E67 		.ascii	"long unsigned int\000"
 362      20756E73 
 362      69676E65 
 362      6420696E 
 362      7400
 363              	.LASF3:
 364 00cc 73686F72 		.ascii	"short unsigned int\000"
 364      7420756E 
 364      7369676E 
 364      65642069 
 364      6E7400
 365              	.LASF16:
 366 00df 47656E65 		.ascii	"Generated_Source\\PSoC5\\cyutils.c\000"
 366      72617465 
 366      645F536F 
 366      75726365 
 366      5C50536F 
 367              	.LASF11:
 368 0100 646F7562 		.ascii	"double\000"
 368      6C6500
 369              	.LASF10:
 370 0107 75696E74 		.ascii	"uint32\000"
 370      333200
 371              	.LASF8:
 372 010e 756E7369 		.ascii	"unsigned int\000"
 372      676E6564 
 372      20696E74 
 372      00
 373              	.LASF7:
 374 011b 6C6F6E67 		.ascii	"long long unsigned int\000"
ARM GAS  C:\Users\Albert\AppData\Local\Temp\ccnNx0Oo.s 			page 9


 374      206C6F6E 
 374      6720756E 
 374      7369676E 
 374      65642069 
 375              	.LASF17:
 376 0132 433A5C55 		.ascii	"C:\\Users\\Albert\\Documents\\6115_fp\\IWP.cydsn\000"
 376      73657273 
 376      5C416C62 
 376      6572745C 
 376      446F6375 
 377              	.LASF6:
 378 015e 6C6F6E67 		.ascii	"long long int\000"
 378      206C6F6E 
 378      6720696E 
 378      7400
 379              	.LASF12:
 380 016c 63686172 		.ascii	"char\000"
 380      00
 381              	.LASF2:
 382 0171 73686F72 		.ascii	"short int\000"
 382      7420696E 
 382      7400
 383              	.LASF9:
 384 017b 75696E74 		.ascii	"uint8\000"
 384      3800
 385              	.LASF4:
 386 0181 6C6F6E67 		.ascii	"long int\000"
 386      20696E74 
 386      00
 387              	.LASF0:
 388 018a 7369676E 		.ascii	"signed char\000"
 388      65642063 
 388      68617200 
 389              		.ident	"GCC: (GNU Tools for ARM Embedded Processors) 5.4.1 20160609 (release) [ARM/embedded-5-bran
