ARM GAS  C:\Users\Albert\AppData\Local\Temp\ccsfF3Ta.s 			page 1


   1              		.syntax unified
   2              		.cpu cortex-m3
   3              		.fpu softvfp
   4              		.eabi_attribute 20, 1
   5              		.eabi_attribute 21, 1
   6              		.eabi_attribute 23, 3
   7              		.eabi_attribute 24, 1
   8              		.eabi_attribute 25, 1
   9              		.eabi_attribute 26, 1
  10              		.eabi_attribute 30, 6
  11              		.eabi_attribute 34, 1
  12              		.eabi_attribute 18, 4
  13              		.thumb
  14              		.syntax unified
  15              		.file	"Filter_1_Coefficients.c"
  16              		.text
  17              	.Ltext0:
  18              		.cfi_sections	.debug_frame
  19              		.global	Filter_1_ChannelAFirCoefficients
  20              		.section	.rodata
  21              		.align	2
  22              		.type	Filter_1_ChannelAFirCoefficients, %object
  23              		.size	Filter_1_ChannelAFirCoefficients, 64
  24              	Filter_1_ChannelAFirCoefficients:
  25 0000 4C       		.byte	76
  26 0001 60       		.byte	96
  27 0002 00       		.byte	0
  28 0003 00       		.byte	0
  29 0004 C0       		.byte	-64
  30 0005 B4       		.byte	-76
  31 0006 00       		.byte	0
  32 0007 00       		.byte	0
  33 0008 C1       		.byte	-63
  34 0009 54       		.byte	84
  35 000a 01       		.byte	1
  36 000b 00       		.byte	0
  37 000c C6       		.byte	-58
  38 000d 2C       		.byte	44
  39 000e 02       		.byte	2
  40 000f 00       		.byte	0
  41 0010 62       		.byte	98
  42 0011 1D       		.byte	29
  43 0012 03       		.byte	3
  44 0013 00       		.byte	0
  45 0014 C0       		.byte	-64
  46 0015 00       		.byte	0
  47 0016 04       		.byte	4
  48 0017 00       		.byte	0
  49 0018 9A       		.byte	-102
  50 0019 B1       		.byte	-79
  51 001a 04       		.byte	4
  52 001b 00       		.byte	0
  53 001c 3D       		.byte	61
  54 001d 12       		.byte	18
  55 001e 05       		.byte	5
  56 001f 00       		.byte	0
  57 0020 3D       		.byte	61
ARM GAS  C:\Users\Albert\AppData\Local\Temp\ccsfF3Ta.s 			page 2


  58 0021 12       		.byte	18
  59 0022 05       		.byte	5
  60 0023 00       		.byte	0
  61 0024 9A       		.byte	-102
  62 0025 B1       		.byte	-79
  63 0026 04       		.byte	4
  64 0027 00       		.byte	0
  65 0028 C0       		.byte	-64
  66 0029 00       		.byte	0
  67 002a 04       		.byte	4
  68 002b 00       		.byte	0
  69 002c 62       		.byte	98
  70 002d 1D       		.byte	29
  71 002e 03       		.byte	3
  72 002f 00       		.byte	0
  73 0030 C6       		.byte	-58
  74 0031 2C       		.byte	44
  75 0032 02       		.byte	2
  76 0033 00       		.byte	0
  77 0034 C1       		.byte	-63
  78 0035 54       		.byte	84
  79 0036 01       		.byte	1
  80 0037 00       		.byte	0
  81 0038 C0       		.byte	-64
  82 0039 B4       		.byte	-76
  83 003a 00       		.byte	0
  84 003b 00       		.byte	0
  85 003c 4C       		.byte	76
  86 003d 60       		.byte	96
  87 003e 00       		.byte	0
  88 003f 00       		.byte	0
  89              		.text
  90              	.Letext0:
  91              		.file 1 "Generated_Source\\PSoC5\\cytypes.h"
  92              		.file 2 "Generated_Source\\PSoC5\\Filter_1_Coefficients.c"
  93              		.section	.debug_info,"",%progbits
  94              	.Ldebug_info0:
  95 0000 BA000000 		.4byte	0xba
  96 0004 0400     		.2byte	0x4
  97 0006 00000000 		.4byte	.Ldebug_abbrev0
  98 000a 04       		.byte	0x4
  99 000b 01       		.uleb128 0x1
 100 000c 7F000000 		.4byte	.LASF14
 101 0010 0C       		.byte	0xc
 102 0011 4A000000 		.4byte	.LASF15
 103 0015 20010000 		.4byte	.LASF16
 104 0019 00000000 		.4byte	.Ldebug_line0
 105 001d 02       		.uleb128 0x2
 106 001e 04       		.byte	0x4
 107 001f 05       		.byte	0x5
 108 0020 696E7400 		.ascii	"int\000"
 109 0024 03       		.uleb128 0x3
 110 0025 04       		.byte	0x4
 111 0026 07       		.byte	0x7
 112 0027 0E000000 		.4byte	.LASF0
 113 002b 03       		.uleb128 0x3
 114 002c 08       		.byte	0x8
ARM GAS  C:\Users\Albert\AppData\Local\Temp\ccsfF3Ta.s 			page 3


 115 002d 05       		.byte	0x5
 116 002e 00000000 		.4byte	.LASF1
 117 0032 03       		.uleb128 0x3
 118 0033 08       		.byte	0x8
 119 0034 04       		.byte	0x4
 120 0035 9C010000 		.4byte	.LASF2
 121 0039 03       		.uleb128 0x3
 122 003a 01       		.byte	0x1
 123 003b 06       		.byte	0x6
 124 003c 90010000 		.4byte	.LASF3
 125 0040 03       		.uleb128 0x3
 126 0041 01       		.byte	0x1
 127 0042 08       		.byte	0x8
 128 0043 0D010000 		.4byte	.LASF4
 129 0047 03       		.uleb128 0x3
 130 0048 02       		.byte	0x2
 131 0049 05       		.byte	0x5
 132 004a A8010000 		.4byte	.LASF5
 133 004e 03       		.uleb128 0x3
 134 004f 02       		.byte	0x2
 135 0050 07       		.byte	0x7
 136 0051 7D010000 		.4byte	.LASF6
 137 0055 03       		.uleb128 0x3
 138 0056 04       		.byte	0x4
 139 0057 05       		.byte	0x5
 140 0058 4C010000 		.4byte	.LASF7
 141 005c 03       		.uleb128 0x3
 142 005d 04       		.byte	0x4
 143 005e 07       		.byte	0x7
 144 005f 21000000 		.4byte	.LASF8
 145 0063 03       		.uleb128 0x3
 146 0064 08       		.byte	0x8
 147 0065 07       		.byte	0x7
 148 0066 33000000 		.4byte	.LASF9
 149 006a 03       		.uleb128 0x3
 150 006b 04       		.byte	0x4
 151 006c 07       		.byte	0x7
 152 006d B2010000 		.4byte	.LASF10
 153 0071 03       		.uleb128 0x3
 154 0072 01       		.byte	0x1
 155 0073 08       		.byte	0x8
 156 0074 1B010000 		.4byte	.LASF11
 157 0078 04       		.uleb128 0x4
 158 0079 1B000000 		.4byte	.LASF17
 159 007d 01       		.byte	0x1
 160 007e 9201     		.2byte	0x192
 161 0080 40000000 		.4byte	0x40
 162 0084 03       		.uleb128 0x3
 163 0085 04       		.byte	0x4
 164 0086 04       		.byte	0x4
 165 0087 79000000 		.4byte	.LASF12
 166 008b 03       		.uleb128 0x3
 167 008c 08       		.byte	0x8
 168 008d 04       		.byte	0x4
 169 008e 76010000 		.4byte	.LASF13
 170 0092 05       		.uleb128 0x5
 171 0093 A2000000 		.4byte	0xa2
ARM GAS  C:\Users\Albert\AppData\Local\Temp\ccsfF3Ta.s 			page 4


 172 0097 A2000000 		.4byte	0xa2
 173 009b 06       		.uleb128 0x6
 174 009c 6A000000 		.4byte	0x6a
 175 00a0 3F       		.byte	0x3f
 176 00a1 00       		.byte	0
 177 00a2 07       		.uleb128 0x7
 178 00a3 78000000 		.4byte	0x78
 179 00a7 08       		.uleb128 0x8
 180 00a8 55010000 		.4byte	.LASF18
 181 00ac 02       		.byte	0x2
 182 00ad 11       		.byte	0x11
 183 00ae B8000000 		.4byte	0xb8
 184 00b2 05       		.uleb128 0x5
 185 00b3 03       		.byte	0x3
 186 00b4 00000000 		.4byte	Filter_1_ChannelAFirCoefficients
 187 00b8 07       		.uleb128 0x7
 188 00b9 92000000 		.4byte	0x92
 189 00bd 00       		.byte	0
 190              		.section	.debug_abbrev,"",%progbits
 191              	.Ldebug_abbrev0:
 192 0000 01       		.uleb128 0x1
 193 0001 11       		.uleb128 0x11
 194 0002 01       		.byte	0x1
 195 0003 25       		.uleb128 0x25
 196 0004 0E       		.uleb128 0xe
 197 0005 13       		.uleb128 0x13
 198 0006 0B       		.uleb128 0xb
 199 0007 03       		.uleb128 0x3
 200 0008 0E       		.uleb128 0xe
 201 0009 1B       		.uleb128 0x1b
 202 000a 0E       		.uleb128 0xe
 203 000b 10       		.uleb128 0x10
 204 000c 17       		.uleb128 0x17
 205 000d 00       		.byte	0
 206 000e 00       		.byte	0
 207 000f 02       		.uleb128 0x2
 208 0010 24       		.uleb128 0x24
 209 0011 00       		.byte	0
 210 0012 0B       		.uleb128 0xb
 211 0013 0B       		.uleb128 0xb
 212 0014 3E       		.uleb128 0x3e
 213 0015 0B       		.uleb128 0xb
 214 0016 03       		.uleb128 0x3
 215 0017 08       		.uleb128 0x8
 216 0018 00       		.byte	0
 217 0019 00       		.byte	0
 218 001a 03       		.uleb128 0x3
 219 001b 24       		.uleb128 0x24
 220 001c 00       		.byte	0
 221 001d 0B       		.uleb128 0xb
 222 001e 0B       		.uleb128 0xb
 223 001f 3E       		.uleb128 0x3e
 224 0020 0B       		.uleb128 0xb
 225 0021 03       		.uleb128 0x3
 226 0022 0E       		.uleb128 0xe
 227 0023 00       		.byte	0
 228 0024 00       		.byte	0
ARM GAS  C:\Users\Albert\AppData\Local\Temp\ccsfF3Ta.s 			page 5


 229 0025 04       		.uleb128 0x4
 230 0026 16       		.uleb128 0x16
 231 0027 00       		.byte	0
 232 0028 03       		.uleb128 0x3
 233 0029 0E       		.uleb128 0xe
 234 002a 3A       		.uleb128 0x3a
 235 002b 0B       		.uleb128 0xb
 236 002c 3B       		.uleb128 0x3b
 237 002d 05       		.uleb128 0x5
 238 002e 49       		.uleb128 0x49
 239 002f 13       		.uleb128 0x13
 240 0030 00       		.byte	0
 241 0031 00       		.byte	0
 242 0032 05       		.uleb128 0x5
 243 0033 01       		.uleb128 0x1
 244 0034 01       		.byte	0x1
 245 0035 49       		.uleb128 0x49
 246 0036 13       		.uleb128 0x13
 247 0037 01       		.uleb128 0x1
 248 0038 13       		.uleb128 0x13
 249 0039 00       		.byte	0
 250 003a 00       		.byte	0
 251 003b 06       		.uleb128 0x6
 252 003c 21       		.uleb128 0x21
 253 003d 00       		.byte	0
 254 003e 49       		.uleb128 0x49
 255 003f 13       		.uleb128 0x13
 256 0040 2F       		.uleb128 0x2f
 257 0041 0B       		.uleb128 0xb
 258 0042 00       		.byte	0
 259 0043 00       		.byte	0
 260 0044 07       		.uleb128 0x7
 261 0045 26       		.uleb128 0x26
 262 0046 00       		.byte	0
 263 0047 49       		.uleb128 0x49
 264 0048 13       		.uleb128 0x13
 265 0049 00       		.byte	0
 266 004a 00       		.byte	0
 267 004b 08       		.uleb128 0x8
 268 004c 34       		.uleb128 0x34
 269 004d 00       		.byte	0
 270 004e 03       		.uleb128 0x3
 271 004f 0E       		.uleb128 0xe
 272 0050 3A       		.uleb128 0x3a
 273 0051 0B       		.uleb128 0xb
 274 0052 3B       		.uleb128 0x3b
 275 0053 0B       		.uleb128 0xb
 276 0054 49       		.uleb128 0x49
 277 0055 13       		.uleb128 0x13
 278 0056 3F       		.uleb128 0x3f
 279 0057 19       		.uleb128 0x19
 280 0058 02       		.uleb128 0x2
 281 0059 18       		.uleb128 0x18
 282 005a 00       		.byte	0
 283 005b 00       		.byte	0
 284 005c 00       		.byte	0
 285              		.section	.debug_aranges,"",%progbits
ARM GAS  C:\Users\Albert\AppData\Local\Temp\ccsfF3Ta.s 			page 6


 286 0000 14000000 		.4byte	0x14
 287 0004 0200     		.2byte	0x2
 288 0006 00000000 		.4byte	.Ldebug_info0
 289 000a 04       		.byte	0x4
 290 000b 00       		.byte	0
 291 000c 0000     		.2byte	0
 292 000e 0000     		.2byte	0
 293 0010 00000000 		.4byte	0
 294 0014 00000000 		.4byte	0
 295              		.section	.debug_line,"",%progbits
 296              	.Ldebug_line0:
 297 0000 58000000 		.section	.debug_str,"MS",%progbits,1
 297      02005200 
 297      00000201 
 297      FB0E0D00 
 297      01010101 
 298              	.LASF1:
 299 0000 6C6F6E67 		.ascii	"long long int\000"
 299      206C6F6E 
 299      6720696E 
 299      7400
 300              	.LASF0:
 301 000e 756E7369 		.ascii	"unsigned int\000"
 301      676E6564 
 301      20696E74 
 301      00
 302              	.LASF17:
 303 001b 75696E74 		.ascii	"uint8\000"
 303      3800
 304              	.LASF8:
 305 0021 6C6F6E67 		.ascii	"long unsigned int\000"
 305      20756E73 
 305      69676E65 
 305      6420696E 
 305      7400
 306              	.LASF9:
 307 0033 6C6F6E67 		.ascii	"long long unsigned int\000"
 307      206C6F6E 
 307      6720756E 
 307      7369676E 
 307      65642069 
 308              	.LASF15:
 309 004a 47656E65 		.ascii	"Generated_Source\\PSoC5\\Filter_1_Coefficients.c\000"
 309      72617465 
 309      645F536F 
 309      75726365 
 309      5C50536F 
 310              	.LASF12:
 311 0079 666C6F61 		.ascii	"float\000"
 311      7400
 312              	.LASF14:
 313 007f 474E5520 		.ascii	"GNU C11 5.4.1 20160609 (release) [ARM/embedded-5-br"
 313      43313120 
 313      352E342E 
 313      31203230 
 313      31363036 
 314 00b2 616E6368 		.ascii	"anch revision 237715] -mcpu=cortex-m3 -mthumb -g -O"
ARM GAS  C:\Users\Albert\AppData\Local\Temp\ccsfF3Ta.s 			page 7


 314      20726576 
 314      6973696F 
 314      6E203233 
 314      37373135 
 315 00e5 30202D66 		.ascii	"0 -ffunction-sections -ffat-lto-objects\000"
 315      66756E63 
 315      74696F6E 
 315      2D736563 
 315      74696F6E 
 316              	.LASF4:
 317 010d 756E7369 		.ascii	"unsigned char\000"
 317      676E6564 
 317      20636861 
 317      7200
 318              	.LASF11:
 319 011b 63686172 		.ascii	"char\000"
 319      00
 320              	.LASF16:
 321 0120 433A5C55 		.ascii	"C:\\Users\\Albert\\Documents\\6115_fp\\IWP.cydsn\000"
 321      73657273 
 321      5C416C62 
 321      6572745C 
 321      446F6375 
 322              	.LASF7:
 323 014c 6C6F6E67 		.ascii	"long int\000"
 323      20696E74 
 323      00
 324              	.LASF18:
 325 0155 46696C74 		.ascii	"Filter_1_ChannelAFirCoefficients\000"
 325      65725F31 
 325      5F436861 
 325      6E6E656C 
 325      41466972 
 326              	.LASF13:
 327 0176 646F7562 		.ascii	"double\000"
 327      6C6500
 328              	.LASF6:
 329 017d 73686F72 		.ascii	"short unsigned int\000"
 329      7420756E 
 329      7369676E 
 329      65642069 
 329      6E7400
 330              	.LASF3:
 331 0190 7369676E 		.ascii	"signed char\000"
 331      65642063 
 331      68617200 
 332              	.LASF2:
 333 019c 6C6F6E67 		.ascii	"long double\000"
 333      20646F75 
 333      626C6500 
 334              	.LASF5:
 335 01a8 73686F72 		.ascii	"short int\000"
 335      7420696E 
 335      7400
 336              	.LASF10:
 337 01b2 73697A65 		.ascii	"sizetype\000"
 337      74797065 
ARM GAS  C:\Users\Albert\AppData\Local\Temp\ccsfF3Ta.s 			page 8


 337      00
 338              		.ident	"GCC: (GNU Tools for ARM Embedded Processors) 5.4.1 20160609 (release) [ARM/embedded-5-bran
