ARM GAS  C:\Users\Albert\AppData\Local\Temp\cc3ei9rC.s 			page 1


   1              		.syntax unified
   2              		.cpu cortex-m3
   3              		.fpu softvfp
   4              		.eabi_attribute 20, 1
   5              		.eabi_attribute 21, 1
   6              		.eabi_attribute 23, 3
   7              		.eabi_attribute 24, 1
   8              		.eabi_attribute 25, 1
   9              		.eabi_attribute 26, 1
  10              		.eabi_attribute 30, 6
  11              		.eabi_attribute 34, 1
  12              		.eabi_attribute 18, 4
  13              		.thumb
  14              		.syntax unified
  15              		.file	"LCD_PM.c"
  16              		.text
  17              	.Ltext0:
  18              		.cfi_sections	.debug_frame
  19              		.bss
  20              		.align	2
  21              	LCD_backup:
  22 0000 00       		.space	1
  23              		.section	.text.LCD_SaveConfig,"ax",%progbits
  24              		.align	2
  25              		.global	LCD_SaveConfig
  26              		.thumb
  27              		.thumb_func
  28              		.type	LCD_SaveConfig, %function
  29              	LCD_SaveConfig:
  30              	.LFB0:
  31              		.file 1 "Generated_Source\\PSoC5\\LCD_PM.c"
   1:Generated_Source\PSoC5/LCD_PM.c **** /*******************************************************************************
   2:Generated_Source\PSoC5/LCD_PM.c **** * File Name: LCD_PM.c
   3:Generated_Source\PSoC5/LCD_PM.c **** * Version 2.20
   4:Generated_Source\PSoC5/LCD_PM.c **** *
   5:Generated_Source\PSoC5/LCD_PM.c **** * Description:
   6:Generated_Source\PSoC5/LCD_PM.c **** *  This file provides the API source code for the Static Segment LCD component.
   7:Generated_Source\PSoC5/LCD_PM.c **** *
   8:Generated_Source\PSoC5/LCD_PM.c **** * Note:
   9:Generated_Source\PSoC5/LCD_PM.c **** *
  10:Generated_Source\PSoC5/LCD_PM.c **** ********************************************************************************
  11:Generated_Source\PSoC5/LCD_PM.c **** * Copyright 2008-2014, Cypress Semiconductor Corporation.  All rights reserved.
  12:Generated_Source\PSoC5/LCD_PM.c **** * You may use this file only in accordance with the license, terms, conditions,
  13:Generated_Source\PSoC5/LCD_PM.c **** * disclaimers, and limitations in the end user license agreement accompanying
  14:Generated_Source\PSoC5/LCD_PM.c **** * the software package with which this file was provided.
  15:Generated_Source\PSoC5/LCD_PM.c **** *******************************************************************************/
  16:Generated_Source\PSoC5/LCD_PM.c **** 
  17:Generated_Source\PSoC5/LCD_PM.c **** #include "LCD.h"
  18:Generated_Source\PSoC5/LCD_PM.c **** 
  19:Generated_Source\PSoC5/LCD_PM.c **** 
  20:Generated_Source\PSoC5/LCD_PM.c **** static LCD_BACKUP_STRUCT LCD_backup;
  21:Generated_Source\PSoC5/LCD_PM.c **** 
  22:Generated_Source\PSoC5/LCD_PM.c **** 
  23:Generated_Source\PSoC5/LCD_PM.c **** /*******************************************************************************
  24:Generated_Source\PSoC5/LCD_PM.c **** * Function Name: LCD_SaveConfig
  25:Generated_Source\PSoC5/LCD_PM.c **** ********************************************************************************
  26:Generated_Source\PSoC5/LCD_PM.c **** *
ARM GAS  C:\Users\Albert\AppData\Local\Temp\cc3ei9rC.s 			page 2


  27:Generated_Source\PSoC5/LCD_PM.c **** * Summary:
  28:Generated_Source\PSoC5/LCD_PM.c **** *  Does nothing, provided for consistency.
  29:Generated_Source\PSoC5/LCD_PM.c **** *
  30:Generated_Source\PSoC5/LCD_PM.c **** * Parameters:
  31:Generated_Source\PSoC5/LCD_PM.c **** *  None.
  32:Generated_Source\PSoC5/LCD_PM.c **** *
  33:Generated_Source\PSoC5/LCD_PM.c **** * Return:
  34:Generated_Source\PSoC5/LCD_PM.c **** *  None.
  35:Generated_Source\PSoC5/LCD_PM.c **** *
  36:Generated_Source\PSoC5/LCD_PM.c **** *******************************************************************************/
  37:Generated_Source\PSoC5/LCD_PM.c **** void LCD_SaveConfig(void) 
  38:Generated_Source\PSoC5/LCD_PM.c **** {
  32              		.loc 1 38 0
  33              		.cfi_startproc
  34              		@ args = 0, pretend = 0, frame = 0
  35              		@ frame_needed = 1, uses_anonymous_args = 0
  36              		@ link register save eliminated.
  37 0000 80B4     		push	{r7}
  38              		.cfi_def_cfa_offset 4
  39              		.cfi_offset 7, -4
  40 0002 00AF     		add	r7, sp, #0
  41              		.cfi_def_cfa_register 7
  39:Generated_Source\PSoC5/LCD_PM.c **** }
  42              		.loc 1 39 0
  43 0004 00BF     		nop
  44 0006 BD46     		mov	sp, r7
  45              		.cfi_def_cfa_register 13
  46              		@ sp needed
  47 0008 80BC     		pop	{r7}
  48              		.cfi_restore 7
  49              		.cfi_def_cfa_offset 0
  50 000a 7047     		bx	lr
  51              		.cfi_endproc
  52              	.LFE0:
  53              		.size	LCD_SaveConfig, .-LCD_SaveConfig
  54              		.section	.text.LCD_RestoreConfig,"ax",%progbits
  55              		.align	2
  56              		.global	LCD_RestoreConfig
  57              		.thumb
  58              		.thumb_func
  59              		.type	LCD_RestoreConfig, %function
  60              	LCD_RestoreConfig:
  61              	.LFB1:
  40:Generated_Source\PSoC5/LCD_PM.c **** 
  41:Generated_Source\PSoC5/LCD_PM.c **** 
  42:Generated_Source\PSoC5/LCD_PM.c **** /*******************************************************************************
  43:Generated_Source\PSoC5/LCD_PM.c **** * Function Name: LCD_RestoreConfig
  44:Generated_Source\PSoC5/LCD_PM.c **** ********************************************************************************
  45:Generated_Source\PSoC5/LCD_PM.c **** *
  46:Generated_Source\PSoC5/LCD_PM.c **** * Summary:
  47:Generated_Source\PSoC5/LCD_PM.c **** *  Does nothing, provided for consistency.
  48:Generated_Source\PSoC5/LCD_PM.c **** *
  49:Generated_Source\PSoC5/LCD_PM.c **** * Parameters:
  50:Generated_Source\PSoC5/LCD_PM.c **** *  None.
  51:Generated_Source\PSoC5/LCD_PM.c **** *
  52:Generated_Source\PSoC5/LCD_PM.c **** * Return:
  53:Generated_Source\PSoC5/LCD_PM.c **** *  None.
ARM GAS  C:\Users\Albert\AppData\Local\Temp\cc3ei9rC.s 			page 3


  54:Generated_Source\PSoC5/LCD_PM.c **** *
  55:Generated_Source\PSoC5/LCD_PM.c **** *******************************************************************************/
  56:Generated_Source\PSoC5/LCD_PM.c **** void LCD_RestoreConfig(void) 
  57:Generated_Source\PSoC5/LCD_PM.c **** {
  62              		.loc 1 57 0
  63              		.cfi_startproc
  64              		@ args = 0, pretend = 0, frame = 0
  65              		@ frame_needed = 1, uses_anonymous_args = 0
  66              		@ link register save eliminated.
  67 0000 80B4     		push	{r7}
  68              		.cfi_def_cfa_offset 4
  69              		.cfi_offset 7, -4
  70 0002 00AF     		add	r7, sp, #0
  71              		.cfi_def_cfa_register 7
  58:Generated_Source\PSoC5/LCD_PM.c **** }
  72              		.loc 1 58 0
  73 0004 00BF     		nop
  74 0006 BD46     		mov	sp, r7
  75              		.cfi_def_cfa_register 13
  76              		@ sp needed
  77 0008 80BC     		pop	{r7}
  78              		.cfi_restore 7
  79              		.cfi_def_cfa_offset 0
  80 000a 7047     		bx	lr
  81              		.cfi_endproc
  82              	.LFE1:
  83              		.size	LCD_RestoreConfig, .-LCD_RestoreConfig
  84              		.section	.text.LCD_Sleep,"ax",%progbits
  85              		.align	2
  86              		.global	LCD_Sleep
  87              		.thumb
  88              		.thumb_func
  89              		.type	LCD_Sleep, %function
  90              	LCD_Sleep:
  91              	.LFB2:
  59:Generated_Source\PSoC5/LCD_PM.c **** 
  60:Generated_Source\PSoC5/LCD_PM.c **** 
  61:Generated_Source\PSoC5/LCD_PM.c **** /*******************************************************************************
  62:Generated_Source\PSoC5/LCD_PM.c **** * Function Name: LCD_Sleep
  63:Generated_Source\PSoC5/LCD_PM.c **** ********************************************************************************
  64:Generated_Source\PSoC5/LCD_PM.c **** *
  65:Generated_Source\PSoC5/LCD_PM.c **** * Summary:
  66:Generated_Source\PSoC5/LCD_PM.c **** *  Prepares the component for entering the sleep mode.
  67:Generated_Source\PSoC5/LCD_PM.c **** *
  68:Generated_Source\PSoC5/LCD_PM.c **** * Parameters:
  69:Generated_Source\PSoC5/LCD_PM.c **** *  None.
  70:Generated_Source\PSoC5/LCD_PM.c **** *
  71:Generated_Source\PSoC5/LCD_PM.c **** * Return:
  72:Generated_Source\PSoC5/LCD_PM.c **** *  None.
  73:Generated_Source\PSoC5/LCD_PM.c **** *
  74:Generated_Source\PSoC5/LCD_PM.c **** * Reentrant:
  75:Generated_Source\PSoC5/LCD_PM.c **** *  No.
  76:Generated_Source\PSoC5/LCD_PM.c **** *
  77:Generated_Source\PSoC5/LCD_PM.c **** *******************************************************************************/
  78:Generated_Source\PSoC5/LCD_PM.c **** void LCD_Sleep(void) 
  79:Generated_Source\PSoC5/LCD_PM.c **** {
  92              		.loc 1 79 0
ARM GAS  C:\Users\Albert\AppData\Local\Temp\cc3ei9rC.s 			page 4


  93              		.cfi_startproc
  94              		@ args = 0, pretend = 0, frame = 0
  95              		@ frame_needed = 1, uses_anonymous_args = 0
  96 0000 80B5     		push	{r7, lr}
  97              		.cfi_def_cfa_offset 8
  98              		.cfi_offset 7, -8
  99              		.cfi_offset 14, -4
 100 0002 00AF     		add	r7, sp, #0
 101              		.cfi_def_cfa_register 7
  80:Generated_Source\PSoC5/LCD_PM.c ****     LCD_backup.enableState = LCD_enableState;
 102              		.loc 1 80 0
 103 0004 044B     		ldr	r3, .L4
 104 0006 1A78     		ldrb	r2, [r3]	@ zero_extendqisi2
 105 0008 044B     		ldr	r3, .L4+4
 106 000a 1A70     		strb	r2, [r3]
  81:Generated_Source\PSoC5/LCD_PM.c ****     LCD_SaveConfig();
 107              		.loc 1 81 0
 108 000c FFF7FEFF 		bl	LCD_SaveConfig
  82:Generated_Source\PSoC5/LCD_PM.c ****     LCD_Stop();
 109              		.loc 1 82 0
 110 0010 FFF7FEFF 		bl	LCD_Stop
  83:Generated_Source\PSoC5/LCD_PM.c **** }
 111              		.loc 1 83 0
 112 0014 00BF     		nop
 113 0016 80BD     		pop	{r7, pc}
 114              	.L5:
 115              		.align	2
 116              	.L4:
 117 0018 00000000 		.word	LCD_enableState
 118 001c 00000000 		.word	LCD_backup
 119              		.cfi_endproc
 120              	.LFE2:
 121              		.size	LCD_Sleep, .-LCD_Sleep
 122              		.section	.text.LCD_Wakeup,"ax",%progbits
 123              		.align	2
 124              		.global	LCD_Wakeup
 125              		.thumb
 126              		.thumb_func
 127              		.type	LCD_Wakeup, %function
 128              	LCD_Wakeup:
 129              	.LFB3:
  84:Generated_Source\PSoC5/LCD_PM.c **** 
  85:Generated_Source\PSoC5/LCD_PM.c **** 
  86:Generated_Source\PSoC5/LCD_PM.c **** /*******************************************************************************
  87:Generated_Source\PSoC5/LCD_PM.c **** * Function Name: LCD_Wakeup
  88:Generated_Source\PSoC5/LCD_PM.c **** ********************************************************************************
  89:Generated_Source\PSoC5/LCD_PM.c **** *
  90:Generated_Source\PSoC5/LCD_PM.c **** * Summary:
  91:Generated_Source\PSoC5/LCD_PM.c **** *  Wakes the component from sleep mode. Configures DMA and enables the component
  92:Generated_Source\PSoC5/LCD_PM.c **** *  for normal operation.
  93:Generated_Source\PSoC5/LCD_PM.c **** *
  94:Generated_Source\PSoC5/LCD_PM.c **** * Parameters:
  95:Generated_Source\PSoC5/LCD_PM.c **** *  LCD_enableState - Global variable.
  96:Generated_Source\PSoC5/LCD_PM.c **** *
  97:Generated_Source\PSoC5/LCD_PM.c **** * Return:
  98:Generated_Source\PSoC5/LCD_PM.c **** *  Status one of standard status for PSoC3 Component
  99:Generated_Source\PSoC5/LCD_PM.c **** *       CYRET_SUCCESS - Function completed successfully.
ARM GAS  C:\Users\Albert\AppData\Local\Temp\cc3ei9rC.s 			page 5


 100:Generated_Source\PSoC5/LCD_PM.c **** *       CYRET_LOCKED - The object was locked, already in use. Some of TDs or
 101:Generated_Source\PSoC5/LCD_PM.c **** *                      a channel already in use.
 102:Generated_Source\PSoC5/LCD_PM.c **** *
 103:Generated_Source\PSoC5/LCD_PM.c **** * Reentrant:
 104:Generated_Source\PSoC5/LCD_PM.c **** *  No.
 105:Generated_Source\PSoC5/LCD_PM.c **** *
 106:Generated_Source\PSoC5/LCD_PM.c **** *******************************************************************************/
 107:Generated_Source\PSoC5/LCD_PM.c **** void LCD_Wakeup(void) 
 108:Generated_Source\PSoC5/LCD_PM.c **** {
 130              		.loc 1 108 0
 131              		.cfi_startproc
 132              		@ args = 0, pretend = 0, frame = 0
 133              		@ frame_needed = 1, uses_anonymous_args = 0
 134 0000 80B5     		push	{r7, lr}
 135              		.cfi_def_cfa_offset 8
 136              		.cfi_offset 7, -8
 137              		.cfi_offset 14, -4
 138 0002 00AF     		add	r7, sp, #0
 139              		.cfi_def_cfa_register 7
 109:Generated_Source\PSoC5/LCD_PM.c ****     LCD_RestoreConfig();
 140              		.loc 1 109 0
 141 0004 FFF7FEFF 		bl	LCD_RestoreConfig
 110:Generated_Source\PSoC5/LCD_PM.c **** 
 111:Generated_Source\PSoC5/LCD_PM.c ****     if(LCD_backup.enableState == 1u)
 142              		.loc 1 111 0
 143 0008 034B     		ldr	r3, .L9
 144 000a 1B78     		ldrb	r3, [r3]	@ zero_extendqisi2
 145 000c 012B     		cmp	r3, #1
 146 000e 01D1     		bne	.L8
 112:Generated_Source\PSoC5/LCD_PM.c ****     {
 113:Generated_Source\PSoC5/LCD_PM.c ****         LCD_Enable();
 147              		.loc 1 113 0
 148 0010 FFF7FEFF 		bl	LCD_Enable
 149              	.L8:
 114:Generated_Source\PSoC5/LCD_PM.c ****     }
 115:Generated_Source\PSoC5/LCD_PM.c **** }
 150              		.loc 1 115 0
 151 0014 00BF     		nop
 152 0016 80BD     		pop	{r7, pc}
 153              	.L10:
 154              		.align	2
 155              	.L9:
 156 0018 00000000 		.word	LCD_backup
 157              		.cfi_endproc
 158              	.LFE3:
 159              		.size	LCD_Wakeup, .-LCD_Wakeup
 160              		.text
 161              	.Letext0:
 162              		.file 2 "Generated_Source\\PSoC5\\cytypes.h"
 163              		.file 3 "Generated_Source\\PSoC5\\LCD.h"
 164              		.section	.debug_info,"",%progbits
 165              	.Ldebug_info0:
 166 0000 02010000 		.4byte	0x102
 167 0004 0400     		.2byte	0x4
 168 0006 00000000 		.4byte	.Ldebug_abbrev0
 169 000a 04       		.byte	0x4
 170 000b 01       		.uleb128 0x1
ARM GAS  C:\Users\Albert\AppData\Local\Temp\cc3ei9rC.s 			page 6


 171 000c 10000000 		.4byte	.LASF17
 172 0010 0C       		.byte	0xc
 173 0011 A8000000 		.4byte	.LASF18
 174 0015 47010000 		.4byte	.LASF19
 175 0019 00000000 		.4byte	.Ldebug_ranges0+0
 176 001d 00000000 		.4byte	0
 177 0021 00000000 		.4byte	.Ldebug_line0
 178 0025 02       		.uleb128 0x2
 179 0026 01       		.byte	0x1
 180 0027 06       		.byte	0x6
 181 0028 C8010000 		.4byte	.LASF0
 182 002c 02       		.uleb128 0x2
 183 002d 01       		.byte	0x1
 184 002e 08       		.byte	0x8
 185 002f C8000000 		.4byte	.LASF1
 186 0033 02       		.uleb128 0x2
 187 0034 02       		.byte	0x2
 188 0035 05       		.byte	0x5
 189 0036 98010000 		.4byte	.LASF2
 190 003a 02       		.uleb128 0x2
 191 003b 02       		.byte	0x2
 192 003c 07       		.byte	0x7
 193 003d F7000000 		.4byte	.LASF3
 194 0041 02       		.uleb128 0x2
 195 0042 04       		.byte	0x4
 196 0043 05       		.byte	0x5
 197 0044 B3010000 		.4byte	.LASF4
 198 0048 02       		.uleb128 0x2
 199 0049 04       		.byte	0x4
 200 004a 07       		.byte	0x7
 201 004b E5000000 		.4byte	.LASF5
 202 004f 02       		.uleb128 0x2
 203 0050 08       		.byte	0x8
 204 0051 05       		.byte	0x5
 205 0052 73010000 		.4byte	.LASF6
 206 0056 02       		.uleb128 0x2
 207 0057 08       		.byte	0x8
 208 0058 07       		.byte	0x7
 209 0059 30010000 		.4byte	.LASF7
 210 005d 03       		.uleb128 0x3
 211 005e 04       		.byte	0x4
 212 005f 05       		.byte	0x5
 213 0060 696E7400 		.ascii	"int\000"
 214 0064 02       		.uleb128 0x2
 215 0065 04       		.byte	0x4
 216 0066 07       		.byte	0x7
 217 0067 23010000 		.4byte	.LASF8
 218 006b 04       		.uleb128 0x4
 219 006c A2010000 		.4byte	.LASF11
 220 0070 02       		.byte	0x2
 221 0071 9201     		.2byte	0x192
 222 0073 2C000000 		.4byte	0x2c
 223 0077 02       		.uleb128 0x2
 224 0078 08       		.byte	0x8
 225 0079 04       		.byte	0x4
 226 007a 0A010000 		.4byte	.LASF9
 227 007e 02       		.uleb128 0x2
ARM GAS  C:\Users\Albert\AppData\Local\Temp\cc3ei9rC.s 			page 7


 228 007f 01       		.byte	0x1
 229 0080 08       		.byte	0x8
 230 0081 81010000 		.4byte	.LASF10
 231 0085 05       		.uleb128 0x5
 232 0086 01       		.byte	0x1
 233 0087 03       		.byte	0x3
 234 0088 2C       		.byte	0x2c
 235 0089 9A000000 		.4byte	0x9a
 236 008d 06       		.uleb128 0x6
 237 008e BC010000 		.4byte	.LASF20
 238 0092 03       		.byte	0x3
 239 0093 2E       		.byte	0x2e
 240 0094 6B000000 		.4byte	0x6b
 241 0098 00       		.byte	0
 242 0099 00       		.byte	0
 243 009a 07       		.uleb128 0x7
 244 009b 86010000 		.4byte	.LASF12
 245 009f 03       		.byte	0x3
 246 00a0 2F       		.byte	0x2f
 247 00a1 85000000 		.4byte	0x85
 248 00a5 08       		.uleb128 0x8
 249 00a6 D6000000 		.4byte	.LASF13
 250 00aa 01       		.byte	0x1
 251 00ab 25       		.byte	0x25
 252 00ac 00000000 		.4byte	.LFB0
 253 00b0 0C000000 		.4byte	.LFE0-.LFB0
 254 00b4 01       		.uleb128 0x1
 255 00b5 9C       		.byte	0x9c
 256 00b6 08       		.uleb128 0x8
 257 00b7 11010000 		.4byte	.LASF14
 258 00bb 01       		.byte	0x1
 259 00bc 38       		.byte	0x38
 260 00bd 00000000 		.4byte	.LFB1
 261 00c1 0C000000 		.4byte	.LFE1-.LFB1
 262 00c5 01       		.uleb128 0x1
 263 00c6 9C       		.byte	0x9c
 264 00c7 09       		.uleb128 0x9
 265 00c8 9E000000 		.4byte	.LASF15
 266 00cc 01       		.byte	0x1
 267 00cd 4E       		.byte	0x4e
 268 00ce 00000000 		.4byte	.LFB2
 269 00d2 20000000 		.4byte	.LFE2-.LFB2
 270 00d6 01       		.uleb128 0x1
 271 00d7 9C       		.byte	0x9c
 272 00d8 09       		.uleb128 0x9
 273 00d9 D4010000 		.4byte	.LASF16
 274 00dd 01       		.byte	0x1
 275 00de 6B       		.byte	0x6b
 276 00df 00000000 		.4byte	.LFB3
 277 00e3 1C000000 		.4byte	.LFE3-.LFB3
 278 00e7 01       		.uleb128 0x1
 279 00e8 9C       		.byte	0x9c
 280 00e9 0A       		.uleb128 0xa
 281 00ea A8010000 		.4byte	.LASF21
 282 00ee 01       		.byte	0x1
 283 00ef 14       		.byte	0x14
 284 00f0 9A000000 		.4byte	0x9a
ARM GAS  C:\Users\Albert\AppData\Local\Temp\cc3ei9rC.s 			page 8


 285 00f4 05       		.uleb128 0x5
 286 00f5 03       		.byte	0x3
 287 00f6 00000000 		.4byte	LCD_backup
 288 00fa 0B       		.uleb128 0xb
 289 00fb 00000000 		.4byte	.LASF22
 290 00ff 03       		.byte	0x3
 291 0100 76       		.byte	0x76
 292 0101 6B000000 		.4byte	0x6b
 293 0105 00       		.byte	0
 294              		.section	.debug_abbrev,"",%progbits
 295              	.Ldebug_abbrev0:
 296 0000 01       		.uleb128 0x1
 297 0001 11       		.uleb128 0x11
 298 0002 01       		.byte	0x1
 299 0003 25       		.uleb128 0x25
 300 0004 0E       		.uleb128 0xe
 301 0005 13       		.uleb128 0x13
 302 0006 0B       		.uleb128 0xb
 303 0007 03       		.uleb128 0x3
 304 0008 0E       		.uleb128 0xe
 305 0009 1B       		.uleb128 0x1b
 306 000a 0E       		.uleb128 0xe
 307 000b 55       		.uleb128 0x55
 308 000c 17       		.uleb128 0x17
 309 000d 11       		.uleb128 0x11
 310 000e 01       		.uleb128 0x1
 311 000f 10       		.uleb128 0x10
 312 0010 17       		.uleb128 0x17
 313 0011 00       		.byte	0
 314 0012 00       		.byte	0
 315 0013 02       		.uleb128 0x2
 316 0014 24       		.uleb128 0x24
 317 0015 00       		.byte	0
 318 0016 0B       		.uleb128 0xb
 319 0017 0B       		.uleb128 0xb
 320 0018 3E       		.uleb128 0x3e
 321 0019 0B       		.uleb128 0xb
 322 001a 03       		.uleb128 0x3
 323 001b 0E       		.uleb128 0xe
 324 001c 00       		.byte	0
 325 001d 00       		.byte	0
 326 001e 03       		.uleb128 0x3
 327 001f 24       		.uleb128 0x24
 328 0020 00       		.byte	0
 329 0021 0B       		.uleb128 0xb
 330 0022 0B       		.uleb128 0xb
 331 0023 3E       		.uleb128 0x3e
 332 0024 0B       		.uleb128 0xb
 333 0025 03       		.uleb128 0x3
 334 0026 08       		.uleb128 0x8
 335 0027 00       		.byte	0
 336 0028 00       		.byte	0
 337 0029 04       		.uleb128 0x4
 338 002a 16       		.uleb128 0x16
 339 002b 00       		.byte	0
 340 002c 03       		.uleb128 0x3
 341 002d 0E       		.uleb128 0xe
ARM GAS  C:\Users\Albert\AppData\Local\Temp\cc3ei9rC.s 			page 9


 342 002e 3A       		.uleb128 0x3a
 343 002f 0B       		.uleb128 0xb
 344 0030 3B       		.uleb128 0x3b
 345 0031 05       		.uleb128 0x5
 346 0032 49       		.uleb128 0x49
 347 0033 13       		.uleb128 0x13
 348 0034 00       		.byte	0
 349 0035 00       		.byte	0
 350 0036 05       		.uleb128 0x5
 351 0037 13       		.uleb128 0x13
 352 0038 01       		.byte	0x1
 353 0039 0B       		.uleb128 0xb
 354 003a 0B       		.uleb128 0xb
 355 003b 3A       		.uleb128 0x3a
 356 003c 0B       		.uleb128 0xb
 357 003d 3B       		.uleb128 0x3b
 358 003e 0B       		.uleb128 0xb
 359 003f 01       		.uleb128 0x1
 360 0040 13       		.uleb128 0x13
 361 0041 00       		.byte	0
 362 0042 00       		.byte	0
 363 0043 06       		.uleb128 0x6
 364 0044 0D       		.uleb128 0xd
 365 0045 00       		.byte	0
 366 0046 03       		.uleb128 0x3
 367 0047 0E       		.uleb128 0xe
 368 0048 3A       		.uleb128 0x3a
 369 0049 0B       		.uleb128 0xb
 370 004a 3B       		.uleb128 0x3b
 371 004b 0B       		.uleb128 0xb
 372 004c 49       		.uleb128 0x49
 373 004d 13       		.uleb128 0x13
 374 004e 38       		.uleb128 0x38
 375 004f 0B       		.uleb128 0xb
 376 0050 00       		.byte	0
 377 0051 00       		.byte	0
 378 0052 07       		.uleb128 0x7
 379 0053 16       		.uleb128 0x16
 380 0054 00       		.byte	0
 381 0055 03       		.uleb128 0x3
 382 0056 0E       		.uleb128 0xe
 383 0057 3A       		.uleb128 0x3a
 384 0058 0B       		.uleb128 0xb
 385 0059 3B       		.uleb128 0x3b
 386 005a 0B       		.uleb128 0xb
 387 005b 49       		.uleb128 0x49
 388 005c 13       		.uleb128 0x13
 389 005d 00       		.byte	0
 390 005e 00       		.byte	0
 391 005f 08       		.uleb128 0x8
 392 0060 2E       		.uleb128 0x2e
 393 0061 00       		.byte	0
 394 0062 3F       		.uleb128 0x3f
 395 0063 19       		.uleb128 0x19
 396 0064 03       		.uleb128 0x3
 397 0065 0E       		.uleb128 0xe
 398 0066 3A       		.uleb128 0x3a
ARM GAS  C:\Users\Albert\AppData\Local\Temp\cc3ei9rC.s 			page 10


 399 0067 0B       		.uleb128 0xb
 400 0068 3B       		.uleb128 0x3b
 401 0069 0B       		.uleb128 0xb
 402 006a 27       		.uleb128 0x27
 403 006b 19       		.uleb128 0x19
 404 006c 11       		.uleb128 0x11
 405 006d 01       		.uleb128 0x1
 406 006e 12       		.uleb128 0x12
 407 006f 06       		.uleb128 0x6
 408 0070 40       		.uleb128 0x40
 409 0071 18       		.uleb128 0x18
 410 0072 9742     		.uleb128 0x2117
 411 0074 19       		.uleb128 0x19
 412 0075 00       		.byte	0
 413 0076 00       		.byte	0
 414 0077 09       		.uleb128 0x9
 415 0078 2E       		.uleb128 0x2e
 416 0079 00       		.byte	0
 417 007a 3F       		.uleb128 0x3f
 418 007b 19       		.uleb128 0x19
 419 007c 03       		.uleb128 0x3
 420 007d 0E       		.uleb128 0xe
 421 007e 3A       		.uleb128 0x3a
 422 007f 0B       		.uleb128 0xb
 423 0080 3B       		.uleb128 0x3b
 424 0081 0B       		.uleb128 0xb
 425 0082 27       		.uleb128 0x27
 426 0083 19       		.uleb128 0x19
 427 0084 11       		.uleb128 0x11
 428 0085 01       		.uleb128 0x1
 429 0086 12       		.uleb128 0x12
 430 0087 06       		.uleb128 0x6
 431 0088 40       		.uleb128 0x40
 432 0089 18       		.uleb128 0x18
 433 008a 9642     		.uleb128 0x2116
 434 008c 19       		.uleb128 0x19
 435 008d 00       		.byte	0
 436 008e 00       		.byte	0
 437 008f 0A       		.uleb128 0xa
 438 0090 34       		.uleb128 0x34
 439 0091 00       		.byte	0
 440 0092 03       		.uleb128 0x3
 441 0093 0E       		.uleb128 0xe
 442 0094 3A       		.uleb128 0x3a
 443 0095 0B       		.uleb128 0xb
 444 0096 3B       		.uleb128 0x3b
 445 0097 0B       		.uleb128 0xb
 446 0098 49       		.uleb128 0x49
 447 0099 13       		.uleb128 0x13
 448 009a 02       		.uleb128 0x2
 449 009b 18       		.uleb128 0x18
 450 009c 00       		.byte	0
 451 009d 00       		.byte	0
 452 009e 0B       		.uleb128 0xb
 453 009f 34       		.uleb128 0x34
 454 00a0 00       		.byte	0
 455 00a1 03       		.uleb128 0x3
ARM GAS  C:\Users\Albert\AppData\Local\Temp\cc3ei9rC.s 			page 11


 456 00a2 0E       		.uleb128 0xe
 457 00a3 3A       		.uleb128 0x3a
 458 00a4 0B       		.uleb128 0xb
 459 00a5 3B       		.uleb128 0x3b
 460 00a6 0B       		.uleb128 0xb
 461 00a7 49       		.uleb128 0x49
 462 00a8 13       		.uleb128 0x13
 463 00a9 3F       		.uleb128 0x3f
 464 00aa 19       		.uleb128 0x19
 465 00ab 3C       		.uleb128 0x3c
 466 00ac 19       		.uleb128 0x19
 467 00ad 00       		.byte	0
 468 00ae 00       		.byte	0
 469 00af 00       		.byte	0
 470              		.section	.debug_aranges,"",%progbits
 471 0000 34000000 		.4byte	0x34
 472 0004 0200     		.2byte	0x2
 473 0006 00000000 		.4byte	.Ldebug_info0
 474 000a 04       		.byte	0x4
 475 000b 00       		.byte	0
 476 000c 0000     		.2byte	0
 477 000e 0000     		.2byte	0
 478 0010 00000000 		.4byte	.LFB0
 479 0014 0C000000 		.4byte	.LFE0-.LFB0
 480 0018 00000000 		.4byte	.LFB1
 481 001c 0C000000 		.4byte	.LFE1-.LFB1
 482 0020 00000000 		.4byte	.LFB2
 483 0024 20000000 		.4byte	.LFE2-.LFB2
 484 0028 00000000 		.4byte	.LFB3
 485 002c 1C000000 		.4byte	.LFE3-.LFB3
 486 0030 00000000 		.4byte	0
 487 0034 00000000 		.4byte	0
 488              		.section	.debug_ranges,"",%progbits
 489              	.Ldebug_ranges0:
 490 0000 00000000 		.4byte	.LFB0
 491 0004 0C000000 		.4byte	.LFE0
 492 0008 00000000 		.4byte	.LFB1
 493 000c 0C000000 		.4byte	.LFE1
 494 0010 00000000 		.4byte	.LFB2
 495 0014 20000000 		.4byte	.LFE2
 496 0018 00000000 		.4byte	.LFB3
 497 001c 1C000000 		.4byte	.LFE3
 498 0020 00000000 		.4byte	0
 499 0024 00000000 		.4byte	0
 500              		.section	.debug_line,"",%progbits
 501              	.Ldebug_line0:
 502 0000 9A000000 		.section	.debug_str,"MS",%progbits,1
 502      02004C00 
 502      00000201 
 502      FB0E0D00 
 502      01010101 
 503              	.LASF22:
 504 0000 4C43445F 		.ascii	"LCD_enableState\000"
 504      656E6162 
 504      6C655374 
 504      61746500 
 505              	.LASF17:
ARM GAS  C:\Users\Albert\AppData\Local\Temp\cc3ei9rC.s 			page 12


 506 0010 474E5520 		.ascii	"GNU C11 5.4.1 20160609 (release) [ARM/embedded-5-br"
 506      43313120 
 506      352E342E 
 506      31203230 
 506      31363036 
 507 0043 616E6368 		.ascii	"anch revision 237715] -mcpu=cortex-m3 -mthumb -g -O"
 507      20726576 
 507      6973696F 
 507      6E203233 
 507      37373135 
 508 0076 30202D66 		.ascii	"0 -ffunction-sections -ffat-lto-objects\000"
 508      66756E63 
 508      74696F6E 
 508      2D736563 
 508      74696F6E 
 509              	.LASF15:
 510 009e 4C43445F 		.ascii	"LCD_Sleep\000"
 510      536C6565 
 510      7000
 511              	.LASF18:
 512 00a8 47656E65 		.ascii	"Generated_Source\\PSoC5\\LCD_PM.c\000"
 512      72617465 
 512      645F536F 
 512      75726365 
 512      5C50536F 
 513              	.LASF1:
 514 00c8 756E7369 		.ascii	"unsigned char\000"
 514      676E6564 
 514      20636861 
 514      7200
 515              	.LASF13:
 516 00d6 4C43445F 		.ascii	"LCD_SaveConfig\000"
 516      53617665 
 516      436F6E66 
 516      696700
 517              	.LASF5:
 518 00e5 6C6F6E67 		.ascii	"long unsigned int\000"
 518      20756E73 
 518      69676E65 
 518      6420696E 
 518      7400
 519              	.LASF3:
 520 00f7 73686F72 		.ascii	"short unsigned int\000"
 520      7420756E 
 520      7369676E 
 520      65642069 
 520      6E7400
 521              	.LASF9:
 522 010a 646F7562 		.ascii	"double\000"
 522      6C6500
 523              	.LASF14:
 524 0111 4C43445F 		.ascii	"LCD_RestoreConfig\000"
 524      52657374 
 524      6F726543 
 524      6F6E6669 
 524      6700
 525              	.LASF8:
ARM GAS  C:\Users\Albert\AppData\Local\Temp\cc3ei9rC.s 			page 13


 526 0123 756E7369 		.ascii	"unsigned int\000"
 526      676E6564 
 526      20696E74 
 526      00
 527              	.LASF7:
 528 0130 6C6F6E67 		.ascii	"long long unsigned int\000"
 528      206C6F6E 
 528      6720756E 
 528      7369676E 
 528      65642069 
 529              	.LASF19:
 530 0147 433A5C55 		.ascii	"C:\\Users\\Albert\\Documents\\6115_fp\\IWP.cydsn\000"
 530      73657273 
 530      5C416C62 
 530      6572745C 
 530      446F6375 
 531              	.LASF6:
 532 0173 6C6F6E67 		.ascii	"long long int\000"
 532      206C6F6E 
 532      6720696E 
 532      7400
 533              	.LASF10:
 534 0181 63686172 		.ascii	"char\000"
 534      00
 535              	.LASF12:
 536 0186 4C43445F 		.ascii	"LCD_BACKUP_STRUCT\000"
 536      4241434B 
 536      55505F53 
 536      54525543 
 536      5400
 537              	.LASF2:
 538 0198 73686F72 		.ascii	"short int\000"
 538      7420696E 
 538      7400
 539              	.LASF11:
 540 01a2 75696E74 		.ascii	"uint8\000"
 540      3800
 541              	.LASF21:
 542 01a8 4C43445F 		.ascii	"LCD_backup\000"
 542      6261636B 
 542      757000
 543              	.LASF4:
 544 01b3 6C6F6E67 		.ascii	"long int\000"
 544      20696E74 
 544      00
 545              	.LASF20:
 546 01bc 656E6162 		.ascii	"enableState\000"
 546      6C655374 
 546      61746500 
 547              	.LASF0:
 548 01c8 7369676E 		.ascii	"signed char\000"
 548      65642063 
 548      68617200 
 549              	.LASF16:
 550 01d4 4C43445F 		.ascii	"LCD_Wakeup\000"
 550      57616B65 
 550      757000
ARM GAS  C:\Users\Albert\AppData\Local\Temp\cc3ei9rC.s 			page 14


 551              		.ident	"GCC: (GNU Tools for ARM Embedded Processors) 5.4.1 20160609 (release) [ARM/embedded-5-bran
