ARM GAS  C:\Users\Albert\AppData\Local\Temp\ccsRP7GD.s 			page 1


   1              		.syntax unified
   2              		.cpu cortex-m3
   3              		.fpu softvfp
   4              		.eabi_attribute 20, 1
   5              		.eabi_attribute 21, 1
   6              		.eabi_attribute 23, 3
   7              		.eabi_attribute 24, 1
   8              		.eabi_attribute 25, 1
   9              		.eabi_attribute 26, 1
  10              		.eabi_attribute 30, 6
  11              		.eabi_attribute 34, 1
  12              		.eabi_attribute 18, 4
  13              		.thumb
  14              		.syntax unified
  15              		.file	"mathUtility.c"
  16              		.text
  17              	.Ltext0:
  18              		.cfi_sections	.debug_frame
  19              		.global	__aeabi_dcmpgt
  20              		.section	.text.max,"ax",%progbits
  21              		.align	2
  22              		.global	max
  23              		.thumb
  24              		.thumb_func
  25              		.type	max, %function
  26              	max:
  27              	.LFB63:
  28              		.file 1 "mathUtility.c"
   1:mathUtility.c **** /* ========================================
   2:mathUtility.c ****  *
   3:mathUtility.c ****  * Copyright Albert Wu, 2018
   4:mathUtility.c ****  * All Rights Reserved
   5:mathUtility.c ****  * UNPUBLISHED, LICENSED SOFTWARE.
   6:mathUtility.c ****  *
   7:mathUtility.c ****  * CONFIDENTIAL AND PROPRIETARY INFORMATION
   8:mathUtility.c ****  * WHICH IS THE PROPERTY OF your company.
   9:mathUtility.c ****  *
  10:mathUtility.c ****  * ========================================
  11:mathUtility.c **** */
  12:mathUtility.c **** #include "mathUtility.h"
  13:mathUtility.c **** #include <math.h>
  14:mathUtility.c **** 
  15:mathUtility.c **** double max(double a, double b)
  16:mathUtility.c **** {
  29              		.loc 1 16 0
  30              		.cfi_startproc
  31              		@ args = 0, pretend = 0, frame = 16
  32              		@ frame_needed = 1, uses_anonymous_args = 0
  33 0000 90B5     		push	{r4, r7, lr}
  34              		.cfi_def_cfa_offset 12
  35              		.cfi_offset 4, -12
  36              		.cfi_offset 7, -8
  37              		.cfi_offset 14, -4
  38 0002 85B0     		sub	sp, sp, #20
  39              		.cfi_def_cfa_offset 32
  40 0004 00AF     		add	r7, sp, #0
  41              		.cfi_def_cfa_register 7
ARM GAS  C:\Users\Albert\AppData\Local\Temp\ccsRP7GD.s 			page 2


  42 0006 C7E90201 		strd	r0, [r7, #8]
  43 000a C7E90023 		strd	r2, [r7]
  17:mathUtility.c ****     return a>b?a:b;
  44              		.loc 1 17 0
  45 000e D7E90023 		ldrd	r2, [r7]
  46 0012 D7E90201 		ldrd	r0, [r7, #8]
  47 0016 FFF7FEFF 		bl	__aeabi_dcmpgt
  48 001a 0346     		mov	r3, r0
  49 001c 002B     		cmp	r3, #0
  50 001e 02D0     		beq	.L7
  51              		.loc 1 17 0 is_stmt 0 discriminator 1
  52 0020 D7E90234 		ldrd	r3, [r7, #8]
  53 0024 01E0     		b	.L5
  54              	.L7:
  55              		.loc 1 17 0 discriminator 2
  56 0026 D7E90034 		ldrd	r3, [r7]
  57              	.L5:
  18:mathUtility.c **** }
  58              		.loc 1 18 0 is_stmt 1 discriminator 5
  59 002a 1846     		mov	r0, r3
  60 002c 2146     		mov	r1, r4
  61 002e 1437     		adds	r7, r7, #20
  62              		.cfi_def_cfa_offset 12
  63 0030 BD46     		mov	sp, r7
  64              		.cfi_def_cfa_register 13
  65              		@ sp needed
  66 0032 90BD     		pop	{r4, r7, pc}
  67              		.cfi_endproc
  68              	.LFE63:
  69              		.size	max, .-max
  70              		.global	__aeabi_dcmplt
  71              		.section	.text.min,"ax",%progbits
  72              		.align	2
  73              		.global	min
  74              		.thumb
  75              		.thumb_func
  76              		.type	min, %function
  77              	min:
  78              	.LFB64:
  19:mathUtility.c **** double min(double a, double b)
  20:mathUtility.c **** {
  79              		.loc 1 20 0
  80              		.cfi_startproc
  81              		@ args = 0, pretend = 0, frame = 16
  82              		@ frame_needed = 1, uses_anonymous_args = 0
  83 0000 90B5     		push	{r4, r7, lr}
  84              		.cfi_def_cfa_offset 12
  85              		.cfi_offset 4, -12
  86              		.cfi_offset 7, -8
  87              		.cfi_offset 14, -4
  88 0002 85B0     		sub	sp, sp, #20
  89              		.cfi_def_cfa_offset 32
  90 0004 00AF     		add	r7, sp, #0
  91              		.cfi_def_cfa_register 7
  92 0006 C7E90201 		strd	r0, [r7, #8]
  93 000a C7E90023 		strd	r2, [r7]
  21:mathUtility.c ****     return a<b?a:b;
ARM GAS  C:\Users\Albert\AppData\Local\Temp\ccsRP7GD.s 			page 3


  94              		.loc 1 21 0
  95 000e D7E90023 		ldrd	r2, [r7]
  96 0012 D7E90201 		ldrd	r0, [r7, #8]
  97 0016 FFF7FEFF 		bl	__aeabi_dcmplt
  98 001a 0346     		mov	r3, r0
  99 001c 002B     		cmp	r3, #0
 100 001e 02D0     		beq	.L14
 101              		.loc 1 21 0 is_stmt 0 discriminator 1
 102 0020 D7E90234 		ldrd	r3, [r7, #8]
 103 0024 01E0     		b	.L12
 104              	.L14:
 105              		.loc 1 21 0 discriminator 2
 106 0026 D7E90034 		ldrd	r3, [r7]
 107              	.L12:
  22:mathUtility.c **** }
 108              		.loc 1 22 0 is_stmt 1 discriminator 5
 109 002a 1846     		mov	r0, r3
 110 002c 2146     		mov	r1, r4
 111 002e 1437     		adds	r7, r7, #20
 112              		.cfi_def_cfa_offset 12
 113 0030 BD46     		mov	sp, r7
 114              		.cfi_def_cfa_register 13
 115              		@ sp needed
 116 0032 90BD     		pop	{r4, r7, pc}
 117              		.cfi_endproc
 118              	.LFE64:
 119              		.size	min, .-min
 120              		.global	__aeabi_dadd
 121              		.global	__aeabi_dsub
 122              		.section	.text.wrapAngle,"ax",%progbits
 123              		.align	2
 124              		.global	wrapAngle
 125              		.thumb
 126              		.thumb_func
 127              		.type	wrapAngle, %function
 128              	wrapAngle:
 129              	.LFB65:
  23:mathUtility.c **** /*
  24:mathUtility.c **** char* decToHex(int value)
  25:mathUtility.c **** {
  26:mathUtility.c ****     value = min(max(value,0),255);  //cap in range
  27:mathUtility.c ****     static char hex[2];
  28:mathUtility.c ****     sprintf(hex, "%02x", value);
  29:mathUtility.c ****     return hex;
  30:mathUtility.c **** }
  31:mathUtility.c **** */
  32:mathUtility.c **** /*
  33:mathUtility.c **** double wrapAngle(double angle)
  34:mathUtility.c **** {
  35:mathUtility.c ****     //Not working...
  36:mathUtility.c ****     int mul = floor(angle/(2.*CY_M_PI));
  37:mathUtility.c ****     angle-=2.*CY_M_PI*mul;                  //converts to 0~2*PI
  38:mathUtility.c ****     return angle>CY_M_PI?angle-2.*CY_M_PI:angle;
  39:mathUtility.c **** }
  40:mathUtility.c **** */
  41:mathUtility.c **** double wrapAngle(double x){
 130              		.loc 1 41 0
ARM GAS  C:\Users\Albert\AppData\Local\Temp\ccsRP7GD.s 			page 4


 131              		.cfi_startproc
 132              		@ args = 0, pretend = 0, frame = 8
 133              		@ frame_needed = 1, uses_anonymous_args = 0
 134 0000 90B5     		push	{r4, r7, lr}
 135              		.cfi_def_cfa_offset 12
 136              		.cfi_offset 4, -12
 137              		.cfi_offset 7, -8
 138              		.cfi_offset 14, -4
 139 0002 83B0     		sub	sp, sp, #12
 140              		.cfi_def_cfa_offset 24
 141 0004 00AF     		add	r7, sp, #0
 142              		.cfi_def_cfa_register 7
 143 0006 C7E90001 		strd	r0, [r7]
  42:mathUtility.c ****     x = fmod(x + CY_M_PI,2*CY_M_PI);
 144              		.loc 1 42 0
 145 000a 1BA3     		adr	r3, .L20
 146 000c D3E90023 		ldrd	r2, [r3]
 147 0010 D7E90001 		ldrd	r0, [r7]
 148 0014 FFF7FEFF 		bl	__aeabi_dadd
 149 0018 0346     		mov	r3, r0
 150 001a 0C46     		mov	r4, r1
 151 001c 1846     		mov	r0, r3
 152 001e 2146     		mov	r1, r4
 153 0020 17A3     		adr	r3, .L20+8
 154 0022 D3E90023 		ldrd	r2, [r3]
 155 0026 FFF7FEFF 		bl	fmod
 156 002a C7E90001 		strd	r0, [r7]
  43:mathUtility.c ****     if (x < 0)
 157              		.loc 1 43 0
 158 002e 4FF00002 		mov	r2, #0
 159 0032 4FF00003 		mov	r3, #0
 160 0036 D7E90001 		ldrd	r0, [r7]
 161 003a FFF7FEFF 		bl	__aeabi_dcmplt
 162 003e 0346     		mov	r3, r0
 163 0040 002B     		cmp	r3, #0
 164 0042 0AD0     		beq	.L16
  44:mathUtility.c ****         x += 2*CY_M_PI;
 165              		.loc 1 44 0
 166 0044 0EA3     		adr	r3, .L20+8
 167 0046 D3E90023 		ldrd	r2, [r3]
 168 004a D7E90001 		ldrd	r0, [r7]
 169 004e FFF7FEFF 		bl	__aeabi_dadd
 170 0052 0346     		mov	r3, r0
 171 0054 0C46     		mov	r4, r1
 172 0056 C7E90034 		strd	r3, [r7]
 173              	.L16:
  45:mathUtility.c ****     return x - CY_M_PI;
 174              		.loc 1 45 0
 175 005a 07A3     		adr	r3, .L20
 176 005c D3E90023 		ldrd	r2, [r3]
 177 0060 D7E90001 		ldrd	r0, [r7]
 178 0064 FFF7FEFF 		bl	__aeabi_dsub
 179 0068 0346     		mov	r3, r0
 180 006a 0C46     		mov	r4, r1
  46:mathUtility.c **** }
 181              		.loc 1 46 0
 182 006c 1846     		mov	r0, r3
ARM GAS  C:\Users\Albert\AppData\Local\Temp\ccsRP7GD.s 			page 5


 183 006e 2146     		mov	r1, r4
 184 0070 0C37     		adds	r7, r7, #12
 185              		.cfi_def_cfa_offset 12
 186 0072 BD46     		mov	sp, r7
 187              		.cfi_def_cfa_register 13
 188              		@ sp needed
 189 0074 90BD     		pop	{r4, r7, pc}
 190              	.L21:
 191 0076 00BF     		.align	3
 192              	.L20:
 193 0078 182D4454 		.word	1413754136
 194 007c FB210940 		.word	1074340347
 195 0080 182D4454 		.word	1413754136
 196 0084 FB211940 		.word	1075388923
 197              		.cfi_endproc
 198              	.LFE65:
 199              		.size	wrapAngle, .-wrapAngle
 200              		.global	__aeabi_dcmpge
 201              		.global	__aeabi_d2iz
 202              		.global	__aeabi_i2d
 203              		.global	__aeabi_dmul
 204              		.section	.rodata
 205              		.align	2
 206              	.LC0:
 207 0000 2E00     		.ascii	".\000"
 208 0002 0000     		.align	2
 209              	.LC1:
 210 0004 2D00     		.ascii	"-\000"
 211              		.section	.text.printdouble,"ax",%progbits
 212              		.align	2
 213              		.global	printdouble
 214              		.thumb
 215              		.thumb_func
 216              		.type	printdouble, %function
 217              	printdouble:
 218              	.LFB66:
  47:mathUtility.c **** 
  48:mathUtility.c **** //Prints double on LCD
  49:mathUtility.c **** void printdouble(double value, int decimalPlaces)
  50:mathUtility.c **** {
 219              		.loc 1 50 0
 220              		.cfi_startproc
 221              		@ args = 0, pretend = 0, frame = 32
 222              		@ frame_needed = 1, uses_anonymous_args = 0
 223 0000 B0B5     		push	{r4, r5, r7, lr}
 224              		.cfi_def_cfa_offset 16
 225              		.cfi_offset 4, -16
 226              		.cfi_offset 5, -12
 227              		.cfi_offset 7, -8
 228              		.cfi_offset 14, -4
 229 0002 88B0     		sub	sp, sp, #32
 230              		.cfi_def_cfa_offset 48
 231 0004 00AF     		add	r7, sp, #0
 232              		.cfi_def_cfa_register 7
 233 0006 C7E90201 		strd	r0, [r7, #8]
 234 000a 7A60     		str	r2, [r7, #4]
  51:mathUtility.c ****     //Known bug: does not print leading before first nonzero decimal digit
ARM GAS  C:\Users\Albert\AppData\Local\Temp\ccsRP7GD.s 			page 6


  52:mathUtility.c ****     if (value>=0)
 235              		.loc 1 52 0
 236 000c 4FF00002 		mov	r2, #0
 237 0010 4FF00003 		mov	r3, #0
 238 0014 D7E90201 		ldrd	r0, [r7, #8]
 239 0018 FFF7FEFF 		bl	__aeabi_dcmpge
 240 001c 0346     		mov	r3, r0
 241 001e 002B     		cmp	r3, #0
 242 0020 46D0     		beq	.L27
 243              	.LBB2:
  53:mathUtility.c ****     {
  54:mathUtility.c ****         int integer = floor(value);
 244              		.loc 1 54 0
 245 0022 D7E90201 		ldrd	r0, [r7, #8]
 246 0026 FFF7FEFF 		bl	floor
 247 002a 0346     		mov	r3, r0
 248 002c 0C46     		mov	r4, r1
 249 002e 1846     		mov	r0, r3
 250 0030 2146     		mov	r1, r4
 251 0032 FFF7FEFF 		bl	__aeabi_d2iz
 252 0036 0346     		mov	r3, r0
 253 0038 FB61     		str	r3, [r7, #28]
  55:mathUtility.c ****         int decimal = round((value-integer)*pow(10,decimalPlaces));
 254              		.loc 1 55 0
 255 003a F869     		ldr	r0, [r7, #28]
 256 003c FFF7FEFF 		bl	__aeabi_i2d
 257 0040 0346     		mov	r3, r0
 258 0042 0C46     		mov	r4, r1
 259 0044 1A46     		mov	r2, r3
 260 0046 2346     		mov	r3, r4
 261 0048 D7E90201 		ldrd	r0, [r7, #8]
 262 004c FFF7FEFF 		bl	__aeabi_dsub
 263 0050 0346     		mov	r3, r0
 264 0052 0C46     		mov	r4, r1
 265 0054 2546     		mov	r5, r4
 266 0056 1C46     		mov	r4, r3
 267 0058 7868     		ldr	r0, [r7, #4]
 268 005a FFF7FEFF 		bl	__aeabi_i2d
 269 005e 0246     		mov	r2, r0
 270 0060 0B46     		mov	r3, r1
 271 0062 4FF00000 		mov	r0, #0
 272 0066 3C49     		ldr	r1, .L29
 273 0068 FFF7FEFF 		bl	pow
 274 006c 0246     		mov	r2, r0
 275 006e 0B46     		mov	r3, r1
 276 0070 2046     		mov	r0, r4
 277 0072 2946     		mov	r1, r5
 278 0074 FFF7FEFF 		bl	__aeabi_dmul
 279 0078 0346     		mov	r3, r0
 280 007a 0C46     		mov	r4, r1
 281 007c 1846     		mov	r0, r3
 282 007e 2146     		mov	r1, r4
 283 0080 FFF7FEFF 		bl	round
 284 0084 0346     		mov	r3, r0
 285 0086 0C46     		mov	r4, r1
 286 0088 1846     		mov	r0, r3
 287 008a 2146     		mov	r1, r4
ARM GAS  C:\Users\Albert\AppData\Local\Temp\ccsRP7GD.s 			page 7


 288 008c FFF7FEFF 		bl	__aeabi_d2iz
 289 0090 0346     		mov	r3, r0
 290 0092 BB61     		str	r3, [r7, #24]
  56:mathUtility.c ****         LCD_PrintNumber(integer);
 291              		.loc 1 56 0
 292 0094 FB69     		ldr	r3, [r7, #28]
 293 0096 9BB2     		uxth	r3, r3
 294 0098 1846     		mov	r0, r3
 295 009a FFF7FEFF 		bl	LCD_PrintU32Number
  57:mathUtility.c ****         LCD_PrintString(".");
 296              		.loc 1 57 0
 297 009e 2F48     		ldr	r0, .L29+4
 298 00a0 FFF7FEFF 		bl	LCD_PrintString
  58:mathUtility.c ****         LCD_PrintNumber(decimal);
 299              		.loc 1 58 0
 300 00a4 BB69     		ldr	r3, [r7, #24]
 301 00a6 9BB2     		uxth	r3, r3
 302 00a8 1846     		mov	r0, r3
 303 00aa FFF7FEFF 		bl	LCD_PrintU32Number
 304              	.LBE2:
  59:mathUtility.c ****     }
  60:mathUtility.c ****     else
  61:mathUtility.c ****     {
  62:mathUtility.c ****         value = -value;
  63:mathUtility.c ****         int integer = floor(value);
  64:mathUtility.c ****         int decimal = round((value-integer)*pow(10,decimalPlaces));
  65:mathUtility.c ****         LCD_PrintString("-");
  66:mathUtility.c ****         LCD_PrintNumber(integer);
  67:mathUtility.c ****         LCD_PrintString(".");
  68:mathUtility.c ****         LCD_PrintNumber(decimal);
  69:mathUtility.c ****     }
  70:mathUtility.c ****     
  71:mathUtility.c **** }
 305              		.loc 1 71 0
 306 00ae 4EE0     		b	.L28
 307              	.L27:
 308              	.LBB3:
  62:mathUtility.c ****         int integer = floor(value);
 309              		.loc 1 62 0
 310 00b0 BB68     		ldr	r3, [r7, #8]
 311 00b2 BB60     		str	r3, [r7, #8]
 312 00b4 FB68     		ldr	r3, [r7, #12]
 313 00b6 83F00043 		eor	r3, r3, #-2147483648
 314 00ba FB60     		str	r3, [r7, #12]
  63:mathUtility.c ****         int decimal = round((value-integer)*pow(10,decimalPlaces));
 315              		.loc 1 63 0
 316 00bc D7E90201 		ldrd	r0, [r7, #8]
 317 00c0 FFF7FEFF 		bl	floor
 318 00c4 0346     		mov	r3, r0
 319 00c6 0C46     		mov	r4, r1
 320 00c8 1846     		mov	r0, r3
 321 00ca 2146     		mov	r1, r4
 322 00cc FFF7FEFF 		bl	__aeabi_d2iz
 323 00d0 0346     		mov	r3, r0
 324 00d2 7B61     		str	r3, [r7, #20]
  64:mathUtility.c ****         LCD_PrintString("-");
 325              		.loc 1 64 0
ARM GAS  C:\Users\Albert\AppData\Local\Temp\ccsRP7GD.s 			page 8


 326 00d4 7869     		ldr	r0, [r7, #20]
 327 00d6 FFF7FEFF 		bl	__aeabi_i2d
 328 00da 0346     		mov	r3, r0
 329 00dc 0C46     		mov	r4, r1
 330 00de 1A46     		mov	r2, r3
 331 00e0 2346     		mov	r3, r4
 332 00e2 D7E90201 		ldrd	r0, [r7, #8]
 333 00e6 FFF7FEFF 		bl	__aeabi_dsub
 334 00ea 0346     		mov	r3, r0
 335 00ec 0C46     		mov	r4, r1
 336 00ee 2546     		mov	r5, r4
 337 00f0 1C46     		mov	r4, r3
 338 00f2 7868     		ldr	r0, [r7, #4]
 339 00f4 FFF7FEFF 		bl	__aeabi_i2d
 340 00f8 0246     		mov	r2, r0
 341 00fa 0B46     		mov	r3, r1
 342 00fc 4FF00000 		mov	r0, #0
 343 0100 1549     		ldr	r1, .L29
 344 0102 FFF7FEFF 		bl	pow
 345 0106 0246     		mov	r2, r0
 346 0108 0B46     		mov	r3, r1
 347 010a 2046     		mov	r0, r4
 348 010c 2946     		mov	r1, r5
 349 010e FFF7FEFF 		bl	__aeabi_dmul
 350 0112 0346     		mov	r3, r0
 351 0114 0C46     		mov	r4, r1
 352 0116 1846     		mov	r0, r3
 353 0118 2146     		mov	r1, r4
 354 011a FFF7FEFF 		bl	round
 355 011e 0346     		mov	r3, r0
 356 0120 0C46     		mov	r4, r1
 357 0122 1846     		mov	r0, r3
 358 0124 2146     		mov	r1, r4
 359 0126 FFF7FEFF 		bl	__aeabi_d2iz
 360 012a 0346     		mov	r3, r0
 361 012c 3B61     		str	r3, [r7, #16]
  65:mathUtility.c ****         LCD_PrintNumber(integer);
 362              		.loc 1 65 0
 363 012e 0C48     		ldr	r0, .L29+8
 364 0130 FFF7FEFF 		bl	LCD_PrintString
  66:mathUtility.c ****         LCD_PrintString(".");
 365              		.loc 1 66 0
 366 0134 7B69     		ldr	r3, [r7, #20]
 367 0136 9BB2     		uxth	r3, r3
 368 0138 1846     		mov	r0, r3
 369 013a FFF7FEFF 		bl	LCD_PrintU32Number
  67:mathUtility.c ****         LCD_PrintNumber(decimal);
 370              		.loc 1 67 0
 371 013e 0748     		ldr	r0, .L29+4
 372 0140 FFF7FEFF 		bl	LCD_PrintString
  68:mathUtility.c ****     }
 373              		.loc 1 68 0
 374 0144 3B69     		ldr	r3, [r7, #16]
 375 0146 9BB2     		uxth	r3, r3
 376 0148 1846     		mov	r0, r3
 377 014a FFF7FEFF 		bl	LCD_PrintU32Number
 378              	.L28:
ARM GAS  C:\Users\Albert\AppData\Local\Temp\ccsRP7GD.s 			page 9


 379              	.LBE3:
 380              		.loc 1 71 0
 381 014e 00BF     		nop
 382 0150 2037     		adds	r7, r7, #32
 383              		.cfi_def_cfa_offset 16
 384 0152 BD46     		mov	sp, r7
 385              		.cfi_def_cfa_register 13
 386              		@ sp needed
 387 0154 B0BD     		pop	{r4, r5, r7, pc}
 388              	.L30:
 389 0156 00BF     		.align	2
 390              	.L29:
 391 0158 00002440 		.word	1076101120
 392 015c 00000000 		.word	.LC0
 393 0160 04000000 		.word	.LC1
 394              		.cfi_endproc
 395              	.LFE66:
 396              		.size	printdouble, .-printdouble
 397              		.text
 398              	.Letext0:
 399              		.file 2 "c:\\program files (x86)\\cypress\\psoc creator\\4.2\\psoc creator\\import\\gnu\\arm\\5.4.
 400              		.file 3 "c:\\program files (x86)\\cypress\\psoc creator\\4.2\\psoc creator\\import\\gnu\\arm\\5.4.
 401              		.file 4 "Generated_Source\\PSoC5/cytypes.h"
 402              		.file 5 "Generated_Source\\PSoC5/core_cm3.h"
 403              		.section	.debug_info,"",%progbits
 404              	.Ldebug_info0:
 405 0000 CA010000 		.4byte	0x1ca
 406 0004 0400     		.2byte	0x4
 407 0006 00000000 		.4byte	.Ldebug_abbrev0
 408 000a 04       		.byte	0x4
 409 000b 01       		.uleb128 0x1
 410 000c 00000000 		.4byte	.LASF22
 411 0010 0C       		.byte	0xc
 412 0011 C5010000 		.4byte	.LASF23
 413 0015 39010000 		.4byte	.LASF24
 414 0019 00000000 		.4byte	.Ldebug_ranges0+0
 415 001d 00000000 		.4byte	0
 416 0021 00000000 		.4byte	.Ldebug_line0
 417 0025 02       		.uleb128 0x2
 418 0026 01       		.byte	0x1
 419 0027 06       		.byte	0x6
 420 0028 A8010000 		.4byte	.LASF0
 421 002c 02       		.uleb128 0x2
 422 002d 01       		.byte	0x1
 423 002e 08       		.byte	0x8
 424 002f C6000000 		.4byte	.LASF1
 425 0033 02       		.uleb128 0x2
 426 0034 02       		.byte	0x2
 427 0035 05       		.byte	0x5
 428 0036 81010000 		.4byte	.LASF2
 429 003a 02       		.uleb128 0x2
 430 003b 02       		.byte	0x2
 431 003c 07       		.byte	0x7
 432 003d D4000000 		.4byte	.LASF3
 433 0041 03       		.uleb128 0x3
 434 0042 94000000 		.4byte	.LASF9
 435 0046 02       		.byte	0x2
ARM GAS  C:\Users\Albert\AppData\Local\Temp\ccsRP7GD.s 			page 10


 436 0047 3F       		.byte	0x3f
 437 0048 4C000000 		.4byte	0x4c
 438 004c 02       		.uleb128 0x2
 439 004d 04       		.byte	0x4
 440 004e 05       		.byte	0x5
 441 004f 93010000 		.4byte	.LASF4
 442 0053 02       		.uleb128 0x2
 443 0054 04       		.byte	0x4
 444 0055 07       		.byte	0x7
 445 0056 F4000000 		.4byte	.LASF5
 446 005a 02       		.uleb128 0x2
 447 005b 08       		.byte	0x8
 448 005c 05       		.byte	0x5
 449 005d 6E010000 		.4byte	.LASF6
 450 0061 02       		.uleb128 0x2
 451 0062 08       		.byte	0x8
 452 0063 07       		.byte	0x7
 453 0064 1A010000 		.4byte	.LASF7
 454 0068 04       		.uleb128 0x4
 455 0069 04       		.byte	0x4
 456 006a 05       		.byte	0x5
 457 006b 696E7400 		.ascii	"int\000"
 458 006f 02       		.uleb128 0x2
 459 0070 04       		.byte	0x4
 460 0071 07       		.byte	0x7
 461 0072 0D010000 		.4byte	.LASF8
 462 0076 03       		.uleb128 0x3
 463 0077 31010000 		.4byte	.LASF10
 464 007b 03       		.byte	0x3
 465 007c 2C       		.byte	0x2c
 466 007d 41000000 		.4byte	0x41
 467 0081 05       		.uleb128 0x5
 468 0082 06010000 		.4byte	.LASF11
 469 0086 04       		.byte	0x4
 470 0087 9301     		.2byte	0x193
 471 0089 3A000000 		.4byte	0x3a
 472 008d 02       		.uleb128 0x2
 473 008e 08       		.byte	0x8
 474 008f 04       		.byte	0x4
 475 0090 B4010000 		.4byte	.LASF12
 476 0094 02       		.uleb128 0x2
 477 0095 01       		.byte	0x1
 478 0096 08       		.byte	0x8
 479 0097 7C010000 		.4byte	.LASF13
 480 009b 02       		.uleb128 0x2
 481 009c 08       		.byte	0x8
 482 009d 04       		.byte	0x4
 483 009e 9C010000 		.4byte	.LASF14
 484 00a2 02       		.uleb128 0x2
 485 00a3 04       		.byte	0x4
 486 00a4 07       		.byte	0x7
 487 00a5 65010000 		.4byte	.LASF15
 488 00a9 02       		.uleb128 0x2
 489 00aa 04       		.byte	0x4
 490 00ab 04       		.byte	0x4
 491 00ac B4000000 		.4byte	.LASF16
 492 00b0 06       		.uleb128 0x6
ARM GAS  C:\Users\Albert\AppData\Local\Temp\ccsRP7GD.s 			page 11


 493 00b1 6D617800 		.ascii	"max\000"
 494 00b5 01       		.byte	0x1
 495 00b6 0F       		.byte	0xf
 496 00b7 8D000000 		.4byte	0x8d
 497 00bb 00000000 		.4byte	.LFB63
 498 00bf 34000000 		.4byte	.LFE63-.LFB63
 499 00c3 01       		.uleb128 0x1
 500 00c4 9C       		.byte	0x9c
 501 00c5 E2000000 		.4byte	0xe2
 502 00c9 07       		.uleb128 0x7
 503 00ca 6100     		.ascii	"a\000"
 504 00cc 01       		.byte	0x1
 505 00cd 0F       		.byte	0xf
 506 00ce 8D000000 		.4byte	0x8d
 507 00d2 02       		.uleb128 0x2
 508 00d3 91       		.byte	0x91
 509 00d4 68       		.sleb128 -24
 510 00d5 07       		.uleb128 0x7
 511 00d6 6200     		.ascii	"b\000"
 512 00d8 01       		.byte	0x1
 513 00d9 0F       		.byte	0xf
 514 00da 8D000000 		.4byte	0x8d
 515 00de 02       		.uleb128 0x2
 516 00df 91       		.byte	0x91
 517 00e0 60       		.sleb128 -32
 518 00e1 00       		.byte	0
 519 00e2 06       		.uleb128 0x6
 520 00e3 6D696E00 		.ascii	"min\000"
 521 00e7 01       		.byte	0x1
 522 00e8 13       		.byte	0x13
 523 00e9 8D000000 		.4byte	0x8d
 524 00ed 00000000 		.4byte	.LFB64
 525 00f1 34000000 		.4byte	.LFE64-.LFB64
 526 00f5 01       		.uleb128 0x1
 527 00f6 9C       		.byte	0x9c
 528 00f7 14010000 		.4byte	0x114
 529 00fb 07       		.uleb128 0x7
 530 00fc 6100     		.ascii	"a\000"
 531 00fe 01       		.byte	0x1
 532 00ff 13       		.byte	0x13
 533 0100 8D000000 		.4byte	0x8d
 534 0104 02       		.uleb128 0x2
 535 0105 91       		.byte	0x91
 536 0106 68       		.sleb128 -24
 537 0107 07       		.uleb128 0x7
 538 0108 6200     		.ascii	"b\000"
 539 010a 01       		.byte	0x1
 540 010b 13       		.byte	0x13
 541 010c 8D000000 		.4byte	0x8d
 542 0110 02       		.uleb128 0x2
 543 0111 91       		.byte	0x91
 544 0112 60       		.sleb128 -32
 545 0113 00       		.byte	0
 546 0114 08       		.uleb128 0x8
 547 0115 BB010000 		.4byte	.LASF17
 548 0119 01       		.byte	0x1
 549 011a 29       		.byte	0x29
ARM GAS  C:\Users\Albert\AppData\Local\Temp\ccsRP7GD.s 			page 12


 550 011b 8D000000 		.4byte	0x8d
 551 011f 00000000 		.4byte	.LFB65
 552 0123 88000000 		.4byte	.LFE65-.LFB65
 553 0127 01       		.uleb128 0x1
 554 0128 9C       		.byte	0x9c
 555 0129 3A010000 		.4byte	0x13a
 556 012d 07       		.uleb128 0x7
 557 012e 7800     		.ascii	"x\000"
 558 0130 01       		.byte	0x1
 559 0131 29       		.byte	0x29
 560 0132 8D000000 		.4byte	0x8d
 561 0136 02       		.uleb128 0x2
 562 0137 91       		.byte	0x91
 563 0138 68       		.sleb128 -24
 564 0139 00       		.byte	0
 565 013a 09       		.uleb128 0x9
 566 013b BA000000 		.4byte	.LASF25
 567 013f 01       		.byte	0x1
 568 0140 31       		.byte	0x31
 569 0141 00000000 		.4byte	.LFB66
 570 0145 64010000 		.4byte	.LFE66-.LFB66
 571 0149 01       		.uleb128 0x1
 572 014a 9C       		.byte	0x9c
 573 014b BC010000 		.4byte	0x1bc
 574 014f 0A       		.uleb128 0xa
 575 0150 8E000000 		.4byte	.LASF18
 576 0154 01       		.byte	0x1
 577 0155 31       		.byte	0x31
 578 0156 8D000000 		.4byte	0x8d
 579 015a 02       		.uleb128 0x2
 580 015b 91       		.byte	0x91
 581 015c 58       		.sleb128 -40
 582 015d 0A       		.uleb128 0xa
 583 015e A6000000 		.4byte	.LASF19
 584 0162 01       		.byte	0x1
 585 0163 31       		.byte	0x31
 586 0164 68000000 		.4byte	0x68
 587 0168 02       		.uleb128 0x2
 588 0169 91       		.byte	0x91
 589 016a 54       		.sleb128 -44
 590 016b 0B       		.uleb128 0xb
 591 016c 22000000 		.4byte	.LBB2
 592 0170 8C000000 		.4byte	.LBE2-.LBB2
 593 0174 95010000 		.4byte	0x195
 594 0178 0C       		.uleb128 0xc
 595 0179 8B010000 		.4byte	.LASF20
 596 017d 01       		.byte	0x1
 597 017e 36       		.byte	0x36
 598 017f 68000000 		.4byte	0x68
 599 0183 02       		.uleb128 0x2
 600 0184 91       		.byte	0x91
 601 0185 6C       		.sleb128 -20
 602 0186 0C       		.uleb128 0xc
 603 0187 9E000000 		.4byte	.LASF21
 604 018b 01       		.byte	0x1
 605 018c 37       		.byte	0x37
 606 018d 68000000 		.4byte	0x68
ARM GAS  C:\Users\Albert\AppData\Local\Temp\ccsRP7GD.s 			page 13


 607 0191 02       		.uleb128 0x2
 608 0192 91       		.byte	0x91
 609 0193 68       		.sleb128 -24
 610 0194 00       		.byte	0
 611 0195 0D       		.uleb128 0xd
 612 0196 B0000000 		.4byte	.LBB3
 613 019a 9E000000 		.4byte	.LBE3-.LBB3
 614 019e 0C       		.uleb128 0xc
 615 019f 8B010000 		.4byte	.LASF20
 616 01a3 01       		.byte	0x1
 617 01a4 3F       		.byte	0x3f
 618 01a5 68000000 		.4byte	0x68
 619 01a9 02       		.uleb128 0x2
 620 01aa 91       		.byte	0x91
 621 01ab 64       		.sleb128 -28
 622 01ac 0C       		.uleb128 0xc
 623 01ad 9E000000 		.4byte	.LASF21
 624 01b1 01       		.byte	0x1
 625 01b2 40       		.byte	0x40
 626 01b3 68000000 		.4byte	0x68
 627 01b7 02       		.uleb128 0x2
 628 01b8 91       		.byte	0x91
 629 01b9 60       		.sleb128 -32
 630 01ba 00       		.byte	0
 631 01bb 00       		.byte	0
 632 01bc 0E       		.uleb128 0xe
 633 01bd E7000000 		.4byte	.LASF26
 634 01c1 05       		.byte	0x5
 635 01c2 9606     		.2byte	0x696
 636 01c4 C8010000 		.4byte	0x1c8
 637 01c8 0F       		.uleb128 0xf
 638 01c9 76000000 		.4byte	0x76
 639 01cd 00       		.byte	0
 640              		.section	.debug_abbrev,"",%progbits
 641              	.Ldebug_abbrev0:
 642 0000 01       		.uleb128 0x1
 643 0001 11       		.uleb128 0x11
 644 0002 01       		.byte	0x1
 645 0003 25       		.uleb128 0x25
 646 0004 0E       		.uleb128 0xe
 647 0005 13       		.uleb128 0x13
 648 0006 0B       		.uleb128 0xb
 649 0007 03       		.uleb128 0x3
 650 0008 0E       		.uleb128 0xe
 651 0009 1B       		.uleb128 0x1b
 652 000a 0E       		.uleb128 0xe
 653 000b 55       		.uleb128 0x55
 654 000c 17       		.uleb128 0x17
 655 000d 11       		.uleb128 0x11
 656 000e 01       		.uleb128 0x1
 657 000f 10       		.uleb128 0x10
 658 0010 17       		.uleb128 0x17
 659 0011 00       		.byte	0
 660 0012 00       		.byte	0
 661 0013 02       		.uleb128 0x2
 662 0014 24       		.uleb128 0x24
 663 0015 00       		.byte	0
ARM GAS  C:\Users\Albert\AppData\Local\Temp\ccsRP7GD.s 			page 14


 664 0016 0B       		.uleb128 0xb
 665 0017 0B       		.uleb128 0xb
 666 0018 3E       		.uleb128 0x3e
 667 0019 0B       		.uleb128 0xb
 668 001a 03       		.uleb128 0x3
 669 001b 0E       		.uleb128 0xe
 670 001c 00       		.byte	0
 671 001d 00       		.byte	0
 672 001e 03       		.uleb128 0x3
 673 001f 16       		.uleb128 0x16
 674 0020 00       		.byte	0
 675 0021 03       		.uleb128 0x3
 676 0022 0E       		.uleb128 0xe
 677 0023 3A       		.uleb128 0x3a
 678 0024 0B       		.uleb128 0xb
 679 0025 3B       		.uleb128 0x3b
 680 0026 0B       		.uleb128 0xb
 681 0027 49       		.uleb128 0x49
 682 0028 13       		.uleb128 0x13
 683 0029 00       		.byte	0
 684 002a 00       		.byte	0
 685 002b 04       		.uleb128 0x4
 686 002c 24       		.uleb128 0x24
 687 002d 00       		.byte	0
 688 002e 0B       		.uleb128 0xb
 689 002f 0B       		.uleb128 0xb
 690 0030 3E       		.uleb128 0x3e
 691 0031 0B       		.uleb128 0xb
 692 0032 03       		.uleb128 0x3
 693 0033 08       		.uleb128 0x8
 694 0034 00       		.byte	0
 695 0035 00       		.byte	0
 696 0036 05       		.uleb128 0x5
 697 0037 16       		.uleb128 0x16
 698 0038 00       		.byte	0
 699 0039 03       		.uleb128 0x3
 700 003a 0E       		.uleb128 0xe
 701 003b 3A       		.uleb128 0x3a
 702 003c 0B       		.uleb128 0xb
 703 003d 3B       		.uleb128 0x3b
 704 003e 05       		.uleb128 0x5
 705 003f 49       		.uleb128 0x49
 706 0040 13       		.uleb128 0x13
 707 0041 00       		.byte	0
 708 0042 00       		.byte	0
 709 0043 06       		.uleb128 0x6
 710 0044 2E       		.uleb128 0x2e
 711 0045 01       		.byte	0x1
 712 0046 3F       		.uleb128 0x3f
 713 0047 19       		.uleb128 0x19
 714 0048 03       		.uleb128 0x3
 715 0049 08       		.uleb128 0x8
 716 004a 3A       		.uleb128 0x3a
 717 004b 0B       		.uleb128 0xb
 718 004c 3B       		.uleb128 0x3b
 719 004d 0B       		.uleb128 0xb
 720 004e 27       		.uleb128 0x27
ARM GAS  C:\Users\Albert\AppData\Local\Temp\ccsRP7GD.s 			page 15


 721 004f 19       		.uleb128 0x19
 722 0050 49       		.uleb128 0x49
 723 0051 13       		.uleb128 0x13
 724 0052 11       		.uleb128 0x11
 725 0053 01       		.uleb128 0x1
 726 0054 12       		.uleb128 0x12
 727 0055 06       		.uleb128 0x6
 728 0056 40       		.uleb128 0x40
 729 0057 18       		.uleb128 0x18
 730 0058 9642     		.uleb128 0x2116
 731 005a 19       		.uleb128 0x19
 732 005b 01       		.uleb128 0x1
 733 005c 13       		.uleb128 0x13
 734 005d 00       		.byte	0
 735 005e 00       		.byte	0
 736 005f 07       		.uleb128 0x7
 737 0060 05       		.uleb128 0x5
 738 0061 00       		.byte	0
 739 0062 03       		.uleb128 0x3
 740 0063 08       		.uleb128 0x8
 741 0064 3A       		.uleb128 0x3a
 742 0065 0B       		.uleb128 0xb
 743 0066 3B       		.uleb128 0x3b
 744 0067 0B       		.uleb128 0xb
 745 0068 49       		.uleb128 0x49
 746 0069 13       		.uleb128 0x13
 747 006a 02       		.uleb128 0x2
 748 006b 18       		.uleb128 0x18
 749 006c 00       		.byte	0
 750 006d 00       		.byte	0
 751 006e 08       		.uleb128 0x8
 752 006f 2E       		.uleb128 0x2e
 753 0070 01       		.byte	0x1
 754 0071 3F       		.uleb128 0x3f
 755 0072 19       		.uleb128 0x19
 756 0073 03       		.uleb128 0x3
 757 0074 0E       		.uleb128 0xe
 758 0075 3A       		.uleb128 0x3a
 759 0076 0B       		.uleb128 0xb
 760 0077 3B       		.uleb128 0x3b
 761 0078 0B       		.uleb128 0xb
 762 0079 27       		.uleb128 0x27
 763 007a 19       		.uleb128 0x19
 764 007b 49       		.uleb128 0x49
 765 007c 13       		.uleb128 0x13
 766 007d 11       		.uleb128 0x11
 767 007e 01       		.uleb128 0x1
 768 007f 12       		.uleb128 0x12
 769 0080 06       		.uleb128 0x6
 770 0081 40       		.uleb128 0x40
 771 0082 18       		.uleb128 0x18
 772 0083 9642     		.uleb128 0x2116
 773 0085 19       		.uleb128 0x19
 774 0086 01       		.uleb128 0x1
 775 0087 13       		.uleb128 0x13
 776 0088 00       		.byte	0
 777 0089 00       		.byte	0
ARM GAS  C:\Users\Albert\AppData\Local\Temp\ccsRP7GD.s 			page 16


 778 008a 09       		.uleb128 0x9
 779 008b 2E       		.uleb128 0x2e
 780 008c 01       		.byte	0x1
 781 008d 3F       		.uleb128 0x3f
 782 008e 19       		.uleb128 0x19
 783 008f 03       		.uleb128 0x3
 784 0090 0E       		.uleb128 0xe
 785 0091 3A       		.uleb128 0x3a
 786 0092 0B       		.uleb128 0xb
 787 0093 3B       		.uleb128 0x3b
 788 0094 0B       		.uleb128 0xb
 789 0095 27       		.uleb128 0x27
 790 0096 19       		.uleb128 0x19
 791 0097 11       		.uleb128 0x11
 792 0098 01       		.uleb128 0x1
 793 0099 12       		.uleb128 0x12
 794 009a 06       		.uleb128 0x6
 795 009b 40       		.uleb128 0x40
 796 009c 18       		.uleb128 0x18
 797 009d 9642     		.uleb128 0x2116
 798 009f 19       		.uleb128 0x19
 799 00a0 01       		.uleb128 0x1
 800 00a1 13       		.uleb128 0x13
 801 00a2 00       		.byte	0
 802 00a3 00       		.byte	0
 803 00a4 0A       		.uleb128 0xa
 804 00a5 05       		.uleb128 0x5
 805 00a6 00       		.byte	0
 806 00a7 03       		.uleb128 0x3
 807 00a8 0E       		.uleb128 0xe
 808 00a9 3A       		.uleb128 0x3a
 809 00aa 0B       		.uleb128 0xb
 810 00ab 3B       		.uleb128 0x3b
 811 00ac 0B       		.uleb128 0xb
 812 00ad 49       		.uleb128 0x49
 813 00ae 13       		.uleb128 0x13
 814 00af 02       		.uleb128 0x2
 815 00b0 18       		.uleb128 0x18
 816 00b1 00       		.byte	0
 817 00b2 00       		.byte	0
 818 00b3 0B       		.uleb128 0xb
 819 00b4 0B       		.uleb128 0xb
 820 00b5 01       		.byte	0x1
 821 00b6 11       		.uleb128 0x11
 822 00b7 01       		.uleb128 0x1
 823 00b8 12       		.uleb128 0x12
 824 00b9 06       		.uleb128 0x6
 825 00ba 01       		.uleb128 0x1
 826 00bb 13       		.uleb128 0x13
 827 00bc 00       		.byte	0
 828 00bd 00       		.byte	0
 829 00be 0C       		.uleb128 0xc
 830 00bf 34       		.uleb128 0x34
 831 00c0 00       		.byte	0
 832 00c1 03       		.uleb128 0x3
 833 00c2 0E       		.uleb128 0xe
 834 00c3 3A       		.uleb128 0x3a
ARM GAS  C:\Users\Albert\AppData\Local\Temp\ccsRP7GD.s 			page 17


 835 00c4 0B       		.uleb128 0xb
 836 00c5 3B       		.uleb128 0x3b
 837 00c6 0B       		.uleb128 0xb
 838 00c7 49       		.uleb128 0x49
 839 00c8 13       		.uleb128 0x13
 840 00c9 02       		.uleb128 0x2
 841 00ca 18       		.uleb128 0x18
 842 00cb 00       		.byte	0
 843 00cc 00       		.byte	0
 844 00cd 0D       		.uleb128 0xd
 845 00ce 0B       		.uleb128 0xb
 846 00cf 01       		.byte	0x1
 847 00d0 11       		.uleb128 0x11
 848 00d1 01       		.uleb128 0x1
 849 00d2 12       		.uleb128 0x12
 850 00d3 06       		.uleb128 0x6
 851 00d4 00       		.byte	0
 852 00d5 00       		.byte	0
 853 00d6 0E       		.uleb128 0xe
 854 00d7 34       		.uleb128 0x34
 855 00d8 00       		.byte	0
 856 00d9 03       		.uleb128 0x3
 857 00da 0E       		.uleb128 0xe
 858 00db 3A       		.uleb128 0x3a
 859 00dc 0B       		.uleb128 0xb
 860 00dd 3B       		.uleb128 0x3b
 861 00de 05       		.uleb128 0x5
 862 00df 49       		.uleb128 0x49
 863 00e0 13       		.uleb128 0x13
 864 00e1 3F       		.uleb128 0x3f
 865 00e2 19       		.uleb128 0x19
 866 00e3 3C       		.uleb128 0x3c
 867 00e4 19       		.uleb128 0x19
 868 00e5 00       		.byte	0
 869 00e6 00       		.byte	0
 870 00e7 0F       		.uleb128 0xf
 871 00e8 35       		.uleb128 0x35
 872 00e9 00       		.byte	0
 873 00ea 49       		.uleb128 0x49
 874 00eb 13       		.uleb128 0x13
 875 00ec 00       		.byte	0
 876 00ed 00       		.byte	0
 877 00ee 00       		.byte	0
 878              		.section	.debug_aranges,"",%progbits
 879 0000 34000000 		.4byte	0x34
 880 0004 0200     		.2byte	0x2
 881 0006 00000000 		.4byte	.Ldebug_info0
 882 000a 04       		.byte	0x4
 883 000b 00       		.byte	0
 884 000c 0000     		.2byte	0
 885 000e 0000     		.2byte	0
 886 0010 00000000 		.4byte	.LFB63
 887 0014 34000000 		.4byte	.LFE63-.LFB63
 888 0018 00000000 		.4byte	.LFB64
 889 001c 34000000 		.4byte	.LFE64-.LFB64
 890 0020 00000000 		.4byte	.LFB65
 891 0024 88000000 		.4byte	.LFE65-.LFB65
ARM GAS  C:\Users\Albert\AppData\Local\Temp\ccsRP7GD.s 			page 18


 892 0028 00000000 		.4byte	.LFB66
 893 002c 64010000 		.4byte	.LFE66-.LFB66
 894 0030 00000000 		.4byte	0
 895 0034 00000000 		.4byte	0
 896              		.section	.debug_ranges,"",%progbits
 897              	.Ldebug_ranges0:
 898 0000 00000000 		.4byte	.LFB63
 899 0004 34000000 		.4byte	.LFE63
 900 0008 00000000 		.4byte	.LFB64
 901 000c 34000000 		.4byte	.LFE64
 902 0010 00000000 		.4byte	.LFB65
 903 0014 88000000 		.4byte	.LFE65
 904 0018 00000000 		.4byte	.LFB66
 905 001c 64010000 		.4byte	.LFE66
 906 0020 00000000 		.4byte	0
 907 0024 00000000 		.4byte	0
 908              		.section	.debug_line,"",%progbits
 909              	.Ldebug_line0:
 910 0000 D6010000 		.section	.debug_str,"MS",%progbits,1
 910      02005301 
 910      00000201 
 910      FB0E0D00 
 910      01010101 
 911              	.LASF22:
 912 0000 474E5520 		.ascii	"GNU C11 5.4.1 20160609 (release) [ARM/embedded-5-br"
 912      43313120 
 912      352E342E 
 912      31203230 
 912      31363036 
 913 0033 616E6368 		.ascii	"anch revision 237715] -mcpu=cortex-m3 -mthumb -g -O"
 913      20726576 
 913      6973696F 
 913      6E203233 
 913      37373135 
 914 0066 30202D66 		.ascii	"0 -ffunction-sections -ffat-lto-objects\000"
 914      66756E63 
 914      74696F6E 
 914      2D736563 
 914      74696F6E 
 915              	.LASF18:
 916 008e 76616C75 		.ascii	"value\000"
 916      6500
 917              	.LASF9:
 918 0094 5F5F696E 		.ascii	"__int32_t\000"
 918      7433325F 
 918      7400
 919              	.LASF21:
 920 009e 64656369 		.ascii	"decimal\000"
 920      6D616C00 
 921              	.LASF19:
 922 00a6 64656369 		.ascii	"decimalPlaces\000"
 922      6D616C50 
 922      6C616365 
 922      7300
 923              	.LASF16:
 924 00b4 666C6F61 		.ascii	"float\000"
 924      7400
ARM GAS  C:\Users\Albert\AppData\Local\Temp\ccsRP7GD.s 			page 19


 925              	.LASF25:
 926 00ba 7072696E 		.ascii	"printdouble\000"
 926      74646F75 
 926      626C6500 
 927              	.LASF1:
 928 00c6 756E7369 		.ascii	"unsigned char\000"
 928      676E6564 
 928      20636861 
 928      7200
 929              	.LASF3:
 930 00d4 73686F72 		.ascii	"short unsigned int\000"
 930      7420756E 
 930      7369676E 
 930      65642069 
 930      6E7400
 931              	.LASF26:
 932 00e7 49544D5F 		.ascii	"ITM_RxBuffer\000"
 932      52784275 
 932      66666572 
 932      00
 933              	.LASF5:
 934 00f4 6C6F6E67 		.ascii	"long unsigned int\000"
 934      20756E73 
 934      69676E65 
 934      6420696E 
 934      7400
 935              	.LASF11:
 936 0106 75696E74 		.ascii	"uint16\000"
 936      313600
 937              	.LASF8:
 938 010d 756E7369 		.ascii	"unsigned int\000"
 938      676E6564 
 938      20696E74 
 938      00
 939              	.LASF7:
 940 011a 6C6F6E67 		.ascii	"long long unsigned int\000"
 940      206C6F6E 
 940      6720756E 
 940      7369676E 
 940      65642069 
 941              	.LASF10:
 942 0131 696E7433 		.ascii	"int32_t\000"
 942      325F7400 
 943              	.LASF24:
 944 0139 433A5C55 		.ascii	"C:\\Users\\Albert\\Documents\\6115_fp\\IWP.cydsn\000"
 944      73657273 
 944      5C416C62 
 944      6572745C 
 944      446F6375 
 945              	.LASF15:
 946 0165 73697A65 		.ascii	"sizetype\000"
 946      74797065 
 946      00
 947              	.LASF6:
 948 016e 6C6F6E67 		.ascii	"long long int\000"
 948      206C6F6E 
 948      6720696E 
ARM GAS  C:\Users\Albert\AppData\Local\Temp\ccsRP7GD.s 			page 20


 948      7400
 949              	.LASF13:
 950 017c 63686172 		.ascii	"char\000"
 950      00
 951              	.LASF2:
 952 0181 73686F72 		.ascii	"short int\000"
 952      7420696E 
 952      7400
 953              	.LASF20:
 954 018b 696E7465 		.ascii	"integer\000"
 954      67657200 
 955              	.LASF4:
 956 0193 6C6F6E67 		.ascii	"long int\000"
 956      20696E74 
 956      00
 957              	.LASF14:
 958 019c 6C6F6E67 		.ascii	"long double\000"
 958      20646F75 
 958      626C6500 
 959              	.LASF0:
 960 01a8 7369676E 		.ascii	"signed char\000"
 960      65642063 
 960      68617200 
 961              	.LASF12:
 962 01b4 646F7562 		.ascii	"double\000"
 962      6C6500
 963              	.LASF17:
 964 01bb 77726170 		.ascii	"wrapAngle\000"
 964      416E676C 
 964      6500
 965              	.LASF23:
 966 01c5 6D617468 		.ascii	"mathUtility.c\000"
 966      5574696C 
 966      6974792E 
 966      6300
 967              		.ident	"GCC: (GNU Tools for ARM Embedded Processors) 5.4.1 20160609 (release) [ARM/embedded-5-bran
