ARM GAS  C:\Users\Albert\AppData\Local\Temp\ccYpxCt4.s 			page 1


   1              		.syntax unified
   2              		.cpu cortex-m3
   3              		.fpu softvfp
   4              		.eabi_attribute 20, 1
   5              		.eabi_attribute 21, 1
   6              		.eabi_attribute 23, 3
   7              		.eabi_attribute 24, 1
   8              		.eabi_attribute 25, 1
   9              		.eabi_attribute 26, 1
  10              		.eabi_attribute 30, 6
  11              		.eabi_attribute 34, 1
  12              		.eabi_attribute 18, 4
  13              		.thumb
  14              		.syntax unified
  15              		.file	"QuadDec_Shoulder_INT.c"
  16              		.text
  17              	.Ltext0:
  18              		.cfi_sections	.debug_frame
  19              		.global	QuadDec_Shoulder_count32SoftPart
  20              		.bss
  21              		.align	2
  22              		.type	QuadDec_Shoulder_count32SoftPart, %object
  23              		.size	QuadDec_Shoulder_count32SoftPart, 4
  24              	QuadDec_Shoulder_count32SoftPart:
  25 0000 00000000 		.space	4
  26              		.section	.text.QuadDec_Shoulder_ISR,"ax",%progbits
  27              		.align	2
  28              		.global	QuadDec_Shoulder_ISR
  29              		.thumb
  30              		.thumb_func
  31              		.type	QuadDec_Shoulder_ISR, %function
  32              	QuadDec_Shoulder_ISR:
  33              	.LFB0:
  34              		.file 1 "Generated_Source\\PSoC5\\QuadDec_Shoulder_INT.c"
   1:Generated_Source\PSoC5/QuadDec_Shoulder_INT.c **** /*******************************************************************************
   2:Generated_Source\PSoC5/QuadDec_Shoulder_INT.c **** * File Name: QuadDec_Shoulder_INT.c
   3:Generated_Source\PSoC5/QuadDec_Shoulder_INT.c **** * Version 3.0
   4:Generated_Source\PSoC5/QuadDec_Shoulder_INT.c **** *
   5:Generated_Source\PSoC5/QuadDec_Shoulder_INT.c **** * Description:
   6:Generated_Source\PSoC5/QuadDec_Shoulder_INT.c **** *  This file contains the Interrupt Service Routine (ISR) for the Quadrature
   7:Generated_Source\PSoC5/QuadDec_Shoulder_INT.c **** *  Decoder component.
   8:Generated_Source\PSoC5/QuadDec_Shoulder_INT.c **** *
   9:Generated_Source\PSoC5/QuadDec_Shoulder_INT.c **** * Note:
  10:Generated_Source\PSoC5/QuadDec_Shoulder_INT.c **** *  None.
  11:Generated_Source\PSoC5/QuadDec_Shoulder_INT.c **** *
  12:Generated_Source\PSoC5/QuadDec_Shoulder_INT.c **** ********************************************************************************
  13:Generated_Source\PSoC5/QuadDec_Shoulder_INT.c **** * Copyright 2008-2014, Cypress Semiconductor Corporation.  All rights reserved.
  14:Generated_Source\PSoC5/QuadDec_Shoulder_INT.c **** * You may use this file only in accordance with the license, terms, conditions, 
  15:Generated_Source\PSoC5/QuadDec_Shoulder_INT.c **** * disclaimers, and limitations in the end user license agreement accompanying
  16:Generated_Source\PSoC5/QuadDec_Shoulder_INT.c **** * the software package with which this file was provided.
  17:Generated_Source\PSoC5/QuadDec_Shoulder_INT.c **** *******************************************************************************/
  18:Generated_Source\PSoC5/QuadDec_Shoulder_INT.c **** 
  19:Generated_Source\PSoC5/QuadDec_Shoulder_INT.c **** #include "QuadDec_Shoulder.h"
  20:Generated_Source\PSoC5/QuadDec_Shoulder_INT.c **** #include "QuadDec_Shoulder_PVT.h"
  21:Generated_Source\PSoC5/QuadDec_Shoulder_INT.c **** 
  22:Generated_Source\PSoC5/QuadDec_Shoulder_INT.c **** 
  23:Generated_Source\PSoC5/QuadDec_Shoulder_INT.c **** volatile int32 QuadDec_Shoulder_count32SoftPart = 0;
ARM GAS  C:\Users\Albert\AppData\Local\Temp\ccYpxCt4.s 			page 2


  24:Generated_Source\PSoC5/QuadDec_Shoulder_INT.c **** 
  25:Generated_Source\PSoC5/QuadDec_Shoulder_INT.c **** 
  26:Generated_Source\PSoC5/QuadDec_Shoulder_INT.c **** /*******************************************************************************
  27:Generated_Source\PSoC5/QuadDec_Shoulder_INT.c **** * FUNCTION NAME: void QuadDec_Shoulder_ISR
  28:Generated_Source\PSoC5/QuadDec_Shoulder_INT.c **** ********************************************************************************
  29:Generated_Source\PSoC5/QuadDec_Shoulder_INT.c **** *
  30:Generated_Source\PSoC5/QuadDec_Shoulder_INT.c **** * Summary:
  31:Generated_Source\PSoC5/QuadDec_Shoulder_INT.c **** *  Interrupt Service Routine for Quadrature Decoder Component.
  32:Generated_Source\PSoC5/QuadDec_Shoulder_INT.c **** *
  33:Generated_Source\PSoC5/QuadDec_Shoulder_INT.c **** * Parameters:
  34:Generated_Source\PSoC5/QuadDec_Shoulder_INT.c **** *  None.
  35:Generated_Source\PSoC5/QuadDec_Shoulder_INT.c **** *
  36:Generated_Source\PSoC5/QuadDec_Shoulder_INT.c **** * Return:
  37:Generated_Source\PSoC5/QuadDec_Shoulder_INT.c **** *  None.
  38:Generated_Source\PSoC5/QuadDec_Shoulder_INT.c **** *
  39:Generated_Source\PSoC5/QuadDec_Shoulder_INT.c **** * Global variables:
  40:Generated_Source\PSoC5/QuadDec_Shoulder_INT.c **** *  QuadDec_Shoulder_count32SoftPart - modified to update hi 16 bit for current
  41:Generated_Source\PSoC5/QuadDec_Shoulder_INT.c **** *  value of the 32-bit counter, when Counter size equal 32-bit.
  42:Generated_Source\PSoC5/QuadDec_Shoulder_INT.c **** *  QuadDec_Shoulder_swStatus - modified with the updated values of STATUS
  43:Generated_Source\PSoC5/QuadDec_Shoulder_INT.c **** *  register.
  44:Generated_Source\PSoC5/QuadDec_Shoulder_INT.c **** *
  45:Generated_Source\PSoC5/QuadDec_Shoulder_INT.c **** *******************************************************************************/
  46:Generated_Source\PSoC5/QuadDec_Shoulder_INT.c **** CY_ISR( QuadDec_Shoulder_ISR )
  47:Generated_Source\PSoC5/QuadDec_Shoulder_INT.c **** {
  35              		.loc 1 47 0
  36              		.cfi_startproc
  37              		@ args = 0, pretend = 0, frame = 8
  38              		@ frame_needed = 1, uses_anonymous_args = 0
  39              		@ link register save eliminated.
  40 0000 80B4     		push	{r7}
  41              		.cfi_def_cfa_offset 4
  42              		.cfi_offset 7, -4
  43 0002 83B0     		sub	sp, sp, #12
  44              		.cfi_def_cfa_offset 16
  45 0004 00AF     		add	r7, sp, #0
  46              		.cfi_def_cfa_register 7
  48:Generated_Source\PSoC5/QuadDec_Shoulder_INT.c ****    uint8 QuadDec_Shoulder_swStatus;
  49:Generated_Source\PSoC5/QuadDec_Shoulder_INT.c **** 
  50:Generated_Source\PSoC5/QuadDec_Shoulder_INT.c ****    QuadDec_Shoulder_swStatus = QuadDec_Shoulder_STATUS_REG;
  47              		.loc 1 50 0
  48 0006 144B     		ldr	r3, .L6
  49 0008 1B78     		ldrb	r3, [r3]
  50 000a FB71     		strb	r3, [r7, #7]
  51:Generated_Source\PSoC5/QuadDec_Shoulder_INT.c **** 
  52:Generated_Source\PSoC5/QuadDec_Shoulder_INT.c ****     #ifdef QuadDec_Shoulder_ISR_ENTRY_CALLBACK
  53:Generated_Source\PSoC5/QuadDec_Shoulder_INT.c ****         QuadDec_Shoulder_ISR_EntryCallback();
  54:Generated_Source\PSoC5/QuadDec_Shoulder_INT.c ****     #endif /* QuadDec_Shoulder_ISR_ENTRY_CALLBACK */
  55:Generated_Source\PSoC5/QuadDec_Shoulder_INT.c **** 
  56:Generated_Source\PSoC5/QuadDec_Shoulder_INT.c ****     /* User code required at start of ISR */
  57:Generated_Source\PSoC5/QuadDec_Shoulder_INT.c ****     /* `#START QuadDec_Shoulder_ISR_START` */
  58:Generated_Source\PSoC5/QuadDec_Shoulder_INT.c **** 
  59:Generated_Source\PSoC5/QuadDec_Shoulder_INT.c ****     /* `#END` */
  60:Generated_Source\PSoC5/QuadDec_Shoulder_INT.c **** 
  61:Generated_Source\PSoC5/QuadDec_Shoulder_INT.c ****     if (0u != (QuadDec_Shoulder_swStatus & QuadDec_Shoulder_COUNTER_OVERFLOW))
  51              		.loc 1 61 0
  52 000c FB79     		ldrb	r3, [r7, #7]	@ zero_extendqisi2
  53 000e 03F00103 		and	r3, r3, #1
ARM GAS  C:\Users\Albert\AppData\Local\Temp\ccYpxCt4.s 			page 3


  54 0012 002B     		cmp	r3, #0
  55 0014 07D0     		beq	.L2
  62:Generated_Source\PSoC5/QuadDec_Shoulder_INT.c ****     {
  63:Generated_Source\PSoC5/QuadDec_Shoulder_INT.c ****         QuadDec_Shoulder_count32SoftPart += (int32) QuadDec_Shoulder_COUNTER_MAX_VALUE;
  56              		.loc 1 63 0
  57 0016 114B     		ldr	r3, .L6+4
  58 0018 1B68     		ldr	r3, [r3]
  59 001a 03F5FF43 		add	r3, r3, #32640
  60 001e 7F33     		adds	r3, r3, #127
  61 0020 0E4A     		ldr	r2, .L6+4
  62 0022 1360     		str	r3, [r2]
  63 0024 0AE0     		b	.L3
  64              	.L2:
  64:Generated_Source\PSoC5/QuadDec_Shoulder_INT.c ****     }
  65:Generated_Source\PSoC5/QuadDec_Shoulder_INT.c ****     else if (0u != (QuadDec_Shoulder_swStatus & QuadDec_Shoulder_COUNTER_UNDERFLOW))
  65              		.loc 1 65 0
  66 0026 FB79     		ldrb	r3, [r7, #7]	@ zero_extendqisi2
  67 0028 03F00203 		and	r3, r3, #2
  68 002c 002B     		cmp	r3, #0
  69 002e 05D0     		beq	.L3
  66:Generated_Source\PSoC5/QuadDec_Shoulder_INT.c ****     {
  67:Generated_Source\PSoC5/QuadDec_Shoulder_INT.c ****         QuadDec_Shoulder_count32SoftPart -= (int32) QuadDec_Shoulder_COUNTER_INIT_VALUE;
  70              		.loc 1 67 0
  71 0030 0A4B     		ldr	r3, .L6+4
  72 0032 1B68     		ldr	r3, [r3]
  73 0034 A3F50043 		sub	r3, r3, #32768
  74 0038 084A     		ldr	r2, .L6+4
  75 003a 1360     		str	r3, [r2]
  76              	.L3:
  68:Generated_Source\PSoC5/QuadDec_Shoulder_INT.c ****     }
  69:Generated_Source\PSoC5/QuadDec_Shoulder_INT.c ****     else
  70:Generated_Source\PSoC5/QuadDec_Shoulder_INT.c ****     {
  71:Generated_Source\PSoC5/QuadDec_Shoulder_INT.c ****         /* Nothing to do here */
  72:Generated_Source\PSoC5/QuadDec_Shoulder_INT.c ****     }
  73:Generated_Source\PSoC5/QuadDec_Shoulder_INT.c ****     
  74:Generated_Source\PSoC5/QuadDec_Shoulder_INT.c ****     if (0u != (QuadDec_Shoulder_swStatus & QuadDec_Shoulder_COUNTER_RESET))
  77              		.loc 1 74 0
  78 003c FB79     		ldrb	r3, [r7, #7]	@ zero_extendqisi2
  79 003e 03F00403 		and	r3, r3, #4
  80 0042 002B     		cmp	r3, #0
  81 0044 02D0     		beq	.L5
  75:Generated_Source\PSoC5/QuadDec_Shoulder_INT.c ****     {
  76:Generated_Source\PSoC5/QuadDec_Shoulder_INT.c ****         QuadDec_Shoulder_count32SoftPart = 0;
  82              		.loc 1 76 0
  83 0046 054B     		ldr	r3, .L6+4
  84 0048 0022     		movs	r2, #0
  85 004a 1A60     		str	r2, [r3]
  86              	.L5:
  77:Generated_Source\PSoC5/QuadDec_Shoulder_INT.c ****     }
  78:Generated_Source\PSoC5/QuadDec_Shoulder_INT.c ****     
  79:Generated_Source\PSoC5/QuadDec_Shoulder_INT.c ****     /* User code required at end of ISR */
  80:Generated_Source\PSoC5/QuadDec_Shoulder_INT.c ****     /* `#START QuadDec_Shoulder_ISR_END` */
  81:Generated_Source\PSoC5/QuadDec_Shoulder_INT.c **** 
  82:Generated_Source\PSoC5/QuadDec_Shoulder_INT.c ****     /* `#END` */
  83:Generated_Source\PSoC5/QuadDec_Shoulder_INT.c **** 
  84:Generated_Source\PSoC5/QuadDec_Shoulder_INT.c ****     #ifdef QuadDec_Shoulder_ISR_EXIT_CALLBACK
  85:Generated_Source\PSoC5/QuadDec_Shoulder_INT.c ****         QuadDec_Shoulder_ISR_ExitCallback();
ARM GAS  C:\Users\Albert\AppData\Local\Temp\ccYpxCt4.s 			page 4


  86:Generated_Source\PSoC5/QuadDec_Shoulder_INT.c ****     #endif /* QuadDec_Shoulder_ISR_EXIT_CALLBACK */
  87:Generated_Source\PSoC5/QuadDec_Shoulder_INT.c **** }
  87              		.loc 1 87 0
  88 004c 00BF     		nop
  89 004e 0C37     		adds	r7, r7, #12
  90              		.cfi_def_cfa_offset 4
  91 0050 BD46     		mov	sp, r7
  92              		.cfi_def_cfa_register 13
  93              		@ sp needed
  94 0052 80BC     		pop	{r7}
  95              		.cfi_restore 7
  96              		.cfi_def_cfa_offset 0
  97 0054 7047     		bx	lr
  98              	.L7:
  99 0056 00BF     		.align	2
 100              	.L6:
 101 0058 67640040 		.word	1073767527
 102 005c 00000000 		.word	QuadDec_Shoulder_count32SoftPart
 103              		.cfi_endproc
 104              	.LFE0:
 105              		.size	QuadDec_Shoulder_ISR, .-QuadDec_Shoulder_ISR
 106              		.text
 107              	.Letext0:
 108              		.file 2 "Generated_Source\\PSoC5\\cytypes.h"
 109              		.section	.debug_info,"",%progbits
 110              	.Ldebug_info0:
 111 0000 E7000000 		.4byte	0xe7
 112 0004 0400     		.2byte	0x4
 113 0006 00000000 		.4byte	.Ldebug_abbrev0
 114 000a 04       		.byte	0x4
 115 000b 01       		.uleb128 0x1
 116 000c 7E000000 		.4byte	.LASF16
 117 0010 0C       		.byte	0xc
 118 0011 1A010000 		.4byte	.LASF17
 119 0015 48010000 		.4byte	.LASF18
 120 0019 00000000 		.4byte	.Ldebug_ranges0+0
 121 001d 00000000 		.4byte	0
 122 0021 00000000 		.4byte	.Ldebug_line0
 123 0025 02       		.uleb128 0x2
 124 0026 04       		.byte	0x4
 125 0027 05       		.byte	0x5
 126 0028 696E7400 		.ascii	"int\000"
 127 002c 03       		.uleb128 0x3
 128 002d 04       		.byte	0x4
 129 002e 07       		.byte	0x7
 130 002f 23000000 		.4byte	.LASF0
 131 0033 03       		.uleb128 0x3
 132 0034 08       		.byte	0x8
 133 0035 05       		.byte	0x5
 134 0036 00000000 		.4byte	.LASF1
 135 003a 03       		.uleb128 0x3
 136 003b 08       		.byte	0x8
 137 003c 04       		.byte	0x4
 138 003d C4010000 		.4byte	.LASF2
 139 0041 03       		.uleb128 0x3
 140 0042 01       		.byte	0x1
 141 0043 06       		.byte	0x6
ARM GAS  C:\Users\Albert\AppData\Local\Temp\ccYpxCt4.s 			page 5


 142 0044 97010000 		.4byte	.LASF3
 143 0048 03       		.uleb128 0x3
 144 0049 01       		.byte	0x1
 145 004a 08       		.byte	0x8
 146 004b 0C010000 		.4byte	.LASF4
 147 004f 03       		.uleb128 0x3
 148 0050 02       		.byte	0x2
 149 0051 05       		.byte	0x5
 150 0052 D0010000 		.4byte	.LASF5
 151 0056 03       		.uleb128 0x3
 152 0057 02       		.byte	0x2
 153 0058 07       		.byte	0x7
 154 0059 84010000 		.4byte	.LASF6
 155 005d 03       		.uleb128 0x3
 156 005e 04       		.byte	0x4
 157 005f 05       		.byte	0x5
 158 0060 74010000 		.4byte	.LASF7
 159 0064 03       		.uleb128 0x3
 160 0065 04       		.byte	0x4
 161 0066 07       		.byte	0x7
 162 0067 50000000 		.4byte	.LASF8
 163 006b 03       		.uleb128 0x3
 164 006c 08       		.byte	0x8
 165 006d 07       		.byte	0x7
 166 006e 62000000 		.4byte	.LASF9
 167 0072 03       		.uleb128 0x3
 168 0073 04       		.byte	0x4
 169 0074 07       		.byte	0x7
 170 0075 DF010000 		.4byte	.LASF10
 171 0079 03       		.uleb128 0x3
 172 007a 01       		.byte	0x1
 173 007b 08       		.byte	0x8
 174 007c 79000000 		.4byte	.LASF11
 175 0080 04       		.uleb128 0x4
 176 0081 4A000000 		.4byte	.LASF12
 177 0085 02       		.byte	0x2
 178 0086 9201     		.2byte	0x192
 179 0088 48000000 		.4byte	0x48
 180 008c 04       		.uleb128 0x4
 181 008d E8010000 		.4byte	.LASF13
 182 0091 02       		.byte	0x2
 183 0092 9701     		.2byte	0x197
 184 0094 5D000000 		.4byte	0x5d
 185 0098 03       		.uleb128 0x3
 186 0099 08       		.byte	0x8
 187 009a 04       		.byte	0x4
 188 009b 7D010000 		.4byte	.LASF14
 189 009f 04       		.uleb128 0x4
 190 00a0 DA010000 		.4byte	.LASF15
 191 00a4 02       		.byte	0x2
 192 00a5 3C02     		.2byte	0x23c
 193 00a7 AB000000 		.4byte	0xab
 194 00ab 05       		.uleb128 0x5
 195 00ac 80000000 		.4byte	0x80
 196 00b0 06       		.uleb128 0x6
 197 00b1 0E000000 		.4byte	.LASF19
 198 00b5 01       		.byte	0x1
ARM GAS  C:\Users\Albert\AppData\Local\Temp\ccYpxCt4.s 			page 6


 199 00b6 2E       		.byte	0x2e
 200 00b7 00000000 		.4byte	.LFB0
 201 00bb 60000000 		.4byte	.LFE0-.LFB0
 202 00bf 01       		.uleb128 0x1
 203 00c0 9C       		.byte	0x9c
 204 00c1 D4000000 		.4byte	0xd4
 205 00c5 07       		.uleb128 0x7
 206 00c6 30000000 		.4byte	.LASF20
 207 00ca 01       		.byte	0x1
 208 00cb 30       		.byte	0x30
 209 00cc 80000000 		.4byte	0x80
 210 00d0 02       		.uleb128 0x2
 211 00d1 91       		.byte	0x91
 212 00d2 77       		.sleb128 -9
 213 00d3 00       		.byte	0
 214 00d4 08       		.uleb128 0x8
 215 00d5 A3010000 		.4byte	.LASF21
 216 00d9 01       		.byte	0x1
 217 00da 17       		.byte	0x17
 218 00db E5000000 		.4byte	0xe5
 219 00df 05       		.uleb128 0x5
 220 00e0 03       		.byte	0x3
 221 00e1 00000000 		.4byte	QuadDec_Shoulder_count32SoftPart
 222 00e5 05       		.uleb128 0x5
 223 00e6 8C000000 		.4byte	0x8c
 224 00ea 00       		.byte	0
 225              		.section	.debug_abbrev,"",%progbits
 226              	.Ldebug_abbrev0:
 227 0000 01       		.uleb128 0x1
 228 0001 11       		.uleb128 0x11
 229 0002 01       		.byte	0x1
 230 0003 25       		.uleb128 0x25
 231 0004 0E       		.uleb128 0xe
 232 0005 13       		.uleb128 0x13
 233 0006 0B       		.uleb128 0xb
 234 0007 03       		.uleb128 0x3
 235 0008 0E       		.uleb128 0xe
 236 0009 1B       		.uleb128 0x1b
 237 000a 0E       		.uleb128 0xe
 238 000b 55       		.uleb128 0x55
 239 000c 17       		.uleb128 0x17
 240 000d 11       		.uleb128 0x11
 241 000e 01       		.uleb128 0x1
 242 000f 10       		.uleb128 0x10
 243 0010 17       		.uleb128 0x17
 244 0011 00       		.byte	0
 245 0012 00       		.byte	0
 246 0013 02       		.uleb128 0x2
 247 0014 24       		.uleb128 0x24
 248 0015 00       		.byte	0
 249 0016 0B       		.uleb128 0xb
 250 0017 0B       		.uleb128 0xb
 251 0018 3E       		.uleb128 0x3e
 252 0019 0B       		.uleb128 0xb
 253 001a 03       		.uleb128 0x3
 254 001b 08       		.uleb128 0x8
 255 001c 00       		.byte	0
ARM GAS  C:\Users\Albert\AppData\Local\Temp\ccYpxCt4.s 			page 7


 256 001d 00       		.byte	0
 257 001e 03       		.uleb128 0x3
 258 001f 24       		.uleb128 0x24
 259 0020 00       		.byte	0
 260 0021 0B       		.uleb128 0xb
 261 0022 0B       		.uleb128 0xb
 262 0023 3E       		.uleb128 0x3e
 263 0024 0B       		.uleb128 0xb
 264 0025 03       		.uleb128 0x3
 265 0026 0E       		.uleb128 0xe
 266 0027 00       		.byte	0
 267 0028 00       		.byte	0
 268 0029 04       		.uleb128 0x4
 269 002a 16       		.uleb128 0x16
 270 002b 00       		.byte	0
 271 002c 03       		.uleb128 0x3
 272 002d 0E       		.uleb128 0xe
 273 002e 3A       		.uleb128 0x3a
 274 002f 0B       		.uleb128 0xb
 275 0030 3B       		.uleb128 0x3b
 276 0031 05       		.uleb128 0x5
 277 0032 49       		.uleb128 0x49
 278 0033 13       		.uleb128 0x13
 279 0034 00       		.byte	0
 280 0035 00       		.byte	0
 281 0036 05       		.uleb128 0x5
 282 0037 35       		.uleb128 0x35
 283 0038 00       		.byte	0
 284 0039 49       		.uleb128 0x49
 285 003a 13       		.uleb128 0x13
 286 003b 00       		.byte	0
 287 003c 00       		.byte	0
 288 003d 06       		.uleb128 0x6
 289 003e 2E       		.uleb128 0x2e
 290 003f 01       		.byte	0x1
 291 0040 3F       		.uleb128 0x3f
 292 0041 19       		.uleb128 0x19
 293 0042 03       		.uleb128 0x3
 294 0043 0E       		.uleb128 0xe
 295 0044 3A       		.uleb128 0x3a
 296 0045 0B       		.uleb128 0xb
 297 0046 3B       		.uleb128 0x3b
 298 0047 0B       		.uleb128 0xb
 299 0048 27       		.uleb128 0x27
 300 0049 19       		.uleb128 0x19
 301 004a 11       		.uleb128 0x11
 302 004b 01       		.uleb128 0x1
 303 004c 12       		.uleb128 0x12
 304 004d 06       		.uleb128 0x6
 305 004e 40       		.uleb128 0x40
 306 004f 18       		.uleb128 0x18
 307 0050 9742     		.uleb128 0x2117
 308 0052 19       		.uleb128 0x19
 309 0053 01       		.uleb128 0x1
 310 0054 13       		.uleb128 0x13
 311 0055 00       		.byte	0
 312 0056 00       		.byte	0
ARM GAS  C:\Users\Albert\AppData\Local\Temp\ccYpxCt4.s 			page 8


 313 0057 07       		.uleb128 0x7
 314 0058 34       		.uleb128 0x34
 315 0059 00       		.byte	0
 316 005a 03       		.uleb128 0x3
 317 005b 0E       		.uleb128 0xe
 318 005c 3A       		.uleb128 0x3a
 319 005d 0B       		.uleb128 0xb
 320 005e 3B       		.uleb128 0x3b
 321 005f 0B       		.uleb128 0xb
 322 0060 49       		.uleb128 0x49
 323 0061 13       		.uleb128 0x13
 324 0062 02       		.uleb128 0x2
 325 0063 18       		.uleb128 0x18
 326 0064 00       		.byte	0
 327 0065 00       		.byte	0
 328 0066 08       		.uleb128 0x8
 329 0067 34       		.uleb128 0x34
 330 0068 00       		.byte	0
 331 0069 03       		.uleb128 0x3
 332 006a 0E       		.uleb128 0xe
 333 006b 3A       		.uleb128 0x3a
 334 006c 0B       		.uleb128 0xb
 335 006d 3B       		.uleb128 0x3b
 336 006e 0B       		.uleb128 0xb
 337 006f 49       		.uleb128 0x49
 338 0070 13       		.uleb128 0x13
 339 0071 3F       		.uleb128 0x3f
 340 0072 19       		.uleb128 0x19
 341 0073 02       		.uleb128 0x2
 342 0074 18       		.uleb128 0x18
 343 0075 00       		.byte	0
 344 0076 00       		.byte	0
 345 0077 00       		.byte	0
 346              		.section	.debug_aranges,"",%progbits
 347 0000 1C000000 		.4byte	0x1c
 348 0004 0200     		.2byte	0x2
 349 0006 00000000 		.4byte	.Ldebug_info0
 350 000a 04       		.byte	0x4
 351 000b 00       		.byte	0
 352 000c 0000     		.2byte	0
 353 000e 0000     		.2byte	0
 354 0010 00000000 		.4byte	.LFB0
 355 0014 60000000 		.4byte	.LFE0-.LFB0
 356 0018 00000000 		.4byte	0
 357 001c 00000000 		.4byte	0
 358              		.section	.debug_ranges,"",%progbits
 359              	.Ldebug_ranges0:
 360 0000 00000000 		.4byte	.LFB0
 361 0004 60000000 		.4byte	.LFE0
 362 0008 00000000 		.4byte	0
 363 000c 00000000 		.4byte	0
 364              		.section	.debug_line,"",%progbits
 365              	.Ldebug_line0:
 366 0000 72000000 		.section	.debug_str,"MS",%progbits,1
 366      02005100 
 366      00000201 
 366      FB0E0D00 
ARM GAS  C:\Users\Albert\AppData\Local\Temp\ccYpxCt4.s 			page 9


 366      01010101 
 367              	.LASF1:
 368 0000 6C6F6E67 		.ascii	"long long int\000"
 368      206C6F6E 
 368      6720696E 
 368      7400
 369              	.LASF19:
 370 000e 51756164 		.ascii	"QuadDec_Shoulder_ISR\000"
 370      4465635F 
 370      53686F75 
 370      6C646572 
 370      5F495352 
 371              	.LASF0:
 372 0023 756E7369 		.ascii	"unsigned int\000"
 372      676E6564 
 372      20696E74 
 372      00
 373              	.LASF20:
 374 0030 51756164 		.ascii	"QuadDec_Shoulder_swStatus\000"
 374      4465635F 
 374      53686F75 
 374      6C646572 
 374      5F737753 
 375              	.LASF12:
 376 004a 75696E74 		.ascii	"uint8\000"
 376      3800
 377              	.LASF8:
 378 0050 6C6F6E67 		.ascii	"long unsigned int\000"
 378      20756E73 
 378      69676E65 
 378      6420696E 
 378      7400
 379              	.LASF9:
 380 0062 6C6F6E67 		.ascii	"long long unsigned int\000"
 380      206C6F6E 
 380      6720756E 
 380      7369676E 
 380      65642069 
 381              	.LASF11:
 382 0079 63686172 		.ascii	"char\000"
 382      00
 383              	.LASF16:
 384 007e 474E5520 		.ascii	"GNU C11 5.4.1 20160609 (release) [ARM/embedded-5-br"
 384      43313120 
 384      352E342E 
 384      31203230 
 384      31363036 
 385 00b1 616E6368 		.ascii	"anch revision 237715] -mcpu=cortex-m3 -mthumb -g -O"
 385      20726576 
 385      6973696F 
 385      6E203233 
 385      37373135 
 386 00e4 30202D66 		.ascii	"0 -ffunction-sections -ffat-lto-objects\000"
 386      66756E63 
 386      74696F6E 
 386      2D736563 
 386      74696F6E 
ARM GAS  C:\Users\Albert\AppData\Local\Temp\ccYpxCt4.s 			page 10


 387              	.LASF4:
 388 010c 756E7369 		.ascii	"unsigned char\000"
 388      676E6564 
 388      20636861 
 388      7200
 389              	.LASF17:
 390 011a 47656E65 		.ascii	"Generated_Source\\PSoC5\\QuadDec_Shoulder_INT.c\000"
 390      72617465 
 390      645F536F 
 390      75726365 
 390      5C50536F 
 391              	.LASF18:
 392 0148 433A5C55 		.ascii	"C:\\Users\\Albert\\Documents\\6115_fp\\IWP.cydsn\000"
 392      73657273 
 392      5C416C62 
 392      6572745C 
 392      446F6375 
 393              	.LASF7:
 394 0174 6C6F6E67 		.ascii	"long int\000"
 394      20696E74 
 394      00
 395              	.LASF14:
 396 017d 646F7562 		.ascii	"double\000"
 396      6C6500
 397              	.LASF6:
 398 0184 73686F72 		.ascii	"short unsigned int\000"
 398      7420756E 
 398      7369676E 
 398      65642069 
 398      6E7400
 399              	.LASF3:
 400 0197 7369676E 		.ascii	"signed char\000"
 400      65642063 
 400      68617200 
 401              	.LASF21:
 402 01a3 51756164 		.ascii	"QuadDec_Shoulder_count32SoftPart\000"
 402      4465635F 
 402      53686F75 
 402      6C646572 
 402      5F636F75 
 403              	.LASF2:
 404 01c4 6C6F6E67 		.ascii	"long double\000"
 404      20646F75 
 404      626C6500 
 405              	.LASF5:
 406 01d0 73686F72 		.ascii	"short int\000"
 406      7420696E 
 406      7400
 407              	.LASF15:
 408 01da 72656738 		.ascii	"reg8\000"
 408      00
 409              	.LASF10:
 410 01df 73697A65 		.ascii	"sizetype\000"
 410      74797065 
 410      00
 411              	.LASF13:
 412 01e8 696E7433 		.ascii	"int32\000"
ARM GAS  C:\Users\Albert\AppData\Local\Temp\ccYpxCt4.s 			page 11


 412      3200
 413              		.ident	"GCC: (GNU Tools for ARM Embedded Processors) 5.4.1 20160609 (release) [ARM/embedded-5-bran
