ARM GAS  C:\Users\Albert\AppData\Local\Temp\ccEVun4w.s 			page 1


   1              		.syntax unified
   2              		.cpu cortex-m3
   3              		.fpu softvfp
   4              		.eabi_attribute 20, 1
   5              		.eabi_attribute 21, 1
   6              		.eabi_attribute 23, 3
   7              		.eabi_attribute 24, 1
   8              		.eabi_attribute 25, 1
   9              		.eabi_attribute 26, 1
  10              		.eabi_attribute 30, 6
  11              		.eabi_attribute 34, 1
  12              		.eabi_attribute 18, 4
  13              		.thumb
  14              		.syntax unified
  15              		.file	"QuadDec_Motor_Cnt8_PM.c"
  16              		.text
  17              	.Ltext0:
  18              		.cfi_sections	.debug_frame
  19              		.bss
  20              		.align	2
  21              	QuadDec_Motor_Cnt8_backup:
  22 0000 000000   		.space	3
  23              		.section	.text.QuadDec_Motor_Cnt8_SaveConfig,"ax",%progbits
  24              		.align	2
  25              		.global	QuadDec_Motor_Cnt8_SaveConfig
  26              		.thumb
  27              		.thumb_func
  28              		.type	QuadDec_Motor_Cnt8_SaveConfig, %function
  29              	QuadDec_Motor_Cnt8_SaveConfig:
  30              	.LFB0:
  31              		.file 1 "Generated_Source\\PSoC5\\QuadDec_Motor_Cnt8_PM.c"
   1:Generated_Source\PSoC5/QuadDec_Motor_Cnt8_PM.c **** /*******************************************************************************
   2:Generated_Source\PSoC5/QuadDec_Motor_Cnt8_PM.c **** * File Name: QuadDec_Motor_Cnt8_PM.c  
   3:Generated_Source\PSoC5/QuadDec_Motor_Cnt8_PM.c **** * Version 3.0
   4:Generated_Source\PSoC5/QuadDec_Motor_Cnt8_PM.c **** *
   5:Generated_Source\PSoC5/QuadDec_Motor_Cnt8_PM.c **** *  Description:
   6:Generated_Source\PSoC5/QuadDec_Motor_Cnt8_PM.c **** *    This file provides the power management source code to API for the
   7:Generated_Source\PSoC5/QuadDec_Motor_Cnt8_PM.c **** *    Counter.  
   8:Generated_Source\PSoC5/QuadDec_Motor_Cnt8_PM.c **** *
   9:Generated_Source\PSoC5/QuadDec_Motor_Cnt8_PM.c **** *   Note:
  10:Generated_Source\PSoC5/QuadDec_Motor_Cnt8_PM.c **** *     None
  11:Generated_Source\PSoC5/QuadDec_Motor_Cnt8_PM.c **** *
  12:Generated_Source\PSoC5/QuadDec_Motor_Cnt8_PM.c **** ********************************************************************************
  13:Generated_Source\PSoC5/QuadDec_Motor_Cnt8_PM.c **** * Copyright 2008-2012, Cypress Semiconductor Corporation.  All rights reserved.
  14:Generated_Source\PSoC5/QuadDec_Motor_Cnt8_PM.c **** * You may use this file only in accordance with the license, terms, conditions, 
  15:Generated_Source\PSoC5/QuadDec_Motor_Cnt8_PM.c **** * disclaimers, and limitations in the end user license agreement accompanying 
  16:Generated_Source\PSoC5/QuadDec_Motor_Cnt8_PM.c **** * the software package with which this file was provided.
  17:Generated_Source\PSoC5/QuadDec_Motor_Cnt8_PM.c **** *******************************************************************************/
  18:Generated_Source\PSoC5/QuadDec_Motor_Cnt8_PM.c **** 
  19:Generated_Source\PSoC5/QuadDec_Motor_Cnt8_PM.c **** #include "QuadDec_Motor_Cnt8.h"
  20:Generated_Source\PSoC5/QuadDec_Motor_Cnt8_PM.c **** 
  21:Generated_Source\PSoC5/QuadDec_Motor_Cnt8_PM.c **** static QuadDec_Motor_Cnt8_backupStruct QuadDec_Motor_Cnt8_backup;
  22:Generated_Source\PSoC5/QuadDec_Motor_Cnt8_PM.c **** 
  23:Generated_Source\PSoC5/QuadDec_Motor_Cnt8_PM.c **** 
  24:Generated_Source\PSoC5/QuadDec_Motor_Cnt8_PM.c **** /*******************************************************************************
  25:Generated_Source\PSoC5/QuadDec_Motor_Cnt8_PM.c **** * Function Name: QuadDec_Motor_Cnt8_SaveConfig
  26:Generated_Source\PSoC5/QuadDec_Motor_Cnt8_PM.c **** ********************************************************************************
ARM GAS  C:\Users\Albert\AppData\Local\Temp\ccEVun4w.s 			page 2


  27:Generated_Source\PSoC5/QuadDec_Motor_Cnt8_PM.c **** * Summary:
  28:Generated_Source\PSoC5/QuadDec_Motor_Cnt8_PM.c **** *     Save the current user configuration
  29:Generated_Source\PSoC5/QuadDec_Motor_Cnt8_PM.c **** *
  30:Generated_Source\PSoC5/QuadDec_Motor_Cnt8_PM.c **** * Parameters:  
  31:Generated_Source\PSoC5/QuadDec_Motor_Cnt8_PM.c **** *  void
  32:Generated_Source\PSoC5/QuadDec_Motor_Cnt8_PM.c **** *
  33:Generated_Source\PSoC5/QuadDec_Motor_Cnt8_PM.c **** * Return: 
  34:Generated_Source\PSoC5/QuadDec_Motor_Cnt8_PM.c **** *  void
  35:Generated_Source\PSoC5/QuadDec_Motor_Cnt8_PM.c **** *
  36:Generated_Source\PSoC5/QuadDec_Motor_Cnt8_PM.c **** * Global variables:
  37:Generated_Source\PSoC5/QuadDec_Motor_Cnt8_PM.c **** *  QuadDec_Motor_Cnt8_backup:  Variables of this global structure are modified to 
  38:Generated_Source\PSoC5/QuadDec_Motor_Cnt8_PM.c **** *  store the values of non retention configuration registers when Sleep() API is 
  39:Generated_Source\PSoC5/QuadDec_Motor_Cnt8_PM.c **** *  called.
  40:Generated_Source\PSoC5/QuadDec_Motor_Cnt8_PM.c **** *
  41:Generated_Source\PSoC5/QuadDec_Motor_Cnt8_PM.c **** *******************************************************************************/
  42:Generated_Source\PSoC5/QuadDec_Motor_Cnt8_PM.c **** void QuadDec_Motor_Cnt8_SaveConfig(void) 
  43:Generated_Source\PSoC5/QuadDec_Motor_Cnt8_PM.c **** {
  32              		.loc 1 43 0
  33              		.cfi_startproc
  34              		@ args = 0, pretend = 0, frame = 0
  35              		@ frame_needed = 1, uses_anonymous_args = 0
  36 0000 80B5     		push	{r7, lr}
  37              		.cfi_def_cfa_offset 8
  38              		.cfi_offset 7, -8
  39              		.cfi_offset 14, -4
  40 0002 00AF     		add	r7, sp, #0
  41              		.cfi_def_cfa_register 7
  44:Generated_Source\PSoC5/QuadDec_Motor_Cnt8_PM.c ****     #if (!QuadDec_Motor_Cnt8_UsingFixedFunction)
  45:Generated_Source\PSoC5/QuadDec_Motor_Cnt8_PM.c **** 
  46:Generated_Source\PSoC5/QuadDec_Motor_Cnt8_PM.c ****         QuadDec_Motor_Cnt8_backup.CounterUdb = QuadDec_Motor_Cnt8_ReadCounter();
  42              		.loc 1 46 0
  43 0004 FFF7FEFF 		bl	QuadDec_Motor_Cnt8_ReadCounter
  44 0008 0346     		mov	r3, r0
  45 000a 1A46     		mov	r2, r3
  46 000c 044B     		ldr	r3, .L2
  47 000e 5A70     		strb	r2, [r3, #1]
  47:Generated_Source\PSoC5/QuadDec_Motor_Cnt8_PM.c **** 
  48:Generated_Source\PSoC5/QuadDec_Motor_Cnt8_PM.c ****         #if(!QuadDec_Motor_Cnt8_ControlRegRemoved)
  49:Generated_Source\PSoC5/QuadDec_Motor_Cnt8_PM.c ****             QuadDec_Motor_Cnt8_backup.CounterControlRegister = QuadDec_Motor_Cnt8_ReadControlRegist
  48              		.loc 1 49 0
  49 0010 FFF7FEFF 		bl	QuadDec_Motor_Cnt8_ReadControlRegister
  50 0014 0346     		mov	r3, r0
  51 0016 1A46     		mov	r2, r3
  52 0018 014B     		ldr	r3, .L2
  53 001a 9A70     		strb	r2, [r3, #2]
  50:Generated_Source\PSoC5/QuadDec_Motor_Cnt8_PM.c ****         #endif /* (!QuadDec_Motor_Cnt8_ControlRegRemoved) */
  51:Generated_Source\PSoC5/QuadDec_Motor_Cnt8_PM.c **** 
  52:Generated_Source\PSoC5/QuadDec_Motor_Cnt8_PM.c ****     #endif /* (!QuadDec_Motor_Cnt8_UsingFixedFunction) */
  53:Generated_Source\PSoC5/QuadDec_Motor_Cnt8_PM.c **** }
  54              		.loc 1 53 0
  55 001c 00BF     		nop
  56 001e 80BD     		pop	{r7, pc}
  57              	.L3:
  58              		.align	2
  59              	.L2:
  60 0020 00000000 		.word	QuadDec_Motor_Cnt8_backup
  61              		.cfi_endproc
ARM GAS  C:\Users\Albert\AppData\Local\Temp\ccEVun4w.s 			page 3


  62              	.LFE0:
  63              		.size	QuadDec_Motor_Cnt8_SaveConfig, .-QuadDec_Motor_Cnt8_SaveConfig
  64              		.section	.text.QuadDec_Motor_Cnt8_RestoreConfig,"ax",%progbits
  65              		.align	2
  66              		.global	QuadDec_Motor_Cnt8_RestoreConfig
  67              		.thumb
  68              		.thumb_func
  69              		.type	QuadDec_Motor_Cnt8_RestoreConfig, %function
  70              	QuadDec_Motor_Cnt8_RestoreConfig:
  71              	.LFB1:
  54:Generated_Source\PSoC5/QuadDec_Motor_Cnt8_PM.c **** 
  55:Generated_Source\PSoC5/QuadDec_Motor_Cnt8_PM.c **** 
  56:Generated_Source\PSoC5/QuadDec_Motor_Cnt8_PM.c **** /*******************************************************************************
  57:Generated_Source\PSoC5/QuadDec_Motor_Cnt8_PM.c **** * Function Name: QuadDec_Motor_Cnt8_RestoreConfig
  58:Generated_Source\PSoC5/QuadDec_Motor_Cnt8_PM.c **** ********************************************************************************
  59:Generated_Source\PSoC5/QuadDec_Motor_Cnt8_PM.c **** *
  60:Generated_Source\PSoC5/QuadDec_Motor_Cnt8_PM.c **** * Summary:
  61:Generated_Source\PSoC5/QuadDec_Motor_Cnt8_PM.c **** *  Restores the current user configuration.
  62:Generated_Source\PSoC5/QuadDec_Motor_Cnt8_PM.c **** *
  63:Generated_Source\PSoC5/QuadDec_Motor_Cnt8_PM.c **** * Parameters:  
  64:Generated_Source\PSoC5/QuadDec_Motor_Cnt8_PM.c **** *  void
  65:Generated_Source\PSoC5/QuadDec_Motor_Cnt8_PM.c **** *
  66:Generated_Source\PSoC5/QuadDec_Motor_Cnt8_PM.c **** * Return: 
  67:Generated_Source\PSoC5/QuadDec_Motor_Cnt8_PM.c **** *  void
  68:Generated_Source\PSoC5/QuadDec_Motor_Cnt8_PM.c **** *
  69:Generated_Source\PSoC5/QuadDec_Motor_Cnt8_PM.c **** * Global variables:
  70:Generated_Source\PSoC5/QuadDec_Motor_Cnt8_PM.c **** *  QuadDec_Motor_Cnt8_backup:  Variables of this global structure are used to 
  71:Generated_Source\PSoC5/QuadDec_Motor_Cnt8_PM.c **** *  restore the values of non retention registers on wakeup from sleep mode.
  72:Generated_Source\PSoC5/QuadDec_Motor_Cnt8_PM.c **** *
  73:Generated_Source\PSoC5/QuadDec_Motor_Cnt8_PM.c **** *******************************************************************************/
  74:Generated_Source\PSoC5/QuadDec_Motor_Cnt8_PM.c **** void QuadDec_Motor_Cnt8_RestoreConfig(void) 
  75:Generated_Source\PSoC5/QuadDec_Motor_Cnt8_PM.c **** {      
  72              		.loc 1 75 0
  73              		.cfi_startproc
  74              		@ args = 0, pretend = 0, frame = 0
  75              		@ frame_needed = 1, uses_anonymous_args = 0
  76 0000 80B5     		push	{r7, lr}
  77              		.cfi_def_cfa_offset 8
  78              		.cfi_offset 7, -8
  79              		.cfi_offset 14, -4
  80 0002 00AF     		add	r7, sp, #0
  81              		.cfi_def_cfa_register 7
  76:Generated_Source\PSoC5/QuadDec_Motor_Cnt8_PM.c ****     #if (!QuadDec_Motor_Cnt8_UsingFixedFunction)
  77:Generated_Source\PSoC5/QuadDec_Motor_Cnt8_PM.c **** 
  78:Generated_Source\PSoC5/QuadDec_Motor_Cnt8_PM.c ****        QuadDec_Motor_Cnt8_WriteCounter(QuadDec_Motor_Cnt8_backup.CounterUdb);
  82              		.loc 1 78 0
  83 0004 054B     		ldr	r3, .L5
  84 0006 5B78     		ldrb	r3, [r3, #1]	@ zero_extendqisi2
  85 0008 1846     		mov	r0, r3
  86 000a FFF7FEFF 		bl	QuadDec_Motor_Cnt8_WriteCounter
  79:Generated_Source\PSoC5/QuadDec_Motor_Cnt8_PM.c **** 
  80:Generated_Source\PSoC5/QuadDec_Motor_Cnt8_PM.c ****         #if(!QuadDec_Motor_Cnt8_ControlRegRemoved)
  81:Generated_Source\PSoC5/QuadDec_Motor_Cnt8_PM.c ****             QuadDec_Motor_Cnt8_WriteControlRegister(QuadDec_Motor_Cnt8_backup.CounterControlRegiste
  87              		.loc 1 81 0
  88 000e 034B     		ldr	r3, .L5
  89 0010 9B78     		ldrb	r3, [r3, #2]	@ zero_extendqisi2
  90 0012 1846     		mov	r0, r3
ARM GAS  C:\Users\Albert\AppData\Local\Temp\ccEVun4w.s 			page 4


  91 0014 FFF7FEFF 		bl	QuadDec_Motor_Cnt8_WriteControlRegister
  82:Generated_Source\PSoC5/QuadDec_Motor_Cnt8_PM.c ****         #endif /* (!QuadDec_Motor_Cnt8_ControlRegRemoved) */
  83:Generated_Source\PSoC5/QuadDec_Motor_Cnt8_PM.c **** 
  84:Generated_Source\PSoC5/QuadDec_Motor_Cnt8_PM.c ****     #endif /* (!QuadDec_Motor_Cnt8_UsingFixedFunction) */
  85:Generated_Source\PSoC5/QuadDec_Motor_Cnt8_PM.c **** }
  92              		.loc 1 85 0
  93 0018 00BF     		nop
  94 001a 80BD     		pop	{r7, pc}
  95              	.L6:
  96              		.align	2
  97              	.L5:
  98 001c 00000000 		.word	QuadDec_Motor_Cnt8_backup
  99              		.cfi_endproc
 100              	.LFE1:
 101              		.size	QuadDec_Motor_Cnt8_RestoreConfig, .-QuadDec_Motor_Cnt8_RestoreConfig
 102              		.section	.text.QuadDec_Motor_Cnt8_Sleep,"ax",%progbits
 103              		.align	2
 104              		.global	QuadDec_Motor_Cnt8_Sleep
 105              		.thumb
 106              		.thumb_func
 107              		.type	QuadDec_Motor_Cnt8_Sleep, %function
 108              	QuadDec_Motor_Cnt8_Sleep:
 109              	.LFB2:
  86:Generated_Source\PSoC5/QuadDec_Motor_Cnt8_PM.c **** 
  87:Generated_Source\PSoC5/QuadDec_Motor_Cnt8_PM.c **** 
  88:Generated_Source\PSoC5/QuadDec_Motor_Cnt8_PM.c **** /*******************************************************************************
  89:Generated_Source\PSoC5/QuadDec_Motor_Cnt8_PM.c **** * Function Name: QuadDec_Motor_Cnt8_Sleep
  90:Generated_Source\PSoC5/QuadDec_Motor_Cnt8_PM.c **** ********************************************************************************
  91:Generated_Source\PSoC5/QuadDec_Motor_Cnt8_PM.c **** * Summary:
  92:Generated_Source\PSoC5/QuadDec_Motor_Cnt8_PM.c **** *     Stop and Save the user configuration
  93:Generated_Source\PSoC5/QuadDec_Motor_Cnt8_PM.c **** *
  94:Generated_Source\PSoC5/QuadDec_Motor_Cnt8_PM.c **** * Parameters:  
  95:Generated_Source\PSoC5/QuadDec_Motor_Cnt8_PM.c **** *  void
  96:Generated_Source\PSoC5/QuadDec_Motor_Cnt8_PM.c **** *
  97:Generated_Source\PSoC5/QuadDec_Motor_Cnt8_PM.c **** * Return: 
  98:Generated_Source\PSoC5/QuadDec_Motor_Cnt8_PM.c **** *  void
  99:Generated_Source\PSoC5/QuadDec_Motor_Cnt8_PM.c **** *
 100:Generated_Source\PSoC5/QuadDec_Motor_Cnt8_PM.c **** * Global variables:
 101:Generated_Source\PSoC5/QuadDec_Motor_Cnt8_PM.c **** *  QuadDec_Motor_Cnt8_backup.enableState:  Is modified depending on the enable 
 102:Generated_Source\PSoC5/QuadDec_Motor_Cnt8_PM.c **** *  state of the block before entering sleep mode.
 103:Generated_Source\PSoC5/QuadDec_Motor_Cnt8_PM.c **** *
 104:Generated_Source\PSoC5/QuadDec_Motor_Cnt8_PM.c **** *******************************************************************************/
 105:Generated_Source\PSoC5/QuadDec_Motor_Cnt8_PM.c **** void QuadDec_Motor_Cnt8_Sleep(void) 
 106:Generated_Source\PSoC5/QuadDec_Motor_Cnt8_PM.c **** {
 110              		.loc 1 106 0
 111              		.cfi_startproc
 112              		@ args = 0, pretend = 0, frame = 0
 113              		@ frame_needed = 1, uses_anonymous_args = 0
 114 0000 80B5     		push	{r7, lr}
 115              		.cfi_def_cfa_offset 8
 116              		.cfi_offset 7, -8
 117              		.cfi_offset 14, -4
 118 0002 00AF     		add	r7, sp, #0
 119              		.cfi_def_cfa_register 7
 107:Generated_Source\PSoC5/QuadDec_Motor_Cnt8_PM.c ****     #if(!QuadDec_Motor_Cnt8_ControlRegRemoved)
 108:Generated_Source\PSoC5/QuadDec_Motor_Cnt8_PM.c ****         /* Save Counter's enable state */
 109:Generated_Source\PSoC5/QuadDec_Motor_Cnt8_PM.c ****         if(QuadDec_Motor_Cnt8_CTRL_ENABLE == (QuadDec_Motor_Cnt8_CONTROL & QuadDec_Motor_Cnt8_CTRL_
ARM GAS  C:\Users\Albert\AppData\Local\Temp\ccEVun4w.s 			page 5


 120              		.loc 1 109 0
 121 0004 094B     		ldr	r3, .L10
 122 0006 1B78     		ldrb	r3, [r3]
 123 0008 DBB2     		uxtb	r3, r3
 124 000a 5BB2     		sxtb	r3, r3
 125 000c 002B     		cmp	r3, #0
 126 000e 03DA     		bge	.L8
 110:Generated_Source\PSoC5/QuadDec_Motor_Cnt8_PM.c ****         {
 111:Generated_Source\PSoC5/QuadDec_Motor_Cnt8_PM.c ****             /* Counter is enabled */
 112:Generated_Source\PSoC5/QuadDec_Motor_Cnt8_PM.c ****             QuadDec_Motor_Cnt8_backup.CounterEnableState = 1u;
 127              		.loc 1 112 0
 128 0010 074B     		ldr	r3, .L10+4
 129 0012 0122     		movs	r2, #1
 130 0014 1A70     		strb	r2, [r3]
 131 0016 02E0     		b	.L9
 132              	.L8:
 113:Generated_Source\PSoC5/QuadDec_Motor_Cnt8_PM.c ****         }
 114:Generated_Source\PSoC5/QuadDec_Motor_Cnt8_PM.c ****         else
 115:Generated_Source\PSoC5/QuadDec_Motor_Cnt8_PM.c ****         {
 116:Generated_Source\PSoC5/QuadDec_Motor_Cnt8_PM.c ****             /* Counter is disabled */
 117:Generated_Source\PSoC5/QuadDec_Motor_Cnt8_PM.c ****             QuadDec_Motor_Cnt8_backup.CounterEnableState = 0u;
 133              		.loc 1 117 0
 134 0018 054B     		ldr	r3, .L10+4
 135 001a 0022     		movs	r2, #0
 136 001c 1A70     		strb	r2, [r3]
 137              	.L9:
 118:Generated_Source\PSoC5/QuadDec_Motor_Cnt8_PM.c ****         }
 119:Generated_Source\PSoC5/QuadDec_Motor_Cnt8_PM.c ****     #else
 120:Generated_Source\PSoC5/QuadDec_Motor_Cnt8_PM.c ****         QuadDec_Motor_Cnt8_backup.CounterEnableState = 1u;
 121:Generated_Source\PSoC5/QuadDec_Motor_Cnt8_PM.c ****         if(QuadDec_Motor_Cnt8_backup.CounterEnableState != 0u)
 122:Generated_Source\PSoC5/QuadDec_Motor_Cnt8_PM.c ****         {
 123:Generated_Source\PSoC5/QuadDec_Motor_Cnt8_PM.c ****             QuadDec_Motor_Cnt8_backup.CounterEnableState = 0u;
 124:Generated_Source\PSoC5/QuadDec_Motor_Cnt8_PM.c ****         }
 125:Generated_Source\PSoC5/QuadDec_Motor_Cnt8_PM.c ****     #endif /* (!QuadDec_Motor_Cnt8_ControlRegRemoved) */
 126:Generated_Source\PSoC5/QuadDec_Motor_Cnt8_PM.c ****     
 127:Generated_Source\PSoC5/QuadDec_Motor_Cnt8_PM.c ****     QuadDec_Motor_Cnt8_Stop();
 138              		.loc 1 127 0
 139 001e FFF7FEFF 		bl	QuadDec_Motor_Cnt8_Stop
 128:Generated_Source\PSoC5/QuadDec_Motor_Cnt8_PM.c ****     QuadDec_Motor_Cnt8_SaveConfig();
 140              		.loc 1 128 0
 141 0022 FFF7FEFF 		bl	QuadDec_Motor_Cnt8_SaveConfig
 129:Generated_Source\PSoC5/QuadDec_Motor_Cnt8_PM.c **** }
 142              		.loc 1 129 0
 143 0026 00BF     		nop
 144 0028 80BD     		pop	{r7, pc}
 145              	.L11:
 146 002a 00BF     		.align	2
 147              	.L10:
 148 002c 7C640040 		.word	1073767548
 149 0030 00000000 		.word	QuadDec_Motor_Cnt8_backup
 150              		.cfi_endproc
 151              	.LFE2:
 152              		.size	QuadDec_Motor_Cnt8_Sleep, .-QuadDec_Motor_Cnt8_Sleep
 153              		.section	.text.QuadDec_Motor_Cnt8_Wakeup,"ax",%progbits
 154              		.align	2
 155              		.global	QuadDec_Motor_Cnt8_Wakeup
 156              		.thumb
ARM GAS  C:\Users\Albert\AppData\Local\Temp\ccEVun4w.s 			page 6


 157              		.thumb_func
 158              		.type	QuadDec_Motor_Cnt8_Wakeup, %function
 159              	QuadDec_Motor_Cnt8_Wakeup:
 160              	.LFB3:
 130:Generated_Source\PSoC5/QuadDec_Motor_Cnt8_PM.c **** 
 131:Generated_Source\PSoC5/QuadDec_Motor_Cnt8_PM.c **** 
 132:Generated_Source\PSoC5/QuadDec_Motor_Cnt8_PM.c **** /*******************************************************************************
 133:Generated_Source\PSoC5/QuadDec_Motor_Cnt8_PM.c **** * Function Name: QuadDec_Motor_Cnt8_Wakeup
 134:Generated_Source\PSoC5/QuadDec_Motor_Cnt8_PM.c **** ********************************************************************************
 135:Generated_Source\PSoC5/QuadDec_Motor_Cnt8_PM.c **** *
 136:Generated_Source\PSoC5/QuadDec_Motor_Cnt8_PM.c **** * Summary:
 137:Generated_Source\PSoC5/QuadDec_Motor_Cnt8_PM.c **** *  Restores and enables the user configuration
 138:Generated_Source\PSoC5/QuadDec_Motor_Cnt8_PM.c **** *  
 139:Generated_Source\PSoC5/QuadDec_Motor_Cnt8_PM.c **** * Parameters:  
 140:Generated_Source\PSoC5/QuadDec_Motor_Cnt8_PM.c **** *  void
 141:Generated_Source\PSoC5/QuadDec_Motor_Cnt8_PM.c **** *
 142:Generated_Source\PSoC5/QuadDec_Motor_Cnt8_PM.c **** * Return: 
 143:Generated_Source\PSoC5/QuadDec_Motor_Cnt8_PM.c **** *  void
 144:Generated_Source\PSoC5/QuadDec_Motor_Cnt8_PM.c **** *
 145:Generated_Source\PSoC5/QuadDec_Motor_Cnt8_PM.c **** * Global variables:
 146:Generated_Source\PSoC5/QuadDec_Motor_Cnt8_PM.c **** *  QuadDec_Motor_Cnt8_backup.enableState:  Is used to restore the enable state of 
 147:Generated_Source\PSoC5/QuadDec_Motor_Cnt8_PM.c **** *  block on wakeup from sleep mode.
 148:Generated_Source\PSoC5/QuadDec_Motor_Cnt8_PM.c **** *
 149:Generated_Source\PSoC5/QuadDec_Motor_Cnt8_PM.c **** *******************************************************************************/
 150:Generated_Source\PSoC5/QuadDec_Motor_Cnt8_PM.c **** void QuadDec_Motor_Cnt8_Wakeup(void) 
 151:Generated_Source\PSoC5/QuadDec_Motor_Cnt8_PM.c **** {
 161              		.loc 1 151 0
 162              		.cfi_startproc
 163              		@ args = 0, pretend = 0, frame = 0
 164              		@ frame_needed = 1, uses_anonymous_args = 0
 165 0000 80B5     		push	{r7, lr}
 166              		.cfi_def_cfa_offset 8
 167              		.cfi_offset 7, -8
 168              		.cfi_offset 14, -4
 169 0002 00AF     		add	r7, sp, #0
 170              		.cfi_def_cfa_register 7
 152:Generated_Source\PSoC5/QuadDec_Motor_Cnt8_PM.c ****     QuadDec_Motor_Cnt8_RestoreConfig();
 171              		.loc 1 152 0
 172 0004 FFF7FEFF 		bl	QuadDec_Motor_Cnt8_RestoreConfig
 153:Generated_Source\PSoC5/QuadDec_Motor_Cnt8_PM.c ****     #if(!QuadDec_Motor_Cnt8_ControlRegRemoved)
 154:Generated_Source\PSoC5/QuadDec_Motor_Cnt8_PM.c ****         if(QuadDec_Motor_Cnt8_backup.CounterEnableState == 1u)
 173              		.loc 1 154 0
 174 0008 034B     		ldr	r3, .L15
 175 000a 1B78     		ldrb	r3, [r3]	@ zero_extendqisi2
 176 000c 012B     		cmp	r3, #1
 177 000e 01D1     		bne	.L14
 155:Generated_Source\PSoC5/QuadDec_Motor_Cnt8_PM.c ****         {
 156:Generated_Source\PSoC5/QuadDec_Motor_Cnt8_PM.c ****             /* Enable Counter's operation */
 157:Generated_Source\PSoC5/QuadDec_Motor_Cnt8_PM.c ****             QuadDec_Motor_Cnt8_Enable();
 178              		.loc 1 157 0
 179 0010 FFF7FEFF 		bl	QuadDec_Motor_Cnt8_Enable
 180              	.L14:
 158:Generated_Source\PSoC5/QuadDec_Motor_Cnt8_PM.c ****         } /* Do nothing if Counter was disabled before */    
 159:Generated_Source\PSoC5/QuadDec_Motor_Cnt8_PM.c ****     #endif /* (!QuadDec_Motor_Cnt8_ControlRegRemoved) */
 160:Generated_Source\PSoC5/QuadDec_Motor_Cnt8_PM.c ****     
 161:Generated_Source\PSoC5/QuadDec_Motor_Cnt8_PM.c **** }
 181              		.loc 1 161 0
ARM GAS  C:\Users\Albert\AppData\Local\Temp\ccEVun4w.s 			page 7


 182 0014 00BF     		nop
 183 0016 80BD     		pop	{r7, pc}
 184              	.L16:
 185              		.align	2
 186              	.L15:
 187 0018 00000000 		.word	QuadDec_Motor_Cnt8_backup
 188              		.cfi_endproc
 189              	.LFE3:
 190              		.size	QuadDec_Motor_Cnt8_Wakeup, .-QuadDec_Motor_Cnt8_Wakeup
 191              		.text
 192              	.Letext0:
 193              		.file 2 "Generated_Source\\PSoC5\\cytypes.h"
 194              		.file 3 "Generated_Source\\PSoC5\\QuadDec_Motor_Cnt8.h"
 195              		.section	.debug_info,"",%progbits
 196              	.Ldebug_info0:
 197 0000 35010000 		.4byte	0x135
 198 0004 0400     		.2byte	0x4
 199 0006 00000000 		.4byte	.Ldebug_abbrev0
 200 000a 04       		.byte	0x4
 201 000b 01       		.uleb128 0x1
 202 000c F1000000 		.4byte	.LASF24
 203 0010 0C       		.byte	0xc
 204 0011 1B000000 		.4byte	.LASF25
 205 0015 9B010000 		.4byte	.LASF26
 206 0019 00000000 		.4byte	.Ldebug_ranges0+0
 207 001d 00000000 		.4byte	0
 208 0021 00000000 		.4byte	.Ldebug_line0
 209 0025 02       		.uleb128 0x2
 210 0026 01       		.byte	0x1
 211 0027 06       		.byte	0x6
 212 0028 17020000 		.4byte	.LASF0
 213 002c 02       		.uleb128 0x2
 214 002d 01       		.byte	0x1
 215 002e 08       		.byte	0x8
 216 002f 23020000 		.4byte	.LASF1
 217 0033 02       		.uleb128 0x2
 218 0034 02       		.byte	0x2
 219 0035 05       		.byte	0x5
 220 0036 5D020000 		.4byte	.LASF2
 221 003a 02       		.uleb128 0x2
 222 003b 02       		.byte	0x2
 223 003c 07       		.byte	0x7
 224 003d 04020000 		.4byte	.LASF3
 225 0041 02       		.uleb128 0x2
 226 0042 04       		.byte	0x4
 227 0043 05       		.byte	0x5
 228 0044 C7010000 		.4byte	.LASF4
 229 0048 02       		.uleb128 0x2
 230 0049 04       		.byte	0x4
 231 004a 07       		.byte	0x7
 232 004b A4000000 		.4byte	.LASF5
 233 004f 02       		.uleb128 0x2
 234 0050 08       		.byte	0x8
 235 0051 05       		.byte	0x5
 236 0052 00000000 		.4byte	.LASF6
 237 0056 02       		.uleb128 0x2
 238 0057 08       		.byte	0x8
ARM GAS  C:\Users\Albert\AppData\Local\Temp\ccEVun4w.s 			page 8


 239 0058 07       		.byte	0x7
 240 0059 D4000000 		.4byte	.LASF7
 241 005d 03       		.uleb128 0x3
 242 005e 04       		.byte	0x4
 243 005f 05       		.byte	0x5
 244 0060 696E7400 		.ascii	"int\000"
 245 0064 02       		.uleb128 0x2
 246 0065 04       		.byte	0x4
 247 0066 07       		.byte	0x7
 248 0067 0E000000 		.4byte	.LASF8
 249 006b 04       		.uleb128 0x4
 250 006c 9E000000 		.4byte	.LASF12
 251 0070 02       		.byte	0x2
 252 0071 9201     		.2byte	0x192
 253 0073 2C000000 		.4byte	0x2c
 254 0077 02       		.uleb128 0x2
 255 0078 04       		.byte	0x4
 256 0079 04       		.byte	0x4
 257 007a EB000000 		.4byte	.LASF9
 258 007e 02       		.uleb128 0x2
 259 007f 08       		.byte	0x8
 260 0080 04       		.byte	0x4
 261 0081 FD010000 		.4byte	.LASF10
 262 0085 02       		.uleb128 0x2
 263 0086 01       		.byte	0x1
 264 0087 08       		.byte	0x8
 265 0088 96010000 		.4byte	.LASF11
 266 008c 04       		.uleb128 0x4
 267 008d 67020000 		.4byte	.LASF13
 268 0091 02       		.byte	0x2
 269 0092 3C02     		.2byte	0x23c
 270 0094 98000000 		.4byte	0x98
 271 0098 05       		.uleb128 0x5
 272 0099 6B000000 		.4byte	0x6b
 273 009d 02       		.uleb128 0x2
 274 009e 08       		.byte	0x8
 275 009f 04       		.byte	0x4
 276 00a0 31020000 		.4byte	.LASF14
 277 00a4 02       		.uleb128 0x2
 278 00a5 04       		.byte	0x4
 279 00a6 07       		.byte	0x7
 280 00a7 77020000 		.4byte	.LASF15
 281 00ab 06       		.uleb128 0x6
 282 00ac 03       		.byte	0x3
 283 00ad 03       		.byte	0x3
 284 00ae 40       		.byte	0x40
 285 00af D8000000 		.4byte	0xd8
 286 00b3 07       		.uleb128 0x7
 287 00b4 EA010000 		.4byte	.LASF16
 288 00b8 03       		.byte	0x3
 289 00b9 42       		.byte	0x42
 290 00ba 6B000000 		.4byte	0x6b
 291 00be 00       		.byte	0
 292 00bf 07       		.uleb128 0x7
 293 00c0 6C020000 		.4byte	.LASF17
 294 00c4 03       		.byte	0x3
 295 00c5 43       		.byte	0x43
ARM GAS  C:\Users\Albert\AppData\Local\Temp\ccEVun4w.s 			page 9


 296 00c6 6B000000 		.4byte	0x6b
 297 00ca 01       		.byte	0x1
 298 00cb 07       		.uleb128 0x7
 299 00cc 7F010000 		.4byte	.LASF18
 300 00d0 03       		.byte	0x3
 301 00d1 46       		.byte	0x46
 302 00d2 6B000000 		.4byte	0x6b
 303 00d6 02       		.byte	0x2
 304 00d7 00       		.byte	0
 305 00d8 08       		.uleb128 0x8
 306 00d9 3D020000 		.4byte	.LASF19
 307 00dd 03       		.byte	0x3
 308 00de 49       		.byte	0x49
 309 00df AB000000 		.4byte	0xab
 310 00e3 09       		.uleb128 0x9
 311 00e4 B6000000 		.4byte	.LASF20
 312 00e8 01       		.byte	0x1
 313 00e9 2A       		.byte	0x2a
 314 00ea 00000000 		.4byte	.LFB0
 315 00ee 24000000 		.4byte	.LFE0-.LFB0
 316 00f2 01       		.uleb128 0x1
 317 00f3 9C       		.byte	0x9c
 318 00f4 09       		.uleb128 0x9
 319 00f5 4A000000 		.4byte	.LASF21
 320 00f9 01       		.byte	0x1
 321 00fa 4A       		.byte	0x4a
 322 00fb 00000000 		.4byte	.LFB1
 323 00ff 20000000 		.4byte	.LFE1-.LFB1
 324 0103 01       		.uleb128 0x1
 325 0104 9C       		.byte	0x9c
 326 0105 09       		.uleb128 0x9
 327 0106 85000000 		.4byte	.LASF22
 328 010a 01       		.byte	0x1
 329 010b 69       		.byte	0x69
 330 010c 00000000 		.4byte	.LFB2
 331 0110 34000000 		.4byte	.LFE2-.LFB2
 332 0114 01       		.uleb128 0x1
 333 0115 9C       		.byte	0x9c
 334 0116 09       		.uleb128 0x9
 335 0117 D0010000 		.4byte	.LASF23
 336 011b 01       		.byte	0x1
 337 011c 96       		.byte	0x96
 338 011d 00000000 		.4byte	.LFB3
 339 0121 1C000000 		.4byte	.LFE3-.LFB3
 340 0125 01       		.uleb128 0x1
 341 0126 9C       		.byte	0x9c
 342 0127 0A       		.uleb128 0xa
 343 0128 6B000000 		.4byte	.LASF27
 344 012c 01       		.byte	0x1
 345 012d 15       		.byte	0x15
 346 012e D8000000 		.4byte	0xd8
 347 0132 05       		.uleb128 0x5
 348 0133 03       		.byte	0x3
 349 0134 00000000 		.4byte	QuadDec_Motor_Cnt8_backup
 350 0138 00       		.byte	0
 351              		.section	.debug_abbrev,"",%progbits
 352              	.Ldebug_abbrev0:
ARM GAS  C:\Users\Albert\AppData\Local\Temp\ccEVun4w.s 			page 10


 353 0000 01       		.uleb128 0x1
 354 0001 11       		.uleb128 0x11
 355 0002 01       		.byte	0x1
 356 0003 25       		.uleb128 0x25
 357 0004 0E       		.uleb128 0xe
 358 0005 13       		.uleb128 0x13
 359 0006 0B       		.uleb128 0xb
 360 0007 03       		.uleb128 0x3
 361 0008 0E       		.uleb128 0xe
 362 0009 1B       		.uleb128 0x1b
 363 000a 0E       		.uleb128 0xe
 364 000b 55       		.uleb128 0x55
 365 000c 17       		.uleb128 0x17
 366 000d 11       		.uleb128 0x11
 367 000e 01       		.uleb128 0x1
 368 000f 10       		.uleb128 0x10
 369 0010 17       		.uleb128 0x17
 370 0011 00       		.byte	0
 371 0012 00       		.byte	0
 372 0013 02       		.uleb128 0x2
 373 0014 24       		.uleb128 0x24
 374 0015 00       		.byte	0
 375 0016 0B       		.uleb128 0xb
 376 0017 0B       		.uleb128 0xb
 377 0018 3E       		.uleb128 0x3e
 378 0019 0B       		.uleb128 0xb
 379 001a 03       		.uleb128 0x3
 380 001b 0E       		.uleb128 0xe
 381 001c 00       		.byte	0
 382 001d 00       		.byte	0
 383 001e 03       		.uleb128 0x3
 384 001f 24       		.uleb128 0x24
 385 0020 00       		.byte	0
 386 0021 0B       		.uleb128 0xb
 387 0022 0B       		.uleb128 0xb
 388 0023 3E       		.uleb128 0x3e
 389 0024 0B       		.uleb128 0xb
 390 0025 03       		.uleb128 0x3
 391 0026 08       		.uleb128 0x8
 392 0027 00       		.byte	0
 393 0028 00       		.byte	0
 394 0029 04       		.uleb128 0x4
 395 002a 16       		.uleb128 0x16
 396 002b 00       		.byte	0
 397 002c 03       		.uleb128 0x3
 398 002d 0E       		.uleb128 0xe
 399 002e 3A       		.uleb128 0x3a
 400 002f 0B       		.uleb128 0xb
 401 0030 3B       		.uleb128 0x3b
 402 0031 05       		.uleb128 0x5
 403 0032 49       		.uleb128 0x49
 404 0033 13       		.uleb128 0x13
 405 0034 00       		.byte	0
 406 0035 00       		.byte	0
 407 0036 05       		.uleb128 0x5
 408 0037 35       		.uleb128 0x35
 409 0038 00       		.byte	0
ARM GAS  C:\Users\Albert\AppData\Local\Temp\ccEVun4w.s 			page 11


 410 0039 49       		.uleb128 0x49
 411 003a 13       		.uleb128 0x13
 412 003b 00       		.byte	0
 413 003c 00       		.byte	0
 414 003d 06       		.uleb128 0x6
 415 003e 13       		.uleb128 0x13
 416 003f 01       		.byte	0x1
 417 0040 0B       		.uleb128 0xb
 418 0041 0B       		.uleb128 0xb
 419 0042 3A       		.uleb128 0x3a
 420 0043 0B       		.uleb128 0xb
 421 0044 3B       		.uleb128 0x3b
 422 0045 0B       		.uleb128 0xb
 423 0046 01       		.uleb128 0x1
 424 0047 13       		.uleb128 0x13
 425 0048 00       		.byte	0
 426 0049 00       		.byte	0
 427 004a 07       		.uleb128 0x7
 428 004b 0D       		.uleb128 0xd
 429 004c 00       		.byte	0
 430 004d 03       		.uleb128 0x3
 431 004e 0E       		.uleb128 0xe
 432 004f 3A       		.uleb128 0x3a
 433 0050 0B       		.uleb128 0xb
 434 0051 3B       		.uleb128 0x3b
 435 0052 0B       		.uleb128 0xb
 436 0053 49       		.uleb128 0x49
 437 0054 13       		.uleb128 0x13
 438 0055 38       		.uleb128 0x38
 439 0056 0B       		.uleb128 0xb
 440 0057 00       		.byte	0
 441 0058 00       		.byte	0
 442 0059 08       		.uleb128 0x8
 443 005a 16       		.uleb128 0x16
 444 005b 00       		.byte	0
 445 005c 03       		.uleb128 0x3
 446 005d 0E       		.uleb128 0xe
 447 005e 3A       		.uleb128 0x3a
 448 005f 0B       		.uleb128 0xb
 449 0060 3B       		.uleb128 0x3b
 450 0061 0B       		.uleb128 0xb
 451 0062 49       		.uleb128 0x49
 452 0063 13       		.uleb128 0x13
 453 0064 00       		.byte	0
 454 0065 00       		.byte	0
 455 0066 09       		.uleb128 0x9
 456 0067 2E       		.uleb128 0x2e
 457 0068 00       		.byte	0
 458 0069 3F       		.uleb128 0x3f
 459 006a 19       		.uleb128 0x19
 460 006b 03       		.uleb128 0x3
 461 006c 0E       		.uleb128 0xe
 462 006d 3A       		.uleb128 0x3a
 463 006e 0B       		.uleb128 0xb
 464 006f 3B       		.uleb128 0x3b
 465 0070 0B       		.uleb128 0xb
 466 0071 27       		.uleb128 0x27
ARM GAS  C:\Users\Albert\AppData\Local\Temp\ccEVun4w.s 			page 12


 467 0072 19       		.uleb128 0x19
 468 0073 11       		.uleb128 0x11
 469 0074 01       		.uleb128 0x1
 470 0075 12       		.uleb128 0x12
 471 0076 06       		.uleb128 0x6
 472 0077 40       		.uleb128 0x40
 473 0078 18       		.uleb128 0x18
 474 0079 9642     		.uleb128 0x2116
 475 007b 19       		.uleb128 0x19
 476 007c 00       		.byte	0
 477 007d 00       		.byte	0
 478 007e 0A       		.uleb128 0xa
 479 007f 34       		.uleb128 0x34
 480 0080 00       		.byte	0
 481 0081 03       		.uleb128 0x3
 482 0082 0E       		.uleb128 0xe
 483 0083 3A       		.uleb128 0x3a
 484 0084 0B       		.uleb128 0xb
 485 0085 3B       		.uleb128 0x3b
 486 0086 0B       		.uleb128 0xb
 487 0087 49       		.uleb128 0x49
 488 0088 13       		.uleb128 0x13
 489 0089 02       		.uleb128 0x2
 490 008a 18       		.uleb128 0x18
 491 008b 00       		.byte	0
 492 008c 00       		.byte	0
 493 008d 00       		.byte	0
 494              		.section	.debug_aranges,"",%progbits
 495 0000 34000000 		.4byte	0x34
 496 0004 0200     		.2byte	0x2
 497 0006 00000000 		.4byte	.Ldebug_info0
 498 000a 04       		.byte	0x4
 499 000b 00       		.byte	0
 500 000c 0000     		.2byte	0
 501 000e 0000     		.2byte	0
 502 0010 00000000 		.4byte	.LFB0
 503 0014 24000000 		.4byte	.LFE0-.LFB0
 504 0018 00000000 		.4byte	.LFB1
 505 001c 20000000 		.4byte	.LFE1-.LFB1
 506 0020 00000000 		.4byte	.LFB2
 507 0024 34000000 		.4byte	.LFE2-.LFB2
 508 0028 00000000 		.4byte	.LFB3
 509 002c 1C000000 		.4byte	.LFE3-.LFB3
 510 0030 00000000 		.4byte	0
 511 0034 00000000 		.4byte	0
 512              		.section	.debug_ranges,"",%progbits
 513              	.Ldebug_ranges0:
 514 0000 00000000 		.4byte	.LFB0
 515 0004 24000000 		.4byte	.LFE0
 516 0008 00000000 		.4byte	.LFB1
 517 000c 20000000 		.4byte	.LFE1
 518 0010 00000000 		.4byte	.LFB2
 519 0014 34000000 		.4byte	.LFE2
 520 0018 00000000 		.4byte	.LFB3
 521 001c 1C000000 		.4byte	.LFE3
 522 0020 00000000 		.4byte	0
 523 0024 00000000 		.4byte	0
ARM GAS  C:\Users\Albert\AppData\Local\Temp\ccEVun4w.s 			page 13


 524              		.section	.debug_line,"",%progbits
 525              	.Ldebug_line0:
 526 0000 C1000000 		.section	.debug_str,"MS",%progbits,1
 526      02006A00 
 526      00000201 
 526      FB0E0D00 
 526      01010101 
 527              	.LASF6:
 528 0000 6C6F6E67 		.ascii	"long long int\000"
 528      206C6F6E 
 528      6720696E 
 528      7400
 529              	.LASF8:
 530 000e 756E7369 		.ascii	"unsigned int\000"
 530      676E6564 
 530      20696E74 
 530      00
 531              	.LASF25:
 532 001b 47656E65 		.ascii	"Generated_Source\\PSoC5\\QuadDec_Motor_Cnt8_PM.c\000"
 532      72617465 
 532      645F536F 
 532      75726365 
 532      5C50536F 
 533              	.LASF21:
 534 004a 51756164 		.ascii	"QuadDec_Motor_Cnt8_RestoreConfig\000"
 534      4465635F 
 534      4D6F746F 
 534      725F436E 
 534      74385F52 
 535              	.LASF27:
 536 006b 51756164 		.ascii	"QuadDec_Motor_Cnt8_backup\000"
 536      4465635F 
 536      4D6F746F 
 536      725F436E 
 536      74385F62 
 537              	.LASF22:
 538 0085 51756164 		.ascii	"QuadDec_Motor_Cnt8_Sleep\000"
 538      4465635F 
 538      4D6F746F 
 538      725F436E 
 538      74385F53 
 539              	.LASF12:
 540 009e 75696E74 		.ascii	"uint8\000"
 540      3800
 541              	.LASF5:
 542 00a4 6C6F6E67 		.ascii	"long unsigned int\000"
 542      20756E73 
 542      69676E65 
 542      6420696E 
 542      7400
 543              	.LASF20:
 544 00b6 51756164 		.ascii	"QuadDec_Motor_Cnt8_SaveConfig\000"
 544      4465635F 
 544      4D6F746F 
 544      725F436E 
 544      74385F53 
 545              	.LASF7:
ARM GAS  C:\Users\Albert\AppData\Local\Temp\ccEVun4w.s 			page 14


 546 00d4 6C6F6E67 		.ascii	"long long unsigned int\000"
 546      206C6F6E 
 546      6720756E 
 546      7369676E 
 546      65642069 
 547              	.LASF9:
 548 00eb 666C6F61 		.ascii	"float\000"
 548      7400
 549              	.LASF24:
 550 00f1 474E5520 		.ascii	"GNU C11 5.4.1 20160609 (release) [ARM/embedded-5-br"
 550      43313120 
 550      352E342E 
 550      31203230 
 550      31363036 
 551 0124 616E6368 		.ascii	"anch revision 237715] -mcpu=cortex-m3 -mthumb -g -O"
 551      20726576 
 551      6973696F 
 551      6E203233 
 551      37373135 
 552 0157 30202D66 		.ascii	"0 -ffunction-sections -ffat-lto-objects\000"
 552      66756E63 
 552      74696F6E 
 552      2D736563 
 552      74696F6E 
 553              	.LASF18:
 554 017f 436F756E 		.ascii	"CounterControlRegister\000"
 554      74657243 
 554      6F6E7472 
 554      6F6C5265 
 554      67697374 
 555              	.LASF11:
 556 0196 63686172 		.ascii	"char\000"
 556      00
 557              	.LASF26:
 558 019b 433A5C55 		.ascii	"C:\\Users\\Albert\\Documents\\6115_fp\\IWP.cydsn\000"
 558      73657273 
 558      5C416C62 
 558      6572745C 
 558      446F6375 
 559              	.LASF4:
 560 01c7 6C6F6E67 		.ascii	"long int\000"
 560      20696E74 
 560      00
 561              	.LASF23:
 562 01d0 51756164 		.ascii	"QuadDec_Motor_Cnt8_Wakeup\000"
 562      4465635F 
 562      4D6F746F 
 562      725F436E 
 562      74385F57 
 563              	.LASF16:
 564 01ea 436F756E 		.ascii	"CounterEnableState\000"
 564      74657245 
 564      6E61626C 
 564      65537461 
 564      746500
 565              	.LASF10:
 566 01fd 646F7562 		.ascii	"double\000"
ARM GAS  C:\Users\Albert\AppData\Local\Temp\ccEVun4w.s 			page 15


 566      6C6500
 567              	.LASF3:
 568 0204 73686F72 		.ascii	"short unsigned int\000"
 568      7420756E 
 568      7369676E 
 568      65642069 
 568      6E7400
 569              	.LASF0:
 570 0217 7369676E 		.ascii	"signed char\000"
 570      65642063 
 570      68617200 
 571              	.LASF1:
 572 0223 756E7369 		.ascii	"unsigned char\000"
 572      676E6564 
 572      20636861 
 572      7200
 573              	.LASF14:
 574 0231 6C6F6E67 		.ascii	"long double\000"
 574      20646F75 
 574      626C6500 
 575              	.LASF19:
 576 023d 51756164 		.ascii	"QuadDec_Motor_Cnt8_backupStruct\000"
 576      4465635F 
 576      4D6F746F 
 576      725F436E 
 576      74385F62 
 577              	.LASF2:
 578 025d 73686F72 		.ascii	"short int\000"
 578      7420696E 
 578      7400
 579              	.LASF13:
 580 0267 72656738 		.ascii	"reg8\000"
 580      00
 581              	.LASF17:
 582 026c 436F756E 		.ascii	"CounterUdb\000"
 582      74657255 
 582      646200
 583              	.LASF15:
 584 0277 73697A65 		.ascii	"sizetype\000"
 584      74797065 
 584      00
 585              		.ident	"GCC: (GNU Tools for ARM Embedded Processors) 5.4.1 20160609 (release) [ARM/embedded-5-bran
