ARM GAS  C:\Users\Albert\AppData\Local\Temp\ccgoCwAI.s 			page 1


   1              		.syntax unified
   2              		.cpu cortex-m3
   3              		.fpu softvfp
   4              		.eabi_attribute 20, 1
   5              		.eabi_attribute 21, 1
   6              		.eabi_attribute 23, 3
   7              		.eabi_attribute 24, 1
   8              		.eabi_attribute 25, 1
   9              		.eabi_attribute 26, 1
  10              		.eabi_attribute 30, 6
  11              		.eabi_attribute 34, 1
  12              		.eabi_attribute 18, 4
  13              		.thumb
  14              		.syntax unified
  15              		.file	"QuadDec_Motor_Cnt16_PM.c"
  16              		.text
  17              	.Ltext0:
  18              		.cfi_sections	.debug_frame
  19              		.bss
  20              		.align	2
  21              	QuadDec_Motor_Cnt16_backup:
  22 0000 00000000 		.space	6
  22      0000
  23              		.section	.text.QuadDec_Motor_Cnt16_SaveConfig,"ax",%progbits
  24              		.align	2
  25              		.global	QuadDec_Motor_Cnt16_SaveConfig
  26              		.thumb
  27              		.thumb_func
  28              		.type	QuadDec_Motor_Cnt16_SaveConfig, %function
  29              	QuadDec_Motor_Cnt16_SaveConfig:
  30              	.LFB0:
  31              		.file 1 "Generated_Source\\PSoC5\\QuadDec_Motor_Cnt16_PM.c"
   1:Generated_Source\PSoC5/QuadDec_Motor_Cnt16_PM.c **** /*******************************************************************************
   2:Generated_Source\PSoC5/QuadDec_Motor_Cnt16_PM.c **** * File Name: QuadDec_Motor_Cnt16_PM.c  
   3:Generated_Source\PSoC5/QuadDec_Motor_Cnt16_PM.c **** * Version 3.0
   4:Generated_Source\PSoC5/QuadDec_Motor_Cnt16_PM.c **** *
   5:Generated_Source\PSoC5/QuadDec_Motor_Cnt16_PM.c **** *  Description:
   6:Generated_Source\PSoC5/QuadDec_Motor_Cnt16_PM.c **** *    This file provides the power management source code to API for the
   7:Generated_Source\PSoC5/QuadDec_Motor_Cnt16_PM.c **** *    Counter.  
   8:Generated_Source\PSoC5/QuadDec_Motor_Cnt16_PM.c **** *
   9:Generated_Source\PSoC5/QuadDec_Motor_Cnt16_PM.c **** *   Note:
  10:Generated_Source\PSoC5/QuadDec_Motor_Cnt16_PM.c **** *     None
  11:Generated_Source\PSoC5/QuadDec_Motor_Cnt16_PM.c **** *
  12:Generated_Source\PSoC5/QuadDec_Motor_Cnt16_PM.c **** ********************************************************************************
  13:Generated_Source\PSoC5/QuadDec_Motor_Cnt16_PM.c **** * Copyright 2008-2012, Cypress Semiconductor Corporation.  All rights reserved.
  14:Generated_Source\PSoC5/QuadDec_Motor_Cnt16_PM.c **** * You may use this file only in accordance with the license, terms, conditions, 
  15:Generated_Source\PSoC5/QuadDec_Motor_Cnt16_PM.c **** * disclaimers, and limitations in the end user license agreement accompanying 
  16:Generated_Source\PSoC5/QuadDec_Motor_Cnt16_PM.c **** * the software package with which this file was provided.
  17:Generated_Source\PSoC5/QuadDec_Motor_Cnt16_PM.c **** *******************************************************************************/
  18:Generated_Source\PSoC5/QuadDec_Motor_Cnt16_PM.c **** 
  19:Generated_Source\PSoC5/QuadDec_Motor_Cnt16_PM.c **** #include "QuadDec_Motor_Cnt16.h"
  20:Generated_Source\PSoC5/QuadDec_Motor_Cnt16_PM.c **** 
  21:Generated_Source\PSoC5/QuadDec_Motor_Cnt16_PM.c **** static QuadDec_Motor_Cnt16_backupStruct QuadDec_Motor_Cnt16_backup;
  22:Generated_Source\PSoC5/QuadDec_Motor_Cnt16_PM.c **** 
  23:Generated_Source\PSoC5/QuadDec_Motor_Cnt16_PM.c **** 
  24:Generated_Source\PSoC5/QuadDec_Motor_Cnt16_PM.c **** /*******************************************************************************
  25:Generated_Source\PSoC5/QuadDec_Motor_Cnt16_PM.c **** * Function Name: QuadDec_Motor_Cnt16_SaveConfig
ARM GAS  C:\Users\Albert\AppData\Local\Temp\ccgoCwAI.s 			page 2


  26:Generated_Source\PSoC5/QuadDec_Motor_Cnt16_PM.c **** ********************************************************************************
  27:Generated_Source\PSoC5/QuadDec_Motor_Cnt16_PM.c **** * Summary:
  28:Generated_Source\PSoC5/QuadDec_Motor_Cnt16_PM.c **** *     Save the current user configuration
  29:Generated_Source\PSoC5/QuadDec_Motor_Cnt16_PM.c **** *
  30:Generated_Source\PSoC5/QuadDec_Motor_Cnt16_PM.c **** * Parameters:  
  31:Generated_Source\PSoC5/QuadDec_Motor_Cnt16_PM.c **** *  void
  32:Generated_Source\PSoC5/QuadDec_Motor_Cnt16_PM.c **** *
  33:Generated_Source\PSoC5/QuadDec_Motor_Cnt16_PM.c **** * Return: 
  34:Generated_Source\PSoC5/QuadDec_Motor_Cnt16_PM.c **** *  void
  35:Generated_Source\PSoC5/QuadDec_Motor_Cnt16_PM.c **** *
  36:Generated_Source\PSoC5/QuadDec_Motor_Cnt16_PM.c **** * Global variables:
  37:Generated_Source\PSoC5/QuadDec_Motor_Cnt16_PM.c **** *  QuadDec_Motor_Cnt16_backup:  Variables of this global structure are modified to 
  38:Generated_Source\PSoC5/QuadDec_Motor_Cnt16_PM.c **** *  store the values of non retention configuration registers when Sleep() API is 
  39:Generated_Source\PSoC5/QuadDec_Motor_Cnt16_PM.c **** *  called.
  40:Generated_Source\PSoC5/QuadDec_Motor_Cnt16_PM.c **** *
  41:Generated_Source\PSoC5/QuadDec_Motor_Cnt16_PM.c **** *******************************************************************************/
  42:Generated_Source\PSoC5/QuadDec_Motor_Cnt16_PM.c **** void QuadDec_Motor_Cnt16_SaveConfig(void) 
  43:Generated_Source\PSoC5/QuadDec_Motor_Cnt16_PM.c **** {
  32              		.loc 1 43 0
  33              		.cfi_startproc
  34              		@ args = 0, pretend = 0, frame = 0
  35              		@ frame_needed = 1, uses_anonymous_args = 0
  36 0000 80B5     		push	{r7, lr}
  37              		.cfi_def_cfa_offset 8
  38              		.cfi_offset 7, -8
  39              		.cfi_offset 14, -4
  40 0002 00AF     		add	r7, sp, #0
  41              		.cfi_def_cfa_register 7
  44:Generated_Source\PSoC5/QuadDec_Motor_Cnt16_PM.c ****     #if (!QuadDec_Motor_Cnt16_UsingFixedFunction)
  45:Generated_Source\PSoC5/QuadDec_Motor_Cnt16_PM.c **** 
  46:Generated_Source\PSoC5/QuadDec_Motor_Cnt16_PM.c ****         QuadDec_Motor_Cnt16_backup.CounterUdb = QuadDec_Motor_Cnt16_ReadCounter();
  42              		.loc 1 46 0
  43 0004 FFF7FEFF 		bl	QuadDec_Motor_Cnt16_ReadCounter
  44 0008 0346     		mov	r3, r0
  45 000a 1A46     		mov	r2, r3
  46 000c 044B     		ldr	r3, .L2
  47 000e 5A80     		strh	r2, [r3, #2]	@ movhi
  47:Generated_Source\PSoC5/QuadDec_Motor_Cnt16_PM.c **** 
  48:Generated_Source\PSoC5/QuadDec_Motor_Cnt16_PM.c ****         #if(!QuadDec_Motor_Cnt16_ControlRegRemoved)
  49:Generated_Source\PSoC5/QuadDec_Motor_Cnt16_PM.c ****             QuadDec_Motor_Cnt16_backup.CounterControlRegister = QuadDec_Motor_Cnt16_ReadControlRegi
  48              		.loc 1 49 0
  49 0010 FFF7FEFF 		bl	QuadDec_Motor_Cnt16_ReadControlRegister
  50 0014 0346     		mov	r3, r0
  51 0016 1A46     		mov	r2, r3
  52 0018 014B     		ldr	r3, .L2
  53 001a 1A71     		strb	r2, [r3, #4]
  50:Generated_Source\PSoC5/QuadDec_Motor_Cnt16_PM.c ****         #endif /* (!QuadDec_Motor_Cnt16_ControlRegRemoved) */
  51:Generated_Source\PSoC5/QuadDec_Motor_Cnt16_PM.c **** 
  52:Generated_Source\PSoC5/QuadDec_Motor_Cnt16_PM.c ****     #endif /* (!QuadDec_Motor_Cnt16_UsingFixedFunction) */
  53:Generated_Source\PSoC5/QuadDec_Motor_Cnt16_PM.c **** }
  54              		.loc 1 53 0
  55 001c 00BF     		nop
  56 001e 80BD     		pop	{r7, pc}
  57              	.L3:
  58              		.align	2
  59              	.L2:
  60 0020 00000000 		.word	QuadDec_Motor_Cnt16_backup
ARM GAS  C:\Users\Albert\AppData\Local\Temp\ccgoCwAI.s 			page 3


  61              		.cfi_endproc
  62              	.LFE0:
  63              		.size	QuadDec_Motor_Cnt16_SaveConfig, .-QuadDec_Motor_Cnt16_SaveConfig
  64              		.section	.text.QuadDec_Motor_Cnt16_RestoreConfig,"ax",%progbits
  65              		.align	2
  66              		.global	QuadDec_Motor_Cnt16_RestoreConfig
  67              		.thumb
  68              		.thumb_func
  69              		.type	QuadDec_Motor_Cnt16_RestoreConfig, %function
  70              	QuadDec_Motor_Cnt16_RestoreConfig:
  71              	.LFB1:
  54:Generated_Source\PSoC5/QuadDec_Motor_Cnt16_PM.c **** 
  55:Generated_Source\PSoC5/QuadDec_Motor_Cnt16_PM.c **** 
  56:Generated_Source\PSoC5/QuadDec_Motor_Cnt16_PM.c **** /*******************************************************************************
  57:Generated_Source\PSoC5/QuadDec_Motor_Cnt16_PM.c **** * Function Name: QuadDec_Motor_Cnt16_RestoreConfig
  58:Generated_Source\PSoC5/QuadDec_Motor_Cnt16_PM.c **** ********************************************************************************
  59:Generated_Source\PSoC5/QuadDec_Motor_Cnt16_PM.c **** *
  60:Generated_Source\PSoC5/QuadDec_Motor_Cnt16_PM.c **** * Summary:
  61:Generated_Source\PSoC5/QuadDec_Motor_Cnt16_PM.c **** *  Restores the current user configuration.
  62:Generated_Source\PSoC5/QuadDec_Motor_Cnt16_PM.c **** *
  63:Generated_Source\PSoC5/QuadDec_Motor_Cnt16_PM.c **** * Parameters:  
  64:Generated_Source\PSoC5/QuadDec_Motor_Cnt16_PM.c **** *  void
  65:Generated_Source\PSoC5/QuadDec_Motor_Cnt16_PM.c **** *
  66:Generated_Source\PSoC5/QuadDec_Motor_Cnt16_PM.c **** * Return: 
  67:Generated_Source\PSoC5/QuadDec_Motor_Cnt16_PM.c **** *  void
  68:Generated_Source\PSoC5/QuadDec_Motor_Cnt16_PM.c **** *
  69:Generated_Source\PSoC5/QuadDec_Motor_Cnt16_PM.c **** * Global variables:
  70:Generated_Source\PSoC5/QuadDec_Motor_Cnt16_PM.c **** *  QuadDec_Motor_Cnt16_backup:  Variables of this global structure are used to 
  71:Generated_Source\PSoC5/QuadDec_Motor_Cnt16_PM.c **** *  restore the values of non retention registers on wakeup from sleep mode.
  72:Generated_Source\PSoC5/QuadDec_Motor_Cnt16_PM.c **** *
  73:Generated_Source\PSoC5/QuadDec_Motor_Cnt16_PM.c **** *******************************************************************************/
  74:Generated_Source\PSoC5/QuadDec_Motor_Cnt16_PM.c **** void QuadDec_Motor_Cnt16_RestoreConfig(void) 
  75:Generated_Source\PSoC5/QuadDec_Motor_Cnt16_PM.c **** {      
  72              		.loc 1 75 0
  73              		.cfi_startproc
  74              		@ args = 0, pretend = 0, frame = 0
  75              		@ frame_needed = 1, uses_anonymous_args = 0
  76 0000 80B5     		push	{r7, lr}
  77              		.cfi_def_cfa_offset 8
  78              		.cfi_offset 7, -8
  79              		.cfi_offset 14, -4
  80 0002 00AF     		add	r7, sp, #0
  81              		.cfi_def_cfa_register 7
  76:Generated_Source\PSoC5/QuadDec_Motor_Cnt16_PM.c ****     #if (!QuadDec_Motor_Cnt16_UsingFixedFunction)
  77:Generated_Source\PSoC5/QuadDec_Motor_Cnt16_PM.c **** 
  78:Generated_Source\PSoC5/QuadDec_Motor_Cnt16_PM.c ****        QuadDec_Motor_Cnt16_WriteCounter(QuadDec_Motor_Cnt16_backup.CounterUdb);
  82              		.loc 1 78 0
  83 0004 054B     		ldr	r3, .L5
  84 0006 5B88     		ldrh	r3, [r3, #2]
  85 0008 1846     		mov	r0, r3
  86 000a FFF7FEFF 		bl	QuadDec_Motor_Cnt16_WriteCounter
  79:Generated_Source\PSoC5/QuadDec_Motor_Cnt16_PM.c **** 
  80:Generated_Source\PSoC5/QuadDec_Motor_Cnt16_PM.c ****         #if(!QuadDec_Motor_Cnt16_ControlRegRemoved)
  81:Generated_Source\PSoC5/QuadDec_Motor_Cnt16_PM.c ****             QuadDec_Motor_Cnt16_WriteControlRegister(QuadDec_Motor_Cnt16_backup.CounterControlRegis
  87              		.loc 1 81 0
  88 000e 034B     		ldr	r3, .L5
  89 0010 1B79     		ldrb	r3, [r3, #4]	@ zero_extendqisi2
ARM GAS  C:\Users\Albert\AppData\Local\Temp\ccgoCwAI.s 			page 4


  90 0012 1846     		mov	r0, r3
  91 0014 FFF7FEFF 		bl	QuadDec_Motor_Cnt16_WriteControlRegister
  82:Generated_Source\PSoC5/QuadDec_Motor_Cnt16_PM.c ****         #endif /* (!QuadDec_Motor_Cnt16_ControlRegRemoved) */
  83:Generated_Source\PSoC5/QuadDec_Motor_Cnt16_PM.c **** 
  84:Generated_Source\PSoC5/QuadDec_Motor_Cnt16_PM.c ****     #endif /* (!QuadDec_Motor_Cnt16_UsingFixedFunction) */
  85:Generated_Source\PSoC5/QuadDec_Motor_Cnt16_PM.c **** }
  92              		.loc 1 85 0
  93 0018 00BF     		nop
  94 001a 80BD     		pop	{r7, pc}
  95              	.L6:
  96              		.align	2
  97              	.L5:
  98 001c 00000000 		.word	QuadDec_Motor_Cnt16_backup
  99              		.cfi_endproc
 100              	.LFE1:
 101              		.size	QuadDec_Motor_Cnt16_RestoreConfig, .-QuadDec_Motor_Cnt16_RestoreConfig
 102              		.section	.text.QuadDec_Motor_Cnt16_Sleep,"ax",%progbits
 103              		.align	2
 104              		.global	QuadDec_Motor_Cnt16_Sleep
 105              		.thumb
 106              		.thumb_func
 107              		.type	QuadDec_Motor_Cnt16_Sleep, %function
 108              	QuadDec_Motor_Cnt16_Sleep:
 109              	.LFB2:
  86:Generated_Source\PSoC5/QuadDec_Motor_Cnt16_PM.c **** 
  87:Generated_Source\PSoC5/QuadDec_Motor_Cnt16_PM.c **** 
  88:Generated_Source\PSoC5/QuadDec_Motor_Cnt16_PM.c **** /*******************************************************************************
  89:Generated_Source\PSoC5/QuadDec_Motor_Cnt16_PM.c **** * Function Name: QuadDec_Motor_Cnt16_Sleep
  90:Generated_Source\PSoC5/QuadDec_Motor_Cnt16_PM.c **** ********************************************************************************
  91:Generated_Source\PSoC5/QuadDec_Motor_Cnt16_PM.c **** * Summary:
  92:Generated_Source\PSoC5/QuadDec_Motor_Cnt16_PM.c **** *     Stop and Save the user configuration
  93:Generated_Source\PSoC5/QuadDec_Motor_Cnt16_PM.c **** *
  94:Generated_Source\PSoC5/QuadDec_Motor_Cnt16_PM.c **** * Parameters:  
  95:Generated_Source\PSoC5/QuadDec_Motor_Cnt16_PM.c **** *  void
  96:Generated_Source\PSoC5/QuadDec_Motor_Cnt16_PM.c **** *
  97:Generated_Source\PSoC5/QuadDec_Motor_Cnt16_PM.c **** * Return: 
  98:Generated_Source\PSoC5/QuadDec_Motor_Cnt16_PM.c **** *  void
  99:Generated_Source\PSoC5/QuadDec_Motor_Cnt16_PM.c **** *
 100:Generated_Source\PSoC5/QuadDec_Motor_Cnt16_PM.c **** * Global variables:
 101:Generated_Source\PSoC5/QuadDec_Motor_Cnt16_PM.c **** *  QuadDec_Motor_Cnt16_backup.enableState:  Is modified depending on the enable 
 102:Generated_Source\PSoC5/QuadDec_Motor_Cnt16_PM.c **** *  state of the block before entering sleep mode.
 103:Generated_Source\PSoC5/QuadDec_Motor_Cnt16_PM.c **** *
 104:Generated_Source\PSoC5/QuadDec_Motor_Cnt16_PM.c **** *******************************************************************************/
 105:Generated_Source\PSoC5/QuadDec_Motor_Cnt16_PM.c **** void QuadDec_Motor_Cnt16_Sleep(void) 
 106:Generated_Source\PSoC5/QuadDec_Motor_Cnt16_PM.c **** {
 110              		.loc 1 106 0
 111              		.cfi_startproc
 112              		@ args = 0, pretend = 0, frame = 0
 113              		@ frame_needed = 1, uses_anonymous_args = 0
 114 0000 80B5     		push	{r7, lr}
 115              		.cfi_def_cfa_offset 8
 116              		.cfi_offset 7, -8
 117              		.cfi_offset 14, -4
 118 0002 00AF     		add	r7, sp, #0
 119              		.cfi_def_cfa_register 7
 107:Generated_Source\PSoC5/QuadDec_Motor_Cnt16_PM.c ****     #if(!QuadDec_Motor_Cnt16_ControlRegRemoved)
 108:Generated_Source\PSoC5/QuadDec_Motor_Cnt16_PM.c ****         /* Save Counter's enable state */
ARM GAS  C:\Users\Albert\AppData\Local\Temp\ccgoCwAI.s 			page 5


 109:Generated_Source\PSoC5/QuadDec_Motor_Cnt16_PM.c ****         if(QuadDec_Motor_Cnt16_CTRL_ENABLE == (QuadDec_Motor_Cnt16_CONTROL & QuadDec_Motor_Cnt16_CT
 120              		.loc 1 109 0
 121 0004 094B     		ldr	r3, .L10
 122 0006 1B78     		ldrb	r3, [r3]
 123 0008 DBB2     		uxtb	r3, r3
 124 000a 5BB2     		sxtb	r3, r3
 125 000c 002B     		cmp	r3, #0
 126 000e 03DA     		bge	.L8
 110:Generated_Source\PSoC5/QuadDec_Motor_Cnt16_PM.c ****         {
 111:Generated_Source\PSoC5/QuadDec_Motor_Cnt16_PM.c ****             /* Counter is enabled */
 112:Generated_Source\PSoC5/QuadDec_Motor_Cnt16_PM.c ****             QuadDec_Motor_Cnt16_backup.CounterEnableState = 1u;
 127              		.loc 1 112 0
 128 0010 074B     		ldr	r3, .L10+4
 129 0012 0122     		movs	r2, #1
 130 0014 1A70     		strb	r2, [r3]
 131 0016 02E0     		b	.L9
 132              	.L8:
 113:Generated_Source\PSoC5/QuadDec_Motor_Cnt16_PM.c ****         }
 114:Generated_Source\PSoC5/QuadDec_Motor_Cnt16_PM.c ****         else
 115:Generated_Source\PSoC5/QuadDec_Motor_Cnt16_PM.c ****         {
 116:Generated_Source\PSoC5/QuadDec_Motor_Cnt16_PM.c ****             /* Counter is disabled */
 117:Generated_Source\PSoC5/QuadDec_Motor_Cnt16_PM.c ****             QuadDec_Motor_Cnt16_backup.CounterEnableState = 0u;
 133              		.loc 1 117 0
 134 0018 054B     		ldr	r3, .L10+4
 135 001a 0022     		movs	r2, #0
 136 001c 1A70     		strb	r2, [r3]
 137              	.L9:
 118:Generated_Source\PSoC5/QuadDec_Motor_Cnt16_PM.c ****         }
 119:Generated_Source\PSoC5/QuadDec_Motor_Cnt16_PM.c ****     #else
 120:Generated_Source\PSoC5/QuadDec_Motor_Cnt16_PM.c ****         QuadDec_Motor_Cnt16_backup.CounterEnableState = 1u;
 121:Generated_Source\PSoC5/QuadDec_Motor_Cnt16_PM.c ****         if(QuadDec_Motor_Cnt16_backup.CounterEnableState != 0u)
 122:Generated_Source\PSoC5/QuadDec_Motor_Cnt16_PM.c ****         {
 123:Generated_Source\PSoC5/QuadDec_Motor_Cnt16_PM.c ****             QuadDec_Motor_Cnt16_backup.CounterEnableState = 0u;
 124:Generated_Source\PSoC5/QuadDec_Motor_Cnt16_PM.c ****         }
 125:Generated_Source\PSoC5/QuadDec_Motor_Cnt16_PM.c ****     #endif /* (!QuadDec_Motor_Cnt16_ControlRegRemoved) */
 126:Generated_Source\PSoC5/QuadDec_Motor_Cnt16_PM.c ****     
 127:Generated_Source\PSoC5/QuadDec_Motor_Cnt16_PM.c ****     QuadDec_Motor_Cnt16_Stop();
 138              		.loc 1 127 0
 139 001e FFF7FEFF 		bl	QuadDec_Motor_Cnt16_Stop
 128:Generated_Source\PSoC5/QuadDec_Motor_Cnt16_PM.c ****     QuadDec_Motor_Cnt16_SaveConfig();
 140              		.loc 1 128 0
 141 0022 FFF7FEFF 		bl	QuadDec_Motor_Cnt16_SaveConfig
 129:Generated_Source\PSoC5/QuadDec_Motor_Cnt16_PM.c **** }
 142              		.loc 1 129 0
 143 0026 00BF     		nop
 144 0028 80BD     		pop	{r7, pc}
 145              	.L11:
 146 002a 00BF     		.align	2
 147              	.L10:
 148 002c 74650040 		.word	1073767796
 149 0030 00000000 		.word	QuadDec_Motor_Cnt16_backup
 150              		.cfi_endproc
 151              	.LFE2:
 152              		.size	QuadDec_Motor_Cnt16_Sleep, .-QuadDec_Motor_Cnt16_Sleep
 153              		.section	.text.QuadDec_Motor_Cnt16_Wakeup,"ax",%progbits
 154              		.align	2
 155              		.global	QuadDec_Motor_Cnt16_Wakeup
ARM GAS  C:\Users\Albert\AppData\Local\Temp\ccgoCwAI.s 			page 6


 156              		.thumb
 157              		.thumb_func
 158              		.type	QuadDec_Motor_Cnt16_Wakeup, %function
 159              	QuadDec_Motor_Cnt16_Wakeup:
 160              	.LFB3:
 130:Generated_Source\PSoC5/QuadDec_Motor_Cnt16_PM.c **** 
 131:Generated_Source\PSoC5/QuadDec_Motor_Cnt16_PM.c **** 
 132:Generated_Source\PSoC5/QuadDec_Motor_Cnt16_PM.c **** /*******************************************************************************
 133:Generated_Source\PSoC5/QuadDec_Motor_Cnt16_PM.c **** * Function Name: QuadDec_Motor_Cnt16_Wakeup
 134:Generated_Source\PSoC5/QuadDec_Motor_Cnt16_PM.c **** ********************************************************************************
 135:Generated_Source\PSoC5/QuadDec_Motor_Cnt16_PM.c **** *
 136:Generated_Source\PSoC5/QuadDec_Motor_Cnt16_PM.c **** * Summary:
 137:Generated_Source\PSoC5/QuadDec_Motor_Cnt16_PM.c **** *  Restores and enables the user configuration
 138:Generated_Source\PSoC5/QuadDec_Motor_Cnt16_PM.c **** *  
 139:Generated_Source\PSoC5/QuadDec_Motor_Cnt16_PM.c **** * Parameters:  
 140:Generated_Source\PSoC5/QuadDec_Motor_Cnt16_PM.c **** *  void
 141:Generated_Source\PSoC5/QuadDec_Motor_Cnt16_PM.c **** *
 142:Generated_Source\PSoC5/QuadDec_Motor_Cnt16_PM.c **** * Return: 
 143:Generated_Source\PSoC5/QuadDec_Motor_Cnt16_PM.c **** *  void
 144:Generated_Source\PSoC5/QuadDec_Motor_Cnt16_PM.c **** *
 145:Generated_Source\PSoC5/QuadDec_Motor_Cnt16_PM.c **** * Global variables:
 146:Generated_Source\PSoC5/QuadDec_Motor_Cnt16_PM.c **** *  QuadDec_Motor_Cnt16_backup.enableState:  Is used to restore the enable state of 
 147:Generated_Source\PSoC5/QuadDec_Motor_Cnt16_PM.c **** *  block on wakeup from sleep mode.
 148:Generated_Source\PSoC5/QuadDec_Motor_Cnt16_PM.c **** *
 149:Generated_Source\PSoC5/QuadDec_Motor_Cnt16_PM.c **** *******************************************************************************/
 150:Generated_Source\PSoC5/QuadDec_Motor_Cnt16_PM.c **** void QuadDec_Motor_Cnt16_Wakeup(void) 
 151:Generated_Source\PSoC5/QuadDec_Motor_Cnt16_PM.c **** {
 161              		.loc 1 151 0
 162              		.cfi_startproc
 163              		@ args = 0, pretend = 0, frame = 0
 164              		@ frame_needed = 1, uses_anonymous_args = 0
 165 0000 80B5     		push	{r7, lr}
 166              		.cfi_def_cfa_offset 8
 167              		.cfi_offset 7, -8
 168              		.cfi_offset 14, -4
 169 0002 00AF     		add	r7, sp, #0
 170              		.cfi_def_cfa_register 7
 152:Generated_Source\PSoC5/QuadDec_Motor_Cnt16_PM.c ****     QuadDec_Motor_Cnt16_RestoreConfig();
 171              		.loc 1 152 0
 172 0004 FFF7FEFF 		bl	QuadDec_Motor_Cnt16_RestoreConfig
 153:Generated_Source\PSoC5/QuadDec_Motor_Cnt16_PM.c ****     #if(!QuadDec_Motor_Cnt16_ControlRegRemoved)
 154:Generated_Source\PSoC5/QuadDec_Motor_Cnt16_PM.c ****         if(QuadDec_Motor_Cnt16_backup.CounterEnableState == 1u)
 173              		.loc 1 154 0
 174 0008 034B     		ldr	r3, .L15
 175 000a 1B78     		ldrb	r3, [r3]	@ zero_extendqisi2
 176 000c 012B     		cmp	r3, #1
 177 000e 01D1     		bne	.L14
 155:Generated_Source\PSoC5/QuadDec_Motor_Cnt16_PM.c ****         {
 156:Generated_Source\PSoC5/QuadDec_Motor_Cnt16_PM.c ****             /* Enable Counter's operation */
 157:Generated_Source\PSoC5/QuadDec_Motor_Cnt16_PM.c ****             QuadDec_Motor_Cnt16_Enable();
 178              		.loc 1 157 0
 179 0010 FFF7FEFF 		bl	QuadDec_Motor_Cnt16_Enable
 180              	.L14:
 158:Generated_Source\PSoC5/QuadDec_Motor_Cnt16_PM.c ****         } /* Do nothing if Counter was disabled before */    
 159:Generated_Source\PSoC5/QuadDec_Motor_Cnt16_PM.c ****     #endif /* (!QuadDec_Motor_Cnt16_ControlRegRemoved) */
 160:Generated_Source\PSoC5/QuadDec_Motor_Cnt16_PM.c ****     
 161:Generated_Source\PSoC5/QuadDec_Motor_Cnt16_PM.c **** }
ARM GAS  C:\Users\Albert\AppData\Local\Temp\ccgoCwAI.s 			page 7


 181              		.loc 1 161 0
 182 0014 00BF     		nop
 183 0016 80BD     		pop	{r7, pc}
 184              	.L16:
 185              		.align	2
 186              	.L15:
 187 0018 00000000 		.word	QuadDec_Motor_Cnt16_backup
 188              		.cfi_endproc
 189              	.LFE3:
 190              		.size	QuadDec_Motor_Cnt16_Wakeup, .-QuadDec_Motor_Cnt16_Wakeup
 191              		.text
 192              	.Letext0:
 193              		.file 2 "Generated_Source\\PSoC5\\cytypes.h"
 194              		.file 3 "Generated_Source\\PSoC5\\QuadDec_Motor_Cnt16.h"
 195              		.section	.debug_info,"",%progbits
 196              	.Ldebug_info0:
 197 0000 3A010000 		.4byte	0x13a
 198 0004 0400     		.2byte	0x4
 199 0006 00000000 		.4byte	.Ldebug_abbrev0
 200 000a 04       		.byte	0x4
 201 000b 01       		.uleb128 0x1
 202 000c 9A000000 		.4byte	.LASF24
 203 0010 0C       		.byte	0xc
 204 0011 8C010000 		.4byte	.LASF25
 205 0015 44010000 		.4byte	.LASF26
 206 0019 00000000 		.4byte	.Ldebug_ranges0+0
 207 001d 00000000 		.4byte	0
 208 0021 00000000 		.4byte	.Ldebug_line0
 209 0025 02       		.uleb128 0x2
 210 0026 01       		.byte	0x1
 211 0027 06       		.byte	0x6
 212 0028 F1010000 		.4byte	.LASF0
 213 002c 02       		.uleb128 0x2
 214 002d 01       		.byte	0x1
 215 002e 08       		.byte	0x8
 216 002f 8C000000 		.4byte	.LASF1
 217 0033 02       		.uleb128 0x2
 218 0034 02       		.byte	0x2
 219 0035 05       		.byte	0x5
 220 0036 33020000 		.4byte	.LASF2
 221 003a 02       		.uleb128 0x2
 222 003b 02       		.byte	0x2
 223 003c 07       		.byte	0x7
 224 003d DE010000 		.4byte	.LASF3
 225 0041 02       		.uleb128 0x2
 226 0042 04       		.byte	0x4
 227 0043 05       		.byte	0x5
 228 0044 70010000 		.4byte	.LASF4
 229 0048 02       		.uleb128 0x2
 230 0049 04       		.byte	0x4
 231 004a 07       		.byte	0x7
 232 004b 63000000 		.4byte	.LASF5
 233 004f 02       		.uleb128 0x2
 234 0050 08       		.byte	0x8
 235 0051 05       		.byte	0x5
 236 0052 00000000 		.4byte	.LASF6
 237 0056 02       		.uleb128 0x2
ARM GAS  C:\Users\Albert\AppData\Local\Temp\ccgoCwAI.s 			page 8


 238 0057 08       		.byte	0x8
 239 0058 07       		.byte	0x7
 240 0059 75000000 		.4byte	.LASF7
 241 005d 03       		.uleb128 0x3
 242 005e 04       		.byte	0x4
 243 005f 05       		.byte	0x5
 244 0060 696E7400 		.ascii	"int\000"
 245 0064 02       		.uleb128 0x2
 246 0065 04       		.byte	0x4
 247 0066 07       		.byte	0x7
 248 0067 29000000 		.4byte	.LASF8
 249 006b 04       		.uleb128 0x4
 250 006c 5D000000 		.4byte	.LASF9
 251 0070 02       		.byte	0x2
 252 0071 9201     		.2byte	0x192
 253 0073 2C000000 		.4byte	0x2c
 254 0077 04       		.uleb128 0x4
 255 0078 3D020000 		.4byte	.LASF10
 256 007c 02       		.byte	0x2
 257 007d 9301     		.2byte	0x193
 258 007f 3A000000 		.4byte	0x3a
 259 0083 02       		.uleb128 0x2
 260 0084 08       		.byte	0x8
 261 0085 04       		.byte	0x4
 262 0086 BC010000 		.4byte	.LASF11
 263 008a 02       		.uleb128 0x2
 264 008b 01       		.byte	0x1
 265 008c 08       		.byte	0x8
 266 008d 3F010000 		.4byte	.LASF12
 267 0091 04       		.uleb128 0x4
 268 0092 58000000 		.4byte	.LASF13
 269 0096 02       		.byte	0x2
 270 0097 3C02     		.2byte	0x23c
 271 0099 9D000000 		.4byte	0x9d
 272 009d 05       		.uleb128 0x5
 273 009e 6B000000 		.4byte	0x6b
 274 00a2 02       		.uleb128 0x2
 275 00a3 08       		.byte	0x8
 276 00a4 04       		.byte	0x4
 277 00a5 FD010000 		.4byte	.LASF14
 278 00a9 02       		.uleb128 0x2
 279 00aa 04       		.byte	0x4
 280 00ab 07       		.byte	0x7
 281 00ac 09020000 		.4byte	.LASF15
 282 00b0 06       		.uleb128 0x6
 283 00b1 06       		.byte	0x6
 284 00b2 03       		.byte	0x3
 285 00b3 40       		.byte	0x40
 286 00b4 DD000000 		.4byte	0xdd
 287 00b8 07       		.uleb128 0x7
 288 00b9 79010000 		.4byte	.LASF16
 289 00bd 03       		.byte	0x3
 290 00be 42       		.byte	0x42
 291 00bf 6B000000 		.4byte	0x6b
 292 00c3 00       		.byte	0
 293 00c4 07       		.uleb128 0x7
 294 00c5 44020000 		.4byte	.LASF17
ARM GAS  C:\Users\Albert\AppData\Local\Temp\ccgoCwAI.s 			page 9


 295 00c9 03       		.byte	0x3
 296 00ca 43       		.byte	0x43
 297 00cb 77000000 		.4byte	0x77
 298 00cf 02       		.byte	0x2
 299 00d0 07       		.uleb128 0x7
 300 00d1 28010000 		.4byte	.LASF18
 301 00d5 03       		.byte	0x3
 302 00d6 46       		.byte	0x46
 303 00d7 6B000000 		.4byte	0x6b
 304 00db 04       		.byte	0x4
 305 00dc 00       		.byte	0
 306 00dd 08       		.uleb128 0x8
 307 00de 12020000 		.4byte	.LASF19
 308 00e2 03       		.byte	0x3
 309 00e3 49       		.byte	0x49
 310 00e4 B0000000 		.4byte	0xb0
 311 00e8 09       		.uleb128 0x9
 312 00e9 69020000 		.4byte	.LASF20
 313 00ed 01       		.byte	0x1
 314 00ee 2A       		.byte	0x2a
 315 00ef 00000000 		.4byte	.LFB0
 316 00f3 24000000 		.4byte	.LFE0-.LFB0
 317 00f7 01       		.uleb128 0x1
 318 00f8 9C       		.byte	0x9c
 319 00f9 09       		.uleb128 0x9
 320 00fa 36000000 		.4byte	.LASF21
 321 00fe 01       		.byte	0x1
 322 00ff 4A       		.byte	0x4a
 323 0100 00000000 		.4byte	.LFB1
 324 0104 20000000 		.4byte	.LFE1-.LFB1
 325 0108 01       		.uleb128 0x1
 326 0109 9C       		.byte	0x9c
 327 010a 09       		.uleb128 0x9
 328 010b 4F020000 		.4byte	.LASF22
 329 010f 01       		.byte	0x1
 330 0110 69       		.byte	0x69
 331 0111 00000000 		.4byte	.LFB2
 332 0115 34000000 		.4byte	.LFE2-.LFB2
 333 0119 01       		.uleb128 0x1
 334 011a 9C       		.byte	0x9c
 335 011b 09       		.uleb128 0x9
 336 011c 0E000000 		.4byte	.LASF23
 337 0120 01       		.byte	0x1
 338 0121 96       		.byte	0x96
 339 0122 00000000 		.4byte	.LFB3
 340 0126 1C000000 		.4byte	.LFE3-.LFB3
 341 012a 01       		.uleb128 0x1
 342 012b 9C       		.byte	0x9c
 343 012c 0A       		.uleb128 0xa
 344 012d C3010000 		.4byte	.LASF27
 345 0131 01       		.byte	0x1
 346 0132 15       		.byte	0x15
 347 0133 DD000000 		.4byte	0xdd
 348 0137 05       		.uleb128 0x5
 349 0138 03       		.byte	0x3
 350 0139 00000000 		.4byte	QuadDec_Motor_Cnt16_backup
 351 013d 00       		.byte	0
ARM GAS  C:\Users\Albert\AppData\Local\Temp\ccgoCwAI.s 			page 10


 352              		.section	.debug_abbrev,"",%progbits
 353              	.Ldebug_abbrev0:
 354 0000 01       		.uleb128 0x1
 355 0001 11       		.uleb128 0x11
 356 0002 01       		.byte	0x1
 357 0003 25       		.uleb128 0x25
 358 0004 0E       		.uleb128 0xe
 359 0005 13       		.uleb128 0x13
 360 0006 0B       		.uleb128 0xb
 361 0007 03       		.uleb128 0x3
 362 0008 0E       		.uleb128 0xe
 363 0009 1B       		.uleb128 0x1b
 364 000a 0E       		.uleb128 0xe
 365 000b 55       		.uleb128 0x55
 366 000c 17       		.uleb128 0x17
 367 000d 11       		.uleb128 0x11
 368 000e 01       		.uleb128 0x1
 369 000f 10       		.uleb128 0x10
 370 0010 17       		.uleb128 0x17
 371 0011 00       		.byte	0
 372 0012 00       		.byte	0
 373 0013 02       		.uleb128 0x2
 374 0014 24       		.uleb128 0x24
 375 0015 00       		.byte	0
 376 0016 0B       		.uleb128 0xb
 377 0017 0B       		.uleb128 0xb
 378 0018 3E       		.uleb128 0x3e
 379 0019 0B       		.uleb128 0xb
 380 001a 03       		.uleb128 0x3
 381 001b 0E       		.uleb128 0xe
 382 001c 00       		.byte	0
 383 001d 00       		.byte	0
 384 001e 03       		.uleb128 0x3
 385 001f 24       		.uleb128 0x24
 386 0020 00       		.byte	0
 387 0021 0B       		.uleb128 0xb
 388 0022 0B       		.uleb128 0xb
 389 0023 3E       		.uleb128 0x3e
 390 0024 0B       		.uleb128 0xb
 391 0025 03       		.uleb128 0x3
 392 0026 08       		.uleb128 0x8
 393 0027 00       		.byte	0
 394 0028 00       		.byte	0
 395 0029 04       		.uleb128 0x4
 396 002a 16       		.uleb128 0x16
 397 002b 00       		.byte	0
 398 002c 03       		.uleb128 0x3
 399 002d 0E       		.uleb128 0xe
 400 002e 3A       		.uleb128 0x3a
 401 002f 0B       		.uleb128 0xb
 402 0030 3B       		.uleb128 0x3b
 403 0031 05       		.uleb128 0x5
 404 0032 49       		.uleb128 0x49
 405 0033 13       		.uleb128 0x13
 406 0034 00       		.byte	0
 407 0035 00       		.byte	0
 408 0036 05       		.uleb128 0x5
ARM GAS  C:\Users\Albert\AppData\Local\Temp\ccgoCwAI.s 			page 11


 409 0037 35       		.uleb128 0x35
 410 0038 00       		.byte	0
 411 0039 49       		.uleb128 0x49
 412 003a 13       		.uleb128 0x13
 413 003b 00       		.byte	0
 414 003c 00       		.byte	0
 415 003d 06       		.uleb128 0x6
 416 003e 13       		.uleb128 0x13
 417 003f 01       		.byte	0x1
 418 0040 0B       		.uleb128 0xb
 419 0041 0B       		.uleb128 0xb
 420 0042 3A       		.uleb128 0x3a
 421 0043 0B       		.uleb128 0xb
 422 0044 3B       		.uleb128 0x3b
 423 0045 0B       		.uleb128 0xb
 424 0046 01       		.uleb128 0x1
 425 0047 13       		.uleb128 0x13
 426 0048 00       		.byte	0
 427 0049 00       		.byte	0
 428 004a 07       		.uleb128 0x7
 429 004b 0D       		.uleb128 0xd
 430 004c 00       		.byte	0
 431 004d 03       		.uleb128 0x3
 432 004e 0E       		.uleb128 0xe
 433 004f 3A       		.uleb128 0x3a
 434 0050 0B       		.uleb128 0xb
 435 0051 3B       		.uleb128 0x3b
 436 0052 0B       		.uleb128 0xb
 437 0053 49       		.uleb128 0x49
 438 0054 13       		.uleb128 0x13
 439 0055 38       		.uleb128 0x38
 440 0056 0B       		.uleb128 0xb
 441 0057 00       		.byte	0
 442 0058 00       		.byte	0
 443 0059 08       		.uleb128 0x8
 444 005a 16       		.uleb128 0x16
 445 005b 00       		.byte	0
 446 005c 03       		.uleb128 0x3
 447 005d 0E       		.uleb128 0xe
 448 005e 3A       		.uleb128 0x3a
 449 005f 0B       		.uleb128 0xb
 450 0060 3B       		.uleb128 0x3b
 451 0061 0B       		.uleb128 0xb
 452 0062 49       		.uleb128 0x49
 453 0063 13       		.uleb128 0x13
 454 0064 00       		.byte	0
 455 0065 00       		.byte	0
 456 0066 09       		.uleb128 0x9
 457 0067 2E       		.uleb128 0x2e
 458 0068 00       		.byte	0
 459 0069 3F       		.uleb128 0x3f
 460 006a 19       		.uleb128 0x19
 461 006b 03       		.uleb128 0x3
 462 006c 0E       		.uleb128 0xe
 463 006d 3A       		.uleb128 0x3a
 464 006e 0B       		.uleb128 0xb
 465 006f 3B       		.uleb128 0x3b
ARM GAS  C:\Users\Albert\AppData\Local\Temp\ccgoCwAI.s 			page 12


 466 0070 0B       		.uleb128 0xb
 467 0071 27       		.uleb128 0x27
 468 0072 19       		.uleb128 0x19
 469 0073 11       		.uleb128 0x11
 470 0074 01       		.uleb128 0x1
 471 0075 12       		.uleb128 0x12
 472 0076 06       		.uleb128 0x6
 473 0077 40       		.uleb128 0x40
 474 0078 18       		.uleb128 0x18
 475 0079 9642     		.uleb128 0x2116
 476 007b 19       		.uleb128 0x19
 477 007c 00       		.byte	0
 478 007d 00       		.byte	0
 479 007e 0A       		.uleb128 0xa
 480 007f 34       		.uleb128 0x34
 481 0080 00       		.byte	0
 482 0081 03       		.uleb128 0x3
 483 0082 0E       		.uleb128 0xe
 484 0083 3A       		.uleb128 0x3a
 485 0084 0B       		.uleb128 0xb
 486 0085 3B       		.uleb128 0x3b
 487 0086 0B       		.uleb128 0xb
 488 0087 49       		.uleb128 0x49
 489 0088 13       		.uleb128 0x13
 490 0089 02       		.uleb128 0x2
 491 008a 18       		.uleb128 0x18
 492 008b 00       		.byte	0
 493 008c 00       		.byte	0
 494 008d 00       		.byte	0
 495              		.section	.debug_aranges,"",%progbits
 496 0000 34000000 		.4byte	0x34
 497 0004 0200     		.2byte	0x2
 498 0006 00000000 		.4byte	.Ldebug_info0
 499 000a 04       		.byte	0x4
 500 000b 00       		.byte	0
 501 000c 0000     		.2byte	0
 502 000e 0000     		.2byte	0
 503 0010 00000000 		.4byte	.LFB0
 504 0014 24000000 		.4byte	.LFE0-.LFB0
 505 0018 00000000 		.4byte	.LFB1
 506 001c 20000000 		.4byte	.LFE1-.LFB1
 507 0020 00000000 		.4byte	.LFB2
 508 0024 34000000 		.4byte	.LFE2-.LFB2
 509 0028 00000000 		.4byte	.LFB3
 510 002c 1C000000 		.4byte	.LFE3-.LFB3
 511 0030 00000000 		.4byte	0
 512 0034 00000000 		.4byte	0
 513              		.section	.debug_ranges,"",%progbits
 514              	.Ldebug_ranges0:
 515 0000 00000000 		.4byte	.LFB0
 516 0004 24000000 		.4byte	.LFE0
 517 0008 00000000 		.4byte	.LFB1
 518 000c 20000000 		.4byte	.LFE1
 519 0010 00000000 		.4byte	.LFB2
 520 0014 34000000 		.4byte	.LFE2
 521 0018 00000000 		.4byte	.LFB3
 522 001c 1C000000 		.4byte	.LFE3
ARM GAS  C:\Users\Albert\AppData\Local\Temp\ccgoCwAI.s 			page 13


 523 0020 00000000 		.4byte	0
 524 0024 00000000 		.4byte	0
 525              		.section	.debug_line,"",%progbits
 526              	.Ldebug_line0:
 527 0000 C3000000 		.section	.debug_str,"MS",%progbits,1
 527      02006C00 
 527      00000201 
 527      FB0E0D00 
 527      01010101 
 528              	.LASF6:
 529 0000 6C6F6E67 		.ascii	"long long int\000"
 529      206C6F6E 
 529      6720696E 
 529      7400
 530              	.LASF23:
 531 000e 51756164 		.ascii	"QuadDec_Motor_Cnt16_Wakeup\000"
 531      4465635F 
 531      4D6F746F 
 531      725F436E 
 531      7431365F 
 532              	.LASF8:
 533 0029 756E7369 		.ascii	"unsigned int\000"
 533      676E6564 
 533      20696E74 
 533      00
 534              	.LASF21:
 535 0036 51756164 		.ascii	"QuadDec_Motor_Cnt16_RestoreConfig\000"
 535      4465635F 
 535      4D6F746F 
 535      725F436E 
 535      7431365F 
 536              	.LASF13:
 537 0058 72656738 		.ascii	"reg8\000"
 537      00
 538              	.LASF9:
 539 005d 75696E74 		.ascii	"uint8\000"
 539      3800
 540              	.LASF5:
 541 0063 6C6F6E67 		.ascii	"long unsigned int\000"
 541      20756E73 
 541      69676E65 
 541      6420696E 
 541      7400
 542              	.LASF7:
 543 0075 6C6F6E67 		.ascii	"long long unsigned int\000"
 543      206C6F6E 
 543      6720756E 
 543      7369676E 
 543      65642069 
 544              	.LASF1:
 545 008c 756E7369 		.ascii	"unsigned char\000"
 545      676E6564 
 545      20636861 
 545      7200
 546              	.LASF24:
 547 009a 474E5520 		.ascii	"GNU C11 5.4.1 20160609 (release) [ARM/embedded-5-br"
 547      43313120 
ARM GAS  C:\Users\Albert\AppData\Local\Temp\ccgoCwAI.s 			page 14


 547      352E342E 
 547      31203230 
 547      31363036 
 548 00cd 616E6368 		.ascii	"anch revision 237715] -mcpu=cortex-m3 -mthumb -g -O"
 548      20726576 
 548      6973696F 
 548      6E203233 
 548      37373135 
 549 0100 30202D66 		.ascii	"0 -ffunction-sections -ffat-lto-objects\000"
 549      66756E63 
 549      74696F6E 
 549      2D736563 
 549      74696F6E 
 550              	.LASF18:
 551 0128 436F756E 		.ascii	"CounterControlRegister\000"
 551      74657243 
 551      6F6E7472 
 551      6F6C5265 
 551      67697374 
 552              	.LASF12:
 553 013f 63686172 		.ascii	"char\000"
 553      00
 554              	.LASF26:
 555 0144 433A5C55 		.ascii	"C:\\Users\\Albert\\Documents\\6115_fp\\IWP.cydsn\000"
 555      73657273 
 555      5C416C62 
 555      6572745C 
 555      446F6375 
 556              	.LASF4:
 557 0170 6C6F6E67 		.ascii	"long int\000"
 557      20696E74 
 557      00
 558              	.LASF16:
 559 0179 436F756E 		.ascii	"CounterEnableState\000"
 559      74657245 
 559      6E61626C 
 559      65537461 
 559      746500
 560              	.LASF25:
 561 018c 47656E65 		.ascii	"Generated_Source\\PSoC5\\QuadDec_Motor_Cnt16_PM.c\000"
 561      72617465 
 561      645F536F 
 561      75726365 
 561      5C50536F 
 562              	.LASF11:
 563 01bc 646F7562 		.ascii	"double\000"
 563      6C6500
 564              	.LASF27:
 565 01c3 51756164 		.ascii	"QuadDec_Motor_Cnt16_backup\000"
 565      4465635F 
 565      4D6F746F 
 565      725F436E 
 565      7431365F 
 566              	.LASF3:
 567 01de 73686F72 		.ascii	"short unsigned int\000"
 567      7420756E 
 567      7369676E 
ARM GAS  C:\Users\Albert\AppData\Local\Temp\ccgoCwAI.s 			page 15


 567      65642069 
 567      6E7400
 568              	.LASF0:
 569 01f1 7369676E 		.ascii	"signed char\000"
 569      65642063 
 569      68617200 
 570              	.LASF14:
 571 01fd 6C6F6E67 		.ascii	"long double\000"
 571      20646F75 
 571      626C6500 
 572              	.LASF15:
 573 0209 73697A65 		.ascii	"sizetype\000"
 573      74797065 
 573      00
 574              	.LASF19:
 575 0212 51756164 		.ascii	"QuadDec_Motor_Cnt16_backupStruct\000"
 575      4465635F 
 575      4D6F746F 
 575      725F436E 
 575      7431365F 
 576              	.LASF2:
 577 0233 73686F72 		.ascii	"short int\000"
 577      7420696E 
 577      7400
 578              	.LASF10:
 579 023d 75696E74 		.ascii	"uint16\000"
 579      313600
 580              	.LASF17:
 581 0244 436F756E 		.ascii	"CounterUdb\000"
 581      74657255 
 581      646200
 582              	.LASF22:
 583 024f 51756164 		.ascii	"QuadDec_Motor_Cnt16_Sleep\000"
 583      4465635F 
 583      4D6F746F 
 583      725F436E 
 583      7431365F 
 584              	.LASF20:
 585 0269 51756164 		.ascii	"QuadDec_Motor_Cnt16_SaveConfig\000"
 585      4465635F 
 585      4D6F746F 
 585      725F436E 
 585      7431365F 
 586              		.ident	"GCC: (GNU Tools for ARM Embedded Processors) 5.4.1 20160609 (release) [ARM/embedded-5-bran
