ARM GAS  C:\Users\Albert\AppData\Local\Temp\cccHWnaI.s 			page 1


   1              		.syntax unified
   2              		.cpu cortex-m3
   3              		.fpu softvfp
   4              		.eabi_attribute 20, 1
   5              		.eabi_attribute 21, 1
   6              		.eabi_attribute 23, 3
   7              		.eabi_attribute 24, 1
   8              		.eabi_attribute 25, 1
   9              		.eabi_attribute 26, 1
  10              		.eabi_attribute 30, 6
  11              		.eabi_attribute 34, 1
  12              		.eabi_attribute 18, 4
  13              		.thumb
  14              		.syntax unified
  15              		.file	"torqueController.c"
  16              		.text
  17              	.Ltext0:
  18              		.cfi_sections	.debug_frame
  19              		.global	__aeabi_f2d
  20              		.global	__aeabi_dmul
  21              		.global	__aeabi_ddiv
  22              		.global	__aeabi_dadd
  23              		.global	__aeabi_d2f
  24              		.global	__aeabi_fsub
  25              		.global	__aeabi_fmul
  26              		.global	__aeabi_dsub
  27              		.global	__aeabi_fadd
  28              		.global	__aeabi_fdiv
  29              		.global	__aeabi_d2iz
  30              		.global	__aeabi_i2f
  31              		.global	__aeabi_f2iz
  32              		.section	.text.setTorque,"ax",%progbits
  33              		.align	2
  34              		.global	setTorque
  35              		.thumb
  36              		.thumb_func
  37              		.type	setTorque, %function
  38              	setTorque:
  39              	.LFB63:
  40              		.file 1 "torqueController.c"
   1:torqueController.c **** /* ========================================
   2:torqueController.c ****  *
   3:torqueController.c ****  * Copyright Albert Wu, 2018
   4:torqueController.c ****  * All Rights Reserved
   5:torqueController.c ****  * UNPUBLISHED, LICENSED SOFTWARE.
   6:torqueController.c ****  *
   7:torqueController.c ****  * CONFIDENTIAL AND PROPRIETARY INFORMATION
   8:torqueController.c ****  * WHICH IS THE PROPERTY OF your company.
   9:torqueController.c ****  *
  10:torqueController.c ****  * ========================================
  11:torqueController.c **** */
  12:torqueController.c **** #include <math.h>
  13:torqueController.c **** #include "mathUtility.h"
  14:torqueController.c **** #include "hardwareParameters.h"
  15:torqueController.c **** #include "controlParameters.h"
  16:torqueController.c **** #include "hardware.h"
  17:torqueController.c **** #include "sensorStructs.h"
ARM GAS  C:\Users\Albert\AppData\Local\Temp\cccHWnaI.s 			page 2


  18:torqueController.c **** 
  19:torqueController.c **** //sensor variables from main.c
  20:torqueController.c **** extern MemoryVariable thetaShoulder;
  21:torqueController.c **** extern MemoryVariable thetaWheel;
  22:torqueController.c **** extern MemoryVariable torque;
  23:torqueController.c **** 
  24:torqueController.c **** //currently unused
  25:torqueController.c **** extern float positiveFreeTorque;
  26:torqueController.c **** extern float negativeFreeTorque;
  27:torqueController.c **** 
  28:torqueController.c **** 
  29:torqueController.c **** 
  30:torqueController.c **** void setTorque(float goalTorque, _Bool feedBack, _Bool feedForward)
  31:torqueController.c **** {
  41              		.loc 1 31 0
  42              		.cfi_startproc
  43              		@ args = 0, pretend = 0, frame = 40
  44              		@ frame_needed = 1, uses_anonymous_args = 0
  45 0000 B0B5     		push	{r4, r5, r7, lr}
  46              		.cfi_def_cfa_offset 16
  47              		.cfi_offset 4, -16
  48              		.cfi_offset 5, -12
  49              		.cfi_offset 7, -8
  50              		.cfi_offset 14, -4
  51 0002 8AB0     		sub	sp, sp, #40
  52              		.cfi_def_cfa_offset 56
  53 0004 00AF     		add	r7, sp, #0
  54              		.cfi_def_cfa_register 7
  55 0006 7860     		str	r0, [r7, #4]	@ float
  56 0008 0B46     		mov	r3, r1
  57 000a FB70     		strb	r3, [r7, #3]
  58 000c 1346     		mov	r3, r2
  59 000e BB70     		strb	r3, [r7, #2]
  32:torqueController.c ****     //calculate feedfoward component
  33:torqueController.c ****     float omegaM = getDerivative(&thetaWheel);
  60              		.loc 1 33 0
  61 0010 6F48     		ldr	r0, .L6+32
  62 0012 FFF7FEFF 		bl	getDerivative
  63 0016 3862     		str	r0, [r7, #32]	@ float
  34:torqueController.c ****     float uFeedForward = (goalTorque+MOTOR_K_T*MOTOR_K_T*omegaM/MOTOR_R)*MOTOR_R/MOTOR_K_T;
  64              		.loc 1 34 0
  65 0018 7868     		ldr	r0, [r7, #4]	@ float
  66 001a FFF7FEFF 		bl	__aeabi_f2d
  67 001e 0446     		mov	r4, r0
  68 0020 0D46     		mov	r5, r1
  69 0022 386A     		ldr	r0, [r7, #32]	@ float
  70 0024 FFF7FEFF 		bl	__aeabi_f2d
  71 0028 61A3     		adr	r3, .L6
  72 002a D3E90023 		ldrd	r2, [r3]
  73 002e FFF7FEFF 		bl	__aeabi_dmul
  74 0032 0246     		mov	r2, r0
  75 0034 0B46     		mov	r3, r1
  76 0036 1046     		mov	r0, r2
  77 0038 1946     		mov	r1, r3
  78 003a 5FA3     		adr	r3, .L6+8
  79 003c D3E90023 		ldrd	r2, [r3]
  80 0040 FFF7FEFF 		bl	__aeabi_ddiv
ARM GAS  C:\Users\Albert\AppData\Local\Temp\cccHWnaI.s 			page 3


  81 0044 0246     		mov	r2, r0
  82 0046 0B46     		mov	r3, r1
  83 0048 2046     		mov	r0, r4
  84 004a 2946     		mov	r1, r5
  85 004c FFF7FEFF 		bl	__aeabi_dadd
  86 0050 0346     		mov	r3, r0
  87 0052 0C46     		mov	r4, r1
  88 0054 1846     		mov	r0, r3
  89 0056 2146     		mov	r1, r4
  90 0058 57A3     		adr	r3, .L6+8
  91 005a D3E90023 		ldrd	r2, [r3]
  92 005e FFF7FEFF 		bl	__aeabi_dmul
  93 0062 0346     		mov	r3, r0
  94 0064 0C46     		mov	r4, r1
  95 0066 1846     		mov	r0, r3
  96 0068 2146     		mov	r1, r4
  97 006a 55A3     		adr	r3, .L6+16
  98 006c D3E90023 		ldrd	r2, [r3]
  99 0070 FFF7FEFF 		bl	__aeabi_ddiv
 100 0074 0346     		mov	r3, r0
 101 0076 0C46     		mov	r4, r1
 102 0078 1846     		mov	r0, r3
 103 007a 2146     		mov	r1, r4
 104 007c FFF7FEFF 		bl	__aeabi_d2f
 105 0080 0346     		mov	r3, r0
 106 0082 FB61     		str	r3, [r7, #28]	@ float
  35:torqueController.c ****     
  36:torqueController.c ****     //calculate feedback comoponent
  37:torqueController.c ****     float measuredTorque = getValue(&torque);
 107              		.loc 1 37 0
 108 0084 5348     		ldr	r0, .L6+36
 109 0086 FFF7FEFF 		bl	getValue
 110 008a B861     		str	r0, [r7, #24]	@ float
  38:torqueController.c ****     float measuredTorqueDeri = getDerivativeWithoutUpdate(&torque);
 111              		.loc 1 38 0
 112 008c 5148     		ldr	r0, .L6+36
 113 008e FFF7FEFF 		bl	getDerivativeWithoutUpdate
 114 0092 7861     		str	r0, [r7, #20]	@ float
  39:torqueController.c ****     
  40:torqueController.c ****     //TODO: I and D
  41:torqueController.c ****     float uFeedBack = PID_KP*(goalTorque-measuredTorque)-PID_KD*measuredTorqueDeri;
 115              		.loc 1 41 0
 116 0094 B969     		ldr	r1, [r7, #24]	@ float
 117 0096 7868     		ldr	r0, [r7, #4]	@ float
 118 0098 FFF7FEFF 		bl	__aeabi_fsub
 119 009c 0346     		mov	r3, r0
 120 009e 4E49     		ldr	r1, .L6+40
 121 00a0 1846     		mov	r0, r3
 122 00a2 FFF7FEFF 		bl	__aeabi_fmul
 123 00a6 0346     		mov	r3, r0
 124 00a8 1846     		mov	r0, r3
 125 00aa FFF7FEFF 		bl	__aeabi_f2d
 126 00ae 0446     		mov	r4, r0
 127 00b0 0D46     		mov	r5, r1
 128 00b2 7869     		ldr	r0, [r7, #20]	@ float
 129 00b4 FFF7FEFF 		bl	__aeabi_f2d
 130 00b8 43A3     		adr	r3, .L6+24
ARM GAS  C:\Users\Albert\AppData\Local\Temp\cccHWnaI.s 			page 4


 131 00ba D3E90023 		ldrd	r2, [r3]
 132 00be FFF7FEFF 		bl	__aeabi_dmul
 133 00c2 0246     		mov	r2, r0
 134 00c4 0B46     		mov	r3, r1
 135 00c6 2046     		mov	r0, r4
 136 00c8 2946     		mov	r1, r5
 137 00ca FFF7FEFF 		bl	__aeabi_dsub
 138 00ce 0346     		mov	r3, r0
 139 00d0 0C46     		mov	r4, r1
 140 00d2 1846     		mov	r0, r3
 141 00d4 2146     		mov	r1, r4
 142 00d6 FFF7FEFF 		bl	__aeabi_d2f
 143 00da 0346     		mov	r3, r0
 144 00dc 3B61     		str	r3, [r7, #16]	@ float
  42:torqueController.c ****     float totalU = 0;
 145              		.loc 1 42 0
 146 00de 4FF00003 		mov	r3, #0
 147 00e2 7B62     		str	r3, [r7, #36]	@ float
  43:torqueController.c ****     if(feedForward)
 148              		.loc 1 43 0
 149 00e4 BB78     		ldrb	r3, [r7, #2]	@ zero_extendqisi2
 150 00e6 002B     		cmp	r3, #0
 151 00e8 05D0     		beq	.L2
  44:torqueController.c ****     {
  45:torqueController.c ****         totalU += uFeedForward;
 152              		.loc 1 45 0
 153 00ea F969     		ldr	r1, [r7, #28]	@ float
 154 00ec 786A     		ldr	r0, [r7, #36]	@ float
 155 00ee FFF7FEFF 		bl	__aeabi_fadd
 156 00f2 0346     		mov	r3, r0
 157 00f4 7B62     		str	r3, [r7, #36]	@ float
 158              	.L2:
  46:torqueController.c ****     }
  47:torqueController.c ****     if(feedBack) 
 159              		.loc 1 47 0
 160 00f6 FB78     		ldrb	r3, [r7, #3]	@ zero_extendqisi2
 161 00f8 002B     		cmp	r3, #0
 162 00fa 05D0     		beq	.L3
  48:torqueController.c ****     {
  49:torqueController.c ****         totalU += uFeedBack;
 163              		.loc 1 49 0
 164 00fc 3969     		ldr	r1, [r7, #16]	@ float
 165 00fe 786A     		ldr	r0, [r7, #36]	@ float
 166 0100 FFF7FEFF 		bl	__aeabi_fadd
 167 0104 0346     		mov	r3, r0
 168 0106 7B62     		str	r3, [r7, #36]	@ float
 169              	.L3:
 170              	.LBB2:
  50:torqueController.c ****     }
  51:torqueController.c ****     //Threshold for control action
  52:torqueController.c ****     if (abs(totalU)<ACTION_THRESHOLD)
 171              		.loc 1 52 0
 172 0108 786A     		ldr	r0, [r7, #36]	@ float
 173 010a FFF7FEFF 		bl	__aeabi_f2d
 174 010e 0346     		mov	r3, r0
 175 0110 0C46     		mov	r4, r1
 176 0112 1846     		mov	r0, r3
ARM GAS  C:\Users\Albert\AppData\Local\Temp\cccHWnaI.s 			page 5


 177 0114 2146     		mov	r1, r4
 178 0116 FFF7FEFF 		bl	abs
 179 011a 0346     		mov	r3, r0
 180 011c 002B     		cmp	r3, #0
 181 011e 02DA     		bge	.L4
  53:torqueController.c ****     {
  54:torqueController.c ****         totalU = 0;
 182              		.loc 1 54 0
 183 0120 4FF00003 		mov	r3, #0
 184 0124 7B62     		str	r3, [r7, #36]	@ float
 185              	.L4:
 186              	.LBE2:
  55:torqueController.c ****     }
  56:torqueController.c ****     //send torque command
  57:torqueController.c ****     int pwm = round(totalU/MOTOR_V_SUPPLY*256);
 187              		.loc 1 57 0
 188 0126 2D49     		ldr	r1, .L6+44
 189 0128 786A     		ldr	r0, [r7, #36]	@ float
 190 012a FFF7FEFF 		bl	__aeabi_fdiv
 191 012e 0346     		mov	r3, r0
 192 0130 4FF08741 		mov	r1, #1132462080
 193 0134 1846     		mov	r0, r3
 194 0136 FFF7FEFF 		bl	__aeabi_fmul
 195 013a 0346     		mov	r3, r0
 196 013c 1846     		mov	r0, r3
 197 013e FFF7FEFF 		bl	__aeabi_f2d
 198 0142 0346     		mov	r3, r0
 199 0144 0C46     		mov	r4, r1
 200 0146 1846     		mov	r0, r3
 201 0148 2146     		mov	r1, r4
 202 014a FFF7FEFF 		bl	round
 203 014e 0346     		mov	r3, r0
 204 0150 0C46     		mov	r4, r1
 205 0152 1846     		mov	r0, r3
 206 0154 2146     		mov	r1, r4
 207 0156 FFF7FEFF 		bl	__aeabi_d2iz
 208 015a 0346     		mov	r3, r0
 209 015c FB60     		str	r3, [r7, #12]
  58:torqueController.c ****     _Bool direction = pwm>0?1:0;
 210              		.loc 1 58 0
 211 015e FB68     		ldr	r3, [r7, #12]
 212 0160 002B     		cmp	r3, #0
 213 0162 CCBF     		ite	gt
 214 0164 0123     		movgt	r3, #1
 215 0166 0023     		movle	r3, #0
 216 0168 FB72     		strb	r3, [r7, #11]
  59:torqueController.c ****     //Debug
  60:torqueController.c ****     //printFloat(pwm,0);
  61:torqueController.c ****     sendValue(max(min(abs(pwm),255),0),direction);
 217              		.loc 1 61 0
 218 016a FB68     		ldr	r3, [r7, #12]
 219 016c 002B     		cmp	r3, #0
 220 016e B8BF     		it	lt
 221 0170 5B42     		rsblt	r3, r3, #0
 222 0172 1846     		mov	r0, r3
 223 0174 FFF7FEFF 		bl	__aeabi_i2f
 224 0178 0346     		mov	r3, r0
ARM GAS  C:\Users\Albert\AppData\Local\Temp\cccHWnaI.s 			page 6


 225 017a 1949     		ldr	r1, .L6+48
 226 017c 1846     		mov	r0, r3
 227 017e FFF7FEFF 		bl	min
 228 0182 0346     		mov	r3, r0
 229 0184 4FF00001 		mov	r1, #0
 230 0188 1846     		mov	r0, r3
 231 018a FFF7FEFF 		bl	max
 232 018e 0346     		mov	r3, r0
 233 0190 1846     		mov	r0, r3
 234 0192 FFF7FEFF 		bl	__aeabi_f2iz
 235 0196 0246     		mov	r2, r0
 236 0198 FB7A     		ldrb	r3, [r7, #11]	@ zero_extendqisi2
 237 019a 1946     		mov	r1, r3
 238 019c 1046     		mov	r0, r2
 239 019e FFF7FEFF 		bl	sendValue
  62:torqueController.c ****     return;
 240              		.loc 1 62 0
 241 01a2 00BF     		nop
  63:torqueController.c **** }
 242              		.loc 1 63 0
 243 01a4 2837     		adds	r7, r7, #40
 244              		.cfi_def_cfa_offset 16
 245 01a6 BD46     		mov	sp, r7
 246              		.cfi_def_cfa_register 13
 247              		@ sp needed
 248 01a8 B0BD     		pop	{r4, r5, r7, pc}
 249              	.L7:
 250 01aa 00BFAFF3 		.align	3
 250      0080
 251              	.L6:
 252 01b0 92CB7F48 		.word	1216334738
 253 01b4 BF7DAD3F 		.word	1068334527
 254 01b8 33333333 		.word	858993459
 255 01bc 33330340 		.word	1073951539
 256 01c0 B81E85EB 		.word	-343597384
 257 01c4 51B8CE3F 		.word	1070512209
 258 01c8 33333333 		.word	858993459
 259 01cc 3333D33F 		.word	1070805811
 260 01d0 00000000 		.word	thetaWheel
 261 01d4 00000000 		.word	torque
 262 01d8 0000A040 		.word	1084227584
 263 01dc 00004041 		.word	1094713344
 264 01e0 00007F43 		.word	1132396544
 265              		.cfi_endproc
 266              	.LFE63:
 267              		.size	setTorque, .-setTorque
 268              		.text
 269              	.Letext0:
 270              		.file 2 "c:\\program files (x86)\\cypress\\psoc creator\\4.2\\psoc creator\\import\\gnu\\arm\\5.4.
 271              		.file 3 "c:\\program files (x86)\\cypress\\psoc creator\\4.2\\psoc creator\\import\\gnu\\arm\\5.4.
 272              		.file 4 "sensorStructs.h"
 273              		.file 5 "Generated_Source\\PSoC5/core_cm3.h"
 274              		.file 6 "<built-in>"
 275              		.section	.debug_info,"",%progbits
 276              	.Ldebug_info0:
 277 0000 10020000 		.4byte	0x210
 278 0004 0400     		.2byte	0x4
ARM GAS  C:\Users\Albert\AppData\Local\Temp\cccHWnaI.s 			page 7


 279 0006 00000000 		.4byte	.Ldebug_abbrev0
 280 000a 04       		.byte	0x4
 281 000b 01       		.uleb128 0x1
 282 000c 0C000000 		.4byte	.LASF35
 283 0010 0C       		.byte	0xc
 284 0011 4B020000 		.4byte	.LASF36
 285 0015 A4010000 		.4byte	.LASF37
 286 0019 00000000 		.4byte	.Ldebug_ranges0+0
 287 001d 00000000 		.4byte	0
 288 0021 00000000 		.4byte	.Ldebug_line0
 289 0025 02       		.uleb128 0x2
 290 0026 04       		.byte	0x4
 291 0027 05       		.byte	0x5
 292 0028 696E7400 		.ascii	"int\000"
 293 002c 03       		.uleb128 0x3
 294 002d 04       		.byte	0x4
 295 002e 07       		.byte	0x7
 296 002f 4F010000 		.4byte	.LASF0
 297 0033 03       		.uleb128 0x3
 298 0034 08       		.byte	0x8
 299 0035 05       		.byte	0x5
 300 0036 E0010000 		.4byte	.LASF1
 301 003a 03       		.uleb128 0x3
 302 003b 08       		.byte	0x8
 303 003c 04       		.byte	0x4
 304 003d 2F020000 		.4byte	.LASF2
 305 0041 03       		.uleb128 0x3
 306 0042 01       		.byte	0x1
 307 0043 06       		.byte	0x6
 308 0044 D1000000 		.4byte	.LASF3
 309 0048 03       		.uleb128 0x3
 310 0049 01       		.byte	0x1
 311 004a 08       		.byte	0x8
 312 004b DD000000 		.4byte	.LASF4
 313 004f 03       		.uleb128 0x3
 314 0050 02       		.byte	0x2
 315 0051 05       		.byte	0x5
 316 0052 38010000 		.4byte	.LASF5
 317 0056 03       		.uleb128 0x3
 318 0057 02       		.byte	0x2
 319 0058 07       		.byte	0x7
 320 0059 FD000000 		.4byte	.LASF6
 321 005d 04       		.uleb128 0x4
 322 005e 9A000000 		.4byte	.LASF14
 323 0062 02       		.byte	0x2
 324 0063 3F       		.byte	0x3f
 325 0064 68000000 		.4byte	0x68
 326 0068 03       		.uleb128 0x3
 327 0069 04       		.byte	0x4
 328 006a 05       		.byte	0x5
 329 006b 10010000 		.4byte	.LASF7
 330 006f 03       		.uleb128 0x3
 331 0070 04       		.byte	0x4
 332 0071 07       		.byte	0x7
 333 0072 EB000000 		.4byte	.LASF8
 334 0076 03       		.uleb128 0x3
 335 0077 08       		.byte	0x8
ARM GAS  C:\Users\Albert\AppData\Local\Temp\cccHWnaI.s 			page 8


 336 0078 07       		.byte	0x7
 337 0079 5C010000 		.4byte	.LASF9
 338 007d 03       		.uleb128 0x3
 339 007e 04       		.byte	0x4
 340 007f 07       		.byte	0x7
 341 0080 D7010000 		.4byte	.LASF10
 342 0084 03       		.uleb128 0x3
 343 0085 01       		.byte	0x1
 344 0086 08       		.byte	0x8
 345 0087 F8010000 		.4byte	.LASF11
 346 008b 03       		.uleb128 0x3
 347 008c 08       		.byte	0x8
 348 008d 04       		.byte	0x4
 349 008e 31010000 		.4byte	.LASF12
 350 0092 03       		.uleb128 0x3
 351 0093 04       		.byte	0x4
 352 0094 04       		.byte	0x4
 353 0095 CB000000 		.4byte	.LASF13
 354 0099 04       		.uleb128 0x4
 355 009a C3000000 		.4byte	.LASF15
 356 009e 03       		.byte	0x3
 357 009f 2C       		.byte	0x2c
 358 00a0 5D000000 		.4byte	0x5d
 359 00a4 05       		.uleb128 0x5
 360 00a5 86010000 		.4byte	.LASF20
 361 00a9 58       		.byte	0x58
 362 00aa 04       		.byte	0x4
 363 00ab 19       		.byte	0x19
 364 00ac E1000000 		.4byte	0xe1
 365 00b0 06       		.uleb128 0x6
 366 00b1 FD010000 		.4byte	.LASF16
 367 00b5 04       		.byte	0x4
 368 00b6 1A       		.byte	0x1a
 369 00b7 E1000000 		.4byte	0xe1
 370 00bb 00       		.byte	0
 371 00bc 06       		.uleb128 0x6
 372 00bd 26010000 		.4byte	.LASF17
 373 00c1 04       		.byte	0x4
 374 00c2 1B       		.byte	0x1b
 375 00c3 E1000000 		.4byte	0xe1
 376 00c7 28       		.byte	0x28
 377 00c8 06       		.uleb128 0x6
 378 00c9 04020000 		.4byte	.LASF18
 379 00cd 04       		.byte	0x4
 380 00ce 1C       		.byte	0x1c
 381 00cf 92000000 		.4byte	0x92
 382 00d3 50       		.byte	0x50
 383 00d4 06       		.uleb128 0x6
 384 00d5 B7000000 		.4byte	.LASF19
 385 00d9 04       		.byte	0x4
 386 00da 1D       		.byte	0x1d
 387 00db FC000000 		.4byte	0xfc
 388 00df 54       		.byte	0x54
 389 00e0 00       		.byte	0
 390 00e1 07       		.uleb128 0x7
 391 00e2 92000000 		.4byte	0x92
 392 00e6 F1000000 		.4byte	0xf1
ARM GAS  C:\Users\Albert\AppData\Local\Temp\cccHWnaI.s 			page 9


 393 00ea 08       		.uleb128 0x8
 394 00eb 7D000000 		.4byte	0x7d
 395 00ef 09       		.byte	0x9
 396 00f0 00       		.byte	0
 397 00f1 09       		.uleb128 0x9
 398 00f2 92000000 		.4byte	0x92
 399 00f6 FC000000 		.4byte	0xfc
 400 00fa 0A       		.uleb128 0xa
 401 00fb 00       		.byte	0
 402 00fc 0B       		.uleb128 0xb
 403 00fd 04       		.byte	0x4
 404 00fe F1000000 		.4byte	0xf1
 405 0102 04       		.uleb128 0x4
 406 0103 86010000 		.4byte	.LASF20
 407 0107 04       		.byte	0x4
 408 0108 1E       		.byte	0x1e
 409 0109 A4000000 		.4byte	0xa4
 410 010d 0C       		.uleb128 0xc
 411 010e 41020000 		.4byte	.LASF38
 412 0112 01       		.byte	0x1
 413 0113 1E       		.byte	0x1e
 414 0114 00000000 		.4byte	.LFB63
 415 0118 E4010000 		.4byte	.LFE63-.LFB63
 416 011c 01       		.uleb128 0x1
 417 011d 9C       		.byte	0x9c
 418 011e E5010000 		.4byte	0x1e5
 419 0122 0D       		.uleb128 0xd
 420 0123 24020000 		.4byte	.LASF21
 421 0127 01       		.byte	0x1
 422 0128 1E       		.byte	0x1e
 423 0129 92000000 		.4byte	0x92
 424 012d 02       		.uleb128 0x2
 425 012e 91       		.byte	0x91
 426 012f 4C       		.sleb128 -52
 427 0130 0D       		.uleb128 0xd
 428 0131 A4000000 		.4byte	.LASF22
 429 0135 01       		.byte	0x1
 430 0136 1E       		.byte	0x1e
 431 0137 E5010000 		.4byte	0x1e5
 432 013b 02       		.uleb128 0x2
 433 013c 91       		.byte	0x91
 434 013d 4B       		.sleb128 -53
 435 013e 0D       		.uleb128 0xd
 436 013f 00000000 		.4byte	.LASF23
 437 0143 01       		.byte	0x1
 438 0144 1E       		.byte	0x1e
 439 0145 E5010000 		.4byte	0x1e5
 440 0149 02       		.uleb128 0x2
 441 014a 91       		.byte	0x91
 442 014b 4A       		.sleb128 -54
 443 014c 0E       		.uleb128 0xe
 444 014d D0010000 		.4byte	.LASF24
 445 0151 01       		.byte	0x1
 446 0152 21       		.byte	0x21
 447 0153 92000000 		.4byte	0x92
 448 0157 02       		.uleb128 0x2
 449 0158 91       		.byte	0x91
ARM GAS  C:\Users\Albert\AppData\Local\Temp\cccHWnaI.s 			page 10


 450 0159 68       		.sleb128 -24
 451 015a 0E       		.uleb128 0xe
 452 015b 42010000 		.4byte	.LASF25
 453 015f 01       		.byte	0x1
 454 0160 22       		.byte	0x22
 455 0161 92000000 		.4byte	0x92
 456 0165 02       		.uleb128 0x2
 457 0166 91       		.byte	0x91
 458 0167 64       		.sleb128 -28
 459 0168 0E       		.uleb128 0xe
 460 0169 95010000 		.4byte	.LASF26
 461 016d 01       		.byte	0x1
 462 016e 25       		.byte	0x25
 463 016f 92000000 		.4byte	0x92
 464 0173 02       		.uleb128 0x2
 465 0174 91       		.byte	0x91
 466 0175 60       		.sleb128 -32
 467 0176 0E       		.uleb128 0xe
 468 0177 73010000 		.4byte	.LASF27
 469 017b 01       		.byte	0x1
 470 017c 26       		.byte	0x26
 471 017d 92000000 		.4byte	0x92
 472 0181 02       		.uleb128 0x2
 473 0182 91       		.byte	0x91
 474 0183 5C       		.sleb128 -36
 475 0184 0E       		.uleb128 0xe
 476 0185 EE010000 		.4byte	.LASF28
 477 0189 01       		.byte	0x1
 478 018a 29       		.byte	0x29
 479 018b 92000000 		.4byte	0x92
 480 018f 02       		.uleb128 0x2
 481 0190 91       		.byte	0x91
 482 0191 58       		.sleb128 -40
 483 0192 0E       		.uleb128 0xe
 484 0193 12020000 		.4byte	.LASF29
 485 0197 01       		.byte	0x1
 486 0198 2A       		.byte	0x2a
 487 0199 92000000 		.4byte	0x92
 488 019d 02       		.uleb128 0x2
 489 019e 91       		.byte	0x91
 490 019f 6C       		.sleb128 -20
 491 01a0 0F       		.uleb128 0xf
 492 01a1 70776D00 		.ascii	"pwm\000"
 493 01a5 01       		.byte	0x1
 494 01a6 39       		.byte	0x39
 495 01a7 25000000 		.4byte	0x25
 496 01ab 02       		.uleb128 0x2
 497 01ac 91       		.byte	0x91
 498 01ad 54       		.sleb128 -44
 499 01ae 0E       		.uleb128 0xe
 500 01af AD000000 		.4byte	.LASF30
 501 01b3 01       		.byte	0x1
 502 01b4 3A       		.byte	0x3a
 503 01b5 E5010000 		.4byte	0x1e5
 504 01b9 02       		.uleb128 0x2
 505 01ba 91       		.byte	0x91
 506 01bb 53       		.sleb128 -45
ARM GAS  C:\Users\Albert\AppData\Local\Temp\cccHWnaI.s 			page 11


 507 01bc 10       		.uleb128 0x10
 508 01bd 61627300 		.ascii	"abs\000"
 509 01c1 06       		.byte	0x6
 510 01c2 00       		.byte	0
 511 01c3 25000000 		.4byte	0x25
 512 01c7 CD010000 		.4byte	0x1cd
 513 01cb 0A       		.uleb128 0xa
 514 01cc 00       		.byte	0
 515 01cd 11       		.uleb128 0x11
 516 01ce 08010000 		.4byte	.LBB2
 517 01d2 1E000000 		.4byte	.LBE2-.LBB2
 518 01d6 12       		.uleb128 0x12
 519 01d7 61627300 		.ascii	"abs\000"
 520 01db 06       		.byte	0x6
 521 01dc 00       		.byte	0
 522 01dd 25000000 		.4byte	0x25
 523 01e1 0A       		.uleb128 0xa
 524 01e2 00       		.byte	0
 525 01e3 00       		.byte	0
 526 01e4 00       		.byte	0
 527 01e5 03       		.uleb128 0x3
 528 01e6 01       		.byte	0x1
 529 01e7 02       		.byte	0x2
 530 01e8 3B020000 		.4byte	.LASF31
 531 01ec 13       		.uleb128 0x13
 532 01ed 19010000 		.4byte	.LASF32
 533 01f1 05       		.byte	0x5
 534 01f2 9606     		.2byte	0x696
 535 01f4 F8010000 		.4byte	0x1f8
 536 01f8 14       		.uleb128 0x14
 537 01f9 99000000 		.4byte	0x99
 538 01fd 15       		.uleb128 0x15
 539 01fe 19020000 		.4byte	.LASF33
 540 0202 01       		.byte	0x1
 541 0203 15       		.byte	0x15
 542 0204 02010000 		.4byte	0x102
 543 0208 15       		.uleb128 0x15
 544 0209 0B020000 		.4byte	.LASF34
 545 020d 01       		.byte	0x1
 546 020e 16       		.byte	0x16
 547 020f 02010000 		.4byte	0x102
 548 0213 00       		.byte	0
 549              		.section	.debug_abbrev,"",%progbits
 550              	.Ldebug_abbrev0:
 551 0000 01       		.uleb128 0x1
 552 0001 11       		.uleb128 0x11
 553 0002 01       		.byte	0x1
 554 0003 25       		.uleb128 0x25
 555 0004 0E       		.uleb128 0xe
 556 0005 13       		.uleb128 0x13
 557 0006 0B       		.uleb128 0xb
 558 0007 03       		.uleb128 0x3
 559 0008 0E       		.uleb128 0xe
 560 0009 1B       		.uleb128 0x1b
 561 000a 0E       		.uleb128 0xe
 562 000b 55       		.uleb128 0x55
 563 000c 17       		.uleb128 0x17
ARM GAS  C:\Users\Albert\AppData\Local\Temp\cccHWnaI.s 			page 12


 564 000d 11       		.uleb128 0x11
 565 000e 01       		.uleb128 0x1
 566 000f 10       		.uleb128 0x10
 567 0010 17       		.uleb128 0x17
 568 0011 00       		.byte	0
 569 0012 00       		.byte	0
 570 0013 02       		.uleb128 0x2
 571 0014 24       		.uleb128 0x24
 572 0015 00       		.byte	0
 573 0016 0B       		.uleb128 0xb
 574 0017 0B       		.uleb128 0xb
 575 0018 3E       		.uleb128 0x3e
 576 0019 0B       		.uleb128 0xb
 577 001a 03       		.uleb128 0x3
 578 001b 08       		.uleb128 0x8
 579 001c 00       		.byte	0
 580 001d 00       		.byte	0
 581 001e 03       		.uleb128 0x3
 582 001f 24       		.uleb128 0x24
 583 0020 00       		.byte	0
 584 0021 0B       		.uleb128 0xb
 585 0022 0B       		.uleb128 0xb
 586 0023 3E       		.uleb128 0x3e
 587 0024 0B       		.uleb128 0xb
 588 0025 03       		.uleb128 0x3
 589 0026 0E       		.uleb128 0xe
 590 0027 00       		.byte	0
 591 0028 00       		.byte	0
 592 0029 04       		.uleb128 0x4
 593 002a 16       		.uleb128 0x16
 594 002b 00       		.byte	0
 595 002c 03       		.uleb128 0x3
 596 002d 0E       		.uleb128 0xe
 597 002e 3A       		.uleb128 0x3a
 598 002f 0B       		.uleb128 0xb
 599 0030 3B       		.uleb128 0x3b
 600 0031 0B       		.uleb128 0xb
 601 0032 49       		.uleb128 0x49
 602 0033 13       		.uleb128 0x13
 603 0034 00       		.byte	0
 604 0035 00       		.byte	0
 605 0036 05       		.uleb128 0x5
 606 0037 13       		.uleb128 0x13
 607 0038 01       		.byte	0x1
 608 0039 03       		.uleb128 0x3
 609 003a 0E       		.uleb128 0xe
 610 003b 0B       		.uleb128 0xb
 611 003c 0B       		.uleb128 0xb
 612 003d 3A       		.uleb128 0x3a
 613 003e 0B       		.uleb128 0xb
 614 003f 3B       		.uleb128 0x3b
 615 0040 0B       		.uleb128 0xb
 616 0041 01       		.uleb128 0x1
 617 0042 13       		.uleb128 0x13
 618 0043 00       		.byte	0
 619 0044 00       		.byte	0
 620 0045 06       		.uleb128 0x6
ARM GAS  C:\Users\Albert\AppData\Local\Temp\cccHWnaI.s 			page 13


 621 0046 0D       		.uleb128 0xd
 622 0047 00       		.byte	0
 623 0048 03       		.uleb128 0x3
 624 0049 0E       		.uleb128 0xe
 625 004a 3A       		.uleb128 0x3a
 626 004b 0B       		.uleb128 0xb
 627 004c 3B       		.uleb128 0x3b
 628 004d 0B       		.uleb128 0xb
 629 004e 49       		.uleb128 0x49
 630 004f 13       		.uleb128 0x13
 631 0050 38       		.uleb128 0x38
 632 0051 0B       		.uleb128 0xb
 633 0052 00       		.byte	0
 634 0053 00       		.byte	0
 635 0054 07       		.uleb128 0x7
 636 0055 01       		.uleb128 0x1
 637 0056 01       		.byte	0x1
 638 0057 49       		.uleb128 0x49
 639 0058 13       		.uleb128 0x13
 640 0059 01       		.uleb128 0x1
 641 005a 13       		.uleb128 0x13
 642 005b 00       		.byte	0
 643 005c 00       		.byte	0
 644 005d 08       		.uleb128 0x8
 645 005e 21       		.uleb128 0x21
 646 005f 00       		.byte	0
 647 0060 49       		.uleb128 0x49
 648 0061 13       		.uleb128 0x13
 649 0062 2F       		.uleb128 0x2f
 650 0063 0B       		.uleb128 0xb
 651 0064 00       		.byte	0
 652 0065 00       		.byte	0
 653 0066 09       		.uleb128 0x9
 654 0067 15       		.uleb128 0x15
 655 0068 01       		.byte	0x1
 656 0069 49       		.uleb128 0x49
 657 006a 13       		.uleb128 0x13
 658 006b 01       		.uleb128 0x1
 659 006c 13       		.uleb128 0x13
 660 006d 00       		.byte	0
 661 006e 00       		.byte	0
 662 006f 0A       		.uleb128 0xa
 663 0070 18       		.uleb128 0x18
 664 0071 00       		.byte	0
 665 0072 00       		.byte	0
 666 0073 00       		.byte	0
 667 0074 0B       		.uleb128 0xb
 668 0075 0F       		.uleb128 0xf
 669 0076 00       		.byte	0
 670 0077 0B       		.uleb128 0xb
 671 0078 0B       		.uleb128 0xb
 672 0079 49       		.uleb128 0x49
 673 007a 13       		.uleb128 0x13
 674 007b 00       		.byte	0
 675 007c 00       		.byte	0
 676 007d 0C       		.uleb128 0xc
 677 007e 2E       		.uleb128 0x2e
ARM GAS  C:\Users\Albert\AppData\Local\Temp\cccHWnaI.s 			page 14


 678 007f 01       		.byte	0x1
 679 0080 3F       		.uleb128 0x3f
 680 0081 19       		.uleb128 0x19
 681 0082 03       		.uleb128 0x3
 682 0083 0E       		.uleb128 0xe
 683 0084 3A       		.uleb128 0x3a
 684 0085 0B       		.uleb128 0xb
 685 0086 3B       		.uleb128 0x3b
 686 0087 0B       		.uleb128 0xb
 687 0088 27       		.uleb128 0x27
 688 0089 19       		.uleb128 0x19
 689 008a 11       		.uleb128 0x11
 690 008b 01       		.uleb128 0x1
 691 008c 12       		.uleb128 0x12
 692 008d 06       		.uleb128 0x6
 693 008e 40       		.uleb128 0x40
 694 008f 18       		.uleb128 0x18
 695 0090 9642     		.uleb128 0x2116
 696 0092 19       		.uleb128 0x19
 697 0093 01       		.uleb128 0x1
 698 0094 13       		.uleb128 0x13
 699 0095 00       		.byte	0
 700 0096 00       		.byte	0
 701 0097 0D       		.uleb128 0xd
 702 0098 05       		.uleb128 0x5
 703 0099 00       		.byte	0
 704 009a 03       		.uleb128 0x3
 705 009b 0E       		.uleb128 0xe
 706 009c 3A       		.uleb128 0x3a
 707 009d 0B       		.uleb128 0xb
 708 009e 3B       		.uleb128 0x3b
 709 009f 0B       		.uleb128 0xb
 710 00a0 49       		.uleb128 0x49
 711 00a1 13       		.uleb128 0x13
 712 00a2 02       		.uleb128 0x2
 713 00a3 18       		.uleb128 0x18
 714 00a4 00       		.byte	0
 715 00a5 00       		.byte	0
 716 00a6 0E       		.uleb128 0xe
 717 00a7 34       		.uleb128 0x34
 718 00a8 00       		.byte	0
 719 00a9 03       		.uleb128 0x3
 720 00aa 0E       		.uleb128 0xe
 721 00ab 3A       		.uleb128 0x3a
 722 00ac 0B       		.uleb128 0xb
 723 00ad 3B       		.uleb128 0x3b
 724 00ae 0B       		.uleb128 0xb
 725 00af 49       		.uleb128 0x49
 726 00b0 13       		.uleb128 0x13
 727 00b1 02       		.uleb128 0x2
 728 00b2 18       		.uleb128 0x18
 729 00b3 00       		.byte	0
 730 00b4 00       		.byte	0
 731 00b5 0F       		.uleb128 0xf
 732 00b6 34       		.uleb128 0x34
 733 00b7 00       		.byte	0
 734 00b8 03       		.uleb128 0x3
ARM GAS  C:\Users\Albert\AppData\Local\Temp\cccHWnaI.s 			page 15


 735 00b9 08       		.uleb128 0x8
 736 00ba 3A       		.uleb128 0x3a
 737 00bb 0B       		.uleb128 0xb
 738 00bc 3B       		.uleb128 0x3b
 739 00bd 0B       		.uleb128 0xb
 740 00be 49       		.uleb128 0x49
 741 00bf 13       		.uleb128 0x13
 742 00c0 02       		.uleb128 0x2
 743 00c1 18       		.uleb128 0x18
 744 00c2 00       		.byte	0
 745 00c3 00       		.byte	0
 746 00c4 10       		.uleb128 0x10
 747 00c5 2E       		.uleb128 0x2e
 748 00c6 01       		.byte	0x1
 749 00c7 3F       		.uleb128 0x3f
 750 00c8 19       		.uleb128 0x19
 751 00c9 03       		.uleb128 0x3
 752 00ca 08       		.uleb128 0x8
 753 00cb 3A       		.uleb128 0x3a
 754 00cc 0B       		.uleb128 0xb
 755 00cd 3B       		.uleb128 0x3b
 756 00ce 0B       		.uleb128 0xb
 757 00cf 49       		.uleb128 0x49
 758 00d0 13       		.uleb128 0x13
 759 00d1 3C       		.uleb128 0x3c
 760 00d2 19       		.uleb128 0x19
 761 00d3 01       		.uleb128 0x1
 762 00d4 13       		.uleb128 0x13
 763 00d5 00       		.byte	0
 764 00d6 00       		.byte	0
 765 00d7 11       		.uleb128 0x11
 766 00d8 0B       		.uleb128 0xb
 767 00d9 01       		.byte	0x1
 768 00da 11       		.uleb128 0x11
 769 00db 01       		.uleb128 0x1
 770 00dc 12       		.uleb128 0x12
 771 00dd 06       		.uleb128 0x6
 772 00de 00       		.byte	0
 773 00df 00       		.byte	0
 774 00e0 12       		.uleb128 0x12
 775 00e1 2E       		.uleb128 0x2e
 776 00e2 01       		.byte	0x1
 777 00e3 3F       		.uleb128 0x3f
 778 00e4 19       		.uleb128 0x19
 779 00e5 03       		.uleb128 0x3
 780 00e6 08       		.uleb128 0x8
 781 00e7 3A       		.uleb128 0x3a
 782 00e8 0B       		.uleb128 0xb
 783 00e9 3B       		.uleb128 0x3b
 784 00ea 0B       		.uleb128 0xb
 785 00eb 49       		.uleb128 0x49
 786 00ec 13       		.uleb128 0x13
 787 00ed 3C       		.uleb128 0x3c
 788 00ee 19       		.uleb128 0x19
 789 00ef 00       		.byte	0
 790 00f0 00       		.byte	0
 791 00f1 13       		.uleb128 0x13
ARM GAS  C:\Users\Albert\AppData\Local\Temp\cccHWnaI.s 			page 16


 792 00f2 34       		.uleb128 0x34
 793 00f3 00       		.byte	0
 794 00f4 03       		.uleb128 0x3
 795 00f5 0E       		.uleb128 0xe
 796 00f6 3A       		.uleb128 0x3a
 797 00f7 0B       		.uleb128 0xb
 798 00f8 3B       		.uleb128 0x3b
 799 00f9 05       		.uleb128 0x5
 800 00fa 49       		.uleb128 0x49
 801 00fb 13       		.uleb128 0x13
 802 00fc 3F       		.uleb128 0x3f
 803 00fd 19       		.uleb128 0x19
 804 00fe 3C       		.uleb128 0x3c
 805 00ff 19       		.uleb128 0x19
 806 0100 00       		.byte	0
 807 0101 00       		.byte	0
 808 0102 14       		.uleb128 0x14
 809 0103 35       		.uleb128 0x35
 810 0104 00       		.byte	0
 811 0105 49       		.uleb128 0x49
 812 0106 13       		.uleb128 0x13
 813 0107 00       		.byte	0
 814 0108 00       		.byte	0
 815 0109 15       		.uleb128 0x15
 816 010a 34       		.uleb128 0x34
 817 010b 00       		.byte	0
 818 010c 03       		.uleb128 0x3
 819 010d 0E       		.uleb128 0xe
 820 010e 3A       		.uleb128 0x3a
 821 010f 0B       		.uleb128 0xb
 822 0110 3B       		.uleb128 0x3b
 823 0111 0B       		.uleb128 0xb
 824 0112 49       		.uleb128 0x49
 825 0113 13       		.uleb128 0x13
 826 0114 3F       		.uleb128 0x3f
 827 0115 19       		.uleb128 0x19
 828 0116 3C       		.uleb128 0x3c
 829 0117 19       		.uleb128 0x19
 830 0118 00       		.byte	0
 831 0119 00       		.byte	0
 832 011a 00       		.byte	0
 833              		.section	.debug_aranges,"",%progbits
 834 0000 1C000000 		.4byte	0x1c
 835 0004 0200     		.2byte	0x2
 836 0006 00000000 		.4byte	.Ldebug_info0
 837 000a 04       		.byte	0x4
 838 000b 00       		.byte	0
 839 000c 0000     		.2byte	0
 840 000e 0000     		.2byte	0
 841 0010 00000000 		.4byte	.LFB63
 842 0014 E4010000 		.4byte	.LFE63-.LFB63
 843 0018 00000000 		.4byte	0
 844 001c 00000000 		.4byte	0
 845              		.section	.debug_ranges,"",%progbits
 846              	.Ldebug_ranges0:
 847 0000 00000000 		.4byte	.LFB63
 848 0004 E4010000 		.4byte	.LFE63
ARM GAS  C:\Users\Albert\AppData\Local\Temp\cccHWnaI.s 			page 17


 849 0008 00000000 		.4byte	0
 850 000c 00000000 		.4byte	0
 851              		.section	.debug_line,"",%progbits
 852              	.Ldebug_line0:
 853 0000 98010000 		.section	.debug_str,"MS",%progbits,1
 853      02006C01 
 853      00000201 
 853      FB0E0D00 
 853      01010101 
 854              	.LASF23:
 855 0000 66656564 		.ascii	"feedForward\000"
 855      466F7277 
 855      61726400 
 856              	.LASF35:
 857 000c 474E5520 		.ascii	"GNU C11 5.4.1 20160609 (release) [ARM/embedded-5-br"
 857      43313120 
 857      352E342E 
 857      31203230 
 857      31363036 
 858 003f 616E6368 		.ascii	"anch revision 237715] -mcpu=cortex-m3 -mthumb -g -O"
 858      20726576 
 858      6973696F 
 858      6E203233 
 858      37373135 
 859 0072 30202D66 		.ascii	"0 -ffunction-sections -ffat-lto-objects\000"
 859      66756E63 
 859      74696F6E 
 859      2D736563 
 859      74696F6E 
 860              	.LASF14:
 861 009a 5F5F696E 		.ascii	"__int32_t\000"
 861      7433325F 
 861      7400
 862              	.LASF22:
 863 00a4 66656564 		.ascii	"feedBack\000"
 863      4261636B 
 863      00
 864              	.LASF30:
 865 00ad 64697265 		.ascii	"direction\000"
 865      6374696F 
 865      6E00
 866              	.LASF19:
 867 00b7 76616C75 		.ascii	"valueGetter\000"
 867      65476574 
 867      74657200 
 868              	.LASF15:
 869 00c3 696E7433 		.ascii	"int32_t\000"
 869      325F7400 
 870              	.LASF13:
 871 00cb 666C6F61 		.ascii	"float\000"
 871      7400
 872              	.LASF3:
 873 00d1 7369676E 		.ascii	"signed char\000"
 873      65642063 
 873      68617200 
 874              	.LASF4:
 875 00dd 756E7369 		.ascii	"unsigned char\000"
ARM GAS  C:\Users\Albert\AppData\Local\Temp\cccHWnaI.s 			page 18


 875      676E6564 
 875      20636861 
 875      7200
 876              	.LASF8:
 877 00eb 6C6F6E67 		.ascii	"long unsigned int\000"
 877      20756E73 
 877      69676E65 
 877      6420696E 
 877      7400
 878              	.LASF6:
 879 00fd 73686F72 		.ascii	"short unsigned int\000"
 879      7420756E 
 879      7369676E 
 879      65642069 
 879      6E7400
 880              	.LASF7:
 881 0110 6C6F6E67 		.ascii	"long int\000"
 881      20696E74 
 881      00
 882              	.LASF32:
 883 0119 49544D5F 		.ascii	"ITM_RxBuffer\000"
 883      52784275 
 883      66666572 
 883      00
 884              	.LASF17:
 885 0126 74696D65 		.ascii	"timeStamps\000"
 885      5374616D 
 885      707300
 886              	.LASF12:
 887 0131 646F7562 		.ascii	"double\000"
 887      6C6500
 888              	.LASF5:
 889 0138 73686F72 		.ascii	"short int\000"
 889      7420696E 
 889      7400
 890              	.LASF25:
 891 0142 75466565 		.ascii	"uFeedForward\000"
 891      64466F72 
 891      77617264 
 891      00
 892              	.LASF0:
 893 014f 756E7369 		.ascii	"unsigned int\000"
 893      676E6564 
 893      20696E74 
 893      00
 894              	.LASF9:
 895 015c 6C6F6E67 		.ascii	"long long unsigned int\000"
 895      206C6F6E 
 895      6720756E 
 895      7369676E 
 895      65642069 
 896              	.LASF27:
 897 0173 6D656173 		.ascii	"measuredTorqueDeri\000"
 897      75726564 
 897      546F7271 
 897      75654465 
 897      726900
ARM GAS  C:\Users\Albert\AppData\Local\Temp\cccHWnaI.s 			page 19


 898              	.LASF20:
 899 0186 4D656D6F 		.ascii	"MemoryVariable\000"
 899      72795661 
 899      72696162 
 899      6C6500
 900              	.LASF26:
 901 0195 6D656173 		.ascii	"measuredTorque\000"
 901      75726564 
 901      546F7271 
 901      756500
 902              	.LASF37:
 903 01a4 433A5C55 		.ascii	"C:\\Users\\Albert\\Documents\\6115_fp\\IWP.cydsn\000"
 903      73657273 
 903      5C416C62 
 903      6572745C 
 903      446F6375 
 904              	.LASF24:
 905 01d0 6F6D6567 		.ascii	"omegaM\000"
 905      614D00
 906              	.LASF10:
 907 01d7 73697A65 		.ascii	"sizetype\000"
 907      74797065 
 907      00
 908              	.LASF1:
 909 01e0 6C6F6E67 		.ascii	"long long int\000"
 909      206C6F6E 
 909      6720696E 
 909      7400
 910              	.LASF28:
 911 01ee 75466565 		.ascii	"uFeedBack\000"
 911      64426163 
 911      6B00
 912              	.LASF11:
 913 01f8 63686172 		.ascii	"char\000"
 913      00
 914              	.LASF16:
 915 01fd 76616C75 		.ascii	"values\000"
 915      657300
 916              	.LASF18:
 917 0204 6F666673 		.ascii	"offset\000"
 917      657400
 918              	.LASF34:
 919 020b 746F7271 		.ascii	"torque\000"
 919      756500
 920              	.LASF29:
 921 0212 746F7461 		.ascii	"totalU\000"
 921      6C5500
 922              	.LASF33:
 923 0219 74686574 		.ascii	"thetaWheel\000"
 923      61576865 
 923      656C00
 924              	.LASF21:
 925 0224 676F616C 		.ascii	"goalTorque\000"
 925      546F7271 
 925      756500
 926              	.LASF2:
 927 022f 6C6F6E67 		.ascii	"long double\000"
ARM GAS  C:\Users\Albert\AppData\Local\Temp\cccHWnaI.s 			page 20


 927      20646F75 
 927      626C6500 
 928              	.LASF31:
 929 023b 5F426F6F 		.ascii	"_Bool\000"
 929      6C00
 930              	.LASF38:
 931 0241 73657454 		.ascii	"setTorque\000"
 931      6F727175 
 931      6500
 932              	.LASF36:
 933 024b 746F7271 		.ascii	"torqueController.c\000"
 933      7565436F 
 933      6E74726F 
 933      6C6C6572 
 933      2E6300
 934              		.ident	"GCC: (GNU Tools for ARM Embedded Processors) 5.4.1 20160609 (release) [ARM/embedded-5-bran
