ARM GAS  C:\Users\Albert\AppData\Local\Temp\cc2X8G7j.s 			page 1


   1              		.syntax unified
   2              		.cpu cortex-m3
   3              		.fpu softvfp
   4              		.eabi_attribute 20, 1
   5              		.eabi_attribute 21, 1
   6              		.eabi_attribute 23, 3
   7              		.eabi_attribute 24, 1
   8              		.eabi_attribute 25, 1
   9              		.eabi_attribute 26, 1
  10              		.eabi_attribute 30, 6
  11              		.eabi_attribute 34, 1
  12              		.eabi_attribute 18, 4
  13              		.thumb
  14              		.syntax unified
  15              		.file	"TX.c"
  16              		.text
  17              	.Ltext0:
  18              		.cfi_sections	.debug_frame
  19              		.section	.text.TX_Write,"ax",%progbits
  20              		.align	2
  21              		.global	TX_Write
  22              		.thumb
  23              		.thumb_func
  24              		.type	TX_Write, %function
  25              	TX_Write:
  26              	.LFB0:
  27              		.file 1 "Generated_Source\\PSoC5\\TX.c"
   1:Generated_Source\PSoC5/TX.c **** /*******************************************************************************
   2:Generated_Source\PSoC5/TX.c **** * File Name: TX.c  
   3:Generated_Source\PSoC5/TX.c **** * Version 2.20
   4:Generated_Source\PSoC5/TX.c **** *
   5:Generated_Source\PSoC5/TX.c **** * Description:
   6:Generated_Source\PSoC5/TX.c **** *  This file contains API to enable firmware control of a Pins component.
   7:Generated_Source\PSoC5/TX.c **** *
   8:Generated_Source\PSoC5/TX.c **** * Note:
   9:Generated_Source\PSoC5/TX.c **** *
  10:Generated_Source\PSoC5/TX.c **** ********************************************************************************
  11:Generated_Source\PSoC5/TX.c **** * Copyright 2008-2015, Cypress Semiconductor Corporation.  All rights reserved.
  12:Generated_Source\PSoC5/TX.c **** * You may use this file only in accordance with the license, terms, conditions, 
  13:Generated_Source\PSoC5/TX.c **** * disclaimers, and limitations in the end user license agreement accompanying 
  14:Generated_Source\PSoC5/TX.c **** * the software package with which this file was provided.
  15:Generated_Source\PSoC5/TX.c **** *******************************************************************************/
  16:Generated_Source\PSoC5/TX.c **** 
  17:Generated_Source\PSoC5/TX.c **** #include "cytypes.h"
  18:Generated_Source\PSoC5/TX.c **** #include "TX.h"
  19:Generated_Source\PSoC5/TX.c **** 
  20:Generated_Source\PSoC5/TX.c **** /* APIs are not generated for P15[7:6] on PSoC 5 */
  21:Generated_Source\PSoC5/TX.c **** #if !(CY_PSOC5A &&\
  22:Generated_Source\PSoC5/TX.c **** 	 TX__PORT == 15 && ((TX__MASK & 0xC0) != 0))
  23:Generated_Source\PSoC5/TX.c **** 
  24:Generated_Source\PSoC5/TX.c **** 
  25:Generated_Source\PSoC5/TX.c **** /*******************************************************************************
  26:Generated_Source\PSoC5/TX.c **** * Function Name: TX_Write
  27:Generated_Source\PSoC5/TX.c **** ****************************************************************************//**
  28:Generated_Source\PSoC5/TX.c **** *
  29:Generated_Source\PSoC5/TX.c **** * \brief Writes the value to the physical port (data output register), masking
  30:Generated_Source\PSoC5/TX.c **** *  and shifting the bits appropriately. 
ARM GAS  C:\Users\Albert\AppData\Local\Temp\cc2X8G7j.s 			page 2


  31:Generated_Source\PSoC5/TX.c **** *
  32:Generated_Source\PSoC5/TX.c **** * The data output register controls the signal applied to the physical pin in 
  33:Generated_Source\PSoC5/TX.c **** * conjunction with the drive mode parameter. This function avoids changing 
  34:Generated_Source\PSoC5/TX.c **** * other bits in the port by using the appropriate method (read-modify-write or
  35:Generated_Source\PSoC5/TX.c **** * bit banding).
  36:Generated_Source\PSoC5/TX.c **** *
  37:Generated_Source\PSoC5/TX.c **** * <b>Note</b> This function should not be used on a hardware digital output pin 
  38:Generated_Source\PSoC5/TX.c **** * as it is driven by the hardware signal attached to it.
  39:Generated_Source\PSoC5/TX.c **** *
  40:Generated_Source\PSoC5/TX.c **** * \param value
  41:Generated_Source\PSoC5/TX.c **** *  Value to write to the component instance.
  42:Generated_Source\PSoC5/TX.c **** *
  43:Generated_Source\PSoC5/TX.c **** * \return 
  44:Generated_Source\PSoC5/TX.c **** *  None 
  45:Generated_Source\PSoC5/TX.c **** *
  46:Generated_Source\PSoC5/TX.c **** * \sideeffect
  47:Generated_Source\PSoC5/TX.c **** *  If you use read-modify-write operations that are not atomic; the Interrupt 
  48:Generated_Source\PSoC5/TX.c **** *  Service Routines (ISR) can cause corruption of this function. An ISR that 
  49:Generated_Source\PSoC5/TX.c **** *  interrupts this function and performs writes to the Pins component data 
  50:Generated_Source\PSoC5/TX.c **** *  register can cause corrupted port data. To avoid this issue, you should 
  51:Generated_Source\PSoC5/TX.c **** *  either use the Per-Pin APIs (primary method) or disable interrupts around 
  52:Generated_Source\PSoC5/TX.c **** *  this function.
  53:Generated_Source\PSoC5/TX.c **** *
  54:Generated_Source\PSoC5/TX.c **** * \funcusage
  55:Generated_Source\PSoC5/TX.c **** *  \snippet TX_SUT.c usage_TX_Write
  56:Generated_Source\PSoC5/TX.c **** *******************************************************************************/
  57:Generated_Source\PSoC5/TX.c **** void TX_Write(uint8 value)
  58:Generated_Source\PSoC5/TX.c **** {
  28              		.loc 1 58 0
  29              		.cfi_startproc
  30              		@ args = 0, pretend = 0, frame = 16
  31              		@ frame_needed = 1, uses_anonymous_args = 0
  32              		@ link register save eliminated.
  33 0000 80B4     		push	{r7}
  34              		.cfi_def_cfa_offset 4
  35              		.cfi_offset 7, -4
  36 0002 85B0     		sub	sp, sp, #20
  37              		.cfi_def_cfa_offset 24
  38 0004 00AF     		add	r7, sp, #0
  39              		.cfi_def_cfa_register 7
  40 0006 0346     		mov	r3, r0
  41 0008 FB71     		strb	r3, [r7, #7]
  59:Generated_Source\PSoC5/TX.c ****     uint8 staticBits = (TX_DR & (uint8)(~TX_MASK));
  42              		.loc 1 59 0
  43 000a 0B4B     		ldr	r3, .L2
  44 000c 1B78     		ldrb	r3, [r3]
  45 000e DBB2     		uxtb	r3, r3
  46 0010 23F00403 		bic	r3, r3, #4
  47 0014 FB73     		strb	r3, [r7, #15]
  60:Generated_Source\PSoC5/TX.c ****     TX_DR = staticBits | ((uint8)(value << TX_SHIFT) & TX_MASK);
  48              		.loc 1 60 0
  49 0016 0849     		ldr	r1, .L2
  50 0018 FB79     		ldrb	r3, [r7, #7]
  51 001a 9B00     		lsls	r3, r3, #2
  52 001c DBB2     		uxtb	r3, r3
  53 001e 03F00403 		and	r3, r3, #4
  54 0022 DAB2     		uxtb	r2, r3
ARM GAS  C:\Users\Albert\AppData\Local\Temp\cc2X8G7j.s 			page 3


  55 0024 FB7B     		ldrb	r3, [r7, #15]
  56 0026 1343     		orrs	r3, r3, r2
  57 0028 DBB2     		uxtb	r3, r3
  58 002a 0B70     		strb	r3, [r1]
  61:Generated_Source\PSoC5/TX.c **** }
  59              		.loc 1 61 0
  60 002c 00BF     		nop
  61 002e 1437     		adds	r7, r7, #20
  62              		.cfi_def_cfa_offset 4
  63 0030 BD46     		mov	sp, r7
  64              		.cfi_def_cfa_register 13
  65              		@ sp needed
  66 0032 80BC     		pop	{r7}
  67              		.cfi_restore 7
  68              		.cfi_def_cfa_offset 0
  69 0034 7047     		bx	lr
  70              	.L3:
  71 0036 00BF     		.align	2
  72              	.L2:
  73 0038 30510040 		.word	1073762608
  74              		.cfi_endproc
  75              	.LFE0:
  76              		.size	TX_Write, .-TX_Write
  77              		.section	.text.TX_SetDriveMode,"ax",%progbits
  78              		.align	2
  79              		.global	TX_SetDriveMode
  80              		.thumb
  81              		.thumb_func
  82              		.type	TX_SetDriveMode, %function
  83              	TX_SetDriveMode:
  84              	.LFB1:
  62:Generated_Source\PSoC5/TX.c **** 
  63:Generated_Source\PSoC5/TX.c **** 
  64:Generated_Source\PSoC5/TX.c **** /*******************************************************************************
  65:Generated_Source\PSoC5/TX.c **** * Function Name: TX_SetDriveMode
  66:Generated_Source\PSoC5/TX.c **** ****************************************************************************//**
  67:Generated_Source\PSoC5/TX.c **** *
  68:Generated_Source\PSoC5/TX.c **** * \brief Sets the drive mode for each of the Pins component's pins.
  69:Generated_Source\PSoC5/TX.c **** * 
  70:Generated_Source\PSoC5/TX.c **** * <b>Note</b> This affects all pins in the Pins component instance. Use the
  71:Generated_Source\PSoC5/TX.c **** * Per-Pin APIs if you wish to control individual pin's drive modes.
  72:Generated_Source\PSoC5/TX.c **** *
  73:Generated_Source\PSoC5/TX.c **** * \param mode
  74:Generated_Source\PSoC5/TX.c **** *  Mode for the selected signals. Valid options are documented in 
  75:Generated_Source\PSoC5/TX.c **** *  \ref driveMode.
  76:Generated_Source\PSoC5/TX.c **** *
  77:Generated_Source\PSoC5/TX.c **** * \return
  78:Generated_Source\PSoC5/TX.c **** *  None
  79:Generated_Source\PSoC5/TX.c **** *
  80:Generated_Source\PSoC5/TX.c **** * \sideeffect
  81:Generated_Source\PSoC5/TX.c **** *  If you use read-modify-write operations that are not atomic, the ISR can
  82:Generated_Source\PSoC5/TX.c **** *  cause corruption of this function. An ISR that interrupts this function 
  83:Generated_Source\PSoC5/TX.c **** *  and performs writes to the Pins component Drive Mode registers can cause 
  84:Generated_Source\PSoC5/TX.c **** *  corrupted port data. To avoid this issue, you should either use the Per-Pin
  85:Generated_Source\PSoC5/TX.c **** *  APIs (primary method) or disable interrupts around this function.
  86:Generated_Source\PSoC5/TX.c **** *
  87:Generated_Source\PSoC5/TX.c **** * \funcusage
ARM GAS  C:\Users\Albert\AppData\Local\Temp\cc2X8G7j.s 			page 4


  88:Generated_Source\PSoC5/TX.c **** *  \snippet TX_SUT.c usage_TX_SetDriveMode
  89:Generated_Source\PSoC5/TX.c **** *******************************************************************************/
  90:Generated_Source\PSoC5/TX.c **** void TX_SetDriveMode(uint8 mode)
  91:Generated_Source\PSoC5/TX.c **** {
  85              		.loc 1 91 0
  86              		.cfi_startproc
  87              		@ args = 0, pretend = 0, frame = 8
  88              		@ frame_needed = 1, uses_anonymous_args = 0
  89              		@ link register save eliminated.
  90 0000 80B4     		push	{r7}
  91              		.cfi_def_cfa_offset 4
  92              		.cfi_offset 7, -4
  93 0002 83B0     		sub	sp, sp, #12
  94              		.cfi_def_cfa_offset 16
  95 0004 00AF     		add	r7, sp, #0
  96              		.cfi_def_cfa_register 7
  97 0006 0346     		mov	r3, r0
  98 0008 FB71     		strb	r3, [r7, #7]
  92:Generated_Source\PSoC5/TX.c **** 	CyPins_SetPinDriveMode(TX_0, mode);
  99              		.loc 1 92 0
 100 000a 0B49     		ldr	r1, .L5
 101 000c 0A4B     		ldr	r3, .L5
 102 000e 1B78     		ldrb	r3, [r3]
 103 0010 DBB2     		uxtb	r3, r3
 104 0012 5BB2     		sxtb	r3, r3
 105 0014 23F00E03 		bic	r3, r3, #14
 106 0018 5AB2     		sxtb	r2, r3
 107 001a 97F90730 		ldrsb	r3, [r7, #7]
 108 001e 03F00E03 		and	r3, r3, #14
 109 0022 5BB2     		sxtb	r3, r3
 110 0024 1343     		orrs	r3, r3, r2
 111 0026 5BB2     		sxtb	r3, r3
 112 0028 DBB2     		uxtb	r3, r3
 113 002a 0B70     		strb	r3, [r1]
  93:Generated_Source\PSoC5/TX.c **** }
 114              		.loc 1 93 0
 115 002c 00BF     		nop
 116 002e 0C37     		adds	r7, r7, #12
 117              		.cfi_def_cfa_offset 4
 118 0030 BD46     		mov	sp, r7
 119              		.cfi_def_cfa_register 13
 120              		@ sp needed
 121 0032 80BC     		pop	{r7}
 122              		.cfi_restore 7
 123              		.cfi_def_cfa_offset 0
 124 0034 7047     		bx	lr
 125              	.L6:
 126 0036 00BF     		.align	2
 127              	.L5:
 128 0038 1A500040 		.word	1073762330
 129              		.cfi_endproc
 130              	.LFE1:
 131              		.size	TX_SetDriveMode, .-TX_SetDriveMode
 132              		.section	.text.TX_Read,"ax",%progbits
 133              		.align	2
 134              		.global	TX_Read
 135              		.thumb
ARM GAS  C:\Users\Albert\AppData\Local\Temp\cc2X8G7j.s 			page 5


 136              		.thumb_func
 137              		.type	TX_Read, %function
 138              	TX_Read:
 139              	.LFB2:
  94:Generated_Source\PSoC5/TX.c **** 
  95:Generated_Source\PSoC5/TX.c **** 
  96:Generated_Source\PSoC5/TX.c **** /*******************************************************************************
  97:Generated_Source\PSoC5/TX.c **** * Function Name: TX_Read
  98:Generated_Source\PSoC5/TX.c **** ****************************************************************************//**
  99:Generated_Source\PSoC5/TX.c **** *
 100:Generated_Source\PSoC5/TX.c **** * \brief Reads the associated physical port (pin status register) and masks 
 101:Generated_Source\PSoC5/TX.c **** *  the required bits according to the width and bit position of the component
 102:Generated_Source\PSoC5/TX.c **** *  instance. 
 103:Generated_Source\PSoC5/TX.c **** *
 104:Generated_Source\PSoC5/TX.c **** * The pin's status register returns the current logic level present on the 
 105:Generated_Source\PSoC5/TX.c **** * physical pin.
 106:Generated_Source\PSoC5/TX.c **** *
 107:Generated_Source\PSoC5/TX.c **** * \return 
 108:Generated_Source\PSoC5/TX.c **** *  The current value for the pins in the component as a right justified number.
 109:Generated_Source\PSoC5/TX.c **** *
 110:Generated_Source\PSoC5/TX.c **** * \funcusage
 111:Generated_Source\PSoC5/TX.c **** *  \snippet TX_SUT.c usage_TX_Read  
 112:Generated_Source\PSoC5/TX.c **** *******************************************************************************/
 113:Generated_Source\PSoC5/TX.c **** uint8 TX_Read(void)
 114:Generated_Source\PSoC5/TX.c **** {
 140              		.loc 1 114 0
 141              		.cfi_startproc
 142              		@ args = 0, pretend = 0, frame = 0
 143              		@ frame_needed = 1, uses_anonymous_args = 0
 144              		@ link register save eliminated.
 145 0000 80B4     		push	{r7}
 146              		.cfi_def_cfa_offset 4
 147              		.cfi_offset 7, -4
 148 0002 00AF     		add	r7, sp, #0
 149              		.cfi_def_cfa_register 7
 115:Generated_Source\PSoC5/TX.c ****     return (TX_PS & TX_MASK) >> TX_SHIFT;
 150              		.loc 1 115 0
 151 0004 054B     		ldr	r3, .L9
 152 0006 1B78     		ldrb	r3, [r3]
 153 0008 DBB2     		uxtb	r3, r3
 154 000a 03F00403 		and	r3, r3, #4
 155 000e 9B08     		lsrs	r3, r3, #2
 156 0010 DBB2     		uxtb	r3, r3
 116:Generated_Source\PSoC5/TX.c **** }
 157              		.loc 1 116 0
 158 0012 1846     		mov	r0, r3
 159 0014 BD46     		mov	sp, r7
 160              		.cfi_def_cfa_register 13
 161              		@ sp needed
 162 0016 80BC     		pop	{r7}
 163              		.cfi_restore 7
 164              		.cfi_def_cfa_offset 0
 165 0018 7047     		bx	lr
 166              	.L10:
 167 001a 00BF     		.align	2
 168              	.L9:
 169 001c 31510040 		.word	1073762609
ARM GAS  C:\Users\Albert\AppData\Local\Temp\cc2X8G7j.s 			page 6


 170              		.cfi_endproc
 171              	.LFE2:
 172              		.size	TX_Read, .-TX_Read
 173              		.section	.text.TX_ReadDataReg,"ax",%progbits
 174              		.align	2
 175              		.global	TX_ReadDataReg
 176              		.thumb
 177              		.thumb_func
 178              		.type	TX_ReadDataReg, %function
 179              	TX_ReadDataReg:
 180              	.LFB3:
 117:Generated_Source\PSoC5/TX.c **** 
 118:Generated_Source\PSoC5/TX.c **** 
 119:Generated_Source\PSoC5/TX.c **** /*******************************************************************************
 120:Generated_Source\PSoC5/TX.c **** * Function Name: TX_ReadDataReg
 121:Generated_Source\PSoC5/TX.c **** ****************************************************************************//**
 122:Generated_Source\PSoC5/TX.c **** *
 123:Generated_Source\PSoC5/TX.c **** * \brief Reads the associated physical port's data output register and masks 
 124:Generated_Source\PSoC5/TX.c **** *  the correct bits according to the width and bit position of the component 
 125:Generated_Source\PSoC5/TX.c **** *  instance. 
 126:Generated_Source\PSoC5/TX.c **** *
 127:Generated_Source\PSoC5/TX.c **** * The data output register controls the signal applied to the physical pin in 
 128:Generated_Source\PSoC5/TX.c **** * conjunction with the drive mode parameter. This is not the same as the 
 129:Generated_Source\PSoC5/TX.c **** * preferred TX_Read() API because the 
 130:Generated_Source\PSoC5/TX.c **** * TX_ReadDataReg() reads the data register instead of the status 
 131:Generated_Source\PSoC5/TX.c **** * register. For output pins this is a useful function to determine the value 
 132:Generated_Source\PSoC5/TX.c **** * just written to the pin.
 133:Generated_Source\PSoC5/TX.c **** *
 134:Generated_Source\PSoC5/TX.c **** * \return 
 135:Generated_Source\PSoC5/TX.c **** *  The current value of the data register masked and shifted into a right 
 136:Generated_Source\PSoC5/TX.c **** *  justified number for the component instance.
 137:Generated_Source\PSoC5/TX.c **** *
 138:Generated_Source\PSoC5/TX.c **** * \funcusage
 139:Generated_Source\PSoC5/TX.c **** *  \snippet TX_SUT.c usage_TX_ReadDataReg 
 140:Generated_Source\PSoC5/TX.c **** *******************************************************************************/
 141:Generated_Source\PSoC5/TX.c **** uint8 TX_ReadDataReg(void)
 142:Generated_Source\PSoC5/TX.c **** {
 181              		.loc 1 142 0
 182              		.cfi_startproc
 183              		@ args = 0, pretend = 0, frame = 0
 184              		@ frame_needed = 1, uses_anonymous_args = 0
 185              		@ link register save eliminated.
 186 0000 80B4     		push	{r7}
 187              		.cfi_def_cfa_offset 4
 188              		.cfi_offset 7, -4
 189 0002 00AF     		add	r7, sp, #0
 190              		.cfi_def_cfa_register 7
 143:Generated_Source\PSoC5/TX.c ****     return (TX_DR & TX_MASK) >> TX_SHIFT;
 191              		.loc 1 143 0
 192 0004 054B     		ldr	r3, .L13
 193 0006 1B78     		ldrb	r3, [r3]
 194 0008 DBB2     		uxtb	r3, r3
 195 000a 03F00403 		and	r3, r3, #4
 196 000e 9B08     		lsrs	r3, r3, #2
 197 0010 DBB2     		uxtb	r3, r3
 144:Generated_Source\PSoC5/TX.c **** }
 198              		.loc 1 144 0
ARM GAS  C:\Users\Albert\AppData\Local\Temp\cc2X8G7j.s 			page 7


 199 0012 1846     		mov	r0, r3
 200 0014 BD46     		mov	sp, r7
 201              		.cfi_def_cfa_register 13
 202              		@ sp needed
 203 0016 80BC     		pop	{r7}
 204              		.cfi_restore 7
 205              		.cfi_def_cfa_offset 0
 206 0018 7047     		bx	lr
 207              	.L14:
 208 001a 00BF     		.align	2
 209              	.L13:
 210 001c 30510040 		.word	1073762608
 211              		.cfi_endproc
 212              	.LFE3:
 213              		.size	TX_ReadDataReg, .-TX_ReadDataReg
 214              		.text
 215              	.Letext0:
 216              		.file 2 "Generated_Source\\PSoC5\\cytypes.h"
 217              		.section	.debug_info,"",%progbits
 218              	.Ldebug_info0:
 219 0000 13010000 		.4byte	0x113
 220 0004 0400     		.2byte	0x4
 221 0006 00000000 		.4byte	.Ldebug_abbrev0
 222 000a 04       		.byte	0x4
 223 000b 01       		.uleb128 0x1
 224 000c 1C000000 		.4byte	.LASF19
 225 0010 0C       		.byte	0xc
 226 0011 00000000 		.4byte	.LASF20
 227 0015 4B010000 		.4byte	.LASF21
 228 0019 00000000 		.4byte	.Ldebug_ranges0+0
 229 001d 00000000 		.4byte	0
 230 0021 00000000 		.4byte	.Ldebug_line0
 231 0025 02       		.uleb128 0x2
 232 0026 01       		.byte	0x1
 233 0027 06       		.byte	0x6
 234 0028 A3010000 		.4byte	.LASF0
 235 002c 02       		.uleb128 0x2
 236 002d 01       		.byte	0x1
 237 002e 08       		.byte	0x8
 238 002f D3000000 		.4byte	.LASF1
 239 0033 02       		.uleb128 0x2
 240 0034 02       		.byte	0x2
 241 0035 05       		.byte	0x5
 242 0036 8A010000 		.4byte	.LASF2
 243 003a 02       		.uleb128 0x2
 244 003b 02       		.byte	0x2
 245 003c 07       		.byte	0x7
 246 003d 08010000 		.4byte	.LASF3
 247 0041 02       		.uleb128 0x2
 248 0042 04       		.byte	0x4
 249 0043 05       		.byte	0x5
 250 0044 9A010000 		.4byte	.LASF4
 251 0048 02       		.uleb128 0x2
 252 0049 04       		.byte	0x4
 253 004a 07       		.byte	0x7
 254 004b F6000000 		.4byte	.LASF5
 255 004f 02       		.uleb128 0x2
ARM GAS  C:\Users\Albert\AppData\Local\Temp\cc2X8G7j.s 			page 8


 256 0050 08       		.byte	0x8
 257 0051 05       		.byte	0x5
 258 0052 77010000 		.4byte	.LASF6
 259 0056 02       		.uleb128 0x2
 260 0057 08       		.byte	0x8
 261 0058 07       		.byte	0x7
 262 0059 2F010000 		.4byte	.LASF7
 263 005d 03       		.uleb128 0x3
 264 005e 04       		.byte	0x4
 265 005f 05       		.byte	0x5
 266 0060 696E7400 		.ascii	"int\000"
 267 0064 02       		.uleb128 0x2
 268 0065 04       		.byte	0x4
 269 0066 07       		.byte	0x7
 270 0067 22010000 		.4byte	.LASF8
 271 006b 04       		.uleb128 0x4
 272 006c 94010000 		.4byte	.LASF11
 273 0070 02       		.byte	0x2
 274 0071 9201     		.2byte	0x192
 275 0073 2C000000 		.4byte	0x2c
 276 0077 02       		.uleb128 0x2
 277 0078 08       		.byte	0x8
 278 0079 04       		.byte	0x4
 279 007a 1B010000 		.4byte	.LASF9
 280 007e 02       		.uleb128 0x2
 281 007f 01       		.byte	0x1
 282 0080 08       		.byte	0x8
 283 0081 85010000 		.4byte	.LASF10
 284 0085 04       		.uleb128 0x4
 285 0086 F1000000 		.4byte	.LASF12
 286 008a 02       		.byte	0x2
 287 008b 3C02     		.2byte	0x23c
 288 008d 91000000 		.4byte	0x91
 289 0091 05       		.uleb128 0x5
 290 0092 6B000000 		.4byte	0x6b
 291 0096 06       		.uleb128 0x6
 292 0097 CA000000 		.4byte	.LASF13
 293 009b 01       		.byte	0x1
 294 009c 39       		.byte	0x39
 295 009d 00000000 		.4byte	.LFB0
 296 00a1 3C000000 		.4byte	.LFE0-.LFB0
 297 00a5 01       		.uleb128 0x1
 298 00a6 9C       		.byte	0x9c
 299 00a7 C8000000 		.4byte	0xc8
 300 00ab 07       		.uleb128 0x7
 301 00ac AA000000 		.4byte	.LASF15
 302 00b0 01       		.byte	0x1
 303 00b1 39       		.byte	0x39
 304 00b2 6B000000 		.4byte	0x6b
 305 00b6 02       		.uleb128 0x2
 306 00b7 91       		.byte	0x91
 307 00b8 6F       		.sleb128 -17
 308 00b9 08       		.uleb128 0x8
 309 00ba B0000000 		.4byte	.LASF22
 310 00be 01       		.byte	0x1
 311 00bf 3B       		.byte	0x3b
 312 00c0 6B000000 		.4byte	0x6b
ARM GAS  C:\Users\Albert\AppData\Local\Temp\cc2X8G7j.s 			page 9


 313 00c4 02       		.uleb128 0x2
 314 00c5 91       		.byte	0x91
 315 00c6 77       		.sleb128 -9
 316 00c7 00       		.byte	0
 317 00c8 06       		.uleb128 0x6
 318 00c9 E1000000 		.4byte	.LASF14
 319 00cd 01       		.byte	0x1
 320 00ce 5A       		.byte	0x5a
 321 00cf 00000000 		.4byte	.LFB1
 322 00d3 3C000000 		.4byte	.LFE1-.LFB1
 323 00d7 01       		.uleb128 0x1
 324 00d8 9C       		.byte	0x9c
 325 00d9 EC000000 		.4byte	0xec
 326 00dd 07       		.uleb128 0x7
 327 00de 46010000 		.4byte	.LASF16
 328 00e2 01       		.byte	0x1
 329 00e3 5A       		.byte	0x5a
 330 00e4 6B000000 		.4byte	0x6b
 331 00e8 02       		.uleb128 0x2
 332 00e9 91       		.byte	0x91
 333 00ea 77       		.sleb128 -9
 334 00eb 00       		.byte	0
 335 00ec 09       		.uleb128 0x9
 336 00ed AF010000 		.4byte	.LASF17
 337 00f1 01       		.byte	0x1
 338 00f2 71       		.byte	0x71
 339 00f3 6B000000 		.4byte	0x6b
 340 00f7 00000000 		.4byte	.LFB2
 341 00fb 20000000 		.4byte	.LFE2-.LFB2
 342 00ff 01       		.uleb128 0x1
 343 0100 9C       		.byte	0x9c
 344 0101 09       		.uleb128 0x9
 345 0102 BB000000 		.4byte	.LASF18
 346 0106 01       		.byte	0x1
 347 0107 8D       		.byte	0x8d
 348 0108 6B000000 		.4byte	0x6b
 349 010c 00000000 		.4byte	.LFB3
 350 0110 20000000 		.4byte	.LFE3-.LFB3
 351 0114 01       		.uleb128 0x1
 352 0115 9C       		.byte	0x9c
 353 0116 00       		.byte	0
 354              		.section	.debug_abbrev,"",%progbits
 355              	.Ldebug_abbrev0:
 356 0000 01       		.uleb128 0x1
 357 0001 11       		.uleb128 0x11
 358 0002 01       		.byte	0x1
 359 0003 25       		.uleb128 0x25
 360 0004 0E       		.uleb128 0xe
 361 0005 13       		.uleb128 0x13
 362 0006 0B       		.uleb128 0xb
 363 0007 03       		.uleb128 0x3
 364 0008 0E       		.uleb128 0xe
 365 0009 1B       		.uleb128 0x1b
 366 000a 0E       		.uleb128 0xe
 367 000b 55       		.uleb128 0x55
 368 000c 17       		.uleb128 0x17
 369 000d 11       		.uleb128 0x11
ARM GAS  C:\Users\Albert\AppData\Local\Temp\cc2X8G7j.s 			page 10


 370 000e 01       		.uleb128 0x1
 371 000f 10       		.uleb128 0x10
 372 0010 17       		.uleb128 0x17
 373 0011 00       		.byte	0
 374 0012 00       		.byte	0
 375 0013 02       		.uleb128 0x2
 376 0014 24       		.uleb128 0x24
 377 0015 00       		.byte	0
 378 0016 0B       		.uleb128 0xb
 379 0017 0B       		.uleb128 0xb
 380 0018 3E       		.uleb128 0x3e
 381 0019 0B       		.uleb128 0xb
 382 001a 03       		.uleb128 0x3
 383 001b 0E       		.uleb128 0xe
 384 001c 00       		.byte	0
 385 001d 00       		.byte	0
 386 001e 03       		.uleb128 0x3
 387 001f 24       		.uleb128 0x24
 388 0020 00       		.byte	0
 389 0021 0B       		.uleb128 0xb
 390 0022 0B       		.uleb128 0xb
 391 0023 3E       		.uleb128 0x3e
 392 0024 0B       		.uleb128 0xb
 393 0025 03       		.uleb128 0x3
 394 0026 08       		.uleb128 0x8
 395 0027 00       		.byte	0
 396 0028 00       		.byte	0
 397 0029 04       		.uleb128 0x4
 398 002a 16       		.uleb128 0x16
 399 002b 00       		.byte	0
 400 002c 03       		.uleb128 0x3
 401 002d 0E       		.uleb128 0xe
 402 002e 3A       		.uleb128 0x3a
 403 002f 0B       		.uleb128 0xb
 404 0030 3B       		.uleb128 0x3b
 405 0031 05       		.uleb128 0x5
 406 0032 49       		.uleb128 0x49
 407 0033 13       		.uleb128 0x13
 408 0034 00       		.byte	0
 409 0035 00       		.byte	0
 410 0036 05       		.uleb128 0x5
 411 0037 35       		.uleb128 0x35
 412 0038 00       		.byte	0
 413 0039 49       		.uleb128 0x49
 414 003a 13       		.uleb128 0x13
 415 003b 00       		.byte	0
 416 003c 00       		.byte	0
 417 003d 06       		.uleb128 0x6
 418 003e 2E       		.uleb128 0x2e
 419 003f 01       		.byte	0x1
 420 0040 3F       		.uleb128 0x3f
 421 0041 19       		.uleb128 0x19
 422 0042 03       		.uleb128 0x3
 423 0043 0E       		.uleb128 0xe
 424 0044 3A       		.uleb128 0x3a
 425 0045 0B       		.uleb128 0xb
 426 0046 3B       		.uleb128 0x3b
ARM GAS  C:\Users\Albert\AppData\Local\Temp\cc2X8G7j.s 			page 11


 427 0047 0B       		.uleb128 0xb
 428 0048 27       		.uleb128 0x27
 429 0049 19       		.uleb128 0x19
 430 004a 11       		.uleb128 0x11
 431 004b 01       		.uleb128 0x1
 432 004c 12       		.uleb128 0x12
 433 004d 06       		.uleb128 0x6
 434 004e 40       		.uleb128 0x40
 435 004f 18       		.uleb128 0x18
 436 0050 9742     		.uleb128 0x2117
 437 0052 19       		.uleb128 0x19
 438 0053 01       		.uleb128 0x1
 439 0054 13       		.uleb128 0x13
 440 0055 00       		.byte	0
 441 0056 00       		.byte	0
 442 0057 07       		.uleb128 0x7
 443 0058 05       		.uleb128 0x5
 444 0059 00       		.byte	0
 445 005a 03       		.uleb128 0x3
 446 005b 0E       		.uleb128 0xe
 447 005c 3A       		.uleb128 0x3a
 448 005d 0B       		.uleb128 0xb
 449 005e 3B       		.uleb128 0x3b
 450 005f 0B       		.uleb128 0xb
 451 0060 49       		.uleb128 0x49
 452 0061 13       		.uleb128 0x13
 453 0062 02       		.uleb128 0x2
 454 0063 18       		.uleb128 0x18
 455 0064 00       		.byte	0
 456 0065 00       		.byte	0
 457 0066 08       		.uleb128 0x8
 458 0067 34       		.uleb128 0x34
 459 0068 00       		.byte	0
 460 0069 03       		.uleb128 0x3
 461 006a 0E       		.uleb128 0xe
 462 006b 3A       		.uleb128 0x3a
 463 006c 0B       		.uleb128 0xb
 464 006d 3B       		.uleb128 0x3b
 465 006e 0B       		.uleb128 0xb
 466 006f 49       		.uleb128 0x49
 467 0070 13       		.uleb128 0x13
 468 0071 02       		.uleb128 0x2
 469 0072 18       		.uleb128 0x18
 470 0073 00       		.byte	0
 471 0074 00       		.byte	0
 472 0075 09       		.uleb128 0x9
 473 0076 2E       		.uleb128 0x2e
 474 0077 00       		.byte	0
 475 0078 3F       		.uleb128 0x3f
 476 0079 19       		.uleb128 0x19
 477 007a 03       		.uleb128 0x3
 478 007b 0E       		.uleb128 0xe
 479 007c 3A       		.uleb128 0x3a
 480 007d 0B       		.uleb128 0xb
 481 007e 3B       		.uleb128 0x3b
 482 007f 0B       		.uleb128 0xb
 483 0080 27       		.uleb128 0x27
ARM GAS  C:\Users\Albert\AppData\Local\Temp\cc2X8G7j.s 			page 12


 484 0081 19       		.uleb128 0x19
 485 0082 49       		.uleb128 0x49
 486 0083 13       		.uleb128 0x13
 487 0084 11       		.uleb128 0x11
 488 0085 01       		.uleb128 0x1
 489 0086 12       		.uleb128 0x12
 490 0087 06       		.uleb128 0x6
 491 0088 40       		.uleb128 0x40
 492 0089 18       		.uleb128 0x18
 493 008a 9742     		.uleb128 0x2117
 494 008c 19       		.uleb128 0x19
 495 008d 00       		.byte	0
 496 008e 00       		.byte	0
 497 008f 00       		.byte	0
 498              		.section	.debug_aranges,"",%progbits
 499 0000 34000000 		.4byte	0x34
 500 0004 0200     		.2byte	0x2
 501 0006 00000000 		.4byte	.Ldebug_info0
 502 000a 04       		.byte	0x4
 503 000b 00       		.byte	0
 504 000c 0000     		.2byte	0
 505 000e 0000     		.2byte	0
 506 0010 00000000 		.4byte	.LFB0
 507 0014 3C000000 		.4byte	.LFE0-.LFB0
 508 0018 00000000 		.4byte	.LFB1
 509 001c 3C000000 		.4byte	.LFE1-.LFB1
 510 0020 00000000 		.4byte	.LFB2
 511 0024 20000000 		.4byte	.LFE2-.LFB2
 512 0028 00000000 		.4byte	.LFB3
 513 002c 20000000 		.4byte	.LFE3-.LFB3
 514 0030 00000000 		.4byte	0
 515 0034 00000000 		.4byte	0
 516              		.section	.debug_ranges,"",%progbits
 517              	.Ldebug_ranges0:
 518 0000 00000000 		.4byte	.LFB0
 519 0004 3C000000 		.4byte	.LFE0
 520 0008 00000000 		.4byte	.LFB1
 521 000c 3C000000 		.4byte	.LFE1
 522 0010 00000000 		.4byte	.LFB2
 523 0014 20000000 		.4byte	.LFE2
 524 0018 00000000 		.4byte	.LFB3
 525 001c 20000000 		.4byte	.LFE3
 526 0020 00000000 		.4byte	0
 527 0024 00000000 		.4byte	0
 528              		.section	.debug_line,"",%progbits
 529              	.Ldebug_line0:
 530 0000 8E000000 		.section	.debug_str,"MS",%progbits,1
 530      02003F00 
 530      00000201 
 530      FB0E0D00 
 530      01010101 
 531              	.LASF20:
 532 0000 47656E65 		.ascii	"Generated_Source\\PSoC5\\TX.c\000"
 532      72617465 
 532      645F536F 
 532      75726365 
 532      5C50536F 
ARM GAS  C:\Users\Albert\AppData\Local\Temp\cc2X8G7j.s 			page 13


 533              	.LASF19:
 534 001c 474E5520 		.ascii	"GNU C11 5.4.1 20160609 (release) [ARM/embedded-5-br"
 534      43313120 
 534      352E342E 
 534      31203230 
 534      31363036 
 535 004f 616E6368 		.ascii	"anch revision 237715] -mcpu=cortex-m3 -mthumb -g -O"
 535      20726576 
 535      6973696F 
 535      6E203233 
 535      37373135 
 536 0082 30202D66 		.ascii	"0 -ffunction-sections -ffat-lto-objects\000"
 536      66756E63 
 536      74696F6E 
 536      2D736563 
 536      74696F6E 
 537              	.LASF15:
 538 00aa 76616C75 		.ascii	"value\000"
 538      6500
 539              	.LASF22:
 540 00b0 73746174 		.ascii	"staticBits\000"
 540      69634269 
 540      747300
 541              	.LASF18:
 542 00bb 54585F52 		.ascii	"TX_ReadDataReg\000"
 542      65616444 
 542      61746152 
 542      656700
 543              	.LASF13:
 544 00ca 54585F57 		.ascii	"TX_Write\000"
 544      72697465 
 544      00
 545              	.LASF1:
 546 00d3 756E7369 		.ascii	"unsigned char\000"
 546      676E6564 
 546      20636861 
 546      7200
 547              	.LASF14:
 548 00e1 54585F53 		.ascii	"TX_SetDriveMode\000"
 548      65744472 
 548      6976654D 
 548      6F646500 
 549              	.LASF12:
 550 00f1 72656738 		.ascii	"reg8\000"
 550      00
 551              	.LASF5:
 552 00f6 6C6F6E67 		.ascii	"long unsigned int\000"
 552      20756E73 
 552      69676E65 
 552      6420696E 
 552      7400
 553              	.LASF3:
 554 0108 73686F72 		.ascii	"short unsigned int\000"
 554      7420756E 
 554      7369676E 
 554      65642069 
 554      6E7400
ARM GAS  C:\Users\Albert\AppData\Local\Temp\cc2X8G7j.s 			page 14


 555              	.LASF9:
 556 011b 646F7562 		.ascii	"double\000"
 556      6C6500
 557              	.LASF8:
 558 0122 756E7369 		.ascii	"unsigned int\000"
 558      676E6564 
 558      20696E74 
 558      00
 559              	.LASF7:
 560 012f 6C6F6E67 		.ascii	"long long unsigned int\000"
 560      206C6F6E 
 560      6720756E 
 560      7369676E 
 560      65642069 
 561              	.LASF16:
 562 0146 6D6F6465 		.ascii	"mode\000"
 562      00
 563              	.LASF21:
 564 014b 433A5C55 		.ascii	"C:\\Users\\Albert\\Documents\\6115_fp\\IWP.cydsn\000"
 564      73657273 
 564      5C416C62 
 564      6572745C 
 564      446F6375 
 565              	.LASF6:
 566 0177 6C6F6E67 		.ascii	"long long int\000"
 566      206C6F6E 
 566      6720696E 
 566      7400
 567              	.LASF10:
 568 0185 63686172 		.ascii	"char\000"
 568      00
 569              	.LASF2:
 570 018a 73686F72 		.ascii	"short int\000"
 570      7420696E 
 570      7400
 571              	.LASF11:
 572 0194 75696E74 		.ascii	"uint8\000"
 572      3800
 573              	.LASF4:
 574 019a 6C6F6E67 		.ascii	"long int\000"
 574      20696E74 
 574      00
 575              	.LASF0:
 576 01a3 7369676E 		.ascii	"signed char\000"
 576      65642063 
 576      68617200 
 577              	.LASF17:
 578 01af 54585F52 		.ascii	"TX_Read\000"
 578      65616400 
 579              		.ident	"GCC: (GNU Tools for ARM Embedded Processors) 5.4.1 20160609 (release) [ARM/embedded-5-bran
