ARM GAS  C:\Users\Albert\AppData\Local\Temp\ccXJUJ7V.s 			page 1


   1              		.syntax unified
   2              		.cpu cortex-m3
   3              		.fpu softvfp
   4              		.eabi_attribute 20, 1
   5              		.eabi_attribute 21, 1
   6              		.eabi_attribute 23, 3
   7              		.eabi_attribute 24, 1
   8              		.eabi_attribute 25, 1
   9              		.eabi_attribute 26, 1
  10              		.eabi_attribute 30, 6
  11              		.eabi_attribute 34, 1
  12              		.eabi_attribute 18, 4
  13              		.thumb
  14              		.syntax unified
  15              		.file	"UART_PM.c"
  16              		.text
  17              	.Ltext0:
  18              		.cfi_sections	.debug_frame
  19              		.bss
  20              		.align	2
  21              	UART_backup:
  22 0000 00       		.space	1
  23              		.section	.text.UART_SaveConfig,"ax",%progbits
  24              		.align	2
  25              		.global	UART_SaveConfig
  26              		.thumb
  27              		.thumb_func
  28              		.type	UART_SaveConfig, %function
  29              	UART_SaveConfig:
  30              	.LFB0:
  31              		.file 1 "Generated_Source\\PSoC5\\UART_PM.c"
   1:Generated_Source\PSoC5/UART_PM.c **** /*******************************************************************************
   2:Generated_Source\PSoC5/UART_PM.c **** * File Name: UART_PM.c
   3:Generated_Source\PSoC5/UART_PM.c **** * Version 2.50
   4:Generated_Source\PSoC5/UART_PM.c **** *
   5:Generated_Source\PSoC5/UART_PM.c **** * Description:
   6:Generated_Source\PSoC5/UART_PM.c **** *  This file provides Sleep/WakeUp APIs functionality.
   7:Generated_Source\PSoC5/UART_PM.c **** *
   8:Generated_Source\PSoC5/UART_PM.c **** * Note:
   9:Generated_Source\PSoC5/UART_PM.c **** *
  10:Generated_Source\PSoC5/UART_PM.c **** ********************************************************************************
  11:Generated_Source\PSoC5/UART_PM.c **** * Copyright 2008-2015, Cypress Semiconductor Corporation.  All rights reserved.
  12:Generated_Source\PSoC5/UART_PM.c **** * You may use this file only in accordance with the license, terms, conditions,
  13:Generated_Source\PSoC5/UART_PM.c **** * disclaimers, and limitations in the end user license agreement accompanying
  14:Generated_Source\PSoC5/UART_PM.c **** * the software package with which this file was provided.
  15:Generated_Source\PSoC5/UART_PM.c **** *******************************************************************************/
  16:Generated_Source\PSoC5/UART_PM.c **** 
  17:Generated_Source\PSoC5/UART_PM.c **** #include "UART.h"
  18:Generated_Source\PSoC5/UART_PM.c **** 
  19:Generated_Source\PSoC5/UART_PM.c **** 
  20:Generated_Source\PSoC5/UART_PM.c **** /***************************************
  21:Generated_Source\PSoC5/UART_PM.c **** * Local data allocation
  22:Generated_Source\PSoC5/UART_PM.c **** ***************************************/
  23:Generated_Source\PSoC5/UART_PM.c **** 
  24:Generated_Source\PSoC5/UART_PM.c **** static UART_BACKUP_STRUCT  UART_backup =
  25:Generated_Source\PSoC5/UART_PM.c **** {
  26:Generated_Source\PSoC5/UART_PM.c ****     /* enableState - disabled */
ARM GAS  C:\Users\Albert\AppData\Local\Temp\ccXJUJ7V.s 			page 2


  27:Generated_Source\PSoC5/UART_PM.c ****     0u,
  28:Generated_Source\PSoC5/UART_PM.c **** };
  29:Generated_Source\PSoC5/UART_PM.c **** 
  30:Generated_Source\PSoC5/UART_PM.c **** 
  31:Generated_Source\PSoC5/UART_PM.c **** 
  32:Generated_Source\PSoC5/UART_PM.c **** /*******************************************************************************
  33:Generated_Source\PSoC5/UART_PM.c **** * Function Name: UART_SaveConfig
  34:Generated_Source\PSoC5/UART_PM.c **** ********************************************************************************
  35:Generated_Source\PSoC5/UART_PM.c **** *
  36:Generated_Source\PSoC5/UART_PM.c **** * Summary:
  37:Generated_Source\PSoC5/UART_PM.c **** *  This function saves the component nonretention control register.
  38:Generated_Source\PSoC5/UART_PM.c **** *  Does not save the FIFO which is a set of nonretention registers.
  39:Generated_Source\PSoC5/UART_PM.c **** *  This function is called by the UART_Sleep() function.
  40:Generated_Source\PSoC5/UART_PM.c **** *
  41:Generated_Source\PSoC5/UART_PM.c **** * Parameters:
  42:Generated_Source\PSoC5/UART_PM.c **** *  None.
  43:Generated_Source\PSoC5/UART_PM.c **** *
  44:Generated_Source\PSoC5/UART_PM.c **** * Return:
  45:Generated_Source\PSoC5/UART_PM.c **** *  None.
  46:Generated_Source\PSoC5/UART_PM.c **** *
  47:Generated_Source\PSoC5/UART_PM.c **** * Global Variables:
  48:Generated_Source\PSoC5/UART_PM.c **** *  UART_backup - modified when non-retention registers are saved.
  49:Generated_Source\PSoC5/UART_PM.c **** *
  50:Generated_Source\PSoC5/UART_PM.c **** * Reentrant:
  51:Generated_Source\PSoC5/UART_PM.c **** *  No.
  52:Generated_Source\PSoC5/UART_PM.c **** *
  53:Generated_Source\PSoC5/UART_PM.c **** *******************************************************************************/
  54:Generated_Source\PSoC5/UART_PM.c **** void UART_SaveConfig(void)
  55:Generated_Source\PSoC5/UART_PM.c **** {
  32              		.loc 1 55 0
  33              		.cfi_startproc
  34              		@ args = 0, pretend = 0, frame = 0
  35              		@ frame_needed = 1, uses_anonymous_args = 0
  36              		@ link register save eliminated.
  37 0000 80B4     		push	{r7}
  38              		.cfi_def_cfa_offset 4
  39              		.cfi_offset 7, -4
  40 0002 00AF     		add	r7, sp, #0
  41              		.cfi_def_cfa_register 7
  56:Generated_Source\PSoC5/UART_PM.c ****     #if(UART_CONTROL_REG_REMOVED == 0u)
  57:Generated_Source\PSoC5/UART_PM.c ****         UART_backup.cr = UART_CONTROL_REG;
  58:Generated_Source\PSoC5/UART_PM.c ****     #endif /* End UART_CONTROL_REG_REMOVED */
  59:Generated_Source\PSoC5/UART_PM.c **** }
  42              		.loc 1 59 0
  43 0004 00BF     		nop
  44 0006 BD46     		mov	sp, r7
  45              		.cfi_def_cfa_register 13
  46              		@ sp needed
  47 0008 80BC     		pop	{r7}
  48              		.cfi_restore 7
  49              		.cfi_def_cfa_offset 0
  50 000a 7047     		bx	lr
  51              		.cfi_endproc
  52              	.LFE0:
  53              		.size	UART_SaveConfig, .-UART_SaveConfig
  54              		.section	.text.UART_RestoreConfig,"ax",%progbits
  55              		.align	2
ARM GAS  C:\Users\Albert\AppData\Local\Temp\ccXJUJ7V.s 			page 3


  56              		.global	UART_RestoreConfig
  57              		.thumb
  58              		.thumb_func
  59              		.type	UART_RestoreConfig, %function
  60              	UART_RestoreConfig:
  61              	.LFB1:
  60:Generated_Source\PSoC5/UART_PM.c **** 
  61:Generated_Source\PSoC5/UART_PM.c **** 
  62:Generated_Source\PSoC5/UART_PM.c **** /*******************************************************************************
  63:Generated_Source\PSoC5/UART_PM.c **** * Function Name: UART_RestoreConfig
  64:Generated_Source\PSoC5/UART_PM.c **** ********************************************************************************
  65:Generated_Source\PSoC5/UART_PM.c **** *
  66:Generated_Source\PSoC5/UART_PM.c **** * Summary:
  67:Generated_Source\PSoC5/UART_PM.c **** *  Restores the nonretention control register except FIFO.
  68:Generated_Source\PSoC5/UART_PM.c **** *  Does not restore the FIFO which is a set of nonretention registers.
  69:Generated_Source\PSoC5/UART_PM.c **** *
  70:Generated_Source\PSoC5/UART_PM.c **** * Parameters:
  71:Generated_Source\PSoC5/UART_PM.c **** *  None.
  72:Generated_Source\PSoC5/UART_PM.c **** *
  73:Generated_Source\PSoC5/UART_PM.c **** * Return:
  74:Generated_Source\PSoC5/UART_PM.c **** *  None.
  75:Generated_Source\PSoC5/UART_PM.c **** *
  76:Generated_Source\PSoC5/UART_PM.c **** * Global Variables:
  77:Generated_Source\PSoC5/UART_PM.c **** *  UART_backup - used when non-retention registers are restored.
  78:Generated_Source\PSoC5/UART_PM.c **** *
  79:Generated_Source\PSoC5/UART_PM.c **** * Reentrant:
  80:Generated_Source\PSoC5/UART_PM.c **** *  No.
  81:Generated_Source\PSoC5/UART_PM.c **** *
  82:Generated_Source\PSoC5/UART_PM.c **** * Notes:
  83:Generated_Source\PSoC5/UART_PM.c **** *  If this function is called without calling UART_SaveConfig() 
  84:Generated_Source\PSoC5/UART_PM.c **** *  first, the data loaded may be incorrect.
  85:Generated_Source\PSoC5/UART_PM.c **** *
  86:Generated_Source\PSoC5/UART_PM.c **** *******************************************************************************/
  87:Generated_Source\PSoC5/UART_PM.c **** void UART_RestoreConfig(void)
  88:Generated_Source\PSoC5/UART_PM.c **** {
  62              		.loc 1 88 0
  63              		.cfi_startproc
  64              		@ args = 0, pretend = 0, frame = 0
  65              		@ frame_needed = 1, uses_anonymous_args = 0
  66              		@ link register save eliminated.
  67 0000 80B4     		push	{r7}
  68              		.cfi_def_cfa_offset 4
  69              		.cfi_offset 7, -4
  70 0002 00AF     		add	r7, sp, #0
  71              		.cfi_def_cfa_register 7
  89:Generated_Source\PSoC5/UART_PM.c ****     #if(UART_CONTROL_REG_REMOVED == 0u)
  90:Generated_Source\PSoC5/UART_PM.c ****         UART_CONTROL_REG = UART_backup.cr;
  91:Generated_Source\PSoC5/UART_PM.c ****     #endif /* End UART_CONTROL_REG_REMOVED */
  92:Generated_Source\PSoC5/UART_PM.c **** }
  72              		.loc 1 92 0
  73 0004 00BF     		nop
  74 0006 BD46     		mov	sp, r7
  75              		.cfi_def_cfa_register 13
  76              		@ sp needed
  77 0008 80BC     		pop	{r7}
  78              		.cfi_restore 7
  79              		.cfi_def_cfa_offset 0
ARM GAS  C:\Users\Albert\AppData\Local\Temp\ccXJUJ7V.s 			page 4


  80 000a 7047     		bx	lr
  81              		.cfi_endproc
  82              	.LFE1:
  83              		.size	UART_RestoreConfig, .-UART_RestoreConfig
  84              		.section	.text.UART_Sleep,"ax",%progbits
  85              		.align	2
  86              		.global	UART_Sleep
  87              		.thumb
  88              		.thumb_func
  89              		.type	UART_Sleep, %function
  90              	UART_Sleep:
  91              	.LFB2:
  93:Generated_Source\PSoC5/UART_PM.c **** 
  94:Generated_Source\PSoC5/UART_PM.c **** 
  95:Generated_Source\PSoC5/UART_PM.c **** /*******************************************************************************
  96:Generated_Source\PSoC5/UART_PM.c **** * Function Name: UART_Sleep
  97:Generated_Source\PSoC5/UART_PM.c **** ********************************************************************************
  98:Generated_Source\PSoC5/UART_PM.c **** *
  99:Generated_Source\PSoC5/UART_PM.c **** * Summary:
 100:Generated_Source\PSoC5/UART_PM.c **** *  This is the preferred API to prepare the component for sleep. 
 101:Generated_Source\PSoC5/UART_PM.c **** *  The UART_Sleep() API saves the current component state. Then it
 102:Generated_Source\PSoC5/UART_PM.c **** *  calls the UART_Stop() function and calls 
 103:Generated_Source\PSoC5/UART_PM.c **** *  UART_SaveConfig() to save the hardware configuration.
 104:Generated_Source\PSoC5/UART_PM.c **** *  Call the UART_Sleep() function before calling the CyPmSleep() 
 105:Generated_Source\PSoC5/UART_PM.c **** *  or the CyPmHibernate() function. 
 106:Generated_Source\PSoC5/UART_PM.c **** *
 107:Generated_Source\PSoC5/UART_PM.c **** * Parameters:
 108:Generated_Source\PSoC5/UART_PM.c **** *  None.
 109:Generated_Source\PSoC5/UART_PM.c **** *
 110:Generated_Source\PSoC5/UART_PM.c **** * Return:
 111:Generated_Source\PSoC5/UART_PM.c **** *  None.
 112:Generated_Source\PSoC5/UART_PM.c **** *
 113:Generated_Source\PSoC5/UART_PM.c **** * Global Variables:
 114:Generated_Source\PSoC5/UART_PM.c **** *  UART_backup - modified when non-retention registers are saved.
 115:Generated_Source\PSoC5/UART_PM.c **** *
 116:Generated_Source\PSoC5/UART_PM.c **** * Reentrant:
 117:Generated_Source\PSoC5/UART_PM.c **** *  No.
 118:Generated_Source\PSoC5/UART_PM.c **** *
 119:Generated_Source\PSoC5/UART_PM.c **** *******************************************************************************/
 120:Generated_Source\PSoC5/UART_PM.c **** void UART_Sleep(void)
 121:Generated_Source\PSoC5/UART_PM.c **** {
  92              		.loc 1 121 0
  93              		.cfi_startproc
  94              		@ args = 0, pretend = 0, frame = 0
  95              		@ frame_needed = 1, uses_anonymous_args = 0
  96 0000 80B5     		push	{r7, lr}
  97              		.cfi_def_cfa_offset 8
  98              		.cfi_offset 7, -8
  99              		.cfi_offset 14, -4
 100 0002 00AF     		add	r7, sp, #0
 101              		.cfi_def_cfa_register 7
 122:Generated_Source\PSoC5/UART_PM.c ****     #if(UART_RX_ENABLED || UART_HD_ENABLED)
 123:Generated_Source\PSoC5/UART_PM.c ****         if((UART_RXSTATUS_ACTL_REG  & UART_INT_ENABLE) != 0u)
 102              		.loc 1 123 0
 103 0004 094B     		ldr	r3, .L6
 104 0006 1B78     		ldrb	r3, [r3]
 105 0008 DBB2     		uxtb	r3, r3
ARM GAS  C:\Users\Albert\AppData\Local\Temp\ccXJUJ7V.s 			page 5


 106 000a 03F01003 		and	r3, r3, #16
 107 000e 002B     		cmp	r3, #0
 108 0010 03D0     		beq	.L4
 124:Generated_Source\PSoC5/UART_PM.c ****         {
 125:Generated_Source\PSoC5/UART_PM.c ****             UART_backup.enableState = 1u;
 109              		.loc 1 125 0
 110 0012 074B     		ldr	r3, .L6+4
 111 0014 0122     		movs	r2, #1
 112 0016 1A70     		strb	r2, [r3]
 113 0018 02E0     		b	.L5
 114              	.L4:
 126:Generated_Source\PSoC5/UART_PM.c ****         }
 127:Generated_Source\PSoC5/UART_PM.c ****         else
 128:Generated_Source\PSoC5/UART_PM.c ****         {
 129:Generated_Source\PSoC5/UART_PM.c ****             UART_backup.enableState = 0u;
 115              		.loc 1 129 0
 116 001a 054B     		ldr	r3, .L6+4
 117 001c 0022     		movs	r2, #0
 118 001e 1A70     		strb	r2, [r3]
 119              	.L5:
 130:Generated_Source\PSoC5/UART_PM.c ****         }
 131:Generated_Source\PSoC5/UART_PM.c ****     #else
 132:Generated_Source\PSoC5/UART_PM.c ****         if((UART_TXSTATUS_ACTL_REG  & UART_INT_ENABLE) !=0u)
 133:Generated_Source\PSoC5/UART_PM.c ****         {
 134:Generated_Source\PSoC5/UART_PM.c ****             UART_backup.enableState = 1u;
 135:Generated_Source\PSoC5/UART_PM.c ****         }
 136:Generated_Source\PSoC5/UART_PM.c ****         else
 137:Generated_Source\PSoC5/UART_PM.c ****         {
 138:Generated_Source\PSoC5/UART_PM.c ****             UART_backup.enableState = 0u;
 139:Generated_Source\PSoC5/UART_PM.c ****         }
 140:Generated_Source\PSoC5/UART_PM.c ****     #endif /* End UART_RX_ENABLED || UART_HD_ENABLED*/
 141:Generated_Source\PSoC5/UART_PM.c **** 
 142:Generated_Source\PSoC5/UART_PM.c ****     UART_Stop();
 120              		.loc 1 142 0
 121 0020 FFF7FEFF 		bl	UART_Stop
 143:Generated_Source\PSoC5/UART_PM.c ****     UART_SaveConfig();
 122              		.loc 1 143 0
 123 0024 FFF7FEFF 		bl	UART_SaveConfig
 144:Generated_Source\PSoC5/UART_PM.c **** }
 124              		.loc 1 144 0
 125 0028 00BF     		nop
 126 002a 80BD     		pop	{r7, pc}
 127              	.L7:
 128              		.align	2
 129              	.L6:
 130 002c 92640040 		.word	1073767570
 131 0030 00000000 		.word	UART_backup
 132              		.cfi_endproc
 133              	.LFE2:
 134              		.size	UART_Sleep, .-UART_Sleep
 135              		.section	.text.UART_Wakeup,"ax",%progbits
 136              		.align	2
 137              		.global	UART_Wakeup
 138              		.thumb
 139              		.thumb_func
 140              		.type	UART_Wakeup, %function
 141              	UART_Wakeup:
ARM GAS  C:\Users\Albert\AppData\Local\Temp\ccXJUJ7V.s 			page 6


 142              	.LFB3:
 145:Generated_Source\PSoC5/UART_PM.c **** 
 146:Generated_Source\PSoC5/UART_PM.c **** 
 147:Generated_Source\PSoC5/UART_PM.c **** /*******************************************************************************
 148:Generated_Source\PSoC5/UART_PM.c **** * Function Name: UART_Wakeup
 149:Generated_Source\PSoC5/UART_PM.c **** ********************************************************************************
 150:Generated_Source\PSoC5/UART_PM.c **** *
 151:Generated_Source\PSoC5/UART_PM.c **** * Summary:
 152:Generated_Source\PSoC5/UART_PM.c **** *  This is the preferred API to restore the component to the state when 
 153:Generated_Source\PSoC5/UART_PM.c **** *  UART_Sleep() was called. The UART_Wakeup() function
 154:Generated_Source\PSoC5/UART_PM.c **** *  calls the UART_RestoreConfig() function to restore the 
 155:Generated_Source\PSoC5/UART_PM.c **** *  configuration. If the component was enabled before the 
 156:Generated_Source\PSoC5/UART_PM.c **** *  UART_Sleep() function was called, the UART_Wakeup()
 157:Generated_Source\PSoC5/UART_PM.c **** *  function will also re-enable the component.
 158:Generated_Source\PSoC5/UART_PM.c **** *
 159:Generated_Source\PSoC5/UART_PM.c **** * Parameters:
 160:Generated_Source\PSoC5/UART_PM.c **** *  None.
 161:Generated_Source\PSoC5/UART_PM.c **** *
 162:Generated_Source\PSoC5/UART_PM.c **** * Return:
 163:Generated_Source\PSoC5/UART_PM.c **** *  None.
 164:Generated_Source\PSoC5/UART_PM.c **** *
 165:Generated_Source\PSoC5/UART_PM.c **** * Global Variables:
 166:Generated_Source\PSoC5/UART_PM.c **** *  UART_backup - used when non-retention registers are restored.
 167:Generated_Source\PSoC5/UART_PM.c **** *
 168:Generated_Source\PSoC5/UART_PM.c **** * Reentrant:
 169:Generated_Source\PSoC5/UART_PM.c **** *  No.
 170:Generated_Source\PSoC5/UART_PM.c **** *
 171:Generated_Source\PSoC5/UART_PM.c **** *******************************************************************************/
 172:Generated_Source\PSoC5/UART_PM.c **** void UART_Wakeup(void)
 173:Generated_Source\PSoC5/UART_PM.c **** {
 143              		.loc 1 173 0
 144              		.cfi_startproc
 145              		@ args = 0, pretend = 0, frame = 0
 146              		@ frame_needed = 1, uses_anonymous_args = 0
 147 0000 80B5     		push	{r7, lr}
 148              		.cfi_def_cfa_offset 8
 149              		.cfi_offset 7, -8
 150              		.cfi_offset 14, -4
 151 0002 00AF     		add	r7, sp, #0
 152              		.cfi_def_cfa_register 7
 174:Generated_Source\PSoC5/UART_PM.c ****     UART_RestoreConfig();
 153              		.loc 1 174 0
 154 0004 FFF7FEFF 		bl	UART_RestoreConfig
 175:Generated_Source\PSoC5/UART_PM.c ****     #if( (UART_RX_ENABLED) || (UART_HD_ENABLED) )
 176:Generated_Source\PSoC5/UART_PM.c ****         UART_ClearRxBuffer();
 155              		.loc 1 176 0
 156 0008 FFF7FEFF 		bl	UART_ClearRxBuffer
 177:Generated_Source\PSoC5/UART_PM.c ****     #endif /* End (UART_RX_ENABLED) || (UART_HD_ENABLED) */
 178:Generated_Source\PSoC5/UART_PM.c ****     #if(UART_TX_ENABLED || UART_HD_ENABLED)
 179:Generated_Source\PSoC5/UART_PM.c ****         UART_ClearTxBuffer();
 157              		.loc 1 179 0
 158 000c FFF7FEFF 		bl	UART_ClearTxBuffer
 180:Generated_Source\PSoC5/UART_PM.c ****     #endif /* End UART_TX_ENABLED || UART_HD_ENABLED */
 181:Generated_Source\PSoC5/UART_PM.c **** 
 182:Generated_Source\PSoC5/UART_PM.c ****     if(UART_backup.enableState != 0u)
 159              		.loc 1 182 0
 160 0010 034B     		ldr	r3, .L11
ARM GAS  C:\Users\Albert\AppData\Local\Temp\ccXJUJ7V.s 			page 7


 161 0012 1B78     		ldrb	r3, [r3]	@ zero_extendqisi2
 162 0014 002B     		cmp	r3, #0
 163 0016 01D0     		beq	.L10
 183:Generated_Source\PSoC5/UART_PM.c ****     {
 184:Generated_Source\PSoC5/UART_PM.c ****         UART_Enable();
 164              		.loc 1 184 0
 165 0018 FFF7FEFF 		bl	UART_Enable
 166              	.L10:
 185:Generated_Source\PSoC5/UART_PM.c ****     }
 186:Generated_Source\PSoC5/UART_PM.c **** }
 167              		.loc 1 186 0
 168 001c 00BF     		nop
 169 001e 80BD     		pop	{r7, pc}
 170              	.L12:
 171              		.align	2
 172              	.L11:
 173 0020 00000000 		.word	UART_backup
 174              		.cfi_endproc
 175              	.LFE3:
 176              		.size	UART_Wakeup, .-UART_Wakeup
 177              		.text
 178              	.Letext0:
 179              		.file 2 "Generated_Source\\PSoC5\\cytypes.h"
 180              		.file 3 "Generated_Source\\PSoC5\\UART.h"
 181              		.section	.debug_info,"",%progbits
 182              	.Ldebug_info0:
 183 0000 1A010000 		.4byte	0x11a
 184 0004 0400     		.2byte	0x4
 185 0006 00000000 		.4byte	.Ldebug_abbrev0
 186 000a 04       		.byte	0x4
 187 000b 01       		.uleb128 0x1
 188 000c 90000000 		.4byte	.LASF20
 189 0010 0C       		.byte	0xc
 190 0011 70010000 		.4byte	.LASF21
 191 0015 31010000 		.4byte	.LASF22
 192 0019 00000000 		.4byte	.Ldebug_ranges0+0
 193 001d 00000000 		.4byte	0
 194 0021 00000000 		.4byte	.Ldebug_line0
 195 0025 02       		.uleb128 0x2
 196 0026 01       		.byte	0x1
 197 0027 06       		.byte	0x6
 198 0028 F7010000 		.4byte	.LASF0
 199 002c 02       		.uleb128 0x2
 200 002d 01       		.byte	0x1
 201 002e 08       		.byte	0x8
 202 002f 1E010000 		.4byte	.LASF1
 203 0033 02       		.uleb128 0x2
 204 0034 02       		.byte	0x2
 205 0035 05       		.byte	0x5
 206 0036 E8010000 		.4byte	.LASF2
 207 003a 02       		.uleb128 0x2
 208 003b 02       		.byte	0x2
 209 003c 07       		.byte	0x7
 210 003d AD010000 		.4byte	.LASF3
 211 0041 02       		.uleb128 0x2
 212 0042 04       		.byte	0x4
 213 0043 05       		.byte	0x5
ARM GAS  C:\Users\Albert\AppData\Local\Temp\ccXJUJ7V.s 			page 8


 214 0044 A4010000 		.4byte	.LASF4
 215 0048 02       		.uleb128 0x2
 216 0049 04       		.byte	0x4
 217 004a 07       		.byte	0x7
 218 004b 5B000000 		.4byte	.LASF5
 219 004f 02       		.uleb128 0x2
 220 0050 08       		.byte	0x8
 221 0051 05       		.byte	0x5
 222 0052 00000000 		.4byte	.LASF6
 223 0056 02       		.uleb128 0x2
 224 0057 08       		.byte	0x8
 225 0058 07       		.byte	0x7
 226 0059 6D000000 		.4byte	.LASF7
 227 005d 03       		.uleb128 0x3
 228 005e 04       		.byte	0x4
 229 005f 05       		.byte	0x5
 230 0060 696E7400 		.ascii	"int\000"
 231 0064 02       		.uleb128 0x2
 232 0065 04       		.byte	0x4
 233 0066 07       		.byte	0x7
 234 0067 1A000000 		.4byte	.LASF8
 235 006b 04       		.uleb128 0x4
 236 006c 55000000 		.4byte	.LASF11
 237 0070 02       		.byte	0x2
 238 0071 9201     		.2byte	0x192
 239 0073 2C000000 		.4byte	0x2c
 240 0077 02       		.uleb128 0x2
 241 0078 08       		.byte	0x8
 242 0079 04       		.byte	0x4
 243 007a 9D010000 		.4byte	.LASF9
 244 007e 02       		.uleb128 0x2
 245 007f 01       		.byte	0x1
 246 0080 08       		.byte	0x8
 247 0081 2C010000 		.4byte	.LASF10
 248 0085 04       		.uleb128 0x4
 249 0086 F2010000 		.4byte	.LASF12
 250 008a 02       		.byte	0x2
 251 008b 3C02     		.2byte	0x23c
 252 008d 91000000 		.4byte	0x91
 253 0091 05       		.uleb128 0x5
 254 0092 6B000000 		.4byte	0x6b
 255 0096 02       		.uleb128 0x2
 256 0097 08       		.byte	0x8
 257 0098 04       		.byte	0x4
 258 0099 D3010000 		.4byte	.LASF13
 259 009d 02       		.uleb128 0x2
 260 009e 04       		.byte	0x4
 261 009f 07       		.byte	0x7
 262 00a0 DF010000 		.4byte	.LASF14
 263 00a4 06       		.uleb128 0x6
 264 00a5 42000000 		.4byte	.LASF23
 265 00a9 01       		.byte	0x1
 266 00aa 03       		.byte	0x3
 267 00ab 45       		.byte	0x45
 268 00ac BD000000 		.4byte	0xbd
 269 00b0 07       		.uleb128 0x7
 270 00b1 91010000 		.4byte	.LASF24
ARM GAS  C:\Users\Albert\AppData\Local\Temp\ccXJUJ7V.s 			page 9


 271 00b5 03       		.byte	0x3
 272 00b6 47       		.byte	0x47
 273 00b7 6B000000 		.4byte	0x6b
 274 00bb 00       		.byte	0
 275 00bc 00       		.byte	0
 276 00bd 08       		.uleb128 0x8
 277 00be 5D010000 		.4byte	.LASF15
 278 00c2 03       		.byte	0x3
 279 00c3 4D       		.byte	0x4d
 280 00c4 A4000000 		.4byte	0xa4
 281 00c8 09       		.uleb128 0x9
 282 00c9 27000000 		.4byte	.LASF16
 283 00cd 01       		.byte	0x1
 284 00ce 36       		.byte	0x36
 285 00cf 00000000 		.4byte	.LFB0
 286 00d3 0C000000 		.4byte	.LFE0-.LFB0
 287 00d7 01       		.uleb128 0x1
 288 00d8 9C       		.byte	0x9c
 289 00d9 09       		.uleb128 0x9
 290 00da C0010000 		.4byte	.LASF17
 291 00de 01       		.byte	0x1
 292 00df 57       		.byte	0x57
 293 00e0 00000000 		.4byte	.LFB1
 294 00e4 0C000000 		.4byte	.LFE1-.LFB1
 295 00e8 01       		.uleb128 0x1
 296 00e9 9C       		.byte	0x9c
 297 00ea 0A       		.uleb128 0xa
 298 00eb 37000000 		.4byte	.LASF18
 299 00ef 01       		.byte	0x1
 300 00f0 78       		.byte	0x78
 301 00f1 00000000 		.4byte	.LFB2
 302 00f5 34000000 		.4byte	.LFE2-.LFB2
 303 00f9 01       		.uleb128 0x1
 304 00fa 9C       		.byte	0x9c
 305 00fb 0A       		.uleb128 0xa
 306 00fc 84000000 		.4byte	.LASF19
 307 0100 01       		.byte	0x1
 308 0101 AC       		.byte	0xac
 309 0102 00000000 		.4byte	.LFB3
 310 0106 24000000 		.4byte	.LFE3-.LFB3
 311 010a 01       		.uleb128 0x1
 312 010b 9C       		.byte	0x9c
 313 010c 0B       		.uleb128 0xb
 314 010d 0E000000 		.4byte	.LASF25
 315 0111 01       		.byte	0x1
 316 0112 18       		.byte	0x18
 317 0113 BD000000 		.4byte	0xbd
 318 0117 05       		.uleb128 0x5
 319 0118 03       		.byte	0x3
 320 0119 00000000 		.4byte	UART_backup
 321 011d 00       		.byte	0
 322              		.section	.debug_abbrev,"",%progbits
 323              	.Ldebug_abbrev0:
 324 0000 01       		.uleb128 0x1
 325 0001 11       		.uleb128 0x11
 326 0002 01       		.byte	0x1
 327 0003 25       		.uleb128 0x25
ARM GAS  C:\Users\Albert\AppData\Local\Temp\ccXJUJ7V.s 			page 10


 328 0004 0E       		.uleb128 0xe
 329 0005 13       		.uleb128 0x13
 330 0006 0B       		.uleb128 0xb
 331 0007 03       		.uleb128 0x3
 332 0008 0E       		.uleb128 0xe
 333 0009 1B       		.uleb128 0x1b
 334 000a 0E       		.uleb128 0xe
 335 000b 55       		.uleb128 0x55
 336 000c 17       		.uleb128 0x17
 337 000d 11       		.uleb128 0x11
 338 000e 01       		.uleb128 0x1
 339 000f 10       		.uleb128 0x10
 340 0010 17       		.uleb128 0x17
 341 0011 00       		.byte	0
 342 0012 00       		.byte	0
 343 0013 02       		.uleb128 0x2
 344 0014 24       		.uleb128 0x24
 345 0015 00       		.byte	0
 346 0016 0B       		.uleb128 0xb
 347 0017 0B       		.uleb128 0xb
 348 0018 3E       		.uleb128 0x3e
 349 0019 0B       		.uleb128 0xb
 350 001a 03       		.uleb128 0x3
 351 001b 0E       		.uleb128 0xe
 352 001c 00       		.byte	0
 353 001d 00       		.byte	0
 354 001e 03       		.uleb128 0x3
 355 001f 24       		.uleb128 0x24
 356 0020 00       		.byte	0
 357 0021 0B       		.uleb128 0xb
 358 0022 0B       		.uleb128 0xb
 359 0023 3E       		.uleb128 0x3e
 360 0024 0B       		.uleb128 0xb
 361 0025 03       		.uleb128 0x3
 362 0026 08       		.uleb128 0x8
 363 0027 00       		.byte	0
 364 0028 00       		.byte	0
 365 0029 04       		.uleb128 0x4
 366 002a 16       		.uleb128 0x16
 367 002b 00       		.byte	0
 368 002c 03       		.uleb128 0x3
 369 002d 0E       		.uleb128 0xe
 370 002e 3A       		.uleb128 0x3a
 371 002f 0B       		.uleb128 0xb
 372 0030 3B       		.uleb128 0x3b
 373 0031 05       		.uleb128 0x5
 374 0032 49       		.uleb128 0x49
 375 0033 13       		.uleb128 0x13
 376 0034 00       		.byte	0
 377 0035 00       		.byte	0
 378 0036 05       		.uleb128 0x5
 379 0037 35       		.uleb128 0x35
 380 0038 00       		.byte	0
 381 0039 49       		.uleb128 0x49
 382 003a 13       		.uleb128 0x13
 383 003b 00       		.byte	0
 384 003c 00       		.byte	0
ARM GAS  C:\Users\Albert\AppData\Local\Temp\ccXJUJ7V.s 			page 11


 385 003d 06       		.uleb128 0x6
 386 003e 13       		.uleb128 0x13
 387 003f 01       		.byte	0x1
 388 0040 03       		.uleb128 0x3
 389 0041 0E       		.uleb128 0xe
 390 0042 0B       		.uleb128 0xb
 391 0043 0B       		.uleb128 0xb
 392 0044 3A       		.uleb128 0x3a
 393 0045 0B       		.uleb128 0xb
 394 0046 3B       		.uleb128 0x3b
 395 0047 0B       		.uleb128 0xb
 396 0048 01       		.uleb128 0x1
 397 0049 13       		.uleb128 0x13
 398 004a 00       		.byte	0
 399 004b 00       		.byte	0
 400 004c 07       		.uleb128 0x7
 401 004d 0D       		.uleb128 0xd
 402 004e 00       		.byte	0
 403 004f 03       		.uleb128 0x3
 404 0050 0E       		.uleb128 0xe
 405 0051 3A       		.uleb128 0x3a
 406 0052 0B       		.uleb128 0xb
 407 0053 3B       		.uleb128 0x3b
 408 0054 0B       		.uleb128 0xb
 409 0055 49       		.uleb128 0x49
 410 0056 13       		.uleb128 0x13
 411 0057 38       		.uleb128 0x38
 412 0058 0B       		.uleb128 0xb
 413 0059 00       		.byte	0
 414 005a 00       		.byte	0
 415 005b 08       		.uleb128 0x8
 416 005c 16       		.uleb128 0x16
 417 005d 00       		.byte	0
 418 005e 03       		.uleb128 0x3
 419 005f 0E       		.uleb128 0xe
 420 0060 3A       		.uleb128 0x3a
 421 0061 0B       		.uleb128 0xb
 422 0062 3B       		.uleb128 0x3b
 423 0063 0B       		.uleb128 0xb
 424 0064 49       		.uleb128 0x49
 425 0065 13       		.uleb128 0x13
 426 0066 00       		.byte	0
 427 0067 00       		.byte	0
 428 0068 09       		.uleb128 0x9
 429 0069 2E       		.uleb128 0x2e
 430 006a 00       		.byte	0
 431 006b 3F       		.uleb128 0x3f
 432 006c 19       		.uleb128 0x19
 433 006d 03       		.uleb128 0x3
 434 006e 0E       		.uleb128 0xe
 435 006f 3A       		.uleb128 0x3a
 436 0070 0B       		.uleb128 0xb
 437 0071 3B       		.uleb128 0x3b
 438 0072 0B       		.uleb128 0xb
 439 0073 27       		.uleb128 0x27
 440 0074 19       		.uleb128 0x19
 441 0075 11       		.uleb128 0x11
ARM GAS  C:\Users\Albert\AppData\Local\Temp\ccXJUJ7V.s 			page 12


 442 0076 01       		.uleb128 0x1
 443 0077 12       		.uleb128 0x12
 444 0078 06       		.uleb128 0x6
 445 0079 40       		.uleb128 0x40
 446 007a 18       		.uleb128 0x18
 447 007b 9742     		.uleb128 0x2117
 448 007d 19       		.uleb128 0x19
 449 007e 00       		.byte	0
 450 007f 00       		.byte	0
 451 0080 0A       		.uleb128 0xa
 452 0081 2E       		.uleb128 0x2e
 453 0082 00       		.byte	0
 454 0083 3F       		.uleb128 0x3f
 455 0084 19       		.uleb128 0x19
 456 0085 03       		.uleb128 0x3
 457 0086 0E       		.uleb128 0xe
 458 0087 3A       		.uleb128 0x3a
 459 0088 0B       		.uleb128 0xb
 460 0089 3B       		.uleb128 0x3b
 461 008a 0B       		.uleb128 0xb
 462 008b 27       		.uleb128 0x27
 463 008c 19       		.uleb128 0x19
 464 008d 11       		.uleb128 0x11
 465 008e 01       		.uleb128 0x1
 466 008f 12       		.uleb128 0x12
 467 0090 06       		.uleb128 0x6
 468 0091 40       		.uleb128 0x40
 469 0092 18       		.uleb128 0x18
 470 0093 9642     		.uleb128 0x2116
 471 0095 19       		.uleb128 0x19
 472 0096 00       		.byte	0
 473 0097 00       		.byte	0
 474 0098 0B       		.uleb128 0xb
 475 0099 34       		.uleb128 0x34
 476 009a 00       		.byte	0
 477 009b 03       		.uleb128 0x3
 478 009c 0E       		.uleb128 0xe
 479 009d 3A       		.uleb128 0x3a
 480 009e 0B       		.uleb128 0xb
 481 009f 3B       		.uleb128 0x3b
 482 00a0 0B       		.uleb128 0xb
 483 00a1 49       		.uleb128 0x49
 484 00a2 13       		.uleb128 0x13
 485 00a3 02       		.uleb128 0x2
 486 00a4 18       		.uleb128 0x18
 487 00a5 00       		.byte	0
 488 00a6 00       		.byte	0
 489 00a7 00       		.byte	0
 490              		.section	.debug_aranges,"",%progbits
 491 0000 34000000 		.4byte	0x34
 492 0004 0200     		.2byte	0x2
 493 0006 00000000 		.4byte	.Ldebug_info0
 494 000a 04       		.byte	0x4
 495 000b 00       		.byte	0
 496 000c 0000     		.2byte	0
 497 000e 0000     		.2byte	0
 498 0010 00000000 		.4byte	.LFB0
ARM GAS  C:\Users\Albert\AppData\Local\Temp\ccXJUJ7V.s 			page 13


 499 0014 0C000000 		.4byte	.LFE0-.LFB0
 500 0018 00000000 		.4byte	.LFB1
 501 001c 0C000000 		.4byte	.LFE1-.LFB1
 502 0020 00000000 		.4byte	.LFB2
 503 0024 34000000 		.4byte	.LFE2-.LFB2
 504 0028 00000000 		.4byte	.LFB3
 505 002c 24000000 		.4byte	.LFE3-.LFB3
 506 0030 00000000 		.4byte	0
 507 0034 00000000 		.4byte	0
 508              		.section	.debug_ranges,"",%progbits
 509              	.Ldebug_ranges0:
 510 0000 00000000 		.4byte	.LFB0
 511 0004 0C000000 		.4byte	.LFE0
 512 0008 00000000 		.4byte	.LFB1
 513 000c 0C000000 		.4byte	.LFE1
 514 0010 00000000 		.4byte	.LFB2
 515 0014 34000000 		.4byte	.LFE2
 516 0018 00000000 		.4byte	.LFB3
 517 001c 24000000 		.4byte	.LFE3
 518 0020 00000000 		.4byte	0
 519 0024 00000000 		.4byte	0
 520              		.section	.debug_line,"",%progbits
 521              	.Ldebug_line0:
 522 0000 A3000000 		.section	.debug_str,"MS",%progbits,1
 522      02004E00 
 522      00000201 
 522      FB0E0D00 
 522      01010101 
 523              	.LASF6:
 524 0000 6C6F6E67 		.ascii	"long long int\000"
 524      206C6F6E 
 524      6720696E 
 524      7400
 525              	.LASF25:
 526 000e 55415254 		.ascii	"UART_backup\000"
 526      5F626163 
 526      6B757000 
 527              	.LASF8:
 528 001a 756E7369 		.ascii	"unsigned int\000"
 528      676E6564 
 528      20696E74 
 528      00
 529              	.LASF16:
 530 0027 55415254 		.ascii	"UART_SaveConfig\000"
 530      5F536176 
 530      65436F6E 
 530      66696700 
 531              	.LASF18:
 532 0037 55415254 		.ascii	"UART_Sleep\000"
 532      5F536C65 
 532      657000
 533              	.LASF23:
 534 0042 55415254 		.ascii	"UART_backupStruct_\000"
 534      5F626163 
 534      6B757053 
 534      74727563 
 534      745F00
ARM GAS  C:\Users\Albert\AppData\Local\Temp\ccXJUJ7V.s 			page 14


 535              	.LASF11:
 536 0055 75696E74 		.ascii	"uint8\000"
 536      3800
 537              	.LASF5:
 538 005b 6C6F6E67 		.ascii	"long unsigned int\000"
 538      20756E73 
 538      69676E65 
 538      6420696E 
 538      7400
 539              	.LASF7:
 540 006d 6C6F6E67 		.ascii	"long long unsigned int\000"
 540      206C6F6E 
 540      6720756E 
 540      7369676E 
 540      65642069 
 541              	.LASF19:
 542 0084 55415254 		.ascii	"UART_Wakeup\000"
 542      5F57616B 
 542      65757000 
 543              	.LASF20:
 544 0090 474E5520 		.ascii	"GNU C11 5.4.1 20160609 (release) [ARM/embedded-5-br"
 544      43313120 
 544      352E342E 
 544      31203230 
 544      31363036 
 545 00c3 616E6368 		.ascii	"anch revision 237715] -mcpu=cortex-m3 -mthumb -g -O"
 545      20726576 
 545      6973696F 
 545      6E203233 
 545      37373135 
 546 00f6 30202D66 		.ascii	"0 -ffunction-sections -ffat-lto-objects\000"
 546      66756E63 
 546      74696F6E 
 546      2D736563 
 546      74696F6E 
 547              	.LASF1:
 548 011e 756E7369 		.ascii	"unsigned char\000"
 548      676E6564 
 548      20636861 
 548      7200
 549              	.LASF10:
 550 012c 63686172 		.ascii	"char\000"
 550      00
 551              	.LASF22:
 552 0131 433A5C55 		.ascii	"C:\\Users\\Albert\\Documents\\6115_fp\\IWP.cydsn\000"
 552      73657273 
 552      5C416C62 
 552      6572745C 
 552      446F6375 
 553              	.LASF15:
 554 015d 55415254 		.ascii	"UART_BACKUP_STRUCT\000"
 554      5F424143 
 554      4B55505F 
 554      53545255 
 554      435400
 555              	.LASF21:
 556 0170 47656E65 		.ascii	"Generated_Source\\PSoC5\\UART_PM.c\000"
ARM GAS  C:\Users\Albert\AppData\Local\Temp\ccXJUJ7V.s 			page 15


 556      72617465 
 556      645F536F 
 556      75726365 
 556      5C50536F 
 557              	.LASF24:
 558 0191 656E6162 		.ascii	"enableState\000"
 558      6C655374 
 558      61746500 
 559              	.LASF9:
 560 019d 646F7562 		.ascii	"double\000"
 560      6C6500
 561              	.LASF4:
 562 01a4 6C6F6E67 		.ascii	"long int\000"
 562      20696E74 
 562      00
 563              	.LASF3:
 564 01ad 73686F72 		.ascii	"short unsigned int\000"
 564      7420756E 
 564      7369676E 
 564      65642069 
 564      6E7400
 565              	.LASF17:
 566 01c0 55415254 		.ascii	"UART_RestoreConfig\000"
 566      5F526573 
 566      746F7265 
 566      436F6E66 
 566      696700
 567              	.LASF13:
 568 01d3 6C6F6E67 		.ascii	"long double\000"
 568      20646F75 
 568      626C6500 
 569              	.LASF14:
 570 01df 73697A65 		.ascii	"sizetype\000"
 570      74797065 
 570      00
 571              	.LASF2:
 572 01e8 73686F72 		.ascii	"short int\000"
 572      7420696E 
 572      7400
 573              	.LASF12:
 574 01f2 72656738 		.ascii	"reg8\000"
 574      00
 575              	.LASF0:
 576 01f7 7369676E 		.ascii	"signed char\000"
 576      65642063 
 576      68617200 
 577              		.ident	"GCC: (GNU Tools for ARM Embedded Processors) 5.4.1 20160609 (release) [ARM/embedded-5-bran
