--------------- Build Started: 05/16/2018 13:20:54 Project: IWP, Configuration: ARM GCC 5.4-2016-q2-update Debug ---------------
The code generation step is up to date.
arm-none-eabi-gcc.exe -mcpu=cortex-m3 -mthumb -I. -IGenerated_Source\PSoC5 -Wa,-alh=.\CortexM3\ARM_GCC_541\Debug/main.lst -g -Wall -ffunction-sections -ffat-lto-objects -O0 -c main.c -o .\CortexM3\ARM_GCC_541\Debug\main.o
main.c:71:6: warning: return type of 'main' is not 'int' [-Wmain]
 void main()
      ^
arm-none-eabi-gcc.exe -mcpu=cortex-m3 -mthumb -I. -IGenerated_Source\PSoC5 -Wa,-alh=.\CortexM3\ARM_GCC_541\Debug/controllers.lst -g -Wall -ffunction-sections -ffat-lto-objects -O0 -c controllers.c -o .\CortexM3\ARM_GCC_541\Debug\controllers.o
controllers.c: In function 'setTorque':
controllers.c:126:11: warning: implicit declaration of function 'abs' [-Wimplicit-function-declaration]
     pwm = abs(pwm)>10?pwm:0;
           ^
arm-none-eabi-ar.exe -rs .\CortexM3\ARM_GCC_541\Debug\IWP.a .\CortexM3\ARM_GCC_541\Debug\CyDmac.o .\CortexM3\ARM_GCC_541\Debug\CyFlash.o .\CortexM3\ARM_GCC_541\Debug\CyLib.o .\CortexM3\ARM_GCC_541\Debug\cyPm.o .\CortexM3\ARM_GCC_541\Debug\CySpc.o .\CortexM3\ARM_GCC_541\Debug\cyutils.o .\CortexM3\ARM_GCC_541\Debug\LCD.o .\CortexM3\ARM_GCC_541\Debug\LCD_PM.o .\CortexM3\ARM_GCC_541\Debug\LCD_LCDPort.o .\CortexM3\ARM_GCC_541\Debug\UART.o .\CortexM3\ARM_GCC_541\Debug\UART_PM.o .\CortexM3\ARM_GCC_541\Debug\UART_INT.o .\CortexM3\ARM_GCC_541\Debug\UART_BOOT.o .\CortexM3\ARM_GCC_541\Debug\tx_int.o .\CortexM3\ARM_GCC_541\Debug\rx_int.o .\CortexM3\ARM_GCC_541\Debug\Pin_1.o .\CortexM3\ARM_GCC_541\Debug\TX.o .\CortexM3\ARM_GCC_541\Debug\Clock_1.o .\CortexM3\ARM_GCC_541\Debug\isr_1.o .\CortexM3\ARM_GCC_541\Debug\QuadDec_Motor.o .\CortexM3\ARM_GCC_541\Debug\QuadDec_Motor_PM.o .\CortexM3\ARM_GCC_541\Debug\QuadDec_Motor_INT.o .\CortexM3\ARM_GCC_541\Debug\QuadDec_Shoulder.o .\CortexM3\ARM_GCC_541\Debug\QuadDec_Shoulder_PM.o .\CortexM3\ARM_GCC_541\Debug\QuadDec_Shoulder_INT.o .\CortexM3\ARM_GCC_541\Debug\Clock_Enc_Motor.o .\CortexM3\ARM_GCC_541\Debug\ADC1_In.o .\CortexM3\ARM_GCC_541\Debug\Motor_A.o .\CortexM3\ARM_GCC_541\Debug\Motor_B.o .\CortexM3\ARM_GCC_541\Debug\Shoulder_A.o .\CortexM3\ARM_GCC_541\Debug\Shoulder_B.o .\CortexM3\ARM_GCC_541\Debug\Shoulder_I.o .\CortexM3\ARM_GCC_541\Debug\UART_IntClock.o .\CortexM3\ARM_GCC_541\Debug\QuadDec_Shoulder_Cnt16.o .\CortexM3\ARM_GCC_541\Debug\QuadDec_Shoulder_Cnt16_PM.o .\CortexM3\ARM_GCC_541\Debug\ADC1.o .\CortexM3\ARM_GCC_541\Debug\ADC1_INT.o .\CortexM3\ARM_GCC_541\Debug\ADC1_PM.o .\CortexM3\ARM_GCC_541\Debug\ADC1_IRQ.o .\CortexM3\ARM_GCC_541\Debug\ADC1_theACLK.o .\CortexM3\ARM_GCC_541\Debug\ADC1_Bypass.o .\CortexM3\ARM_GCC_541\Debug\cy_em_eeprom.o .\CortexM3\ARM_GCC_541\Debug\QuadDec_Motor_Cnt16.o .\CortexM3\ARM_GCC_541\Debug\QuadDec_Motor_Cnt16_PM.o .\CortexM3\ARM_GCC_541\Debug\Clock_Enc_Shoulder.o .\CortexM3\ARM_GCC_541\Debug\Clock_2.o .\CortexM3\ARM_GCC_541\Debug\Counter_1.o .\CortexM3\ARM_GCC_541\Debug\Counter_1_PM.o .\CortexM3\ARM_GCC_541\Debug\isr_2.o .\CortexM3\ARM_GCC_541\Debug\Clock_3.o .\CortexM3\ARM_GCC_541\Debug\Clock_4.o .\CortexM3\ARM_GCC_541\Debug\QuadDec_Motor_isr.o .\CortexM3\ARM_GCC_541\Debug\QuadDec_Shoulder_isr.o .\CortexM3\ARM_GCC_541\Debug\CyBootAsmGnu.o
arm-none-eabi-ar.exe: creating .\CortexM3\ARM_GCC_541\Debug\IWP.a
arm-none-eabi-gcc.exe -Wl,--start-group -o C:\Users\Albert\Documents\6115_fp\IWP.cydsn\CortexM3\ARM_GCC_541\Debug\IWP.elf .\CortexM3\ARM_GCC_541\Debug\main.o .\CortexM3\ARM_GCC_541\Debug\adc.o .\CortexM3\ARM_GCC_541\Debug\quadDec.o .\CortexM3\ARM_GCC_541\Debug\test.o .\CortexM3\ARM_GCC_541\Debug\uartUtil.o .\CortexM3\ARM_GCC_541\Debug\mathUtility.o .\CortexM3\ARM_GCC_541\Debug\controllers.o .\CortexM3\ARM_GCC_541\Debug\sensorStructs.o .\CortexM3\ARM_GCC_541\Debug\cyfitter_cfg.o .\CortexM3\ARM_GCC_541\Debug\Cm3Start.o .\CortexM3\ARM_GCC_541\Debug\cymetadata.o .\CortexM3\ARM_GCC_541\Debug\IWP.a "C:\Program Files (x86)\Cypress\PSoC Creator\4.2\PSoC Creator\psoc\content\cycomponentlibrary\CyComponentLibrary.cylib\CortexM3\ARM_GCC_541\Debug\CyComponentLibrary.a" -mcpu=cortex-m3 -mthumb -l m -L Generated_Source\PSoC5 -Wl,-Map,.\CortexM3\ARM_GCC_541\Debug/IWP.map -T Generated_Source\PSoC5\cm3gcc.ld -specs=nano.specs -Wl,--gc-sections -g -ffunction-sections -O0 -ffat-lto-objects -Wl,--end-group
cyelftool.exe -C C:\Users\Albert\Documents\6115_fp\IWP.cydsn\CortexM3\ARM_GCC_541\Debug\IWP.elf --flash_row_size 256 --flash_size 262144 --flash_offset 0x00000000
No ELF section .cychecksum found, creating one
Application checksum calculated and stored in ELF section .cychecksum
Checksum calculated and stored in ELF section .cymeta
cyelftool.exe -S C:\Users\Albert\Documents\6115_fp\IWP.cydsn\CortexM3\ARM_GCC_541\Debug\IWP.elf
Flash used: 26526 of 262144 bytes (10.1 %).
SRAM used: 21333 of 65536 bytes (32.6 %). Stack: 16384 bytes. Heap: 4096 bytes.
--------------- Build Succeeded: 05/16/2018 13:20:55 ---------------
