ARM GAS  C:\Users\student\AppData\Local\Temp\ccg7iJxV.s 			page 1


   1              		.syntax unified
   2              		.cpu cortex-m3
   3              		.fpu softvfp
   4              		.eabi_attribute 20, 1
   5              		.eabi_attribute 21, 1
   6              		.eabi_attribute 23, 3
   7              		.eabi_attribute 24, 1
   8              		.eabi_attribute 25, 1
   9              		.eabi_attribute 26, 1
  10              		.eabi_attribute 30, 6
  11              		.eabi_attribute 34, 1
  12              		.eabi_attribute 18, 4
  13              		.thumb
  14              		.file	"main.c"
  15              		.text
  16              	.Ltext0:
  17              		.cfi_sections	.debug_frame
  18              		.section	.text.RX_INT,"ax",%progbits
  19              		.align	2
  20              		.global	RX_INT
  21              		.thumb
  22              		.thumb_func
  23              		.type	RX_INT, %function
  24              	RX_INT:
  25              	.LFB63:
  26              		.file 1 ".\\main.c"
   1:.\main.c      **** /* ========================================
   2:.\main.c      ****  *
   3:.\main.c      ****  * Copyright Albert Wu, 2018
   4:.\main.c      ****  * All Rights Reserved
   5:.\main.c      ****  * UNPUBLISHED, LICENSED SOFTWARE.
   6:.\main.c      ****  *
   7:.\main.c      ****  * CONFIDENTIAL AND PROPRIETARY INFORMATION
   8:.\main.c      ****  * WHICH IS THE PROPERTY OF MIT 6.115.
   9:.\main.c      ****  *
  10:.\main.c      ****  * This file is necessary for your project to build.
  11:.\main.c      ****  * Please do not delete it.
  12:.\main.c      ****  *
  13:.\main.c      ****  * ========================================
  14:.\main.c      **** */
  15:.\main.c      **** #define TEST
  16:.\main.c      **** 
  17:.\main.c      **** #include <device.h>
  18:.\main.c      **** #include "adc.h"
  19:.\main.c      **** #ifdef TEST
  20:.\main.c      ****     #include "test.h"
  21:.\main.c      **** #endif
  22:.\main.c      **** 
  23:.\main.c      **** CY_ISR(RX_INT)
  24:.\main.c      **** {
  27              		.loc 1 24 0
  28              		.cfi_startproc
  29              		@ args = 0, pretend = 0, frame = 0
  30              		@ frame_needed = 1, uses_anonymous_args = 0
  31 0000 80B5     		push	{r7, lr}
  32              		.cfi_def_cfa_offset 8
  33              		.cfi_offset 7, -8
ARM GAS  C:\Users\student\AppData\Local\Temp\ccg7iJxV.s 			page 2


  34              		.cfi_offset 14, -4
  35 0002 00AF     		add	r7, sp, #0
  36              		.cfi_def_cfa_register 7
  25:.\main.c      ****     LCD_PutChar(UART_ReadRxData());     // RX ISR
  37              		.loc 1 25 0
  38 0004 FFF7FEFF 		bl	UART_ReadRxData
  39 0008 0346     		mov	r3, r0
  40 000a 1846     		mov	r0, r3
  41 000c FFF7FEFF 		bl	LCD_PutChar
  26:.\main.c      **** }
  42              		.loc 1 26 0
  43 0010 80BD     		pop	{r7, pc}
  44              		.cfi_endproc
  45              	.LFE63:
  46              		.size	RX_INT, .-RX_INT
  47 0012 00BF     		.section	.text.main,"ax",%progbits
  48              		.align	2
  49              		.global	main
  50              		.thumb
  51              		.thumb_func
  52              		.type	main, %function
  53              	main:
  54              	.LFB64:
  27:.\main.c      **** 
  28:.\main.c      **** void main()
  29:.\main.c      **** {	
  55              		.loc 1 29 0
  56              		.cfi_startproc
  57              		@ args = 0, pretend = 0, frame = 8
  58              		@ frame_needed = 1, uses_anonymous_args = 0
  59 0000 80B5     		push	{r7, lr}
  60              		.cfi_def_cfa_offset 8
  61              		.cfi_offset 7, -8
  62              		.cfi_offset 14, -4
  63 0002 82B0     		sub	sp, sp, #8
  64              		.cfi_def_cfa_offset 16
  65 0004 00AF     		add	r7, sp, #0
  66              		.cfi_def_cfa_register 7
  30:.\main.c      ****     #ifdef TEST
  31:.\main.c      ****         //sensor testing mode
  32:.\main.c      ****         //initialize sensors
  33:.\main.c      ****         LCD_Start();					    // initialize lcd
  67              		.loc 1 33 0
  68 0006 FFF7FEFF 		bl	LCD_Start
  34:.\main.c      ****     	LCD_ClearDisplay();
  69              		.loc 1 34 0
  70 000a 0120     		movs	r0, #1
  71 000c FFF7FEFF 		bl	LCD_WriteControl
  35:.\main.c      ****         initADC();
  72              		.loc 1 35 0
  73 0010 FFF7FEFF 		bl	initADC
  36:.\main.c      ****         initQuadDec();
  74              		.loc 1 36 0
  75 0014 FFF7FEFF 		bl	initQuadDec
  37:.\main.c      ****         
  38:.\main.c      ****         int pause = 2000;
  76              		.loc 1 38 0
ARM GAS  C:\Users\student\AppData\Local\Temp\ccg7iJxV.s 			page 3


  77 0018 4FF4FA63 		mov	r3, #2000
  78 001c 7B60     		str	r3, [r7, #4]
  79              	.L3:
  39:.\main.c      ****         while(1)
  40:.\main.c      ****         {
  41:.\main.c      ****             testMotorDec();
  80              		.loc 1 41 0 discriminator 1
  81 001e FFF7FEFF 		bl	testMotorDec
  42:.\main.c      ****             CyDelay(pause);
  82              		.loc 1 42 0 discriminator 1
  83 0022 7B68     		ldr	r3, [r7, #4]
  84 0024 1846     		mov	r0, r3
  85 0026 FFF7FEFF 		bl	CyDelay
  43:.\main.c      ****             testShoulderDec();
  86              		.loc 1 43 0 discriminator 1
  87 002a FFF7FEFF 		bl	testShoulderDec
  44:.\main.c      ****             CyDelay(pause);
  88              		.loc 1 44 0 discriminator 1
  89 002e 7B68     		ldr	r3, [r7, #4]
  90 0030 1846     		mov	r0, r3
  91 0032 FFF7FEFF 		bl	CyDelay
  45:.\main.c      ****             testADC(1);
  92              		.loc 1 45 0 discriminator 1
  93 0036 0120     		movs	r0, #1
  94 0038 FFF7FEFF 		bl	testADC
  46:.\main.c      ****             CyDelay(pause);
  95              		.loc 1 46 0 discriminator 1
  96 003c 7B68     		ldr	r3, [r7, #4]
  97 003e 1846     		mov	r0, r3
  98 0040 FFF7FEFF 		bl	CyDelay
  47:.\main.c      ****             testADC(2);
  99              		.loc 1 47 0 discriminator 1
 100 0044 0220     		movs	r0, #2
 101 0046 FFF7FEFF 		bl	testADC
  48:.\main.c      ****             CyDelay(pause);
 102              		.loc 1 48 0 discriminator 1
 103 004a 7B68     		ldr	r3, [r7, #4]
 104 004c 1846     		mov	r0, r3
 105 004e FFF7FEFF 		bl	CyDelay
  49:.\main.c      ****         }
 106              		.loc 1 49 0 discriminator 1
 107 0052 E4E7     		b	.L3
 108              		.cfi_endproc
 109              	.LFE64:
 110              		.size	main, .-main
 111              		.text
 112              	.Letext0:
 113              		.file 2 "c:\\program files (x86)\\cypress\\psoc creator\\3.3\\psoc creator\\import\\gnu\\arm\\4.9.
 114              		.file 3 "c:\\program files (x86)\\cypress\\psoc creator\\3.3\\psoc creator\\import\\gnu\\arm\\4.9.
 115              		.file 4 "Generated_Source\\PSoC5/core_cm3.h"
 116              		.section	.debug_info,"",%progbits
 117              	.Ldebug_info0:
 118 0000 F1000000 		.4byte	0xf1
 119 0004 0400     		.2byte	0x4
 120 0006 00000000 		.4byte	.Ldebug_abbrev0
 121 000a 04       		.byte	0x4
 122 000b 01       		.uleb128 0x1
ARM GAS  C:\Users\student\AppData\Local\Temp\ccg7iJxV.s 			page 4


 123 000c 91000000 		.4byte	.LASF15
 124 0010 01       		.byte	0x1
 125 0011 1F010000 		.4byte	.LASF16
 126 0015 58010000 		.4byte	.LASF17
 127 0019 00000000 		.4byte	.Ldebug_ranges0+0
 128 001d 00000000 		.4byte	0
 129 0021 00000000 		.4byte	.Ldebug_line0
 130 0025 02       		.uleb128 0x2
 131 0026 01       		.byte	0x1
 132 0027 06       		.byte	0x6
 133 0028 3C010000 		.4byte	.LASF0
 134 002c 02       		.uleb128 0x2
 135 002d 01       		.byte	0x1
 136 002e 08       		.byte	0x8
 137 002f 75000000 		.4byte	.LASF1
 138 0033 02       		.uleb128 0x2
 139 0034 02       		.byte	0x2
 140 0035 05       		.byte	0x5
 141 0036 83010000 		.4byte	.LASF2
 142 003a 02       		.uleb128 0x2
 143 003b 02       		.byte	0x2
 144 003c 07       		.byte	0x7
 145 003d 0E000000 		.4byte	.LASF3
 146 0041 03       		.uleb128 0x3
 147 0042 48010000 		.4byte	.LASF9
 148 0046 02       		.byte	0x2
 149 0047 3F       		.byte	0x3f
 150 0048 4C000000 		.4byte	0x4c
 151 004c 02       		.uleb128 0x2
 152 004d 04       		.byte	0x4
 153 004e 05       		.byte	0x5
 154 004f 88000000 		.4byte	.LASF4
 155 0053 02       		.uleb128 0x2
 156 0054 04       		.byte	0x4
 157 0055 07       		.byte	0x7
 158 0056 46000000 		.4byte	.LASF5
 159 005a 02       		.uleb128 0x2
 160 005b 08       		.byte	0x8
 161 005c 05       		.byte	0x5
 162 005d 00000000 		.4byte	.LASF6
 163 0061 02       		.uleb128 0x2
 164 0062 08       		.byte	0x8
 165 0063 07       		.byte	0x7
 166 0064 58000000 		.4byte	.LASF7
 167 0068 04       		.uleb128 0x4
 168 0069 04       		.byte	0x4
 169 006a 05       		.byte	0x5
 170 006b 696E7400 		.ascii	"int\000"
 171 006f 02       		.uleb128 0x2
 172 0070 04       		.byte	0x4
 173 0071 07       		.byte	0x7
 174 0072 21000000 		.4byte	.LASF8
 175 0076 03       		.uleb128 0x3
 176 0077 8D010000 		.4byte	.LASF10
 177 007b 03       		.byte	0x3
 178 007c 2C       		.byte	0x2c
 179 007d 41000000 		.4byte	0x41
ARM GAS  C:\Users\student\AppData\Local\Temp\ccg7iJxV.s 			page 5


 180 0081 02       		.uleb128 0x2
 181 0082 04       		.byte	0x4
 182 0083 04       		.byte	0x4
 183 0084 52010000 		.4byte	.LASF11
 184 0088 02       		.uleb128 0x2
 185 0089 08       		.byte	0x8
 186 008a 04       		.byte	0x4
 187 008b 28010000 		.4byte	.LASF12
 188 008f 02       		.uleb128 0x2
 189 0090 01       		.byte	0x1
 190 0091 08       		.byte	0x8
 191 0092 83000000 		.4byte	.LASF13
 192 0096 02       		.uleb128 0x2
 193 0097 04       		.byte	0x4
 194 0098 07       		.byte	0x7
 195 0099 95010000 		.4byte	.LASF14
 196 009d 05       		.uleb128 0x5
 197 009e 33000000 		.4byte	.LASF18
 198 00a2 01       		.byte	0x1
 199 00a3 17       		.byte	0x17
 200 00a4 00000000 		.4byte	.LFB63
 201 00a8 12000000 		.4byte	.LFE63-.LFB63
 202 00ac 01       		.uleb128 0x1
 203 00ad 9C       		.byte	0x9c
 204 00ae 06       		.uleb128 0x6
 205 00af 2E000000 		.4byte	.LASF19
 206 00b3 01       		.byte	0x1
 207 00b4 1C       		.byte	0x1c
 208 00b5 00000000 		.4byte	.LFB64
 209 00b9 54000000 		.4byte	.LFE64-.LFB64
 210 00bd 01       		.uleb128 0x1
 211 00be 9C       		.byte	0x9c
 212 00bf E3000000 		.4byte	0xe3
 213 00c3 07       		.uleb128 0x7
 214 00c4 3A000000 		.4byte	.LASF20
 215 00c8 01       		.byte	0x1
 216 00c9 24       		.byte	0x24
 217 00ca 68000000 		.4byte	0x68
 218 00ce D4000000 		.4byte	0xd4
 219 00d2 08       		.uleb128 0x8
 220 00d3 00       		.byte	0
 221 00d4 09       		.uleb128 0x9
 222 00d5 6F000000 		.4byte	.LASF21
 223 00d9 01       		.byte	0x1
 224 00da 26       		.byte	0x26
 225 00db 68000000 		.4byte	0x68
 226 00df 02       		.uleb128 0x2
 227 00e0 91       		.byte	0x91
 228 00e1 74       		.sleb128 -12
 229 00e2 00       		.byte	0
 230 00e3 0A       		.uleb128 0xa
 231 00e4 2F010000 		.4byte	.LASF22
 232 00e8 04       		.byte	0x4
 233 00e9 9606     		.2byte	0x696
 234 00eb EF000000 		.4byte	0xef
 235 00ef 0B       		.uleb128 0xb
 236 00f0 76000000 		.4byte	0x76
ARM GAS  C:\Users\student\AppData\Local\Temp\ccg7iJxV.s 			page 6


 237 00f4 00       		.byte	0
 238              		.section	.debug_abbrev,"",%progbits
 239              	.Ldebug_abbrev0:
 240 0000 01       		.uleb128 0x1
 241 0001 11       		.uleb128 0x11
 242 0002 01       		.byte	0x1
 243 0003 25       		.uleb128 0x25
 244 0004 0E       		.uleb128 0xe
 245 0005 13       		.uleb128 0x13
 246 0006 0B       		.uleb128 0xb
 247 0007 03       		.uleb128 0x3
 248 0008 0E       		.uleb128 0xe
 249 0009 1B       		.uleb128 0x1b
 250 000a 0E       		.uleb128 0xe
 251 000b 55       		.uleb128 0x55
 252 000c 17       		.uleb128 0x17
 253 000d 11       		.uleb128 0x11
 254 000e 01       		.uleb128 0x1
 255 000f 10       		.uleb128 0x10
 256 0010 17       		.uleb128 0x17
 257 0011 00       		.byte	0
 258 0012 00       		.byte	0
 259 0013 02       		.uleb128 0x2
 260 0014 24       		.uleb128 0x24
 261 0015 00       		.byte	0
 262 0016 0B       		.uleb128 0xb
 263 0017 0B       		.uleb128 0xb
 264 0018 3E       		.uleb128 0x3e
 265 0019 0B       		.uleb128 0xb
 266 001a 03       		.uleb128 0x3
 267 001b 0E       		.uleb128 0xe
 268 001c 00       		.byte	0
 269 001d 00       		.byte	0
 270 001e 03       		.uleb128 0x3
 271 001f 16       		.uleb128 0x16
 272 0020 00       		.byte	0
 273 0021 03       		.uleb128 0x3
 274 0022 0E       		.uleb128 0xe
 275 0023 3A       		.uleb128 0x3a
 276 0024 0B       		.uleb128 0xb
 277 0025 3B       		.uleb128 0x3b
 278 0026 0B       		.uleb128 0xb
 279 0027 49       		.uleb128 0x49
 280 0028 13       		.uleb128 0x13
 281 0029 00       		.byte	0
 282 002a 00       		.byte	0
 283 002b 04       		.uleb128 0x4
 284 002c 24       		.uleb128 0x24
 285 002d 00       		.byte	0
 286 002e 0B       		.uleb128 0xb
 287 002f 0B       		.uleb128 0xb
 288 0030 3E       		.uleb128 0x3e
 289 0031 0B       		.uleb128 0xb
 290 0032 03       		.uleb128 0x3
 291 0033 08       		.uleb128 0x8
 292 0034 00       		.byte	0
 293 0035 00       		.byte	0
ARM GAS  C:\Users\student\AppData\Local\Temp\ccg7iJxV.s 			page 7


 294 0036 05       		.uleb128 0x5
 295 0037 2E       		.uleb128 0x2e
 296 0038 00       		.byte	0
 297 0039 3F       		.uleb128 0x3f
 298 003a 19       		.uleb128 0x19
 299 003b 03       		.uleb128 0x3
 300 003c 0E       		.uleb128 0xe
 301 003d 3A       		.uleb128 0x3a
 302 003e 0B       		.uleb128 0xb
 303 003f 3B       		.uleb128 0x3b
 304 0040 0B       		.uleb128 0xb
 305 0041 27       		.uleb128 0x27
 306 0042 19       		.uleb128 0x19
 307 0043 11       		.uleb128 0x11
 308 0044 01       		.uleb128 0x1
 309 0045 12       		.uleb128 0x12
 310 0046 06       		.uleb128 0x6
 311 0047 40       		.uleb128 0x40
 312 0048 18       		.uleb128 0x18
 313 0049 9642     		.uleb128 0x2116
 314 004b 19       		.uleb128 0x19
 315 004c 00       		.byte	0
 316 004d 00       		.byte	0
 317 004e 06       		.uleb128 0x6
 318 004f 2E       		.uleb128 0x2e
 319 0050 01       		.byte	0x1
 320 0051 3F       		.uleb128 0x3f
 321 0052 19       		.uleb128 0x19
 322 0053 03       		.uleb128 0x3
 323 0054 0E       		.uleb128 0xe
 324 0055 3A       		.uleb128 0x3a
 325 0056 0B       		.uleb128 0xb
 326 0057 3B       		.uleb128 0x3b
 327 0058 0B       		.uleb128 0xb
 328 0059 11       		.uleb128 0x11
 329 005a 01       		.uleb128 0x1
 330 005b 12       		.uleb128 0x12
 331 005c 06       		.uleb128 0x6
 332 005d 40       		.uleb128 0x40
 333 005e 18       		.uleb128 0x18
 334 005f 9642     		.uleb128 0x2116
 335 0061 19       		.uleb128 0x19
 336 0062 01       		.uleb128 0x1
 337 0063 13       		.uleb128 0x13
 338 0064 00       		.byte	0
 339 0065 00       		.byte	0
 340 0066 07       		.uleb128 0x7
 341 0067 2E       		.uleb128 0x2e
 342 0068 01       		.byte	0x1
 343 0069 3F       		.uleb128 0x3f
 344 006a 19       		.uleb128 0x19
 345 006b 03       		.uleb128 0x3
 346 006c 0E       		.uleb128 0xe
 347 006d 3A       		.uleb128 0x3a
 348 006e 0B       		.uleb128 0xb
 349 006f 3B       		.uleb128 0x3b
 350 0070 0B       		.uleb128 0xb
ARM GAS  C:\Users\student\AppData\Local\Temp\ccg7iJxV.s 			page 8


 351 0071 49       		.uleb128 0x49
 352 0072 13       		.uleb128 0x13
 353 0073 3C       		.uleb128 0x3c
 354 0074 19       		.uleb128 0x19
 355 0075 01       		.uleb128 0x1
 356 0076 13       		.uleb128 0x13
 357 0077 00       		.byte	0
 358 0078 00       		.byte	0
 359 0079 08       		.uleb128 0x8
 360 007a 18       		.uleb128 0x18
 361 007b 00       		.byte	0
 362 007c 00       		.byte	0
 363 007d 00       		.byte	0
 364 007e 09       		.uleb128 0x9
 365 007f 34       		.uleb128 0x34
 366 0080 00       		.byte	0
 367 0081 03       		.uleb128 0x3
 368 0082 0E       		.uleb128 0xe
 369 0083 3A       		.uleb128 0x3a
 370 0084 0B       		.uleb128 0xb
 371 0085 3B       		.uleb128 0x3b
 372 0086 0B       		.uleb128 0xb
 373 0087 49       		.uleb128 0x49
 374 0088 13       		.uleb128 0x13
 375 0089 02       		.uleb128 0x2
 376 008a 18       		.uleb128 0x18
 377 008b 00       		.byte	0
 378 008c 00       		.byte	0
 379 008d 0A       		.uleb128 0xa
 380 008e 34       		.uleb128 0x34
 381 008f 00       		.byte	0
 382 0090 03       		.uleb128 0x3
 383 0091 0E       		.uleb128 0xe
 384 0092 3A       		.uleb128 0x3a
 385 0093 0B       		.uleb128 0xb
 386 0094 3B       		.uleb128 0x3b
 387 0095 05       		.uleb128 0x5
 388 0096 49       		.uleb128 0x49
 389 0097 13       		.uleb128 0x13
 390 0098 3F       		.uleb128 0x3f
 391 0099 19       		.uleb128 0x19
 392 009a 3C       		.uleb128 0x3c
 393 009b 19       		.uleb128 0x19
 394 009c 00       		.byte	0
 395 009d 00       		.byte	0
 396 009e 0B       		.uleb128 0xb
 397 009f 35       		.uleb128 0x35
 398 00a0 00       		.byte	0
 399 00a1 49       		.uleb128 0x49
 400 00a2 13       		.uleb128 0x13
 401 00a3 00       		.byte	0
 402 00a4 00       		.byte	0
 403 00a5 00       		.byte	0
 404              		.section	.debug_aranges,"",%progbits
 405 0000 24000000 		.4byte	0x24
 406 0004 0200     		.2byte	0x2
 407 0006 00000000 		.4byte	.Ldebug_info0
ARM GAS  C:\Users\student\AppData\Local\Temp\ccg7iJxV.s 			page 9


 408 000a 04       		.byte	0x4
 409 000b 00       		.byte	0
 410 000c 0000     		.2byte	0
 411 000e 0000     		.2byte	0
 412 0010 00000000 		.4byte	.LFB63
 413 0014 12000000 		.4byte	.LFE63-.LFB63
 414 0018 00000000 		.4byte	.LFB64
 415 001c 54000000 		.4byte	.LFE64-.LFB64
 416 0020 00000000 		.4byte	0
 417 0024 00000000 		.4byte	0
 418              		.section	.debug_ranges,"",%progbits
 419              	.Ldebug_ranges0:
 420 0000 00000000 		.4byte	.LFB63
 421 0004 12000000 		.4byte	.LFE63
 422 0008 00000000 		.4byte	.LFB64
 423 000c 54000000 		.4byte	.LFE64
 424 0010 00000000 		.4byte	0
 425 0014 00000000 		.4byte	0
 426              		.section	.debug_line,"",%progbits
 427              	.Ldebug_line0:
 428 0000 94010000 		.section	.debug_str,"MS",%progbits,1
 428      02003C01 
 428      00000201 
 428      FB0E0D00 
 428      01010101 
 429              	.LASF6:
 430 0000 6C6F6E67 		.ascii	"long long int\000"
 430      206C6F6E 
 430      6720696E 
 430      7400
 431              	.LASF3:
 432 000e 73686F72 		.ascii	"short unsigned int\000"
 432      7420756E 
 432      7369676E 
 432      65642069 
 432      6E7400
 433              	.LASF8:
 434 0021 756E7369 		.ascii	"unsigned int\000"
 434      676E6564 
 434      20696E74 
 434      00
 435              	.LASF19:
 436 002e 6D61696E 		.ascii	"main\000"
 436      00
 437              	.LASF18:
 438 0033 52585F49 		.ascii	"RX_INT\000"
 438      4E5400
 439              	.LASF20:
 440 003a 696E6974 		.ascii	"initQuadDec\000"
 440      51756164 
 440      44656300 
 441              	.LASF5:
 442 0046 6C6F6E67 		.ascii	"long unsigned int\000"
 442      20756E73 
 442      69676E65 
 442      6420696E 
 442      7400
ARM GAS  C:\Users\student\AppData\Local\Temp\ccg7iJxV.s 			page 10


 443              	.LASF7:
 444 0058 6C6F6E67 		.ascii	"long long unsigned int\000"
 444      206C6F6E 
 444      6720756E 
 444      7369676E 
 444      65642069 
 445              	.LASF21:
 446 006f 70617573 		.ascii	"pause\000"
 446      6500
 447              	.LASF1:
 448 0075 756E7369 		.ascii	"unsigned char\000"
 448      676E6564 
 448      20636861 
 448      7200
 449              	.LASF13:
 450 0083 63686172 		.ascii	"char\000"
 450      00
 451              	.LASF4:
 452 0088 6C6F6E67 		.ascii	"long int\000"
 452      20696E74 
 452      00
 453              	.LASF15:
 454 0091 474E5520 		.ascii	"GNU C 4.9.3 20150303 (release) [ARM/embedded-4_9-br"
 454      4320342E 
 454      392E3320 
 454      32303135 
 454      30333033 
 455 00c4 616E6368 		.ascii	"anch revision 221220] -mcpu=cortex-m3 -mthumb -g -O"
 455      20726576 
 455      6973696F 
 455      6E203232 
 455      31323230 
 456 00f7 30202D66 		.ascii	"0 -ffunction-sections -ffat-lto-objects\000"
 456      66756E63 
 456      74696F6E 
 456      2D736563 
 456      74696F6E 
 457              	.LASF16:
 458 011f 2E5C6D61 		.ascii	".\\main.c\000"
 458      696E2E63 
 458      00
 459              	.LASF12:
 460 0128 646F7562 		.ascii	"double\000"
 460      6C6500
 461              	.LASF22:
 462 012f 49544D5F 		.ascii	"ITM_RxBuffer\000"
 462      52784275 
 462      66666572 
 462      00
 463              	.LASF0:
 464 013c 7369676E 		.ascii	"signed char\000"
 464      65642063 
 464      68617200 
 465              	.LASF9:
 466 0148 5F5F696E 		.ascii	"__int32_t\000"
 466      7433325F 
 466      7400
ARM GAS  C:\Users\student\AppData\Local\Temp\ccg7iJxV.s 			page 11


 467              	.LASF11:
 468 0152 666C6F61 		.ascii	"float\000"
 468      7400
 469              	.LASF17:
 470 0158 433A5C55 		.ascii	"C:\\Users\\student\\Desktop\\6115_fp\\IWP.cydsn\000"
 470      73657273 
 470      5C737475 
 470      64656E74 
 470      5C446573 
 471              	.LASF2:
 472 0183 73686F72 		.ascii	"short int\000"
 472      7420696E 
 472      7400
 473              	.LASF10:
 474 018d 696E7433 		.ascii	"int32_t\000"
 474      325F7400 
 475              	.LASF14:
 476 0195 73697A65 		.ascii	"sizetype\000"
 476      74797065 
 476      00
 477              		.ident	"GCC: (GNU Tools for ARM Embedded Processors) 4.9.3 20150303 (release) [ARM/embedded-4_9-br
