ARM GAS  C:\Users\student\AppData\Local\Temp\ccgeI1Z4.s 			page 1


   1              		.syntax unified
   2              		.cpu cortex-m3
   3              		.fpu softvfp
   4              		.eabi_attribute 20, 1
   5              		.eabi_attribute 21, 1
   6              		.eabi_attribute 23, 3
   7              		.eabi_attribute 24, 1
   8              		.eabi_attribute 25, 1
   9              		.eabi_attribute 26, 1
  10              		.eabi_attribute 30, 6
  11              		.eabi_attribute 34, 1
  12              		.eabi_attribute 18, 4
  13              		.thumb
  14              		.file	"QuadDec_Motor.c"
  15              		.text
  16              	.Ltext0:
  17              		.cfi_sections	.debug_frame
  18              		.global	QuadDec_Motor_initVar
  19              		.bss
  20              		.type	QuadDec_Motor_initVar, %object
  21              		.size	QuadDec_Motor_initVar, 1
  22              	QuadDec_Motor_initVar:
  23 0000 00       		.space	1
  24              		.section	.text.QuadDec_Motor_Init,"ax",%progbits
  25              		.align	2
  26              		.global	QuadDec_Motor_Init
  27              		.thumb
  28              		.thumb_func
  29              		.type	QuadDec_Motor_Init, %function
  30              	QuadDec_Motor_Init:
  31              	.LFB0:
  32              		.file 1 ".\\Generated_Source\\PSoC5\\QuadDec_Motor.c"
   1:.\Generated_Source\PSoC5/QuadDec_Motor.c **** /*******************************************************************************
   2:.\Generated_Source\PSoC5/QuadDec_Motor.c **** * File Name: QuadDec_Motor.c  
   3:.\Generated_Source\PSoC5/QuadDec_Motor.c **** * Version 3.0
   4:.\Generated_Source\PSoC5/QuadDec_Motor.c **** *
   5:.\Generated_Source\PSoC5/QuadDec_Motor.c **** * Description:
   6:.\Generated_Source\PSoC5/QuadDec_Motor.c **** *  This file provides the source code to the API for the Quadrature Decoder
   7:.\Generated_Source\PSoC5/QuadDec_Motor.c **** *  component.
   8:.\Generated_Source\PSoC5/QuadDec_Motor.c **** *
   9:.\Generated_Source\PSoC5/QuadDec_Motor.c **** * Note:
  10:.\Generated_Source\PSoC5/QuadDec_Motor.c **** *  None.
  11:.\Generated_Source\PSoC5/QuadDec_Motor.c **** *   
  12:.\Generated_Source\PSoC5/QuadDec_Motor.c **** ********************************************************************************
  13:.\Generated_Source\PSoC5/QuadDec_Motor.c **** * Copyright 2008-2014, Cypress Semiconductor Corporation.  All rights reserved.
  14:.\Generated_Source\PSoC5/QuadDec_Motor.c **** * You may use this file only in accordance with the license, terms, conditions, 
  15:.\Generated_Source\PSoC5/QuadDec_Motor.c **** * disclaimers, and limitations in the end user license agreement accompanying 
  16:.\Generated_Source\PSoC5/QuadDec_Motor.c **** * the software package with which this file was provided.
  17:.\Generated_Source\PSoC5/QuadDec_Motor.c **** *******************************************************************************/
  18:.\Generated_Source\PSoC5/QuadDec_Motor.c **** 
  19:.\Generated_Source\PSoC5/QuadDec_Motor.c **** #include "QuadDec_Motor.h"
  20:.\Generated_Source\PSoC5/QuadDec_Motor.c **** 
  21:.\Generated_Source\PSoC5/QuadDec_Motor.c **** #if (QuadDec_Motor_COUNTER_SIZE == QuadDec_Motor_COUNTER_SIZE_32_BIT)
  22:.\Generated_Source\PSoC5/QuadDec_Motor.c ****     #include "QuadDec_Motor_PVT.h"
  23:.\Generated_Source\PSoC5/QuadDec_Motor.c **** #endif /* QuadDec_Motor_COUNTER_SIZE == QuadDec_Motor_COUNTER_SIZE_32_BIT */
  24:.\Generated_Source\PSoC5/QuadDec_Motor.c **** 
  25:.\Generated_Source\PSoC5/QuadDec_Motor.c **** uint8 QuadDec_Motor_initVar = 0u;
ARM GAS  C:\Users\student\AppData\Local\Temp\ccgeI1Z4.s 			page 2


  26:.\Generated_Source\PSoC5/QuadDec_Motor.c **** 
  27:.\Generated_Source\PSoC5/QuadDec_Motor.c **** 
  28:.\Generated_Source\PSoC5/QuadDec_Motor.c **** /*******************************************************************************
  29:.\Generated_Source\PSoC5/QuadDec_Motor.c **** * Function Name: QuadDec_Motor_Init
  30:.\Generated_Source\PSoC5/QuadDec_Motor.c **** ********************************************************************************
  31:.\Generated_Source\PSoC5/QuadDec_Motor.c **** *
  32:.\Generated_Source\PSoC5/QuadDec_Motor.c **** * Summary:
  33:.\Generated_Source\PSoC5/QuadDec_Motor.c **** *  Inits/Restores default QuadDec configuration provided with customizer.
  34:.\Generated_Source\PSoC5/QuadDec_Motor.c **** *
  35:.\Generated_Source\PSoC5/QuadDec_Motor.c **** * Parameters:
  36:.\Generated_Source\PSoC5/QuadDec_Motor.c **** *  None.
  37:.\Generated_Source\PSoC5/QuadDec_Motor.c **** *
  38:.\Generated_Source\PSoC5/QuadDec_Motor.c **** * Return:
  39:.\Generated_Source\PSoC5/QuadDec_Motor.c **** *  None.
  40:.\Generated_Source\PSoC5/QuadDec_Motor.c **** *
  41:.\Generated_Source\PSoC5/QuadDec_Motor.c **** *******************************************************************************/
  42:.\Generated_Source\PSoC5/QuadDec_Motor.c **** void QuadDec_Motor_Init(void) 
  43:.\Generated_Source\PSoC5/QuadDec_Motor.c **** {
  33              		.loc 1 43 0
  34              		.cfi_startproc
  35              		@ args = 0, pretend = 0, frame = 0
  36              		@ frame_needed = 1, uses_anonymous_args = 0
  37              		@ link register save eliminated.
  38 0000 80B4     		push	{r7}
  39              		.cfi_def_cfa_offset 4
  40              		.cfi_offset 7, -4
  41 0002 00AF     		add	r7, sp, #0
  42              		.cfi_def_cfa_register 7
  44:.\Generated_Source\PSoC5/QuadDec_Motor.c ****     #if (QuadDec_Motor_COUNTER_SIZE == QuadDec_Motor_COUNTER_SIZE_32_BIT)
  45:.\Generated_Source\PSoC5/QuadDec_Motor.c ****         /* Disable Interrupt. */
  46:.\Generated_Source\PSoC5/QuadDec_Motor.c ****         CyIntDisable(QuadDec_Motor_ISR_NUMBER);
  47:.\Generated_Source\PSoC5/QuadDec_Motor.c ****         /* Set the ISR to point to the QuadDec_Motor_isr Interrupt. */
  48:.\Generated_Source\PSoC5/QuadDec_Motor.c ****         (void) CyIntSetVector(QuadDec_Motor_ISR_NUMBER, & QuadDec_Motor_ISR);
  49:.\Generated_Source\PSoC5/QuadDec_Motor.c ****         /* Set the priority. */
  50:.\Generated_Source\PSoC5/QuadDec_Motor.c ****         CyIntSetPriority(QuadDec_Motor_ISR_NUMBER, QuadDec_Motor_ISR_PRIORITY);
  51:.\Generated_Source\PSoC5/QuadDec_Motor.c ****     #endif /* QuadDec_Motor_COUNTER_SIZE == QuadDec_Motor_COUNTER_SIZE_32_BIT */
  52:.\Generated_Source\PSoC5/QuadDec_Motor.c **** }
  43              		.loc 1 52 0
  44 0004 BD46     		mov	sp, r7
  45              		.cfi_def_cfa_register 13
  46              		@ sp needed
  47 0006 5DF8047B 		ldr	r7, [sp], #4
  48              		.cfi_restore 7
  49              		.cfi_def_cfa_offset 0
  50 000a 7047     		bx	lr
  51              		.cfi_endproc
  52              	.LFE0:
  53              		.size	QuadDec_Motor_Init, .-QuadDec_Motor_Init
  54              		.section	.text.QuadDec_Motor_Enable,"ax",%progbits
  55              		.align	2
  56              		.global	QuadDec_Motor_Enable
  57              		.thumb
  58              		.thumb_func
  59              		.type	QuadDec_Motor_Enable, %function
  60              	QuadDec_Motor_Enable:
  61              	.LFB1:
  53:.\Generated_Source\PSoC5/QuadDec_Motor.c **** 
ARM GAS  C:\Users\student\AppData\Local\Temp\ccgeI1Z4.s 			page 3


  54:.\Generated_Source\PSoC5/QuadDec_Motor.c **** 
  55:.\Generated_Source\PSoC5/QuadDec_Motor.c **** /*******************************************************************************
  56:.\Generated_Source\PSoC5/QuadDec_Motor.c **** * Function Name: QuadDec_Motor_Enable
  57:.\Generated_Source\PSoC5/QuadDec_Motor.c **** ********************************************************************************
  58:.\Generated_Source\PSoC5/QuadDec_Motor.c **** *
  59:.\Generated_Source\PSoC5/QuadDec_Motor.c **** * Summary:
  60:.\Generated_Source\PSoC5/QuadDec_Motor.c **** *  This function enable interrupts from Component and also enable Component's
  61:.\Generated_Source\PSoC5/QuadDec_Motor.c **** *  ISR in case of 32-bit counter.
  62:.\Generated_Source\PSoC5/QuadDec_Motor.c **** *
  63:.\Generated_Source\PSoC5/QuadDec_Motor.c **** * Parameters:
  64:.\Generated_Source\PSoC5/QuadDec_Motor.c **** *  None.
  65:.\Generated_Source\PSoC5/QuadDec_Motor.c **** *
  66:.\Generated_Source\PSoC5/QuadDec_Motor.c **** * Return:
  67:.\Generated_Source\PSoC5/QuadDec_Motor.c **** *  None.
  68:.\Generated_Source\PSoC5/QuadDec_Motor.c **** *
  69:.\Generated_Source\PSoC5/QuadDec_Motor.c **** *******************************************************************************/
  70:.\Generated_Source\PSoC5/QuadDec_Motor.c **** void QuadDec_Motor_Enable(void) 
  71:.\Generated_Source\PSoC5/QuadDec_Motor.c **** {
  62              		.loc 1 71 0
  63              		.cfi_startproc
  64              		@ args = 0, pretend = 0, frame = 8
  65              		@ frame_needed = 1, uses_anonymous_args = 0
  66 0000 80B5     		push	{r7, lr}
  67              		.cfi_def_cfa_offset 8
  68              		.cfi_offset 7, -8
  69              		.cfi_offset 14, -4
  70 0002 82B0     		sub	sp, sp, #8
  71              		.cfi_def_cfa_offset 16
  72 0004 00AF     		add	r7, sp, #0
  73              		.cfi_def_cfa_register 7
  72:.\Generated_Source\PSoC5/QuadDec_Motor.c ****     uint8 enableInterrupts;
  73:.\Generated_Source\PSoC5/QuadDec_Motor.c **** 
  74:.\Generated_Source\PSoC5/QuadDec_Motor.c ****     QuadDec_Motor_SetInterruptMask(QuadDec_Motor_INIT_INT_MASK);
  74              		.loc 1 74 0
  75 0006 0F20     		movs	r0, #15
  76 0008 FFF7FEFF 		bl	QuadDec_Motor_SetInterruptMask
  75:.\Generated_Source\PSoC5/QuadDec_Motor.c **** 
  76:.\Generated_Source\PSoC5/QuadDec_Motor.c ****     /* Clear pending interrupts. */
  77:.\Generated_Source\PSoC5/QuadDec_Motor.c ****     (void) QuadDec_Motor_GetEvents();
  77              		.loc 1 77 0
  78 000c FFF7FEFF 		bl	QuadDec_Motor_GetEvents
  78:.\Generated_Source\PSoC5/QuadDec_Motor.c ****     
  79:.\Generated_Source\PSoC5/QuadDec_Motor.c ****     enableInterrupts = CyEnterCriticalSection();
  79              		.loc 1 79 0
  80 0010 FFF7FEFF 		bl	CyEnterCriticalSection
  81 0014 0346     		mov	r3, r0
  82 0016 FB71     		strb	r3, [r7, #7]
  80:.\Generated_Source\PSoC5/QuadDec_Motor.c **** 
  81:.\Generated_Source\PSoC5/QuadDec_Motor.c ****     /* Enable interrupts from Statusi register */
  82:.\Generated_Source\PSoC5/QuadDec_Motor.c ****     QuadDec_Motor_SR_AUX_CONTROL |= QuadDec_Motor_INTERRUPTS_ENABLE;
  83              		.loc 1 82 0
  84 0018 074A     		ldr	r2, .L3
  85 001a 074B     		ldr	r3, .L3
  86 001c 1B78     		ldrb	r3, [r3]
  87 001e DBB2     		uxtb	r3, r3
  88 0020 43F01003 		orr	r3, r3, #16
  89 0024 DBB2     		uxtb	r3, r3
ARM GAS  C:\Users\student\AppData\Local\Temp\ccgeI1Z4.s 			page 4


  90 0026 1370     		strb	r3, [r2]
  83:.\Generated_Source\PSoC5/QuadDec_Motor.c **** 
  84:.\Generated_Source\PSoC5/QuadDec_Motor.c ****     CyExitCriticalSection(enableInterrupts);        
  91              		.loc 1 84 0
  92 0028 FB79     		ldrb	r3, [r7, #7]	@ zero_extendqisi2
  93 002a 1846     		mov	r0, r3
  94 002c FFF7FEFF 		bl	CyExitCriticalSection
  85:.\Generated_Source\PSoC5/QuadDec_Motor.c **** 
  86:.\Generated_Source\PSoC5/QuadDec_Motor.c ****     #if (QuadDec_Motor_COUNTER_SIZE == QuadDec_Motor_COUNTER_SIZE_32_BIT)
  87:.\Generated_Source\PSoC5/QuadDec_Motor.c ****         /* Enable Component interrupts */
  88:.\Generated_Source\PSoC5/QuadDec_Motor.c ****         CyIntEnable(QuadDec_Motor_ISR_NUMBER);
  89:.\Generated_Source\PSoC5/QuadDec_Motor.c ****     #endif /* QuadDec_Motor_COUNTER_SIZE == QuadDec_Motor_COUNTER_SIZE_32_BIT */
  90:.\Generated_Source\PSoC5/QuadDec_Motor.c **** }
  95              		.loc 1 90 0
  96 0030 0837     		adds	r7, r7, #8
  97              		.cfi_def_cfa_offset 8
  98 0032 BD46     		mov	sp, r7
  99              		.cfi_def_cfa_register 13
 100              		@ sp needed
 101 0034 80BD     		pop	{r7, pc}
 102              	.L4:
 103 0036 00BF     		.align	2
 104              	.L3:
 105 0038 92640040 		.word	1073767570
 106              		.cfi_endproc
 107              	.LFE1:
 108              		.size	QuadDec_Motor_Enable, .-QuadDec_Motor_Enable
 109              		.section	.text.QuadDec_Motor_Start,"ax",%progbits
 110              		.align	2
 111              		.global	QuadDec_Motor_Start
 112              		.thumb
 113              		.thumb_func
 114              		.type	QuadDec_Motor_Start, %function
 115              	QuadDec_Motor_Start:
 116              	.LFB2:
  91:.\Generated_Source\PSoC5/QuadDec_Motor.c **** 
  92:.\Generated_Source\PSoC5/QuadDec_Motor.c **** 
  93:.\Generated_Source\PSoC5/QuadDec_Motor.c **** /*******************************************************************************
  94:.\Generated_Source\PSoC5/QuadDec_Motor.c **** * Function Name: QuadDec_Motor_Start
  95:.\Generated_Source\PSoC5/QuadDec_Motor.c **** ********************************************************************************
  96:.\Generated_Source\PSoC5/QuadDec_Motor.c **** *
  97:.\Generated_Source\PSoC5/QuadDec_Motor.c **** * Summary:
  98:.\Generated_Source\PSoC5/QuadDec_Motor.c **** *  Initializes UDBs and other relevant hardware.
  99:.\Generated_Source\PSoC5/QuadDec_Motor.c **** *  Resets counter, enables or disables all relevant interrupts.
 100:.\Generated_Source\PSoC5/QuadDec_Motor.c **** *  Starts monitoring the inputs and counting.
 101:.\Generated_Source\PSoC5/QuadDec_Motor.c **** *
 102:.\Generated_Source\PSoC5/QuadDec_Motor.c **** * Parameters:
 103:.\Generated_Source\PSoC5/QuadDec_Motor.c **** *  None.
 104:.\Generated_Source\PSoC5/QuadDec_Motor.c **** *
 105:.\Generated_Source\PSoC5/QuadDec_Motor.c **** * Return:
 106:.\Generated_Source\PSoC5/QuadDec_Motor.c **** *  None.
 107:.\Generated_Source\PSoC5/QuadDec_Motor.c **** *
 108:.\Generated_Source\PSoC5/QuadDec_Motor.c **** * Global variables:
 109:.\Generated_Source\PSoC5/QuadDec_Motor.c **** *  QuadDec_Motor_initVar - used to check initial configuration, modified on
 110:.\Generated_Source\PSoC5/QuadDec_Motor.c **** *  first function call.
 111:.\Generated_Source\PSoC5/QuadDec_Motor.c **** *
 112:.\Generated_Source\PSoC5/QuadDec_Motor.c **** * Reentrant:
ARM GAS  C:\Users\student\AppData\Local\Temp\ccgeI1Z4.s 			page 5


 113:.\Generated_Source\PSoC5/QuadDec_Motor.c **** *  No.
 114:.\Generated_Source\PSoC5/QuadDec_Motor.c **** *
 115:.\Generated_Source\PSoC5/QuadDec_Motor.c **** *******************************************************************************/
 116:.\Generated_Source\PSoC5/QuadDec_Motor.c **** void QuadDec_Motor_Start(void) 
 117:.\Generated_Source\PSoC5/QuadDec_Motor.c **** {
 117              		.loc 1 117 0
 118              		.cfi_startproc
 119              		@ args = 0, pretend = 0, frame = 0
 120              		@ frame_needed = 1, uses_anonymous_args = 0
 121 0000 80B5     		push	{r7, lr}
 122              		.cfi_def_cfa_offset 8
 123              		.cfi_offset 7, -8
 124              		.cfi_offset 14, -4
 125 0002 00AF     		add	r7, sp, #0
 126              		.cfi_def_cfa_register 7
 118:.\Generated_Source\PSoC5/QuadDec_Motor.c ****     #if (QuadDec_Motor_COUNTER_SIZE == QuadDec_Motor_COUNTER_SIZE_8_BIT)
 119:.\Generated_Source\PSoC5/QuadDec_Motor.c ****         QuadDec_Motor_Cnt8_Start();
 127              		.loc 1 119 0
 128 0004 FFF7FEFF 		bl	QuadDec_Motor_Cnt8_Start
 120:.\Generated_Source\PSoC5/QuadDec_Motor.c ****         QuadDec_Motor_Cnt8_WriteCounter(QuadDec_Motor_COUNTER_INIT_VALUE);
 129              		.loc 1 120 0
 130 0008 8020     		movs	r0, #128
 131 000a FFF7FEFF 		bl	QuadDec_Motor_Cnt8_WriteCounter
 121:.\Generated_Source\PSoC5/QuadDec_Motor.c ****     #else
 122:.\Generated_Source\PSoC5/QuadDec_Motor.c ****         /* (QuadDec_Motor_COUNTER_SIZE == QuadDec_Motor_COUNTER_SIZE_16_BIT) || 
 123:.\Generated_Source\PSoC5/QuadDec_Motor.c ****         *  (QuadDec_Motor_COUNTER_SIZE == QuadDec_Motor_COUNTER_SIZE_32_BIT) 
 124:.\Generated_Source\PSoC5/QuadDec_Motor.c ****         */
 125:.\Generated_Source\PSoC5/QuadDec_Motor.c ****         QuadDec_Motor_Cnt16_Start();
 126:.\Generated_Source\PSoC5/QuadDec_Motor.c ****         QuadDec_Motor_Cnt16_WriteCounter(QuadDec_Motor_COUNTER_INIT_VALUE);
 127:.\Generated_Source\PSoC5/QuadDec_Motor.c ****     #endif /* QuadDec_Motor_COUNTER_SIZE == QuadDec_Motor_COUNTER_SIZE_8_BIT */
 128:.\Generated_Source\PSoC5/QuadDec_Motor.c ****     
 129:.\Generated_Source\PSoC5/QuadDec_Motor.c ****     #if (QuadDec_Motor_COUNTER_SIZE == QuadDec_Motor_COUNTER_SIZE_32_BIT)        
 130:.\Generated_Source\PSoC5/QuadDec_Motor.c ****        QuadDec_Motor_count32SoftPart = 0;
 131:.\Generated_Source\PSoC5/QuadDec_Motor.c ****     #endif /* QuadDec_Motor_COUNTER_SIZE == QuadDec_Motor_COUNTER_SIZE_32_BIT */
 132:.\Generated_Source\PSoC5/QuadDec_Motor.c **** 
 133:.\Generated_Source\PSoC5/QuadDec_Motor.c ****     if (QuadDec_Motor_initVar == 0u)
 132              		.loc 1 133 0
 133 000e 064B     		ldr	r3, .L7
 134 0010 1B78     		ldrb	r3, [r3]	@ zero_extendqisi2
 135 0012 002B     		cmp	r3, #0
 136 0014 04D1     		bne	.L6
 134:.\Generated_Source\PSoC5/QuadDec_Motor.c ****     {
 135:.\Generated_Source\PSoC5/QuadDec_Motor.c ****         QuadDec_Motor_Init();
 137              		.loc 1 135 0
 138 0016 FFF7FEFF 		bl	QuadDec_Motor_Init
 136:.\Generated_Source\PSoC5/QuadDec_Motor.c ****         QuadDec_Motor_initVar = 1u;
 139              		.loc 1 136 0
 140 001a 034B     		ldr	r3, .L7
 141 001c 0122     		movs	r2, #1
 142 001e 1A70     		strb	r2, [r3]
 143              	.L6:
 137:.\Generated_Source\PSoC5/QuadDec_Motor.c ****     }
 138:.\Generated_Source\PSoC5/QuadDec_Motor.c **** 
 139:.\Generated_Source\PSoC5/QuadDec_Motor.c ****     QuadDec_Motor_Enable();
 144              		.loc 1 139 0
 145 0020 FFF7FEFF 		bl	QuadDec_Motor_Enable
 140:.\Generated_Source\PSoC5/QuadDec_Motor.c **** }
ARM GAS  C:\Users\student\AppData\Local\Temp\ccgeI1Z4.s 			page 6


 146              		.loc 1 140 0
 147 0024 80BD     		pop	{r7, pc}
 148              	.L8:
 149 0026 00BF     		.align	2
 150              	.L7:
 151 0028 00000000 		.word	QuadDec_Motor_initVar
 152              		.cfi_endproc
 153              	.LFE2:
 154              		.size	QuadDec_Motor_Start, .-QuadDec_Motor_Start
 155              		.section	.text.QuadDec_Motor_Stop,"ax",%progbits
 156              		.align	2
 157              		.global	QuadDec_Motor_Stop
 158              		.thumb
 159              		.thumb_func
 160              		.type	QuadDec_Motor_Stop, %function
 161              	QuadDec_Motor_Stop:
 162              	.LFB3:
 141:.\Generated_Source\PSoC5/QuadDec_Motor.c **** 
 142:.\Generated_Source\PSoC5/QuadDec_Motor.c **** 
 143:.\Generated_Source\PSoC5/QuadDec_Motor.c **** /*******************************************************************************
 144:.\Generated_Source\PSoC5/QuadDec_Motor.c **** * Function Name: QuadDec_Motor_Stop
 145:.\Generated_Source\PSoC5/QuadDec_Motor.c **** ********************************************************************************
 146:.\Generated_Source\PSoC5/QuadDec_Motor.c **** *
 147:.\Generated_Source\PSoC5/QuadDec_Motor.c **** * Summary:
 148:.\Generated_Source\PSoC5/QuadDec_Motor.c **** *  Turns off UDBs and other relevant hardware.
 149:.\Generated_Source\PSoC5/QuadDec_Motor.c **** *
 150:.\Generated_Source\PSoC5/QuadDec_Motor.c **** * Parameters:
 151:.\Generated_Source\PSoC5/QuadDec_Motor.c **** *  None.
 152:.\Generated_Source\PSoC5/QuadDec_Motor.c **** *
 153:.\Generated_Source\PSoC5/QuadDec_Motor.c **** * Return:
 154:.\Generated_Source\PSoC5/QuadDec_Motor.c **** *  None.
 155:.\Generated_Source\PSoC5/QuadDec_Motor.c **** *
 156:.\Generated_Source\PSoC5/QuadDec_Motor.c **** *******************************************************************************/
 157:.\Generated_Source\PSoC5/QuadDec_Motor.c **** void QuadDec_Motor_Stop(void) 
 158:.\Generated_Source\PSoC5/QuadDec_Motor.c **** {
 163              		.loc 1 158 0
 164              		.cfi_startproc
 165              		@ args = 0, pretend = 0, frame = 8
 166              		@ frame_needed = 1, uses_anonymous_args = 0
 167 0000 80B5     		push	{r7, lr}
 168              		.cfi_def_cfa_offset 8
 169              		.cfi_offset 7, -8
 170              		.cfi_offset 14, -4
 171 0002 82B0     		sub	sp, sp, #8
 172              		.cfi_def_cfa_offset 16
 173 0004 00AF     		add	r7, sp, #0
 174              		.cfi_def_cfa_register 7
 159:.\Generated_Source\PSoC5/QuadDec_Motor.c ****     uint8 enableInterrupts;
 160:.\Generated_Source\PSoC5/QuadDec_Motor.c **** 
 161:.\Generated_Source\PSoC5/QuadDec_Motor.c ****     #if (QuadDec_Motor_COUNTER_SIZE == QuadDec_Motor_COUNTER_SIZE_8_BIT)
 162:.\Generated_Source\PSoC5/QuadDec_Motor.c ****         QuadDec_Motor_Cnt8_Stop();
 175              		.loc 1 162 0
 176 0006 FFF7FEFF 		bl	QuadDec_Motor_Cnt8_Stop
 163:.\Generated_Source\PSoC5/QuadDec_Motor.c ****     #else 
 164:.\Generated_Source\PSoC5/QuadDec_Motor.c ****         /* (QuadDec_Motor_COUNTER_SIZE == QuadDec_Motor_COUNTER_SIZE_16_BIT) ||
 165:.\Generated_Source\PSoC5/QuadDec_Motor.c ****         *  (QuadDec_Motor_COUNTER_SIZE == QuadDec_Motor_COUNTER_SIZE_32_BIT)
 166:.\Generated_Source\PSoC5/QuadDec_Motor.c ****         */
ARM GAS  C:\Users\student\AppData\Local\Temp\ccgeI1Z4.s 			page 7


 167:.\Generated_Source\PSoC5/QuadDec_Motor.c ****         QuadDec_Motor_Cnt16_Stop();    /* counter disable */
 168:.\Generated_Source\PSoC5/QuadDec_Motor.c ****     #endif /* (QuadDec_Motor_COUNTER_SIZE == QuadDec_Motor_COUNTER_SIZE_8_BIT) */
 169:.\Generated_Source\PSoC5/QuadDec_Motor.c ****  
 170:.\Generated_Source\PSoC5/QuadDec_Motor.c ****     enableInterrupts = CyEnterCriticalSection();
 177              		.loc 1 170 0
 178 000a FFF7FEFF 		bl	CyEnterCriticalSection
 179 000e 0346     		mov	r3, r0
 180 0010 FB71     		strb	r3, [r7, #7]
 171:.\Generated_Source\PSoC5/QuadDec_Motor.c **** 
 172:.\Generated_Source\PSoC5/QuadDec_Motor.c ****     /* Disable interrupts interrupts from Statusi register */
 173:.\Generated_Source\PSoC5/QuadDec_Motor.c ****     QuadDec_Motor_SR_AUX_CONTROL &= (uint8) (~QuadDec_Motor_INTERRUPTS_ENABLE);
 181              		.loc 1 173 0
 182 0012 074A     		ldr	r2, .L10
 183 0014 064B     		ldr	r3, .L10
 184 0016 1B78     		ldrb	r3, [r3]
 185 0018 DBB2     		uxtb	r3, r3
 186 001a 23F01003 		bic	r3, r3, #16
 187 001e DBB2     		uxtb	r3, r3
 188 0020 1370     		strb	r3, [r2]
 174:.\Generated_Source\PSoC5/QuadDec_Motor.c **** 
 175:.\Generated_Source\PSoC5/QuadDec_Motor.c ****     CyExitCriticalSection(enableInterrupts);
 189              		.loc 1 175 0
 190 0022 FB79     		ldrb	r3, [r7, #7]	@ zero_extendqisi2
 191 0024 1846     		mov	r0, r3
 192 0026 FFF7FEFF 		bl	CyExitCriticalSection
 176:.\Generated_Source\PSoC5/QuadDec_Motor.c **** 
 177:.\Generated_Source\PSoC5/QuadDec_Motor.c ****     #if (QuadDec_Motor_COUNTER_SIZE == QuadDec_Motor_COUNTER_SIZE_32_BIT)
 178:.\Generated_Source\PSoC5/QuadDec_Motor.c ****         CyIntDisable(QuadDec_Motor_ISR_NUMBER);    /* interrupt disable */
 179:.\Generated_Source\PSoC5/QuadDec_Motor.c ****     #endif /* QuadDec_Motor_COUNTER_SIZE == QuadDec_Motor_COUNTER_SIZE_32_BIT */
 180:.\Generated_Source\PSoC5/QuadDec_Motor.c **** }
 193              		.loc 1 180 0
 194 002a 0837     		adds	r7, r7, #8
 195              		.cfi_def_cfa_offset 8
 196 002c BD46     		mov	sp, r7
 197              		.cfi_def_cfa_register 13
 198              		@ sp needed
 199 002e 80BD     		pop	{r7, pc}
 200              	.L11:
 201              		.align	2
 202              	.L10:
 203 0030 92640040 		.word	1073767570
 204              		.cfi_endproc
 205              	.LFE3:
 206              		.size	QuadDec_Motor_Stop, .-QuadDec_Motor_Stop
 207              		.section	.text.QuadDec_Motor_GetCounter,"ax",%progbits
 208              		.align	2
 209              		.global	QuadDec_Motor_GetCounter
 210              		.thumb
 211              		.thumb_func
 212              		.type	QuadDec_Motor_GetCounter, %function
 213              	QuadDec_Motor_GetCounter:
 214              	.LFB4:
 181:.\Generated_Source\PSoC5/QuadDec_Motor.c **** 
 182:.\Generated_Source\PSoC5/QuadDec_Motor.c **** 
 183:.\Generated_Source\PSoC5/QuadDec_Motor.c **** /*******************************************************************************
 184:.\Generated_Source\PSoC5/QuadDec_Motor.c **** * Function Name: QuadDec_Motor_GetCounter
 185:.\Generated_Source\PSoC5/QuadDec_Motor.c **** ********************************************************************************
ARM GAS  C:\Users\student\AppData\Local\Temp\ccgeI1Z4.s 			page 8


 186:.\Generated_Source\PSoC5/QuadDec_Motor.c **** *
 187:.\Generated_Source\PSoC5/QuadDec_Motor.c **** * Summary:
 188:.\Generated_Source\PSoC5/QuadDec_Motor.c **** *  Reports the current value of the counter.
 189:.\Generated_Source\PSoC5/QuadDec_Motor.c **** *
 190:.\Generated_Source\PSoC5/QuadDec_Motor.c **** * Parameters:
 191:.\Generated_Source\PSoC5/QuadDec_Motor.c **** *  None.
 192:.\Generated_Source\PSoC5/QuadDec_Motor.c **** *
 193:.\Generated_Source\PSoC5/QuadDec_Motor.c **** * Return:
 194:.\Generated_Source\PSoC5/QuadDec_Motor.c **** *  The counter value. Return type is signed and per the counter size setting.
 195:.\Generated_Source\PSoC5/QuadDec_Motor.c **** *  A positive value indicates clockwise movement (B before A).
 196:.\Generated_Source\PSoC5/QuadDec_Motor.c **** *
 197:.\Generated_Source\PSoC5/QuadDec_Motor.c **** * Global variables:
 198:.\Generated_Source\PSoC5/QuadDec_Motor.c **** *  QuadDec_Motor_count32SoftPart - used to get hi 16 bit for current value
 199:.\Generated_Source\PSoC5/QuadDec_Motor.c **** *  of the 32-bit counter, when Counter size equal 32-bit.
 200:.\Generated_Source\PSoC5/QuadDec_Motor.c **** *
 201:.\Generated_Source\PSoC5/QuadDec_Motor.c **** *******************************************************************************/
 202:.\Generated_Source\PSoC5/QuadDec_Motor.c **** int8 QuadDec_Motor_GetCounter(void) 
 203:.\Generated_Source\PSoC5/QuadDec_Motor.c **** {
 215              		.loc 1 203 0
 216              		.cfi_startproc
 217              		@ args = 0, pretend = 0, frame = 8
 218              		@ frame_needed = 1, uses_anonymous_args = 0
 219 0000 80B5     		push	{r7, lr}
 220              		.cfi_def_cfa_offset 8
 221              		.cfi_offset 7, -8
 222              		.cfi_offset 14, -4
 223 0002 82B0     		sub	sp, sp, #8
 224              		.cfi_def_cfa_offset 16
 225 0004 00AF     		add	r7, sp, #0
 226              		.cfi_def_cfa_register 7
 204:.\Generated_Source\PSoC5/QuadDec_Motor.c ****     int8 count;
 205:.\Generated_Source\PSoC5/QuadDec_Motor.c ****     uint8 tmpCnt;
 206:.\Generated_Source\PSoC5/QuadDec_Motor.c **** 
 207:.\Generated_Source\PSoC5/QuadDec_Motor.c ****     #if (QuadDec_Motor_COUNTER_SIZE == QuadDec_Motor_COUNTER_SIZE_32_BIT)
 208:.\Generated_Source\PSoC5/QuadDec_Motor.c ****         int16 hwCount;
 209:.\Generated_Source\PSoC5/QuadDec_Motor.c **** 
 210:.\Generated_Source\PSoC5/QuadDec_Motor.c ****         CyIntDisable(QuadDec_Motor_ISR_NUMBER);
 211:.\Generated_Source\PSoC5/QuadDec_Motor.c **** 
 212:.\Generated_Source\PSoC5/QuadDec_Motor.c ****         tmpCnt = QuadDec_Motor_Cnt16_ReadCounter();
 213:.\Generated_Source\PSoC5/QuadDec_Motor.c ****         hwCount = (int16) ((int32) tmpCnt - (int32) QuadDec_Motor_COUNTER_INIT_VALUE);
 214:.\Generated_Source\PSoC5/QuadDec_Motor.c ****         count = QuadDec_Motor_count32SoftPart + hwCount;
 215:.\Generated_Source\PSoC5/QuadDec_Motor.c **** 
 216:.\Generated_Source\PSoC5/QuadDec_Motor.c ****         CyIntEnable(QuadDec_Motor_ISR_NUMBER);
 217:.\Generated_Source\PSoC5/QuadDec_Motor.c ****     #else 
 218:.\Generated_Source\PSoC5/QuadDec_Motor.c ****         /* (QuadDec_Motor_COUNTER_SIZE == QuadDec_Motor_COUNTER_SIZE_8_BIT) || 
 219:.\Generated_Source\PSoC5/QuadDec_Motor.c ****         *  (QuadDec_Motor_COUNTER_SIZE == QuadDec_Motor_COUNTER_SIZE_16_BIT)
 220:.\Generated_Source\PSoC5/QuadDec_Motor.c ****         */
 221:.\Generated_Source\PSoC5/QuadDec_Motor.c ****         #if (QuadDec_Motor_COUNTER_SIZE == QuadDec_Motor_COUNTER_SIZE_8_BIT)
 222:.\Generated_Source\PSoC5/QuadDec_Motor.c ****             tmpCnt = QuadDec_Motor_Cnt8_ReadCounter();
 227              		.loc 1 222 0
 228 0006 FFF7FEFF 		bl	QuadDec_Motor_Cnt8_ReadCounter
 229 000a 0346     		mov	r3, r0
 230 000c FB71     		strb	r3, [r7, #7]
 223:.\Generated_Source\PSoC5/QuadDec_Motor.c ****         #else /* (QuadDec_Motor_COUNTER_SIZE == QuadDec_Motor_COUNTER_SIZE_16_BIT) */
 224:.\Generated_Source\PSoC5/QuadDec_Motor.c ****             tmpCnt = QuadDec_Motor_Cnt16_ReadCounter();
 225:.\Generated_Source\PSoC5/QuadDec_Motor.c ****         #endif  /* QuadDec_Motor_COUNTER_SIZE == QuadDec_Motor_COUNTER_SIZE_8_BIT */
 226:.\Generated_Source\PSoC5/QuadDec_Motor.c **** 
ARM GAS  C:\Users\student\AppData\Local\Temp\ccgeI1Z4.s 			page 9


 227:.\Generated_Source\PSoC5/QuadDec_Motor.c ****         count = (int8) ((int16) tmpCnt -
 231              		.loc 1 227 0
 232 000e FB79     		ldrb	r3, [r7, #7]
 233 0010 803B     		subs	r3, r3, #128
 234 0012 DBB2     		uxtb	r3, r3
 235 0014 BB71     		strb	r3, [r7, #6]
 228:.\Generated_Source\PSoC5/QuadDec_Motor.c ****                 (int16) QuadDec_Motor_COUNTER_INIT_VALUE);
 229:.\Generated_Source\PSoC5/QuadDec_Motor.c **** 
 230:.\Generated_Source\PSoC5/QuadDec_Motor.c ****     #endif /* QuadDec_Motor_COUNTER_SIZE == QuadDec_Motor_COUNTER_SIZE_32_BIT */ 
 231:.\Generated_Source\PSoC5/QuadDec_Motor.c **** 
 232:.\Generated_Source\PSoC5/QuadDec_Motor.c ****     return (count);
 236              		.loc 1 232 0
 237 0016 BB79     		ldrb	r3, [r7, #6]	@ zero_extendqisi2
 238 0018 5BB2     		sxtb	r3, r3
 233:.\Generated_Source\PSoC5/QuadDec_Motor.c **** }
 239              		.loc 1 233 0
 240 001a 1846     		mov	r0, r3
 241 001c 0837     		adds	r7, r7, #8
 242              		.cfi_def_cfa_offset 8
 243 001e BD46     		mov	sp, r7
 244              		.cfi_def_cfa_register 13
 245              		@ sp needed
 246 0020 80BD     		pop	{r7, pc}
 247              		.cfi_endproc
 248              	.LFE4:
 249              		.size	QuadDec_Motor_GetCounter, .-QuadDec_Motor_GetCounter
 250 0022 00BF     		.section	.text.QuadDec_Motor_SetCounter,"ax",%progbits
 251              		.align	2
 252              		.global	QuadDec_Motor_SetCounter
 253              		.thumb
 254              		.thumb_func
 255              		.type	QuadDec_Motor_SetCounter, %function
 256              	QuadDec_Motor_SetCounter:
 257              	.LFB5:
 234:.\Generated_Source\PSoC5/QuadDec_Motor.c **** 
 235:.\Generated_Source\PSoC5/QuadDec_Motor.c **** 
 236:.\Generated_Source\PSoC5/QuadDec_Motor.c **** /*******************************************************************************
 237:.\Generated_Source\PSoC5/QuadDec_Motor.c **** * Function Name: QuadDec_Motor_SetCounter
 238:.\Generated_Source\PSoC5/QuadDec_Motor.c **** ********************************************************************************
 239:.\Generated_Source\PSoC5/QuadDec_Motor.c **** *
 240:.\Generated_Source\PSoC5/QuadDec_Motor.c **** * Summary:
 241:.\Generated_Source\PSoC5/QuadDec_Motor.c **** *  Sets the current value of the counter.
 242:.\Generated_Source\PSoC5/QuadDec_Motor.c **** *
 243:.\Generated_Source\PSoC5/QuadDec_Motor.c **** * Parameters:
 244:.\Generated_Source\PSoC5/QuadDec_Motor.c **** *  value:  The new value. Parameter type is signed and per the counter size
 245:.\Generated_Source\PSoC5/QuadDec_Motor.c **** *  setting.
 246:.\Generated_Source\PSoC5/QuadDec_Motor.c **** *
 247:.\Generated_Source\PSoC5/QuadDec_Motor.c **** * Return:
 248:.\Generated_Source\PSoC5/QuadDec_Motor.c **** *  None.
 249:.\Generated_Source\PSoC5/QuadDec_Motor.c **** *
 250:.\Generated_Source\PSoC5/QuadDec_Motor.c **** * Global variables:
 251:.\Generated_Source\PSoC5/QuadDec_Motor.c **** *  QuadDec_Motor_count32SoftPart - modified to set hi 16 bit for current
 252:.\Generated_Source\PSoC5/QuadDec_Motor.c **** *  value of the 32-bit counter, when Counter size equal 32-bit.
 253:.\Generated_Source\PSoC5/QuadDec_Motor.c **** *
 254:.\Generated_Source\PSoC5/QuadDec_Motor.c **** * Reentrant:
 255:.\Generated_Source\PSoC5/QuadDec_Motor.c **** *  No.
 256:.\Generated_Source\PSoC5/QuadDec_Motor.c **** *
ARM GAS  C:\Users\student\AppData\Local\Temp\ccgeI1Z4.s 			page 10


 257:.\Generated_Source\PSoC5/QuadDec_Motor.c **** *******************************************************************************/
 258:.\Generated_Source\PSoC5/QuadDec_Motor.c **** void QuadDec_Motor_SetCounter(int8 value) 
 259:.\Generated_Source\PSoC5/QuadDec_Motor.c **** {
 258              		.loc 1 259 0
 259              		.cfi_startproc
 260              		@ args = 0, pretend = 0, frame = 16
 261              		@ frame_needed = 1, uses_anonymous_args = 0
 262 0000 80B5     		push	{r7, lr}
 263              		.cfi_def_cfa_offset 8
 264              		.cfi_offset 7, -8
 265              		.cfi_offset 14, -4
 266 0002 84B0     		sub	sp, sp, #16
 267              		.cfi_def_cfa_offset 24
 268 0004 00AF     		add	r7, sp, #0
 269              		.cfi_def_cfa_register 7
 270 0006 0346     		mov	r3, r0
 271 0008 FB71     		strb	r3, [r7, #7]
 260:.\Generated_Source\PSoC5/QuadDec_Motor.c ****     #if ((QuadDec_Motor_COUNTER_SIZE == QuadDec_Motor_COUNTER_SIZE_8_BIT) || \
 261:.\Generated_Source\PSoC5/QuadDec_Motor.c ****          (QuadDec_Motor_COUNTER_SIZE == QuadDec_Motor_COUNTER_SIZE_16_BIT))
 262:.\Generated_Source\PSoC5/QuadDec_Motor.c ****         uint8 count;
 263:.\Generated_Source\PSoC5/QuadDec_Motor.c ****         
 264:.\Generated_Source\PSoC5/QuadDec_Motor.c ****         if (value >= 0)
 272              		.loc 1 264 0
 273 000a 97F90730 		ldrsb	r3, [r7, #7]
 274 000e 002B     		cmp	r3, #0
 275 0010 03DB     		blt	.L15
 265:.\Generated_Source\PSoC5/QuadDec_Motor.c ****         {
 266:.\Generated_Source\PSoC5/QuadDec_Motor.c ****             count = (uint8) value + QuadDec_Motor_COUNTER_INIT_VALUE;
 276              		.loc 1 266 0
 277 0012 FB79     		ldrb	r3, [r7, #7]	@ zero_extendqisi2
 278 0014 803B     		subs	r3, r3, #128
 279 0016 FB73     		strb	r3, [r7, #15]
 280 0018 02E0     		b	.L16
 281              	.L15:
 267:.\Generated_Source\PSoC5/QuadDec_Motor.c ****         }
 268:.\Generated_Source\PSoC5/QuadDec_Motor.c ****         else
 269:.\Generated_Source\PSoC5/QuadDec_Motor.c ****         {
 270:.\Generated_Source\PSoC5/QuadDec_Motor.c ****             count = QuadDec_Motor_COUNTER_INIT_VALUE - (uint8)(-value);
 282              		.loc 1 270 0
 283 001a FB79     		ldrb	r3, [r7, #7]	@ zero_extendqisi2
 284 001c 803B     		subs	r3, r3, #128
 285 001e FB73     		strb	r3, [r7, #15]
 286              	.L16:
 271:.\Generated_Source\PSoC5/QuadDec_Motor.c ****         }
 272:.\Generated_Source\PSoC5/QuadDec_Motor.c ****         #if (QuadDec_Motor_COUNTER_SIZE == QuadDec_Motor_COUNTER_SIZE_8_BIT)
 273:.\Generated_Source\PSoC5/QuadDec_Motor.c ****             QuadDec_Motor_Cnt8_WriteCounter(count);
 287              		.loc 1 273 0
 288 0020 FB7B     		ldrb	r3, [r7, #15]	@ zero_extendqisi2
 289 0022 1846     		mov	r0, r3
 290 0024 FFF7FEFF 		bl	QuadDec_Motor_Cnt8_WriteCounter
 274:.\Generated_Source\PSoC5/QuadDec_Motor.c ****         #else /* (QuadDec_Motor_COUNTER_SIZE == QuadDec_Motor_COUNTER_SIZE_16_BIT) */
 275:.\Generated_Source\PSoC5/QuadDec_Motor.c ****             QuadDec_Motor_Cnt16_WriteCounter(count);
 276:.\Generated_Source\PSoC5/QuadDec_Motor.c ****         #endif  /* QuadDec_Motor_COUNTER_SIZE == QuadDec_Motor_COUNTER_SIZE_8_BIT */
 277:.\Generated_Source\PSoC5/QuadDec_Motor.c ****     #else /* (QuadDec_Motor_COUNTER_SIZE == QuadDec_Motor_COUNTER_SIZE_32_BIT) */
 278:.\Generated_Source\PSoC5/QuadDec_Motor.c ****         CyIntDisable(QuadDec_Motor_ISR_NUMBER);
 279:.\Generated_Source\PSoC5/QuadDec_Motor.c **** 
 280:.\Generated_Source\PSoC5/QuadDec_Motor.c ****         QuadDec_Motor_Cnt16_WriteCounter(QuadDec_Motor_COUNTER_INIT_VALUE);
ARM GAS  C:\Users\student\AppData\Local\Temp\ccgeI1Z4.s 			page 11


 281:.\Generated_Source\PSoC5/QuadDec_Motor.c ****         QuadDec_Motor_count32SoftPart = value;
 282:.\Generated_Source\PSoC5/QuadDec_Motor.c **** 
 283:.\Generated_Source\PSoC5/QuadDec_Motor.c ****         CyIntEnable(QuadDec_Motor_ISR_NUMBER);
 284:.\Generated_Source\PSoC5/QuadDec_Motor.c ****     #endif  /* (QuadDec_Motor_COUNTER_SIZE == QuadDec_Motor_COUNTER_SIZE_8_BIT) ||
 285:.\Generated_Source\PSoC5/QuadDec_Motor.c ****              * (QuadDec_Motor_COUNTER_SIZE == QuadDec_Motor_COUNTER_SIZE_16_BIT)
 286:.\Generated_Source\PSoC5/QuadDec_Motor.c ****              */
 287:.\Generated_Source\PSoC5/QuadDec_Motor.c **** }
 291              		.loc 1 287 0
 292 0028 1037     		adds	r7, r7, #16
 293              		.cfi_def_cfa_offset 8
 294 002a BD46     		mov	sp, r7
 295              		.cfi_def_cfa_register 13
 296              		@ sp needed
 297 002c 80BD     		pop	{r7, pc}
 298              		.cfi_endproc
 299              	.LFE5:
 300              		.size	QuadDec_Motor_SetCounter, .-QuadDec_Motor_SetCounter
 301 002e 00BF     		.section	.text.QuadDec_Motor_GetEvents,"ax",%progbits
 302              		.align	2
 303              		.global	QuadDec_Motor_GetEvents
 304              		.thumb
 305              		.thumb_func
 306              		.type	QuadDec_Motor_GetEvents, %function
 307              	QuadDec_Motor_GetEvents:
 308              	.LFB6:
 288:.\Generated_Source\PSoC5/QuadDec_Motor.c **** 
 289:.\Generated_Source\PSoC5/QuadDec_Motor.c **** 
 290:.\Generated_Source\PSoC5/QuadDec_Motor.c **** /*******************************************************************************
 291:.\Generated_Source\PSoC5/QuadDec_Motor.c **** * Function Name: QuadDec_Motor_GetEvents
 292:.\Generated_Source\PSoC5/QuadDec_Motor.c **** ********************************************************************************
 293:.\Generated_Source\PSoC5/QuadDec_Motor.c **** * 
 294:.\Generated_Source\PSoC5/QuadDec_Motor.c **** * Summary:
 295:.\Generated_Source\PSoC5/QuadDec_Motor.c **** *   Reports the current status of events. This function clears the bits of the 
 296:.\Generated_Source\PSoC5/QuadDec_Motor.c **** *   status register.
 297:.\Generated_Source\PSoC5/QuadDec_Motor.c **** *
 298:.\Generated_Source\PSoC5/QuadDec_Motor.c **** * Parameters:
 299:.\Generated_Source\PSoC5/QuadDec_Motor.c **** *  None.
 300:.\Generated_Source\PSoC5/QuadDec_Motor.c **** *
 301:.\Generated_Source\PSoC5/QuadDec_Motor.c **** * Return:
 302:.\Generated_Source\PSoC5/QuadDec_Motor.c **** *  The events, as bits in an unsigned 8-bit value:
 303:.\Generated_Source\PSoC5/QuadDec_Motor.c **** *    Bit      Description
 304:.\Generated_Source\PSoC5/QuadDec_Motor.c **** *     0        Counter overflow.
 305:.\Generated_Source\PSoC5/QuadDec_Motor.c **** *     1        Counter underflow.
 306:.\Generated_Source\PSoC5/QuadDec_Motor.c **** *     2        Counter reset due to index, if index input is used.
 307:.\Generated_Source\PSoC5/QuadDec_Motor.c **** *     3        Invalid A, B inputs state transition.
 308:.\Generated_Source\PSoC5/QuadDec_Motor.c **** *
 309:.\Generated_Source\PSoC5/QuadDec_Motor.c **** *******************************************************************************/
 310:.\Generated_Source\PSoC5/QuadDec_Motor.c **** uint8 QuadDec_Motor_GetEvents(void) 
 311:.\Generated_Source\PSoC5/QuadDec_Motor.c **** {
 309              		.loc 1 311 0
 310              		.cfi_startproc
 311              		@ args = 0, pretend = 0, frame = 0
 312              		@ frame_needed = 1, uses_anonymous_args = 0
 313              		@ link register save eliminated.
 314 0000 80B4     		push	{r7}
 315              		.cfi_def_cfa_offset 4
 316              		.cfi_offset 7, -4
ARM GAS  C:\Users\student\AppData\Local\Temp\ccgeI1Z4.s 			page 12


 317 0002 00AF     		add	r7, sp, #0
 318              		.cfi_def_cfa_register 7
 312:.\Generated_Source\PSoC5/QuadDec_Motor.c ****     return (QuadDec_Motor_STATUS_REG & QuadDec_Motor_INIT_INT_MASK);
 319              		.loc 1 312 0
 320 0004 054B     		ldr	r3, .L19
 321 0006 1B78     		ldrb	r3, [r3]
 322 0008 DBB2     		uxtb	r3, r3
 323 000a 03F00F03 		and	r3, r3, #15
 324 000e DBB2     		uxtb	r3, r3
 313:.\Generated_Source\PSoC5/QuadDec_Motor.c **** }
 325              		.loc 1 313 0
 326 0010 1846     		mov	r0, r3
 327 0012 BD46     		mov	sp, r7
 328              		.cfi_def_cfa_register 13
 329              		@ sp needed
 330 0014 5DF8047B 		ldr	r7, [sp], #4
 331              		.cfi_restore 7
 332              		.cfi_def_cfa_offset 0
 333 0018 7047     		bx	lr
 334              	.L20:
 335 001a 00BF     		.align	2
 336              	.L19:
 337 001c 62640040 		.word	1073767522
 338              		.cfi_endproc
 339              	.LFE6:
 340              		.size	QuadDec_Motor_GetEvents, .-QuadDec_Motor_GetEvents
 341              		.section	.text.QuadDec_Motor_SetInterruptMask,"ax",%progbits
 342              		.align	2
 343              		.global	QuadDec_Motor_SetInterruptMask
 344              		.thumb
 345              		.thumb_func
 346              		.type	QuadDec_Motor_SetInterruptMask, %function
 347              	QuadDec_Motor_SetInterruptMask:
 348              	.LFB7:
 314:.\Generated_Source\PSoC5/QuadDec_Motor.c **** 
 315:.\Generated_Source\PSoC5/QuadDec_Motor.c **** 
 316:.\Generated_Source\PSoC5/QuadDec_Motor.c **** /*******************************************************************************
 317:.\Generated_Source\PSoC5/QuadDec_Motor.c **** * Function Name: QuadDec_Motor_SetInterruptMask
 318:.\Generated_Source\PSoC5/QuadDec_Motor.c **** ********************************************************************************
 319:.\Generated_Source\PSoC5/QuadDec_Motor.c **** *
 320:.\Generated_Source\PSoC5/QuadDec_Motor.c **** * Summary:
 321:.\Generated_Source\PSoC5/QuadDec_Motor.c **** *  Enables / disables interrupts due to the events.
 322:.\Generated_Source\PSoC5/QuadDec_Motor.c **** *  For the 32-bit counter, the overflow, underflow and reset interrupts cannot
 323:.\Generated_Source\PSoC5/QuadDec_Motor.c **** *  be disabled, these bits are ignored.
 324:.\Generated_Source\PSoC5/QuadDec_Motor.c **** *
 325:.\Generated_Source\PSoC5/QuadDec_Motor.c **** * Parameters:
 326:.\Generated_Source\PSoC5/QuadDec_Motor.c **** *  mask: Enable / disable bits in an 8-bit value, where 1 enables the interrupt.
 327:.\Generated_Source\PSoC5/QuadDec_Motor.c **** *
 328:.\Generated_Source\PSoC5/QuadDec_Motor.c **** * Return:
 329:.\Generated_Source\PSoC5/QuadDec_Motor.c **** *  None.
 330:.\Generated_Source\PSoC5/QuadDec_Motor.c **** *
 331:.\Generated_Source\PSoC5/QuadDec_Motor.c **** *******************************************************************************/
 332:.\Generated_Source\PSoC5/QuadDec_Motor.c **** void QuadDec_Motor_SetInterruptMask(uint8 mask) 
 333:.\Generated_Source\PSoC5/QuadDec_Motor.c **** {
 349              		.loc 1 333 0
 350              		.cfi_startproc
 351              		@ args = 0, pretend = 0, frame = 8
ARM GAS  C:\Users\student\AppData\Local\Temp\ccgeI1Z4.s 			page 13


 352              		@ frame_needed = 1, uses_anonymous_args = 0
 353              		@ link register save eliminated.
 354 0000 80B4     		push	{r7}
 355              		.cfi_def_cfa_offset 4
 356              		.cfi_offset 7, -4
 357 0002 83B0     		sub	sp, sp, #12
 358              		.cfi_def_cfa_offset 16
 359 0004 00AF     		add	r7, sp, #0
 360              		.cfi_def_cfa_register 7
 361 0006 0346     		mov	r3, r0
 362 0008 FB71     		strb	r3, [r7, #7]
 334:.\Generated_Source\PSoC5/QuadDec_Motor.c ****     #if (QuadDec_Motor_COUNTER_SIZE == QuadDec_Motor_COUNTER_SIZE_32_BIT)
 335:.\Generated_Source\PSoC5/QuadDec_Motor.c ****         /* Underflow, Overflow and Reset interrupts for 32-bit Counter are always enable */
 336:.\Generated_Source\PSoC5/QuadDec_Motor.c ****         mask |= (QuadDec_Motor_COUNTER_OVERFLOW | QuadDec_Motor_COUNTER_UNDERFLOW |
 337:.\Generated_Source\PSoC5/QuadDec_Motor.c ****                  QuadDec_Motor_COUNTER_RESET);
 338:.\Generated_Source\PSoC5/QuadDec_Motor.c ****     #endif /* QuadDec_Motor_COUNTER_SIZE == QuadDec_Motor_COUNTER_SIZE_32_BIT */
 339:.\Generated_Source\PSoC5/QuadDec_Motor.c **** 
 340:.\Generated_Source\PSoC5/QuadDec_Motor.c ****     QuadDec_Motor_STATUS_MASK = mask;
 363              		.loc 1 340 0
 364 000a 044A     		ldr	r2, .L22
 365 000c FB79     		ldrb	r3, [r7, #7]
 366 000e 1370     		strb	r3, [r2]
 341:.\Generated_Source\PSoC5/QuadDec_Motor.c **** }
 367              		.loc 1 341 0
 368 0010 0C37     		adds	r7, r7, #12
 369              		.cfi_def_cfa_offset 4
 370 0012 BD46     		mov	sp, r7
 371              		.cfi_def_cfa_register 13
 372              		@ sp needed
 373 0014 5DF8047B 		ldr	r7, [sp], #4
 374              		.cfi_restore 7
 375              		.cfi_def_cfa_offset 0
 376 0018 7047     		bx	lr
 377              	.L23:
 378 001a 00BF     		.align	2
 379              	.L22:
 380 001c 82640040 		.word	1073767554
 381              		.cfi_endproc
 382              	.LFE7:
 383              		.size	QuadDec_Motor_SetInterruptMask, .-QuadDec_Motor_SetInterruptMask
 384              		.section	.text.QuadDec_Motor_GetInterruptMask,"ax",%progbits
 385              		.align	2
 386              		.global	QuadDec_Motor_GetInterruptMask
 387              		.thumb
 388              		.thumb_func
 389              		.type	QuadDec_Motor_GetInterruptMask, %function
 390              	QuadDec_Motor_GetInterruptMask:
 391              	.LFB8:
 342:.\Generated_Source\PSoC5/QuadDec_Motor.c **** 
 343:.\Generated_Source\PSoC5/QuadDec_Motor.c **** 
 344:.\Generated_Source\PSoC5/QuadDec_Motor.c **** /*******************************************************************************
 345:.\Generated_Source\PSoC5/QuadDec_Motor.c **** * Function Name: QuadDec_Motor_GetInterruptMask
 346:.\Generated_Source\PSoC5/QuadDec_Motor.c **** ********************************************************************************
 347:.\Generated_Source\PSoC5/QuadDec_Motor.c **** *
 348:.\Generated_Source\PSoC5/QuadDec_Motor.c **** * Summary:
 349:.\Generated_Source\PSoC5/QuadDec_Motor.c **** *  Reports the current interrupt mask settings.
 350:.\Generated_Source\PSoC5/QuadDec_Motor.c **** *
ARM GAS  C:\Users\student\AppData\Local\Temp\ccgeI1Z4.s 			page 14


 351:.\Generated_Source\PSoC5/QuadDec_Motor.c **** * Parameters:
 352:.\Generated_Source\PSoC5/QuadDec_Motor.c **** *  None.
 353:.\Generated_Source\PSoC5/QuadDec_Motor.c **** *
 354:.\Generated_Source\PSoC5/QuadDec_Motor.c **** * Return:
 355:.\Generated_Source\PSoC5/QuadDec_Motor.c **** *  Enable / disable bits in an 8-bit value, where 1 enables the interrupt.
 356:.\Generated_Source\PSoC5/QuadDec_Motor.c **** *  For the 32-bit counter, the overflow, underflow and reset enable bits are
 357:.\Generated_Source\PSoC5/QuadDec_Motor.c **** *  always set.
 358:.\Generated_Source\PSoC5/QuadDec_Motor.c **** *
 359:.\Generated_Source\PSoC5/QuadDec_Motor.c **** *******************************************************************************/
 360:.\Generated_Source\PSoC5/QuadDec_Motor.c **** uint8 QuadDec_Motor_GetInterruptMask(void) 
 361:.\Generated_Source\PSoC5/QuadDec_Motor.c **** {
 392              		.loc 1 361 0
 393              		.cfi_startproc
 394              		@ args = 0, pretend = 0, frame = 0
 395              		@ frame_needed = 1, uses_anonymous_args = 0
 396              		@ link register save eliminated.
 397 0000 80B4     		push	{r7}
 398              		.cfi_def_cfa_offset 4
 399              		.cfi_offset 7, -4
 400 0002 00AF     		add	r7, sp, #0
 401              		.cfi_def_cfa_register 7
 362:.\Generated_Source\PSoC5/QuadDec_Motor.c ****     return (QuadDec_Motor_STATUS_MASK & QuadDec_Motor_INIT_INT_MASK);
 402              		.loc 1 362 0
 403 0004 054B     		ldr	r3, .L26
 404 0006 1B78     		ldrb	r3, [r3]
 405 0008 DBB2     		uxtb	r3, r3
 406 000a 03F00F03 		and	r3, r3, #15
 407 000e DBB2     		uxtb	r3, r3
 363:.\Generated_Source\PSoC5/QuadDec_Motor.c **** }
 408              		.loc 1 363 0
 409 0010 1846     		mov	r0, r3
 410 0012 BD46     		mov	sp, r7
 411              		.cfi_def_cfa_register 13
 412              		@ sp needed
 413 0014 5DF8047B 		ldr	r7, [sp], #4
 414              		.cfi_restore 7
 415              		.cfi_def_cfa_offset 0
 416 0018 7047     		bx	lr
 417              	.L27:
 418 001a 00BF     		.align	2
 419              	.L26:
 420 001c 82640040 		.word	1073767554
 421              		.cfi_endproc
 422              	.LFE8:
 423              		.size	QuadDec_Motor_GetInterruptMask, .-QuadDec_Motor_GetInterruptMask
 424              		.text
 425              	.Letext0:
 426              		.file 2 ".\\Generated_Source\\PSoC5\\cytypes.h"
 427              		.section	.debug_info,"",%progbits
 428              	.Ldebug_info0:
 429 0000 F1010000 		.4byte	0x1f1
 430 0004 0400     		.2byte	0x4
 431 0006 00000000 		.4byte	.Ldebug_abbrev0
 432 000a 04       		.byte	0x4
 433 000b 01       		.uleb128 0x1
 434 000c 11010000 		.4byte	.LASF30
 435 0010 01       		.byte	0x1
ARM GAS  C:\Users\student\AppData\Local\Temp\ccgeI1Z4.s 			page 15


 436 0011 4B000000 		.4byte	.LASF31
 437 0015 5E020000 		.4byte	.LASF32
 438 0019 00000000 		.4byte	.Ldebug_ranges0+0
 439 001d 00000000 		.4byte	0
 440 0021 00000000 		.4byte	.Ldebug_line0
 441 0025 02       		.uleb128 0x2
 442 0026 04       		.byte	0x4
 443 0027 05       		.byte	0x5
 444 0028 696E7400 		.ascii	"int\000"
 445 002c 03       		.uleb128 0x3
 446 002d 04       		.byte	0x4
 447 002e 07       		.byte	0x7
 448 002f EA010000 		.4byte	.LASF0
 449 0033 03       		.uleb128 0x3
 450 0034 01       		.byte	0x1
 451 0035 06       		.byte	0x6
 452 0036 A1020000 		.4byte	.LASF1
 453 003a 03       		.uleb128 0x3
 454 003b 01       		.byte	0x1
 455 003c 08       		.byte	0x8
 456 003d 7A000000 		.4byte	.LASF2
 457 0041 03       		.uleb128 0x3
 458 0042 02       		.byte	0x2
 459 0043 05       		.byte	0x5
 460 0044 89020000 		.4byte	.LASF3
 461 0048 03       		.uleb128 0x3
 462 0049 02       		.byte	0x2
 463 004a 07       		.byte	0x7
 464 004b 38000000 		.4byte	.LASF4
 465 004f 03       		.uleb128 0x3
 466 0050 04       		.byte	0x4
 467 0051 05       		.byte	0x5
 468 0052 93020000 		.4byte	.LASF5
 469 0056 03       		.uleb128 0x3
 470 0057 04       		.byte	0x4
 471 0058 07       		.byte	0x7
 472 0059 93000000 		.4byte	.LASF6
 473 005d 03       		.uleb128 0x3
 474 005e 08       		.byte	0x8
 475 005f 05       		.byte	0x5
 476 0060 36020000 		.4byte	.LASF7
 477 0064 03       		.uleb128 0x3
 478 0065 08       		.byte	0x8
 479 0066 07       		.byte	0x7
 480 0067 F7010000 		.4byte	.LASF8
 481 006b 03       		.uleb128 0x3
 482 006c 04       		.byte	0x4
 483 006d 07       		.byte	0x7
 484 006e 2D020000 		.4byte	.LASF9
 485 0072 03       		.uleb128 0x3
 486 0073 01       		.byte	0x1
 487 0074 08       		.byte	0x8
 488 0075 9C020000 		.4byte	.LASF10
 489 0079 04       		.uleb128 0x4
 490 007a C4000000 		.4byte	.LASF11
 491 007e 02       		.byte	0x2
 492 007f 9201     		.2byte	0x192
ARM GAS  C:\Users\student\AppData\Local\Temp\ccgeI1Z4.s 			page 16


 493 0081 3A000000 		.4byte	0x3a
 494 0085 04       		.uleb128 0x4
 495 0086 D1010000 		.4byte	.LASF12
 496 008a 02       		.byte	0x2
 497 008b 9501     		.2byte	0x195
 498 008d 33000000 		.4byte	0x33
 499 0091 04       		.uleb128 0x4
 500 0092 8D000000 		.4byte	.LASF13
 501 0096 02       		.byte	0x2
 502 0097 9601     		.2byte	0x196
 503 0099 41000000 		.4byte	0x41
 504 009d 03       		.uleb128 0x3
 505 009e 04       		.byte	0x4
 506 009f 04       		.byte	0x4
 507 00a0 74000000 		.4byte	.LASF14
 508 00a4 03       		.uleb128 0x3
 509 00a5 08       		.byte	0x8
 510 00a6 04       		.byte	0x4
 511 00a7 9F010000 		.4byte	.LASF15
 512 00ab 04       		.uleb128 0x4
 513 00ac 88000000 		.4byte	.LASF16
 514 00b0 02       		.byte	0x2
 515 00b1 3C02     		.2byte	0x23c
 516 00b3 B7000000 		.4byte	0xb7
 517 00b7 05       		.uleb128 0x5
 518 00b8 79000000 		.4byte	0x79
 519 00bc 06       		.uleb128 0x6
 520 00bd 25000000 		.4byte	.LASF17
 521 00c1 01       		.byte	0x1
 522 00c2 2A       		.byte	0x2a
 523 00c3 00000000 		.4byte	.LFB0
 524 00c7 0C000000 		.4byte	.LFE0-.LFB0
 525 00cb 01       		.uleb128 0x1
 526 00cc 9C       		.byte	0x9c
 527 00cd 07       		.uleb128 0x7
 528 00ce 49020000 		.4byte	.LASF19
 529 00d2 01       		.byte	0x1
 530 00d3 46       		.byte	0x46
 531 00d4 00000000 		.4byte	.LFB1
 532 00d8 3C000000 		.4byte	.LFE1-.LFB1
 533 00dc 01       		.uleb128 0x1
 534 00dd 9C       		.byte	0x9c
 535 00de F1000000 		.4byte	0xf1
 536 00e2 08       		.uleb128 0x8
 537 00e3 EA000000 		.4byte	.LASF21
 538 00e7 01       		.byte	0x1
 539 00e8 48       		.byte	0x48
 540 00e9 79000000 		.4byte	0x79
 541 00ed 02       		.uleb128 0x2
 542 00ee 91       		.byte	0x91
 543 00ef 77       		.sleb128 -9
 544 00f0 00       		.byte	0
 545 00f1 09       		.uleb128 0x9
 546 00f2 D6010000 		.4byte	.LASF18
 547 00f6 01       		.byte	0x1
 548 00f7 74       		.byte	0x74
 549 00f8 00000000 		.4byte	.LFB2
ARM GAS  C:\Users\student\AppData\Local\Temp\ccgeI1Z4.s 			page 17


 550 00fc 2C000000 		.4byte	.LFE2-.LFB2
 551 0100 01       		.uleb128 0x1
 552 0101 9C       		.byte	0x9c
 553 0102 07       		.uleb128 0x7
 554 0103 A6010000 		.4byte	.LASF20
 555 0107 01       		.byte	0x1
 556 0108 9D       		.byte	0x9d
 557 0109 00000000 		.4byte	.LFB3
 558 010d 34000000 		.4byte	.LFE3-.LFB3
 559 0111 01       		.uleb128 0x1
 560 0112 9C       		.byte	0x9c
 561 0113 26010000 		.4byte	0x126
 562 0117 08       		.uleb128 0x8
 563 0118 EA000000 		.4byte	.LASF21
 564 011c 01       		.byte	0x1
 565 011d 9F       		.byte	0x9f
 566 011e 79000000 		.4byte	0x79
 567 0122 02       		.uleb128 0x2
 568 0123 91       		.byte	0x91
 569 0124 77       		.sleb128 -9
 570 0125 00       		.byte	0
 571 0126 0A       		.uleb128 0xa
 572 0127 00000000 		.4byte	.LASF33
 573 012b 01       		.byte	0x1
 574 012c CA       		.byte	0xca
 575 012d 85000000 		.4byte	0x85
 576 0131 00000000 		.4byte	.LFB4
 577 0135 22000000 		.4byte	.LFE4-.LFB4
 578 0139 01       		.uleb128 0x1
 579 013a 9C       		.byte	0x9c
 580 013b 5C010000 		.4byte	0x15c
 581 013f 08       		.uleb128 0x8
 582 0140 1F000000 		.4byte	.LASF22
 583 0144 01       		.byte	0x1
 584 0145 CC       		.byte	0xcc
 585 0146 85000000 		.4byte	0x85
 586 014a 02       		.uleb128 0x2
 587 014b 91       		.byte	0x91
 588 014c 76       		.sleb128 -10
 589 014d 08       		.uleb128 0x8
 590 014e CA000000 		.4byte	.LASF23
 591 0152 01       		.byte	0x1
 592 0153 CD       		.byte	0xcd
 593 0154 79000000 		.4byte	0x79
 594 0158 02       		.uleb128 0x2
 595 0159 91       		.byte	0x91
 596 015a 77       		.sleb128 -9
 597 015b 00       		.byte	0
 598 015c 0B       		.uleb128 0xb
 599 015d D1000000 		.4byte	.LASF24
 600 0161 01       		.byte	0x1
 601 0162 0201     		.2byte	0x102
 602 0164 00000000 		.4byte	.LFB5
 603 0168 2E000000 		.4byte	.LFE5-.LFB5
 604 016c 01       		.uleb128 0x1
 605 016d 9C       		.byte	0x9c
 606 016e 91010000 		.4byte	0x191
ARM GAS  C:\Users\student\AppData\Local\Temp\ccgeI1Z4.s 			page 18


 607 0172 0C       		.uleb128 0xc
 608 0173 19000000 		.4byte	.LASF26
 609 0177 01       		.byte	0x1
 610 0178 0201     		.2byte	0x102
 611 017a 85000000 		.4byte	0x85
 612 017e 02       		.uleb128 0x2
 613 017f 91       		.byte	0x91
 614 0180 6F       		.sleb128 -17
 615 0181 0D       		.uleb128 0xd
 616 0182 1F000000 		.4byte	.LASF22
 617 0186 01       		.byte	0x1
 618 0187 0601     		.2byte	0x106
 619 0189 79000000 		.4byte	0x79
 620 018d 02       		.uleb128 0x2
 621 018e 91       		.byte	0x91
 622 018f 77       		.sleb128 -9
 623 0190 00       		.byte	0
 624 0191 0E       		.uleb128 0xe
 625 0192 B9010000 		.4byte	.LASF28
 626 0196 01       		.byte	0x1
 627 0197 3601     		.2byte	0x136
 628 0199 79000000 		.4byte	0x79
 629 019d 00000000 		.4byte	.LFB6
 630 01a1 20000000 		.4byte	.LFE6-.LFB6
 631 01a5 01       		.uleb128 0x1
 632 01a6 9C       		.byte	0x9c
 633 01a7 0F       		.uleb128 0xf
 634 01a8 A5000000 		.4byte	.LASF25
 635 01ac 01       		.byte	0x1
 636 01ad 4C01     		.2byte	0x14c
 637 01af 00000000 		.4byte	.LFB7
 638 01b3 20000000 		.4byte	.LFE7-.LFB7
 639 01b7 01       		.uleb128 0x1
 640 01b8 9C       		.byte	0x9c
 641 01b9 CD010000 		.4byte	0x1cd
 642 01bd 0C       		.uleb128 0xc
 643 01be 44020000 		.4byte	.LASF27
 644 01c2 01       		.byte	0x1
 645 01c3 4C01     		.2byte	0x14c
 646 01c5 79000000 		.4byte	0x79
 647 01c9 02       		.uleb128 0x2
 648 01ca 91       		.byte	0x91
 649 01cb 77       		.sleb128 -9
 650 01cc 00       		.byte	0
 651 01cd 0E       		.uleb128 0xe
 652 01ce 0E020000 		.4byte	.LASF29
 653 01d2 01       		.byte	0x1
 654 01d3 6801     		.2byte	0x168
 655 01d5 79000000 		.4byte	0x79
 656 01d9 00000000 		.4byte	.LFB8
 657 01dd 20000000 		.4byte	.LFE8-.LFB8
 658 01e1 01       		.uleb128 0x1
 659 01e2 9C       		.byte	0x9c
 660 01e3 10       		.uleb128 0x10
 661 01e4 FB000000 		.4byte	.LASF34
 662 01e8 01       		.byte	0x1
 663 01e9 19       		.byte	0x19
ARM GAS  C:\Users\student\AppData\Local\Temp\ccgeI1Z4.s 			page 19


 664 01ea 79000000 		.4byte	0x79
 665 01ee 05       		.uleb128 0x5
 666 01ef 03       		.byte	0x3
 667 01f0 00000000 		.4byte	QuadDec_Motor_initVar
 668 01f4 00       		.byte	0
 669              		.section	.debug_abbrev,"",%progbits
 670              	.Ldebug_abbrev0:
 671 0000 01       		.uleb128 0x1
 672 0001 11       		.uleb128 0x11
 673 0002 01       		.byte	0x1
 674 0003 25       		.uleb128 0x25
 675 0004 0E       		.uleb128 0xe
 676 0005 13       		.uleb128 0x13
 677 0006 0B       		.uleb128 0xb
 678 0007 03       		.uleb128 0x3
 679 0008 0E       		.uleb128 0xe
 680 0009 1B       		.uleb128 0x1b
 681 000a 0E       		.uleb128 0xe
 682 000b 55       		.uleb128 0x55
 683 000c 17       		.uleb128 0x17
 684 000d 11       		.uleb128 0x11
 685 000e 01       		.uleb128 0x1
 686 000f 10       		.uleb128 0x10
 687 0010 17       		.uleb128 0x17
 688 0011 00       		.byte	0
 689 0012 00       		.byte	0
 690 0013 02       		.uleb128 0x2
 691 0014 24       		.uleb128 0x24
 692 0015 00       		.byte	0
 693 0016 0B       		.uleb128 0xb
 694 0017 0B       		.uleb128 0xb
 695 0018 3E       		.uleb128 0x3e
 696 0019 0B       		.uleb128 0xb
 697 001a 03       		.uleb128 0x3
 698 001b 08       		.uleb128 0x8
 699 001c 00       		.byte	0
 700 001d 00       		.byte	0
 701 001e 03       		.uleb128 0x3
 702 001f 24       		.uleb128 0x24
 703 0020 00       		.byte	0
 704 0021 0B       		.uleb128 0xb
 705 0022 0B       		.uleb128 0xb
 706 0023 3E       		.uleb128 0x3e
 707 0024 0B       		.uleb128 0xb
 708 0025 03       		.uleb128 0x3
 709 0026 0E       		.uleb128 0xe
 710 0027 00       		.byte	0
 711 0028 00       		.byte	0
 712 0029 04       		.uleb128 0x4
 713 002a 16       		.uleb128 0x16
 714 002b 00       		.byte	0
 715 002c 03       		.uleb128 0x3
 716 002d 0E       		.uleb128 0xe
 717 002e 3A       		.uleb128 0x3a
 718 002f 0B       		.uleb128 0xb
 719 0030 3B       		.uleb128 0x3b
 720 0031 05       		.uleb128 0x5
ARM GAS  C:\Users\student\AppData\Local\Temp\ccgeI1Z4.s 			page 20


 721 0032 49       		.uleb128 0x49
 722 0033 13       		.uleb128 0x13
 723 0034 00       		.byte	0
 724 0035 00       		.byte	0
 725 0036 05       		.uleb128 0x5
 726 0037 35       		.uleb128 0x35
 727 0038 00       		.byte	0
 728 0039 49       		.uleb128 0x49
 729 003a 13       		.uleb128 0x13
 730 003b 00       		.byte	0
 731 003c 00       		.byte	0
 732 003d 06       		.uleb128 0x6
 733 003e 2E       		.uleb128 0x2e
 734 003f 00       		.byte	0
 735 0040 3F       		.uleb128 0x3f
 736 0041 19       		.uleb128 0x19
 737 0042 03       		.uleb128 0x3
 738 0043 0E       		.uleb128 0xe
 739 0044 3A       		.uleb128 0x3a
 740 0045 0B       		.uleb128 0xb
 741 0046 3B       		.uleb128 0x3b
 742 0047 0B       		.uleb128 0xb
 743 0048 27       		.uleb128 0x27
 744 0049 19       		.uleb128 0x19
 745 004a 11       		.uleb128 0x11
 746 004b 01       		.uleb128 0x1
 747 004c 12       		.uleb128 0x12
 748 004d 06       		.uleb128 0x6
 749 004e 40       		.uleb128 0x40
 750 004f 18       		.uleb128 0x18
 751 0050 9742     		.uleb128 0x2117
 752 0052 19       		.uleb128 0x19
 753 0053 00       		.byte	0
 754 0054 00       		.byte	0
 755 0055 07       		.uleb128 0x7
 756 0056 2E       		.uleb128 0x2e
 757 0057 01       		.byte	0x1
 758 0058 3F       		.uleb128 0x3f
 759 0059 19       		.uleb128 0x19
 760 005a 03       		.uleb128 0x3
 761 005b 0E       		.uleb128 0xe
 762 005c 3A       		.uleb128 0x3a
 763 005d 0B       		.uleb128 0xb
 764 005e 3B       		.uleb128 0x3b
 765 005f 0B       		.uleb128 0xb
 766 0060 27       		.uleb128 0x27
 767 0061 19       		.uleb128 0x19
 768 0062 11       		.uleb128 0x11
 769 0063 01       		.uleb128 0x1
 770 0064 12       		.uleb128 0x12
 771 0065 06       		.uleb128 0x6
 772 0066 40       		.uleb128 0x40
 773 0067 18       		.uleb128 0x18
 774 0068 9642     		.uleb128 0x2116
 775 006a 19       		.uleb128 0x19
 776 006b 01       		.uleb128 0x1
 777 006c 13       		.uleb128 0x13
ARM GAS  C:\Users\student\AppData\Local\Temp\ccgeI1Z4.s 			page 21


 778 006d 00       		.byte	0
 779 006e 00       		.byte	0
 780 006f 08       		.uleb128 0x8
 781 0070 34       		.uleb128 0x34
 782 0071 00       		.byte	0
 783 0072 03       		.uleb128 0x3
 784 0073 0E       		.uleb128 0xe
 785 0074 3A       		.uleb128 0x3a
 786 0075 0B       		.uleb128 0xb
 787 0076 3B       		.uleb128 0x3b
 788 0077 0B       		.uleb128 0xb
 789 0078 49       		.uleb128 0x49
 790 0079 13       		.uleb128 0x13
 791 007a 02       		.uleb128 0x2
 792 007b 18       		.uleb128 0x18
 793 007c 00       		.byte	0
 794 007d 00       		.byte	0
 795 007e 09       		.uleb128 0x9
 796 007f 2E       		.uleb128 0x2e
 797 0080 00       		.byte	0
 798 0081 3F       		.uleb128 0x3f
 799 0082 19       		.uleb128 0x19
 800 0083 03       		.uleb128 0x3
 801 0084 0E       		.uleb128 0xe
 802 0085 3A       		.uleb128 0x3a
 803 0086 0B       		.uleb128 0xb
 804 0087 3B       		.uleb128 0x3b
 805 0088 0B       		.uleb128 0xb
 806 0089 27       		.uleb128 0x27
 807 008a 19       		.uleb128 0x19
 808 008b 11       		.uleb128 0x11
 809 008c 01       		.uleb128 0x1
 810 008d 12       		.uleb128 0x12
 811 008e 06       		.uleb128 0x6
 812 008f 40       		.uleb128 0x40
 813 0090 18       		.uleb128 0x18
 814 0091 9642     		.uleb128 0x2116
 815 0093 19       		.uleb128 0x19
 816 0094 00       		.byte	0
 817 0095 00       		.byte	0
 818 0096 0A       		.uleb128 0xa
 819 0097 2E       		.uleb128 0x2e
 820 0098 01       		.byte	0x1
 821 0099 3F       		.uleb128 0x3f
 822 009a 19       		.uleb128 0x19
 823 009b 03       		.uleb128 0x3
 824 009c 0E       		.uleb128 0xe
 825 009d 3A       		.uleb128 0x3a
 826 009e 0B       		.uleb128 0xb
 827 009f 3B       		.uleb128 0x3b
 828 00a0 0B       		.uleb128 0xb
 829 00a1 27       		.uleb128 0x27
 830 00a2 19       		.uleb128 0x19
 831 00a3 49       		.uleb128 0x49
 832 00a4 13       		.uleb128 0x13
 833 00a5 11       		.uleb128 0x11
 834 00a6 01       		.uleb128 0x1
ARM GAS  C:\Users\student\AppData\Local\Temp\ccgeI1Z4.s 			page 22


 835 00a7 12       		.uleb128 0x12
 836 00a8 06       		.uleb128 0x6
 837 00a9 40       		.uleb128 0x40
 838 00aa 18       		.uleb128 0x18
 839 00ab 9642     		.uleb128 0x2116
 840 00ad 19       		.uleb128 0x19
 841 00ae 01       		.uleb128 0x1
 842 00af 13       		.uleb128 0x13
 843 00b0 00       		.byte	0
 844 00b1 00       		.byte	0
 845 00b2 0B       		.uleb128 0xb
 846 00b3 2E       		.uleb128 0x2e
 847 00b4 01       		.byte	0x1
 848 00b5 3F       		.uleb128 0x3f
 849 00b6 19       		.uleb128 0x19
 850 00b7 03       		.uleb128 0x3
 851 00b8 0E       		.uleb128 0xe
 852 00b9 3A       		.uleb128 0x3a
 853 00ba 0B       		.uleb128 0xb
 854 00bb 3B       		.uleb128 0x3b
 855 00bc 05       		.uleb128 0x5
 856 00bd 27       		.uleb128 0x27
 857 00be 19       		.uleb128 0x19
 858 00bf 11       		.uleb128 0x11
 859 00c0 01       		.uleb128 0x1
 860 00c1 12       		.uleb128 0x12
 861 00c2 06       		.uleb128 0x6
 862 00c3 40       		.uleb128 0x40
 863 00c4 18       		.uleb128 0x18
 864 00c5 9642     		.uleb128 0x2116
 865 00c7 19       		.uleb128 0x19
 866 00c8 01       		.uleb128 0x1
 867 00c9 13       		.uleb128 0x13
 868 00ca 00       		.byte	0
 869 00cb 00       		.byte	0
 870 00cc 0C       		.uleb128 0xc
 871 00cd 05       		.uleb128 0x5
 872 00ce 00       		.byte	0
 873 00cf 03       		.uleb128 0x3
 874 00d0 0E       		.uleb128 0xe
 875 00d1 3A       		.uleb128 0x3a
 876 00d2 0B       		.uleb128 0xb
 877 00d3 3B       		.uleb128 0x3b
 878 00d4 05       		.uleb128 0x5
 879 00d5 49       		.uleb128 0x49
 880 00d6 13       		.uleb128 0x13
 881 00d7 02       		.uleb128 0x2
 882 00d8 18       		.uleb128 0x18
 883 00d9 00       		.byte	0
 884 00da 00       		.byte	0
 885 00db 0D       		.uleb128 0xd
 886 00dc 34       		.uleb128 0x34
 887 00dd 00       		.byte	0
 888 00de 03       		.uleb128 0x3
 889 00df 0E       		.uleb128 0xe
 890 00e0 3A       		.uleb128 0x3a
 891 00e1 0B       		.uleb128 0xb
ARM GAS  C:\Users\student\AppData\Local\Temp\ccgeI1Z4.s 			page 23


 892 00e2 3B       		.uleb128 0x3b
 893 00e3 05       		.uleb128 0x5
 894 00e4 49       		.uleb128 0x49
 895 00e5 13       		.uleb128 0x13
 896 00e6 02       		.uleb128 0x2
 897 00e7 18       		.uleb128 0x18
 898 00e8 00       		.byte	0
 899 00e9 00       		.byte	0
 900 00ea 0E       		.uleb128 0xe
 901 00eb 2E       		.uleb128 0x2e
 902 00ec 00       		.byte	0
 903 00ed 3F       		.uleb128 0x3f
 904 00ee 19       		.uleb128 0x19
 905 00ef 03       		.uleb128 0x3
 906 00f0 0E       		.uleb128 0xe
 907 00f1 3A       		.uleb128 0x3a
 908 00f2 0B       		.uleb128 0xb
 909 00f3 3B       		.uleb128 0x3b
 910 00f4 05       		.uleb128 0x5
 911 00f5 27       		.uleb128 0x27
 912 00f6 19       		.uleb128 0x19
 913 00f7 49       		.uleb128 0x49
 914 00f8 13       		.uleb128 0x13
 915 00f9 11       		.uleb128 0x11
 916 00fa 01       		.uleb128 0x1
 917 00fb 12       		.uleb128 0x12
 918 00fc 06       		.uleb128 0x6
 919 00fd 40       		.uleb128 0x40
 920 00fe 18       		.uleb128 0x18
 921 00ff 9742     		.uleb128 0x2117
 922 0101 19       		.uleb128 0x19
 923 0102 00       		.byte	0
 924 0103 00       		.byte	0
 925 0104 0F       		.uleb128 0xf
 926 0105 2E       		.uleb128 0x2e
 927 0106 01       		.byte	0x1
 928 0107 3F       		.uleb128 0x3f
 929 0108 19       		.uleb128 0x19
 930 0109 03       		.uleb128 0x3
 931 010a 0E       		.uleb128 0xe
 932 010b 3A       		.uleb128 0x3a
 933 010c 0B       		.uleb128 0xb
 934 010d 3B       		.uleb128 0x3b
 935 010e 05       		.uleb128 0x5
 936 010f 27       		.uleb128 0x27
 937 0110 19       		.uleb128 0x19
 938 0111 11       		.uleb128 0x11
 939 0112 01       		.uleb128 0x1
 940 0113 12       		.uleb128 0x12
 941 0114 06       		.uleb128 0x6
 942 0115 40       		.uleb128 0x40
 943 0116 18       		.uleb128 0x18
 944 0117 9742     		.uleb128 0x2117
 945 0119 19       		.uleb128 0x19
 946 011a 01       		.uleb128 0x1
 947 011b 13       		.uleb128 0x13
 948 011c 00       		.byte	0
ARM GAS  C:\Users\student\AppData\Local\Temp\ccgeI1Z4.s 			page 24


 949 011d 00       		.byte	0
 950 011e 10       		.uleb128 0x10
 951 011f 34       		.uleb128 0x34
 952 0120 00       		.byte	0
 953 0121 03       		.uleb128 0x3
 954 0122 0E       		.uleb128 0xe
 955 0123 3A       		.uleb128 0x3a
 956 0124 0B       		.uleb128 0xb
 957 0125 3B       		.uleb128 0x3b
 958 0126 0B       		.uleb128 0xb
 959 0127 49       		.uleb128 0x49
 960 0128 13       		.uleb128 0x13
 961 0129 3F       		.uleb128 0x3f
 962 012a 19       		.uleb128 0x19
 963 012b 02       		.uleb128 0x2
 964 012c 18       		.uleb128 0x18
 965 012d 00       		.byte	0
 966 012e 00       		.byte	0
 967 012f 00       		.byte	0
 968              		.section	.debug_aranges,"",%progbits
 969 0000 5C000000 		.4byte	0x5c
 970 0004 0200     		.2byte	0x2
 971 0006 00000000 		.4byte	.Ldebug_info0
 972 000a 04       		.byte	0x4
 973 000b 00       		.byte	0
 974 000c 0000     		.2byte	0
 975 000e 0000     		.2byte	0
 976 0010 00000000 		.4byte	.LFB0
 977 0014 0C000000 		.4byte	.LFE0-.LFB0
 978 0018 00000000 		.4byte	.LFB1
 979 001c 3C000000 		.4byte	.LFE1-.LFB1
 980 0020 00000000 		.4byte	.LFB2
 981 0024 2C000000 		.4byte	.LFE2-.LFB2
 982 0028 00000000 		.4byte	.LFB3
 983 002c 34000000 		.4byte	.LFE3-.LFB3
 984 0030 00000000 		.4byte	.LFB4
 985 0034 22000000 		.4byte	.LFE4-.LFB4
 986 0038 00000000 		.4byte	.LFB5
 987 003c 2E000000 		.4byte	.LFE5-.LFB5
 988 0040 00000000 		.4byte	.LFB6
 989 0044 20000000 		.4byte	.LFE6-.LFB6
 990 0048 00000000 		.4byte	.LFB7
 991 004c 20000000 		.4byte	.LFE7-.LFB7
 992 0050 00000000 		.4byte	.LFB8
 993 0054 20000000 		.4byte	.LFE8-.LFB8
 994 0058 00000000 		.4byte	0
 995 005c 00000000 		.4byte	0
 996              		.section	.debug_ranges,"",%progbits
 997              	.Ldebug_ranges0:
 998 0000 00000000 		.4byte	.LFB0
 999 0004 0C000000 		.4byte	.LFE0
 1000 0008 00000000 		.4byte	.LFB1
 1001 000c 3C000000 		.4byte	.LFE1
 1002 0010 00000000 		.4byte	.LFB2
 1003 0014 2C000000 		.4byte	.LFE2
 1004 0018 00000000 		.4byte	.LFB3
 1005 001c 34000000 		.4byte	.LFE3
ARM GAS  C:\Users\student\AppData\Local\Temp\ccgeI1Z4.s 			page 25


 1006 0020 00000000 		.4byte	.LFB4
 1007 0024 22000000 		.4byte	.LFE4
 1008 0028 00000000 		.4byte	.LFB5
 1009 002c 2E000000 		.4byte	.LFE5
 1010 0030 00000000 		.4byte	.LFB6
 1011 0034 20000000 		.4byte	.LFE6
 1012 0038 00000000 		.4byte	.LFB7
 1013 003c 20000000 		.4byte	.LFE7
 1014 0040 00000000 		.4byte	.LFB8
 1015 0044 20000000 		.4byte	.LFE8
 1016 0048 00000000 		.4byte	0
 1017 004c 00000000 		.4byte	0
 1018              		.section	.debug_line,"",%progbits
 1019              	.Ldebug_line0:
 1020 0000 0B010000 		.section	.debug_str,"MS",%progbits,1
 1020      02004C00 
 1020      00000201 
 1020      FB0E0D00 
 1020      01010101 
 1021              	.LASF33:
 1022 0000 51756164 		.ascii	"QuadDec_Motor_GetCounter\000"
 1022      4465635F 
 1022      4D6F746F 
 1022      725F4765 
 1022      74436F75 
 1023              	.LASF26:
 1024 0019 76616C75 		.ascii	"value\000"
 1024      6500
 1025              	.LASF22:
 1026 001f 636F756E 		.ascii	"count\000"
 1026      7400
 1027              	.LASF17:
 1028 0025 51756164 		.ascii	"QuadDec_Motor_Init\000"
 1028      4465635F 
 1028      4D6F746F 
 1028      725F496E 
 1028      697400
 1029              	.LASF4:
 1030 0038 73686F72 		.ascii	"short unsigned int\000"
 1030      7420756E 
 1030      7369676E 
 1030      65642069 
 1030      6E7400
 1031              	.LASF31:
 1032 004b 2E5C4765 		.ascii	".\\Generated_Source\\PSoC5\\QuadDec_Motor.c\000"
 1032      6E657261 
 1032      7465645F 
 1032      536F7572 
 1032      63655C50 
 1033              	.LASF14:
 1034 0074 666C6F61 		.ascii	"float\000"
 1034      7400
 1035              	.LASF2:
 1036 007a 756E7369 		.ascii	"unsigned char\000"
 1036      676E6564 
 1036      20636861 
 1036      7200
ARM GAS  C:\Users\student\AppData\Local\Temp\ccgeI1Z4.s 			page 26


 1037              	.LASF16:
 1038 0088 72656738 		.ascii	"reg8\000"
 1038      00
 1039              	.LASF13:
 1040 008d 696E7431 		.ascii	"int16\000"
 1040      3600
 1041              	.LASF6:
 1042 0093 6C6F6E67 		.ascii	"long unsigned int\000"
 1042      20756E73 
 1042      69676E65 
 1042      6420696E 
 1042      7400
 1043              	.LASF25:
 1044 00a5 51756164 		.ascii	"QuadDec_Motor_SetInterruptMask\000"
 1044      4465635F 
 1044      4D6F746F 
 1044      725F5365 
 1044      74496E74 
 1045              	.LASF11:
 1046 00c4 75696E74 		.ascii	"uint8\000"
 1046      3800
 1047              	.LASF23:
 1048 00ca 746D7043 		.ascii	"tmpCnt\000"
 1048      6E7400
 1049              	.LASF24:
 1050 00d1 51756164 		.ascii	"QuadDec_Motor_SetCounter\000"
 1050      4465635F 
 1050      4D6F746F 
 1050      725F5365 
 1050      74436F75 
 1051              	.LASF21:
 1052 00ea 656E6162 		.ascii	"enableInterrupts\000"
 1052      6C65496E 
 1052      74657272 
 1052      75707473 
 1052      00
 1053              	.LASF34:
 1054 00fb 51756164 		.ascii	"QuadDec_Motor_initVar\000"
 1054      4465635F 
 1054      4D6F746F 
 1054      725F696E 
 1054      69745661 
 1055              	.LASF30:
 1056 0111 474E5520 		.ascii	"GNU C 4.9.3 20150303 (release) [ARM/embedded-4_9-br"
 1056      4320342E 
 1056      392E3320 
 1056      32303135 
 1056      30333033 
 1057 0144 616E6368 		.ascii	"anch revision 221220] -mcpu=cortex-m3 -mthumb -g -O"
 1057      20726576 
 1057      6973696F 
 1057      6E203232 
 1057      31323230 
 1058 0177 30202D66 		.ascii	"0 -ffunction-sections -ffat-lto-objects\000"
 1058      66756E63 
 1058      74696F6E 
 1058      2D736563 
ARM GAS  C:\Users\student\AppData\Local\Temp\ccgeI1Z4.s 			page 27


 1058      74696F6E 
 1059              	.LASF15:
 1060 019f 646F7562 		.ascii	"double\000"
 1060      6C6500
 1061              	.LASF20:
 1062 01a6 51756164 		.ascii	"QuadDec_Motor_Stop\000"
 1062      4465635F 
 1062      4D6F746F 
 1062      725F5374 
 1062      6F7000
 1063              	.LASF28:
 1064 01b9 51756164 		.ascii	"QuadDec_Motor_GetEvents\000"
 1064      4465635F 
 1064      4D6F746F 
 1064      725F4765 
 1064      74457665 
 1065              	.LASF12:
 1066 01d1 696E7438 		.ascii	"int8\000"
 1066      00
 1067              	.LASF18:
 1068 01d6 51756164 		.ascii	"QuadDec_Motor_Start\000"
 1068      4465635F 
 1068      4D6F746F 
 1068      725F5374 
 1068      61727400 
 1069              	.LASF0:
 1070 01ea 756E7369 		.ascii	"unsigned int\000"
 1070      676E6564 
 1070      20696E74 
 1070      00
 1071              	.LASF8:
 1072 01f7 6C6F6E67 		.ascii	"long long unsigned int\000"
 1072      206C6F6E 
 1072      6720756E 
 1072      7369676E 
 1072      65642069 
 1073              	.LASF29:
 1074 020e 51756164 		.ascii	"QuadDec_Motor_GetInterruptMask\000"
 1074      4465635F 
 1074      4D6F746F 
 1074      725F4765 
 1074      74496E74 
 1075              	.LASF9:
 1076 022d 73697A65 		.ascii	"sizetype\000"
 1076      74797065 
 1076      00
 1077              	.LASF7:
 1078 0236 6C6F6E67 		.ascii	"long long int\000"
 1078      206C6F6E 
 1078      6720696E 
 1078      7400
 1079              	.LASF27:
 1080 0244 6D61736B 		.ascii	"mask\000"
 1080      00
 1081              	.LASF19:
 1082 0249 51756164 		.ascii	"QuadDec_Motor_Enable\000"
 1082      4465635F 
ARM GAS  C:\Users\student\AppData\Local\Temp\ccgeI1Z4.s 			page 28


 1082      4D6F746F 
 1082      725F456E 
 1082      61626C65 
 1083              	.LASF32:
 1084 025e 433A5C55 		.ascii	"C:\\Users\\student\\Desktop\\6115_fp\\IWP.cydsn\000"
 1084      73657273 
 1084      5C737475 
 1084      64656E74 
 1084      5C446573 
 1085              	.LASF3:
 1086 0289 73686F72 		.ascii	"short int\000"
 1086      7420696E 
 1086      7400
 1087              	.LASF5:
 1088 0293 6C6F6E67 		.ascii	"long int\000"
 1088      20696E74 
 1088      00
 1089              	.LASF10:
 1090 029c 63686172 		.ascii	"char\000"
 1090      00
 1091              	.LASF1:
 1092 02a1 7369676E 		.ascii	"signed char\000"
 1092      65642063 
 1092      68617200 
 1093              		.ident	"GCC: (GNU Tools for ARM Embedded Processors) 4.9.3 20150303 (release) [ARM/embedded-4_9-br
